#
# There is insufficient memory for the Java Runtime Environment to continue.
# Native memory allocation (malloc) failed to allocate 373040 bytes for Chunk::new
# Possible reasons:
#   The system is out of physical RAM or swap space
#   The process is running with CompressedOops enabled, and the Java Heap may be blocking the growth of the native heap
# Possible solutions:
#   Reduce memory load on the system
#   Increase physical memory or swap space
#   Check if swap backing store is full
#   Decrease Java heap size (-Xmx/-Xms)
#   Decrease number of Java threads
#   Decrease Java thread stack sizes (-Xss)
#   Set larger code cache with -XX:ReservedCodeCacheSize=
#   JVM is running with Unscaled Compressed Oops mode in which the Java heap is
#     placed in the first 4GB address space. The Java Heap base address is the
#     maximum limit for the native heap growth. Please use -XX:HeapBaseMinAddress
#     to set the Java Heap base and to place the Java Heap above 4GB virtual address.
# This output file may be truncated or incomplete.
#
#  Out of Memory Error (allocation.cpp:389), pid=15080, tid=0x0000000000003e88
#
# JRE version: OpenJDK Runtime Environment (8.0_202-b03) (build 1.8.0_202-release-1483-b03)
# Java VM: OpenJDK 64-Bit Server VM (25.202-b03 mixed mode windows-amd64 compressed oops)
# Failed to write core dump. Minidumps are not enabled by default on client versions of Windows
#

---------------  T H R E A D  ---------------

Current thread (0x0000000017483800):  JavaThread "C2 CompilerThread1" daemon [_thread_in_native, id=16008, stack(0x0000000017e50000,0x0000000017f50000)]

Stack: [0x0000000017e50000,0x0000000017f50000]
[error occurred during error reporting (printing stack bounds), id 0xc0000005]

Native frames: (J=compiled Java code, j=interpreted, Vv=VM code, C=native code)


Current CompileTask:
C2:  99028 4443   !   4       com.sun.beans.TypeResolver::resolve (274 bytes)


---------------  P R O C E S S  ---------------

Java Threads: ( => current thread )
  0x000000001b01e000 JavaThread "Memory manager" [_thread_blocked, id=13196, stack(0x0000000020d00000,0x0000000020e00000)]
  0x000000001b01d800 JavaThread "Build operations Thread 8" [_thread_blocked, id=18592, stack(0x0000000020600000,0x0000000020700000)]
  0x000000001b01f000 JavaThread "Build operations Thread 7" [_thread_blocked, id=2772, stack(0x0000000020500000,0x0000000020600000)]
  0x0000000019606000 JavaThread "Build operations Thread 6" [_thread_blocked, id=1128, stack(0x0000000020400000,0x0000000020500000)]
  0x0000000019607000 JavaThread "Build operations Thread 5" [_thread_blocked, id=16176, stack(0x0000000020300000,0x0000000020400000)]
  0x0000000019605800 JavaThread "Build operations Thread 4" [_thread_blocked, id=6872, stack(0x0000000020200000,0x0000000020300000)]
  0x0000000019604800 JavaThread "Build operations Thread 3" [_thread_blocked, id=11696, stack(0x0000000020100000,0x0000000020200000)]
  0x0000000019602800 JavaThread "Build operations Thread 2" [_thread_blocked, id=17544, stack(0x0000000020000000,0x0000000020100000)]
  0x0000000019604000 JavaThread "Build operations" [_thread_blocked, id=11776, stack(0x000000001fda0000,0x000000001fea0000)]
  0x0000000019609000 JavaThread "File lock release action executor" [_thread_blocked, id=13764, stack(0x000000001ff00000,0x0000000020000000)]
  0x0000000019603000 JavaThread "Cache worker for Artifact transforms cache (C:\Users\LENOVO\.gradle\caches\transforms-1)" [_thread_blocked, id=18872, stack(0x0000000000de0000,0x0000000000ee0000)]
  0x000000001aff2800 JavaThread "Cache worker for file hash cache (C:\afra_letast\CashVan_Git\.gradle\4.6\fileHashes)" [_thread_blocked, id=13496, stack(0x000000001c070000,0x000000001c170000)]
  0x0000000018c79000 JavaThread "File lock request listener" [_thread_in_native, id=15260, stack(0x000000001bf70000,0x000000001c070000)]
  0x00000000188e6000 JavaThread "Cache worker for file hash cache (C:\Users\LENOVO\.gradle\caches\4.6\fileHashes)" [_thread_blocked, id=4296, stack(0x000000001be70000,0x000000001bf70000)]
  0x00000000188ef800 JavaThread "Stdin handler" [_thread_blocked, id=892, stack(0x000000001aaa0000,0x000000001aba0000)]
  0x00000000188ef000 JavaThread "Asynchronous log dispatcher for DefaultDaemonConnection: socket connection from /127.0.0.1:54163 to /127.0.0.1:54165" [_thread_blocked, id=19088, stack(0x000000001a9a0000,0x000000001aaa0000)]
  0x00000000176b7800 JavaThread "Daemon worker" [_thread_in_vm, id=10400, stack(0x000000001a8a0000,0x000000001a9a0000)]
  0x00000000186fb000 JavaThread "Cancel handler" [_thread_blocked, id=17460, stack(0x000000001a7a0000,0x000000001a8a0000)]
  0x0000000017574800 JavaThread "Handler for socket connection from /127.0.0.1:54163 to /127.0.0.1:54165" [_thread_in_native, id=11400, stack(0x000000001a4a0000,0x000000001a5a0000)]
  0x0000000019372000 JavaThread "Daemon" [_thread_blocked, id=5384, stack(0x000000001a3a0000,0x000000001a4a0000)]
  0x0000000018357800 JavaThread "Daemon periodic checks" [_thread_blocked, id=6316, stack(0x000000001a2a0000,0x000000001a3a0000)]
  0x0000000018356800 JavaThread "Incoming local TCP Connector on port 54163" [_thread_in_native, id=15676, stack(0x000000001a060000,0x000000001a160000)]
  0x000000001755c800 JavaThread "Service Thread" daemon [_thread_blocked, id=32, stack(0x0000000018150000,0x0000000018250000)]
  0x0000000017489000 JavaThread "C1 CompilerThread3" daemon [_thread_blocked, id=17320, stack(0x0000000018050000,0x0000000018150000)]
  0x0000000017484000 JavaThread "C2 CompilerThread2" daemon [_thread_in_native, id=16136, stack(0x0000000017f50000,0x0000000018050000)]
=>0x0000000017483800 JavaThread "C2 CompilerThread1" daemon [_thread_in_native, id=16008, stack(0x0000000017e50000,0x0000000017f50000)]
  0x0000000017481800 JavaThread "C2 CompilerThread0" daemon [_thread_blocked, id=14700, stack(0x0000000017d50000,0x0000000017e50000)]
  0x00000000174cf000 JavaThread "Attach Listener" daemon [_thread_blocked, id=3112, stack(0x0000000017c50000,0x0000000017d50000)]
  0x00000000174ce800 JavaThread "Signal Dispatcher" daemon [_thread_blocked, id=15244, stack(0x0000000017b50000,0x0000000017c50000)]
  0x0000000017470800 JavaThread "Finalizer" daemon [_thread_blocked, id=4388, stack(0x0000000017950000,0x0000000017a50000)]
  0x0000000002b59000 JavaThread "Reference Handler" daemon [_thread_blocked, id=14616, stack(0x0000000017850000,0x0000000017950000)]
  0x0000000002a62800 JavaThread "main" [_thread_blocked, id=15896, stack(0x0000000002860000,0x0000000002960000)]

Other Threads:
  0x0000000015676800 VMThread [stack: 0x0000000017350000,0x0000000017450000] [id=8956]
  0x000000001748a800 WatcherThread [stack: 0x0000000018250000,0x0000000018350000] [id=13252]

VM state:not at safepoint (normal execution)

VM Mutex/Monitor currently owned by a thread: None

heap address: 0x00000000c0000000, size: 1024 MB, Compressed Oops mode: 32-bit
Narrow klass base: 0x0000000000000000, Narrow klass shift: 3
Compressed class space size: 1073741824 Address: 0x0000000100000000

Heap:
 PSYoungGen      total 110080K, used 41654K [0x00000000eab00000, 0x00000000f4680000, 0x0000000100000000)
  eden space 98304K, 30% used [0x00000000eab00000,0x00000000ec8ba230,0x00000000f0b00000)
  from space 11776K, 95% used [0x00000000f0b00000,0x00000000f15f36a0,0x00000000f1680000)
  to   space 12288K, 0% used [0x00000000f3a80000,0x00000000f3a80000,0x00000000f4680000)
 ParOldGen       total 168448K, used 16819K [0x00000000c0000000, 0x00000000ca480000, 0x00000000eab00000)
  object space 168448K, 9% used [0x00000000c0000000,0x00000000c106cf20,0x00000000ca480000)
 Metaspace       used 42414K, capacity 43308K, committed 43648K, reserved 1087488K
  class space    used 5721K, capacity 5993K, committed 6016K, reserved 1048576K

Card table byte_map: [0x0000000011f20000,0x0000000012130000] byte_map_base: 0x0000000011920000

Marking Bits: (ParMarkBitMap*) 0x0000000071f59f30
 Begin Bits: [0x0000000012a90000, 0x0000000013a90000)
 End Bits:   [0x0000000013a90000, 0x0000000014a90000)

Polling page: 0x0000000002780000

CodeCache: size=245760Kb used=14283Kb max_used=14294Kb free=231476Kb
 bounds [0x0000000002b60000, 0x0000000003970000, 0x0000000011b60000]
 total_blobs=4866 nmethods=4132 adapters=647
 compilation: enabled

Compilation events (10 events):
Event: 98.559 Thread 0x0000000017489000 4504       3       sun.misc.ProxyGenerator$MethodInfo::write (283 bytes)
Event: 98.588 Thread 0x0000000017489000 nmethod 4504 0x0000000003957350 code [0x00000000039579c0, 0x000000000395c848]
Event: 98.588 Thread 0x0000000017489000 4505  s    3       java.io.ByteArrayOutputStream::writeTo (14 bytes)
Event: 98.589 Thread 0x0000000017489000 nmethod 4505 0x000000000395eb10 code [0x000000000395ec80, 0x000000000395f008]
Event: 98.659 Thread 0x0000000017481800 4506       4       java.util.regex.Pattern$5::isSatisfiedBy (28 bytes)
Event: 98.663 Thread 0x0000000017481800 nmethod 4506 0x0000000003961dd0 code [0x0000000003961f20, 0x0000000003961fd8]
Event: 98.808 Thread 0x0000000017489000 4507       3       org.gradle.internal.classloader.FilteringClassLoader::getPackage (22 bytes)
Event: 98.810 Thread 0x0000000017489000 nmethod 4507 0x0000000003961950 code [0x0000000003961ac0, 0x0000000003961d18]
Event: 98.988 Thread 0x0000000017481800 4508       4       java.util.concurrent.atomic.AtomicReferenceArray::set (17 bytes)
Event: 98.995 Thread 0x0000000017481800 nmethod 4508 0x0000000003960150 code [0x0000000003960280, 0x0000000003960358]

GC Heap History (10 events):
Event: 69.058 GC heap before
{Heap before GC invocations=5 (full 1):
 PSYoungGen      total 75776K, used 65024K [0x00000000eab00000, 0x00000000eff80000, 0x0000000100000000)
  eden space 65024K, 100% used [0x00000000eab00000,0x00000000eea80000,0x00000000eea80000)
  from space 10752K, 0% used [0x00000000eea80000,0x00000000eea80000,0x00000000ef500000)
  to   space 10752K, 0% used [0x00000000ef500000,0x00000000ef500000,0x00000000eff80000)
 ParOldGen       total 102912K, used 8859K [0x00000000c0000000, 0x00000000c6480000, 0x00000000eab00000)
  object space 102912K, 8% used [0x00000000c0000000,0x00000000c08a6de8,0x00000000c6480000)
 Metaspace       used 26722K, capacity 27190K, committed 27392K, reserved 1073152K
  class space    used 3646K, capacity 3829K, committed 3840K, reserved 1048576K
Event: 69.120 GC heap after
Heap after GC invocations=5 (full 1):
 PSYoungGen      total 75776K, used 7024K [0x00000000eab00000, 0x00000000f2280000, 0x0000000100000000)
  eden space 65024K, 0% used [0x00000000eab00000,0x00000000eab00000,0x00000000eea80000)
  from space 10752K, 65% used [0x00000000ef500000,0x00000000efbdc080,0x00000000eff80000)
  to   space 10752K, 0% used [0x00000000eea80000,0x00000000eea80000,0x00000000ef500000)
 ParOldGen       total 102912K, used 8867K [0x00000000c0000000, 0x00000000c6480000, 0x00000000eab00000)
  object space 102912K, 8% used [0x00000000c0000000,0x00000000c08a8de8,0x00000000c6480000)
 Metaspace       used 26722K, capacity 27190K, committed 27392K, reserved 1073152K
  class space    used 3646K, capacity 3829K, committed 3840K, reserved 1048576K
}
Event: 78.275 GC heap before
{Heap before GC invocations=6 (full 1):
 PSYoungGen      total 75776K, used 72048K [0x00000000eab00000, 0x00000000f2280000, 0x0000000100000000)
  eden space 65024K, 100% used [0x00000000eab00000,0x00000000eea80000,0x00000000eea80000)
  from space 10752K, 65% used [0x00000000ef500000,0x00000000efbdc080,0x00000000eff80000)
  to   space 10752K, 0% used [0x00000000eea80000,0x00000000eea80000,0x00000000ef500000)
 ParOldGen       total 102912K, used 8867K [0x00000000c0000000, 0x00000000c6480000, 0x00000000eab00000)
  object space 102912K, 8% used [0x00000000c0000000,0x00000000c08a8de8,0x00000000c6480000)
 Metaspace       used 29853K, capacity 30428K, committed 30592K, reserved 1075200K
  class space    used 4148K, capacity 4375K, committed 4480K, reserved 1048576K
Event: 78.313 GC heap after
Heap after GC invocations=6 (full 1):
 PSYoungGen      total 75776K, used 8001K [0x00000000eab00000, 0x00000000f2100000, 0x0000000100000000)
  eden space 65024K, 0% used [0x00000000eab00000,0x00000000eab00000,0x00000000eea80000)
  from space 10752K, 74% used [0x00000000eea80000,0x00000000ef2505a0,0x00000000ef500000)
  to   space 10752K, 0% used [0x00000000f1680000,0x00000000f1680000,0x00000000f2100000)
 ParOldGen       total 102912K, used 8875K [0x00000000c0000000, 0x00000000c6480000, 0x00000000eab00000)
  object space 102912K, 8% used [0x00000000c0000000,0x00000000c08aade8,0x00000000c6480000)
 Metaspace       used 29853K, capacity 30428K, committed 30592K, reserved 1075200K
  class space    used 4148K, capacity 4375K, committed 4480K, reserved 1048576K
}
Event: 84.779 GC heap before
{Heap before GC invocations=7 (full 1):
 PSYoungGen      total 75776K, used 47405K [0x00000000eab00000, 0x00000000f2100000, 0x0000000100000000)
  eden space 65024K, 60% used [0x00000000eab00000,0x00000000ed17b078,0x00000000eea80000)
  from space 10752K, 74% used [0x00000000eea80000,0x00000000ef2505a0,0x00000000ef500000)
  to   space 10752K, 0% used [0x00000000f1680000,0x00000000f1680000,0x00000000f2100000)
 ParOldGen       total 102912K, used 8875K [0x00000000c0000000, 0x00000000c6480000, 0x00000000eab00000)
  object space 102912K, 8% used [0x00000000c0000000,0x00000000c08aade8,0x00000000c6480000)
 Metaspace       used 34583K, capacity 35284K, committed 35416K, reserved 1079296K
  class space    used 4781K, capacity 5016K, committed 5120K, reserved 1048576K
Event: 84.823 GC heap after
Heap after GC invocations=7 (full 1):
 PSYoungGen      total 109056K, used 10351K [0x00000000eab00000, 0x00000000f2300000, 0x0000000100000000)
  eden space 98304K, 0% used [0x00000000eab00000,0x00000000eab00000,0x00000000f0b00000)
  from space 10752K, 96% used [0x00000000f1680000,0x00000000f209bde0,0x00000000f2100000)
  to   space 11776K, 0% used [0x00000000f0b00000,0x00000000f0b00000,0x00000000f1680000)
 ParOldGen       total 102912K, used 8883K [0x00000000c0000000, 0x00000000c6480000, 0x00000000eab00000)
  object space 102912K, 8% used [0x00000000c0000000,0x00000000c08acde8,0x00000000c6480000)
 Metaspace       used 34583K, capacity 35284K, committed 35416K, reserved 1079296K
  class space    used 4781K, capacity 5016K, committed 5120K, reserved 1048576K
}
Event: 84.823 GC heap before
{Heap before GC invocations=8 (full 2):
 PSYoungGen      total 109056K, used 10351K [0x00000000eab00000, 0x00000000f2300000, 0x0000000100000000)
  eden space 98304K, 0% used [0x00000000eab00000,0x00000000eab00000,0x00000000f0b00000)
  from space 10752K, 96% used [0x00000000f1680000,0x00000000f209bde0,0x00000000f2100000)
  to   space 11776K, 0% used [0x00000000f0b00000,0x00000000f0b00000,0x00000000f1680000)
 ParOldGen       total 102912K, used 8883K [0x00000000c0000000, 0x00000000c6480000, 0x00000000eab00000)
  object space 102912K, 8% used [0x00000000c0000000,0x00000000c08acde8,0x00000000c6480000)
 Metaspace       used 34583K, capacity 35284K, committed 35416K, reserved 1079296K
  class space    used 4781K, capacity 5016K, committed 5120K, reserved 1048576K
Event: 85.202 GC heap after
Heap after GC invocations=8 (full 2):
 PSYoungGen      total 109056K, used 0K [0x00000000eab00000, 0x00000000f2300000, 0x0000000100000000)
  eden space 98304K, 0% used [0x00000000eab00000,0x00000000eab00000,0x00000000f0b00000)
  from space 10752K, 0% used [0x00000000f1680000,0x00000000f1680000,0x00000000f2100000)
  to   space 11776K, 0% used [0x00000000f0b00000,0x00000000f0b00000,0x00000000f1680000)
 ParOldGen       total 168448K, used 16811K [0x00000000c0000000, 0x00000000ca480000, 0x00000000eab00000)
  object space 168448K, 9% used [0x00000000c0000000,0x00000000c106af20,0x00000000ca480000)
 Metaspace       used 34583K, capacity 35284K, committed 35416K, reserved 1079296K
  class space    used 4781K, capacity 5016K, committed 5120K, reserved 1048576K
}
Event: 95.071 GC heap before
{Heap before GC invocations=9 (full 2):
 PSYoungGen      total 109056K, used 98304K [0x00000000eab00000, 0x00000000f2300000, 0x0000000100000000)
  eden space 98304K, 100% used [0x00000000eab00000,0x00000000f0b00000,0x00000000f0b00000)
  from space 10752K, 0% used [0x00000000f1680000,0x00000000f1680000,0x00000000f2100000)
  to   space 11776K, 0% used [0x00000000f0b00000,0x00000000f0b00000,0x00000000f1680000)
 ParOldGen       total 168448K, used 16811K [0x00000000c0000000, 0x00000000ca480000, 0x00000000eab00000)
  object space 168448K, 9% used [0x00000000c0000000,0x00000000c106af20,0x00000000ca480000)
 Metaspace       used 41142K, capacity 41914K, committed 42240K, reserved 1085440K
  class space    used 5510K, capacity 5787K, committed 5888K, reserved 1048576K
Event: 95.123 GC heap after
Heap after GC invocations=9 (full 2):
 PSYoungGen      total 110080K, used 11213K [0x00000000eab00000, 0x00000000f4680000, 0x0000000100000000)
  eden space 98304K, 0% used [0x00000000eab00000,0x00000000eab00000,0x00000000f0b00000)
  from space 11776K, 95% used [0x00000000f0b00000,0x00000000f15f36a0,0x00000000f1680000)
  to   space 12288K, 0% used [0x00000000f3a80000,0x00000000f3a80000,0x00000000f4680000)
 ParOldGen       total 168448K, used 16819K [0x00000000c0000000, 0x00000000ca480000, 0x00000000eab00000)
  object space 168448K, 9% used [0x00000000c0000000,0x00000000c106cf20,0x00000000ca480000)
 Metaspace       used 41142K, capacity 41914K, committed 42240K, reserved 1085440K
  class space    used 5510K, capacity 5787K, committed 5888K, reserved 1048576K
}

Deoptimization events (10 events):
Event: 95.550 Thread 0x00000000176b7800 Uncommon trap: reason=unstable_if action=reinterpret pc=0x000000000385466c method=org.gradle.internal.reflect.PropertyAccessorType.of(Ljava/lang/reflect/Method;)Lorg/gradle/internal/reflect/PropertyAccessorType; @ 56
Event: 98.194 Thread 0x00000000176b7800 Uncommon trap: reason=class_check action=maybe_recompile pc=0x0000000003368c80 method=java.lang.Throwable.<init>(Ljava/lang/String;Ljava/lang/Throwable;)V @ 24
Event: 98.218 Thread 0x00000000176b7800 Uncommon trap: reason=unstable_if action=reinterpret pc=0x0000000002fa5740 method=org.gradle.internal.logging.text.AbstractLineChoppingStyledTextOutput$2.execute(Lorg/gradle/internal/logging/text/AbstractLineChoppingStyledTextOutput$StateContext;)V @ 30
Event: 98.277 Thread 0x00000000176b7800 Uncommon trap: reason=class_check action=maybe_recompile pc=0x0000000003368c80 method=java.lang.Throwable.<init>(Ljava/lang/String;Ljava/lang/Throwable;)V @ 24
Event: 98.279 Thread 0x00000000176b7800 Uncommon trap: reason=unstable_if action=reinterpret pc=0x0000000002f6b50c method=org.gradle.internal.logging.text.AbstractLineChoppingStyledTextOutput$2.execute(Lorg/gradle/internal/logging/text/AbstractLineChoppingStyledTextOutput$StateContext;)V @ 30
Event: 98.285 Thread 0x00000000176b7800 Uncommon trap: reason=class_check action=maybe_recompile pc=0x0000000003368c80 method=java.lang.Throwable.<init>(Ljava/lang/String;Ljava/lang/Throwable;)V @ 24
Event: 98.435 Thread 0x00000000176b7800 Uncommon trap: reason=bimorphic action=maybe_recompile pc=0x00000000038de084 method=java.util.regex.Pattern$5.isSatisfiedBy(I)Z @ 16
Event: 98.435 Thread 0x00000000176b7800 Uncommon trap: reason=bimorphic action=maybe_recompile pc=0x00000000038de084 method=java.util.regex.Pattern$5.isSatisfiedBy(I)Z @ 16
Event: 98.435 Thread 0x00000000176b7800 Uncommon trap: reason=bimorphic action=maybe_recompile pc=0x00000000038de084 method=java.util.regex.Pattern$5.isSatisfiedBy(I)Z @ 16
Event: 98.435 Thread 0x00000000176b7800 Uncommon trap: reason=bimorphic action=maybe_recompile pc=0x00000000038de084 method=java.util.regex.Pattern$5.isSatisfiedBy(I)Z @ 16

Classes redefined (0 events):
No events

Internal exceptions (10 events):
Event: 97.575 Thread 0x00000000176b7800 Exception <a 'java/lang/ClassNotFoundException': com/android/build/gradle/internal/api/DefaultAndroidSourceDirectorySetBeanInfo> (0x00000000ebfe89b0) thrown at [D:\src\AOSP-openjdk-cygwin\jdk8u\hotspot\src\share\vm\classfile\systemDictionary.cpp, line 210
Event: 97.583 Thread 0x00000000176b7800 Exception <a 'java/lang/ClassNotFoundException': com/android/build/gradle/internal/api/DefaultAndroidSourceDirectorySetCustomizer> (0x00000000ec010148) thrown at [D:\src\AOSP-openjdk-cygwin\jdk8u\hotspot\src\share\vm\classfile\systemDictionary.cpp, line 2
Event: 97.874 Thread 0x00000000176b7800 Exception <a 'java/lang/ClassNotFoundException': org/gradle/api/internal/file/collections/DefaultConfigurableFileTreeBeanInfo> (0x00000000ec1564f8) thrown at [D:\src\AOSP-openjdk-cygwin\jdk8u\hotspot\src\share\vm\classfile\systemDictionary.cpp, line 210]
Event: 97.906 Thread 0x00000000176b7800 Exception <a 'java/lang/ClassNotFoundException': org/gradle/api/internal/file/CompositeFileTreeBeanInfo> (0x00000000ec18ae28) thrown at [D:\src\AOSP-openjdk-cygwin\jdk8u\hotspot\src\share\vm\classfile\systemDictionary.cpp, line 210]
Event: 97.919 Thread 0x00000000176b7800 Exception <a 'java/lang/ClassNotFoundException': org/gradle/api/internal/file/CompositeFileCollectionBeanInfo> (0x00000000ec1c3978) thrown at [D:\src\AOSP-openjdk-cygwin\jdk8u\hotspot\src\share\vm\classfile\systemDictionary.cpp, line 210]
Event: 97.945 Thread 0x00000000176b7800 Exception <a 'java/lang/ClassNotFoundException': org/gradle/api/internal/file/AbstractFileCollectionBeanInfo> (0x00000000ec1fc6c0) thrown at [D:\src\AOSP-openjdk-cygwin\jdk8u\hotspot\src\share\vm\classfile\systemDictionary.cpp, line 210]
Event: 97.955 Thread 0x00000000176b7800 Exception <a 'java/lang/ClassNotFoundException': org/gradle/api/internal/file/AbstractFileCollectionCustomizer> (0x00000000ec235f80) thrown at [D:\src\AOSP-openjdk-cygwin\jdk8u\hotspot\src\share\vm\classfile\systemDictionary.cpp, line 210]
Event: 98.024 Thread 0x00000000176b7800 Exception <a 'java/lang/ClassNotFoundException': org/gradle/api/internal/file/CompositeFileCollectionCustomizer> (0x00000000ec280770) thrown at [D:\src\AOSP-openjdk-cygwin\jdk8u\hotspot\src\share\vm\classfile\systemDictionary.cpp, line 210]
Event: 98.053 Thread 0x00000000176b7800 Exception <a 'java/lang/ClassNotFoundException': org/gradle/api/internal/file/CompositeFileTreeCustomizer> (0x00000000ec2c5c00) thrown at [D:\src\AOSP-openjdk-cygwin\jdk8u\hotspot\src\share\vm\classfile\systemDictionary.cpp, line 210]
Event: 98.087 Thread 0x00000000176b7800 Exception <a 'java/lang/ClassNotFoundException': org/gradle/api/internal/file/collections/DefaultConfigurableFileTreeCustomizer> (0x00000000ec316440) thrown at [D:\src\AOSP-openjdk-cygwin\jdk8u\hotspot\src\share\vm\classfile\systemDictionary.cpp, line 210

Events (10 events):
Event: 99.007 loading class com/android/repository/impl/meta/RepoPackageImpl$Dependencies
Event: 99.007 loading class com/android/repository/impl/meta/RepoPackageImpl$Dependencies done
Event: 99.009 loading class com/android/repository/impl/generated/v1/DependenciesType
Event: 99.009 loading class com/android/repository/impl/generated/v1/DependenciesType done
Event: 99.013 loading class com/android/repository/impl/generated/v1/package-info
Event: 99.013 loading class com/android/repository/impl/generated/v1/package-info done
Event: 99.016 loading class com/android/repository/impl/generated/v2/ObjectFactory
Event: 99.016 loading class com/android/repository/impl/generated/v2/ObjectFactory done
Event: 99.018 loading class com/android/repository/impl/generated/generic/v1/ObjectFactory
Event: 99.018 loading class com/android/repository/impl/generated/generic/v1/ObjectFactory done


Dynamic libraries:
0x00007ff679c50000 - 0x00007ff679c81000 	C:\Program Files\Android\Android Studio\jre\bin\java.exe
0x00007ffcfb1d0000 - 0x00007ffcfb3c5000 	C:\WINDOWS\SYSTEM32\ntdll.dll
0x00007ffcfad50000 - 0x00007ffcfae0d000 	C:\WINDOWS\System32\KERNEL32.DLL
0x00007ffcf8f30000 - 0x00007ffcf91f8000 	C:\WINDOWS\System32\KERNELBASE.dll
0x00007ffcf9330000 - 0x00007ffcf93dc000 	C:\WINDOWS\System32\ADVAPI32.dll
0x00007ffcfa820000 - 0x00007ffcfa8be000 	C:\WINDOWS\System32\msvcrt.dll
0x00007ffcf9620000 - 0x00007ffcf96bb000 	C:\WINDOWS\System32\sechost.dll
0x00007ffcfa060000 - 0x00007ffcfa18b000 	C:\WINDOWS\System32\RPCRT4.dll
0x00007ffcf9770000 - 0x00007ffcf9910000 	C:\WINDOWS\System32\USER32.dll
0x00007ffcf8c20000 - 0x00007ffcf8c42000 	C:\WINDOWS\System32\win32u.dll
0x00007ffcfa2d0000 - 0x00007ffcfa2fa000 	C:\WINDOWS\System32\GDI32.dll
0x00007ffcf88e0000 - 0x00007ffcf89eb000 	C:\WINDOWS\System32\gdi32full.dll
0x00007ffcf8b80000 - 0x00007ffcf8c1d000 	C:\WINDOWS\System32\msvcp_win.dll
0x00007ffcf8ca0000 - 0x00007ffcf8da0000 	C:\WINDOWS\System32\ucrtbase.dll
0x00007ffce1dc0000 - 0x00007ffce205a000 	C:\WINDOWS\WinSxS\amd64_microsoft.windows.common-controls_6595b64144ccf1df_6.0.19041.844_none_ca00b6081b84eb1d\COMCTL32.dll
0x00007ffcfae90000 - 0x00007ffcfaec0000 	C:\WINDOWS\System32\IMM32.DLL
0x00000000725a0000 - 0x0000000072672000 	C:\Program Files\Android\Android Studio\jre\jre\bin\msvcr100.dll
0x0000000071790000 - 0x0000000071fd6000 	C:\Program Files\Android\Android Studio\jre\jre\bin\server\jvm.dll
0x00007ffcf9200000 - 0x00007ffcf9208000 	C:\WINDOWS\System32\PSAPI.DLL
0x00007ffcdb130000 - 0x00007ffcdb157000 	C:\WINDOWS\SYSTEM32\WINMM.dll
0x00007ffcf0fe0000 - 0x00007ffcf0fea000 	C:\WINDOWS\SYSTEM32\VERSION.dll
0x00007ffcf0340000 - 0x00007ffcf0349000 	C:\WINDOWS\SYSTEM32\WSOCK32.dll
0x00007ffcfa300000 - 0x00007ffcfa36b000 	C:\WINDOWS\System32\WS2_32.dll
0x00007ffcf3e10000 - 0x00007ffcf3e1f000 	C:\Program Files\Android\Android Studio\jre\jre\bin\verify.dll
0x00007ffcf1fc0000 - 0x00007ffcf1fe9000 	C:\Program Files\Android\Android Studio\jre\jre\bin\java.dll
0x00007ffcf1f60000 - 0x00007ffcf1f76000 	C:\Program Files\Android\Android Studio\jre\jre\bin\zip.dll
0x00007ffcf9910000 - 0x00007ffcfa052000 	C:\WINDOWS\System32\SHELL32.dll
0x00007ffcf6750000 - 0x00007ffcf6ee0000 	C:\WINDOWS\SYSTEM32\windows.storage.dll
0x00007ffcfa370000 - 0x00007ffcfa6c5000 	C:\WINDOWS\System32\combase.dll
0x00007ffcf8350000 - 0x00007ffcf837c000 	C:\WINDOWS\SYSTEM32\Wldp.dll
0x00007ffcfb050000 - 0x00007ffcfb0fe000 	C:\WINDOWS\System32\SHCORE.dll
0x00007ffcfa190000 - 0x00007ffcfa1e5000 	C:\WINDOWS\System32\shlwapi.dll
0x00007ffcf8820000 - 0x00007ffcf883f000 	C:\WINDOWS\SYSTEM32\profapi.dll
0x00007ffce1b20000 - 0x00007ffce1b3a000 	C:\Program Files\Android\Android Studio\jre\jre\bin\net.dll
0x00007ffcf80c0000 - 0x00007ffcf812a000 	C:\WINDOWS\system32\mswsock.dll
0x00007ffce1770000 - 0x00007ffce1781000 	C:\Program Files\Android\Android Studio\jre\jre\bin\nio.dll
0x00007ffce14d0000 - 0x00007ffce14ee000 	C:\Users\LENOVO\.gradle\native\25\windows-amd64\native-platform.dll
0x00007ffcf20b0000 - 0x00007ffcf20bd000 	C:\Program Files\Android\Android Studio\jre\jre\bin\management.dll
0x00007ffcf8290000 - 0x00007ffcf82a8000 	C:\WINDOWS\SYSTEM32\CRYPTSP.dll
0x00007ffcf7990000 - 0x00007ffcf79c4000 	C:\WINDOWS\system32\rsaenh.dll
0x00007ffcf89f0000 - 0x00007ffcf8a17000 	C:\WINDOWS\System32\bcrypt.dll
0x00007ffcf87e0000 - 0x00007ffcf880e000 	C:\WINDOWS\SYSTEM32\USERENV.dll
0x00007ffcf8eb0000 - 0x00007ffcf8f30000 	C:\WINDOWS\System32\bcryptprimitives.dll
0x00007ffcf82b0000 - 0x00007ffcf82bc000 	C:\WINDOWS\SYSTEM32\CRYPTBASE.dll
0x00007ffcf7d40000 - 0x00007ffcf7d7b000 	C:\WINDOWS\SYSTEM32\IPHLPAPI.DLL
0x00007ffcfa7b0000 - 0x00007ffcfa7b8000 	C:\WINDOWS\System32\NSI.dll
0x00007ffcebe50000 - 0x00007ffcebe67000 	C:\WINDOWS\SYSTEM32\dhcpcsvc6.DLL
0x00007ffcec260000 - 0x00007ffcec27d000 	C:\WINDOWS\SYSTEM32\dhcpcsvc.DLL
0x00007ffcf7d80000 - 0x00007ffcf7e4c000 	C:\WINDOWS\SYSTEM32\DNSAPI.dll

VM Arguments:
jvm_args: -XX:+HeapDumpOnOutOfMemoryError -Xmx1024m -Dfile.encoding=windows-1256 -Duser.country=US -Duser.language=en -Duser.variant 
java_command: org.gradle.launcher.daemon.bootstrap.GradleDaemon 4.6
java_class_path (initial): C:\Users\LENOVO\.gradle\wrapper\dists\gradle-4.6-all\bcst21l2brirad8k2ben1letg\gradle-4.6\lib\gradle-launcher-4.6.jar
Launcher Type: SUN_STANDARD

Environment Variables:
USERNAME=LENOVO
OS=Windows_NT
PROCESSOR_IDENTIFIER=Intel64 Family 6 Model 142 Stepping 11, GenuineIntel



---------------  S Y S T E M  ---------------

OS: Windows 10.0 , 64 bit Build 19041 (10.0.19041.928)

CPU:total 8 (initial active 8) (4 cores per cpu, 2 threads per core) family 6 model 142 stepping 11, cmov, cx8, fxsr, mmx, sse, sse2, sse3, ssse3, sse4.1, sse4.2, popcnt, avx, avx2, clmul, erms, 3dnowpref, lzcnt, ht, tsc, tscinvbit, bmi1, bmi2, adx

Memory: 4k page, physical 16615512k(3761680k free), swap 16615512k(5292k free)

vm_info: OpenJDK 64-Bit Server VM (25.202-b03) for windows-amd64 JRE (1.8.0_202-release-1483-b03), built by "builder" with MS VC++ 10.0 (VS2010)

time: Wed May 26 12:58:03 2021
timezone: Jordan Daylight Time
elapsed time: 99 seconds (0d 0h 1m 39s)

