#
# There is insufficient memory for the Java Runtime Environment to continue.
# Native memory allocation (malloc) failed to allocate 2071536 bytes for Chunk::new
# Possible reasons:
#   The system is out of physical RAM or swap space
#   The process is running with CompressedOops enabled, and the Java Heap may be blocking the growth of the native heap
# Possible solutions:
#   Reduce memory load on the system
#   Increase physical memory or swap space
#   Check if swap backing store is full
#   Decrease Java heap size (-Xmx/-Xms)
#   Decrease number of Java threads
#   Decrease Java thread stack sizes (-Xss)
#   Set larger code cache with -XX:ReservedCodeCacheSize=
#   JVM is running with Unscaled Compressed Oops mode in which the Java heap is
#     placed in the first 4GB address space. The Java Heap base address is the
#     maximum limit for the native heap growth. Please use -XX:HeapBaseMinAddress
#     to set the Java Heap base and to place the Java Heap above 4GB virtual address.
# This output file may be truncated or incomplete.
#
#  Out of Memory Error (allocation.cpp:389), pid=17080, tid=0x0000000000002024
#
# JRE version: OpenJDK Runtime Environment (8.0_202-b03) (build 1.8.0_202-release-1483-b03)
# Java VM: OpenJDK 64-Bit Server VM (25.202-b03 mixed mode windows-amd64 compressed oops)
# Failed to write core dump. Minidumps are not enabled by default on client versions of Windows
#

---------------  T H R E A D  ---------------

Current thread (0x0000000016d66800):  JavaThread "C2 CompilerThread1" daemon [_thread_in_native, id=8228, stack(0x0000000017760000,0x0000000017860000)]

Stack: [0x0000000017760000,0x0000000017860000]
[error occurred during error reporting (printing stack bounds), id 0xc0000005]

Native frames: (J=compiled Java code, j=interpreted, Vv=VM code, C=native code)


Current CompileTask:
C2:  31546 4523   !   4       com.sun.beans.TypeResolver::resolve (274 bytes)


---------------  P R O C E S S  ---------------

Java Threads: ( => current thread )
  0x000000001e90f800 JavaThread "Memory manager" [_thread_blocked, id=7536, stack(0x000000001f320000,0x000000001f420000)]
  0x000000001e911000 JavaThread "Build operations Thread 8" [_thread_blocked, id=12700, stack(0x00000000204f0000,0x00000000205f0000)]
  0x000000001e913800 JavaThread "Build operations Thread 7" [_thread_blocked, id=16252, stack(0x00000000203f0000,0x00000000204f0000)]
  0x000000001e912800 JavaThread "Build operations Thread 6" [_thread_blocked, id=20376, stack(0x00000000202f0000,0x00000000203f0000)]
  0x000000001b23b000 JavaThread "Build operations Thread 5" [_thread_blocked, id=17804, stack(0x00000000201f0000,0x00000000202f0000)]
  0x000000001b23c800 JavaThread "Build operations Thread 4" [_thread_blocked, id=18844, stack(0x00000000200f0000,0x00000000201f0000)]
  0x000000001b23a800 JavaThread "Build operations Thread 3" [_thread_blocked, id=11716, stack(0x000000001fff0000,0x00000000200f0000)]
  0x000000001b23e000 JavaThread "Build operations Thread 2" [_thread_blocked, id=4208, stack(0x000000001fef0000,0x000000001fff0000)]
  0x000000001b239000 JavaThread "Build operations" [_thread_blocked, id=18884, stack(0x000000001f8d0000,0x000000001f9d0000)]
  0x000000001b23d800 JavaThread "Cache worker for Artifact transforms cache (C:\Users\LENOVO\.gradle\caches\transforms-1)" [_thread_blocked, id=11216, stack(0x000000001fa30000,0x000000001fb30000)]
  0x000000001b01b800 JavaThread "Cache worker for file hash cache (D:\Laptop\Maen Naamneh\GI Projects\CashVan_Git\.gradle\4.6\fileHashes)" [_thread_blocked, id=2676, stack(0x000000001b980000,0x000000001ba80000)]
  0x00000000181eb000 JavaThread "File lock request listener" [_thread_in_native, id=11688, stack(0x000000001b880000,0x000000001b980000)]
  0x00000000180d7800 JavaThread "Cache worker for file hash cache (C:\Users\LENOVO\.gradle\caches\4.6\fileHashes)" [_thread_blocked, id=17720, stack(0x000000001a7b0000,0x000000001a8b0000)]
  0x0000000016f4a000 JavaThread "Stdin handler" [_thread_blocked, id=13040, stack(0x000000001a3b0000,0x000000001a4b0000)]
  0x00000000180d9000 JavaThread "Asynchronous log dispatcher for DefaultDaemonConnection: socket connection from /127.0.0.1:2552 to /127.0.0.1:2553" [_thread_blocked, id=21356, stack(0x000000001a2b0000,0x000000001a3b0000)]
  0x00000000180d4800 JavaThread "Daemon worker" [_thread_in_vm, id=23280, stack(0x000000001a1b0000,0x000000001a2b0000)]
  0x0000000016f6a000 JavaThread "Cancel handler" [_thread_blocked, id=19500, stack(0x000000001a0b0000,0x000000001a1b0000)]
  0x0000000016e20800 JavaThread "Handler for socket connection from /127.0.0.1:2552 to /127.0.0.1:2553" [_thread_in_native, id=12696, stack(0x0000000019db0000,0x0000000019eb0000)]
  0x0000000017011000 JavaThread "Daemon" [_thread_blocked, id=20920, stack(0x0000000019cb0000,0x0000000019db0000)]
  0x0000000018075800 JavaThread "Daemon periodic checks" [_thread_blocked, id=19512, stack(0x0000000019bb0000,0x0000000019cb0000)]
  0x0000000017fe3000 JavaThread "Incoming local TCP Connector on port 2552" [_thread_in_native, id=13492, stack(0x0000000019970000,0x0000000019a70000)]
  0x0000000016e40800 JavaThread "Service Thread" daemon [_thread_blocked, id=6976, stack(0x0000000017a60000,0x0000000017b60000)]
  0x0000000016dbb800 JavaThread "C1 CompilerThread3" daemon [_thread_blocked, id=5480, stack(0x0000000017960000,0x0000000017a60000)]
  0x0000000016db0000 JavaThread "C2 CompilerThread2" daemon [_thread_in_native, id=2648, stack(0x0000000017860000,0x0000000017960000)]
=>0x0000000016d66800 JavaThread "C2 CompilerThread1" daemon [_thread_in_native, id=8228, stack(0x0000000017760000,0x0000000017860000)]
  0x0000000016d64800 JavaThread "C2 CompilerThread0" daemon [_thread_in_native, id=19236, stack(0x0000000017660000,0x0000000017760000)]
  0x0000000016d62000 JavaThread "Attach Listener" daemon [_thread_blocked, id=12684, stack(0x0000000017560000,0x0000000017660000)]
  0x0000000016daf800 JavaThread "Signal Dispatcher" daemon [_thread_blocked, id=3484, stack(0x0000000017460000,0x0000000017560000)]
  0x0000000016d50800 JavaThread "Finalizer" daemon [_thread_blocked, id=21036, stack(0x0000000017230000,0x0000000017330000)]
  0x0000000014f5c000 JavaThread "Reference Handler" daemon [_thread_blocked, id=23308, stack(0x0000000017130000,0x0000000017230000)]
  0x0000000002312800 JavaThread "main" [_thread_blocked, id=1732, stack(0x00000000021e0000,0x00000000022e0000)]

Other Threads:
  0x0000000014f57000 VMThread [stack: 0x0000000016c30000,0x0000000016d30000] [id=20056]
  0x0000000016def800 WatcherThread [stack: 0x0000000017b60000,0x0000000017c60000] [id=16656]

VM state:not at safepoint (normal execution)

VM Mutex/Monitor currently owned by a thread: None

heap address: 0x00000000c0000000, size: 1024 MB, Compressed Oops mode: 32-bit
Narrow klass base: 0x0000000000000000, Narrow klass shift: 3
Compressed class space size: 1073741824 Address: 0x0000000100000000

Heap:
 PSYoungGen      total 147456K, used 25400K [0x00000000eab00000, 0x00000000f8a00000, 0x0000000100000000)
  eden space 134144K, 9% used [0x00000000eab00000,0x00000000eb6ce180,0x00000000f2e00000)
  from space 13312K, 99% used [0x00000000f2e00000,0x00000000f3afffd0,0x00000000f3b00000)
  to   space 16384K, 0% used [0x00000000f7a00000,0x00000000f7a00000,0x00000000f8a00000)
 ParOldGen       total 173056K, used 20087K [0x00000000c0000000, 0x00000000ca900000, 0x00000000eab00000)
  object space 173056K, 11% used [0x00000000c0000000,0x00000000c139dfa8,0x00000000ca900000)
 Metaspace       used 44156K, capacity 45148K, committed 45440K, reserved 1089536K
  class space    used 5974K, capacity 6261K, committed 6272K, reserved 1048576K

Card table byte_map: [0x00000000117e0000,0x00000000119f0000] byte_map_base: 0x00000000111e0000

Marking Bits: (ParMarkBitMap*) 0x000000005f739f30
 Begin Bits: [0x0000000012350000, 0x0000000013350000)
 End Bits:   [0x0000000013350000, 0x0000000014350000)

Polling page: 0x00000000022e0000

CodeCache: size=245760Kb used=14311Kb max_used=14311Kb free=231448Kb
 bounds [0x0000000002420000, 0x0000000003230000, 0x0000000011420000]
 total_blobs=4964 nmethods=4225 adapters=652
 compilation: enabled

Compilation events (10 events):
Event: 30.987 Thread 0x0000000016dbb800 4628       3       java.lang.Exception::<init> (5 bytes)
Event: 30.988 Thread 0x0000000016dbb800 nmethod 4628 0x0000000003224d10 code [0x0000000003224e80, 0x00000000032251a8]
Event: 30.999 Thread 0x0000000016dbb800 4629       3       sun.nio.fs.WindowsException::<init> (15 bytes)
Event: 31.000 Thread 0x0000000016dbb800 nmethod 4629 0x0000000003225290 code [0x0000000003225420, 0x00000000032257c8]
Event: 31.001 Thread 0x0000000016dbb800 4630       3       sun.nio.fs.WindowsException::translateToIOException (109 bytes)
Event: 31.004 Thread 0x0000000016dbb800 nmethod 4630 0x0000000003225910 code [0x0000000003225b60, 0x0000000003226748]
Event: 31.005 Thread 0x0000000016dbb800 4631       1       java.util.Spliterators$IteratorSpliterator::characteristics (5 bytes)
Event: 31.005 Thread 0x0000000016dbb800 nmethod 4631 0x0000000003226d10 code [0x0000000003226e60, 0x0000000003226f70]
Event: 31.490 Thread 0x0000000016dbb800 4632       3       java.security.CodeSource::getCertificates (98 bytes)
Event: 31.495 Thread 0x0000000016dbb800 nmethod 4632 0x0000000003227450 code [0x0000000003227660, 0x0000000003228348]

GC Heap History (10 events):
Event: 16.432 GC heap before
{Heap before GC invocations=5 (full 1):
 PSYoungGen      total 75776K, used 65024K [0x00000000eab00000, 0x00000000f3f00000, 0x0000000100000000)
  eden space 65024K, 100% used [0x00000000eab00000,0x00000000eea80000,0x00000000eea80000)
  from space 10752K, 0% used [0x00000000eea80000,0x00000000eea80000,0x00000000ef500000)
  to   space 10752K, 0% used [0x00000000f3480000,0x00000000f3480000,0x00000000f3f00000)
 ParOldGen       total 110592K, used 8966K [0x00000000c0000000, 0x00000000c6c00000, 0x00000000eab00000)
  object space 110592K, 8% used [0x00000000c0000000,0x00000000c08c18e8,0x00000000c6c00000)
 Metaspace       used 26031K, capacity 26442K, committed 26624K, reserved 1073152K
  class space    used 3638K, capacity 3795K, committed 3840K, reserved 1048576K
Event: 16.483 GC heap after
Heap after GC invocations=5 (full 1):
 PSYoungGen      total 101376K, used 6515K [0x00000000eab00000, 0x00000000f3b00000, 0x0000000100000000)
  eden space 94720K, 0% used [0x00000000eab00000,0x00000000eab00000,0x00000000f0780000)
  from space 6656K, 97% used [0x00000000f3480000,0x00000000f3adcdb8,0x00000000f3b00000)
  to   space 10752K, 0% used [0x00000000f2600000,0x00000000f2600000,0x00000000f3080000)
 ParOldGen       total 110592K, used 8974K [0x00000000c0000000, 0x00000000c6c00000, 0x00000000eab00000)
  object space 110592K, 8% used [0x00000000c0000000,0x00000000c08c38e8,0x00000000c6c00000)
 Metaspace       used 26031K, capacity 26442K, committed 26624K, reserved 1073152K
  class space    used 3638K, capacity 3795K, committed 3840K, reserved 1048576K
}
Event: 22.412 GC heap before
{Heap before GC invocations=6 (full 1):
 PSYoungGen      total 101376K, used 101235K [0x00000000eab00000, 0x00000000f3b00000, 0x0000000100000000)
  eden space 94720K, 100% used [0x00000000eab00000,0x00000000f0780000,0x00000000f0780000)
  from space 6656K, 97% used [0x00000000f3480000,0x00000000f3adcdb8,0x00000000f3b00000)
  to   space 10752K, 0% used [0x00000000f2600000,0x00000000f2600000,0x00000000f3080000)
 ParOldGen       total 110592K, used 8974K [0x00000000c0000000, 0x00000000c6c00000, 0x00000000eab00000)
  object space 110592K, 8% used [0x00000000c0000000,0x00000000c08c38e8,0x00000000c6c00000)
 Metaspace       used 31231K, capacity 31916K, committed 32000K, reserved 1077248K
  class space    used 4340K, capacity 4549K, committed 4608K, reserved 1048576K
Event: 22.447 GC heap after
Heap after GC invocations=6 (full 1):
 PSYoungGen      total 136704K, used 10732K [0x00000000eab00000, 0x00000000f4780000, 0x0000000100000000)
  eden space 125952K, 0% used [0x00000000eab00000,0x00000000eab00000,0x00000000f2600000)
  from space 10752K, 99% used [0x00000000f2600000,0x00000000f307b118,0x00000000f3080000)
  to   space 12800K, 0% used [0x00000000f3b00000,0x00000000f3b00000,0x00000000f4780000)
 ParOldGen       total 110592K, used 9934K [0x00000000c0000000, 0x00000000c6c00000, 0x00000000eab00000)
  object space 110592K, 8% used [0x00000000c0000000,0x00000000c09b3898,0x00000000c6c00000)
 Metaspace       used 31231K, capacity 31916K, committed 32000K, reserved 1077248K
  class space    used 4340K, capacity 4549K, committed 4608K, reserved 1048576K
}
Event: 23.424 GC heap before
{Heap before GC invocations=7 (full 1):
 PSYoungGen      total 136704K, used 35359K [0x00000000eab00000, 0x00000000f4780000, 0x0000000100000000)
  eden space 125952K, 19% used [0x00000000eab00000,0x00000000ec30cb10,0x00000000f2600000)
  from space 10752K, 99% used [0x00000000f2600000,0x00000000f307b118,0x00000000f3080000)
  to   space 12800K, 0% used [0x00000000f3b00000,0x00000000f3b00000,0x00000000f4780000)
 ParOldGen       total 110592K, used 9934K [0x00000000c0000000, 0x00000000c6c00000, 0x00000000eab00000)
  object space 110592K, 8% used [0x00000000c0000000,0x00000000c09b3898,0x00000000c6c00000)
 Metaspace       used 34529K, capacity 35308K, committed 35416K, reserved 1079296K
  class space    used 4816K, capacity 5086K, committed 5120K, reserved 1048576K
Event: 23.444 GC heap after
Heap after GC invocations=7 (full 1):
 PSYoungGen      total 146944K, used 10905K [0x00000000eab00000, 0x00000000f7a80000, 0x0000000100000000)
  eden space 134144K, 0% used [0x00000000eab00000,0x00000000eab00000,0x00000000f2e00000)
  from space 12800K, 85% used [0x00000000f3b00000,0x00000000f45a67c0,0x00000000f4780000)
  to   space 13312K, 0% used [0x00000000f2e00000,0x00000000f2e00000,0x00000000f3b00000)
 ParOldGen       total 110592K, used 9942K [0x00000000c0000000, 0x00000000c6c00000, 0x00000000eab00000)
  object space 110592K, 8% used [0x00000000c0000000,0x00000000c09b5898,0x00000000c6c00000)
 Metaspace       used 34529K, capacity 35308K, committed 35416K, reserved 1079296K
  class space    used 4816K, capacity 5086K, committed 5120K, reserved 1048576K
}
Event: 23.444 GC heap before
{Heap before GC invocations=8 (full 2):
 PSYoungGen      total 146944K, used 10905K [0x00000000eab00000, 0x00000000f7a80000, 0x0000000100000000)
  eden space 134144K, 0% used [0x00000000eab00000,0x00000000eab00000,0x00000000f2e00000)
  from space 12800K, 85% used [0x00000000f3b00000,0x00000000f45a67c0,0x00000000f4780000)
  to   space 13312K, 0% used [0x00000000f2e00000,0x00000000f2e00000,0x00000000f3b00000)
 ParOldGen       total 110592K, used 9942K [0x00000000c0000000, 0x00000000c6c00000, 0x00000000eab00000)
  object space 110592K, 8% used [0x00000000c0000000,0x00000000c09b5898,0x00000000c6c00000)
 Metaspace       used 34529K, capacity 35308K, committed 35416K, reserved 1079296K
  class space    used 4816K, capacity 5086K, committed 5120K, reserved 1048576K
Event: 23.595 GC heap after
Heap after GC invocations=8 (full 2):
 PSYoungGen      total 146944K, used 0K [0x00000000eab00000, 0x00000000f7a80000, 0x0000000100000000)
  eden space 134144K, 0% used [0x00000000eab00000,0x00000000eab00000,0x00000000f2e00000)
  from space 12800K, 0% used [0x00000000f3b00000,0x00000000f3b00000,0x00000000f4780000)
  to   space 13312K, 0% used [0x00000000f2e00000,0x00000000f2e00000,0x00000000f3b00000)
 ParOldGen       total 173056K, used 17528K [0x00000000c0000000, 0x00000000ca900000, 0x00000000eab00000)
  object space 173056K, 10% used [0x00000000c0000000,0x00000000c111e020,0x00000000ca900000)
 Metaspace       used 34529K, capacity 35308K, committed 35416K, reserved 1079296K
  class space    used 4816K, capacity 5086K, committed 5120K, reserved 1048576K
}
Event: 29.830 GC heap before
{Heap before GC invocations=9 (full 2):
 PSYoungGen      total 146944K, used 134144K [0x00000000eab00000, 0x00000000f7a80000, 0x0000000100000000)
  eden space 134144K, 100% used [0x00000000eab00000,0x00000000f2e00000,0x00000000f2e00000)
  from space 12800K, 0% used [0x00000000f3b00000,0x00000000f3b00000,0x00000000f4780000)
  to   space 13312K, 0% used [0x00000000f2e00000,0x00000000f2e00000,0x00000000f3b00000)
 ParOldGen       total 173056K, used 17528K [0x00000000c0000000, 0x00000000ca900000, 0x00000000eab00000)
  object space 173056K, 10% used [0x00000000c0000000,0x00000000c111e020,0x00000000ca900000)
 Metaspace       used 43255K, capacity 44260K, committed 44672K, reserved 1087488K
  class space    used 5858K, capacity 6159K, committed 6272K, reserved 1048576K
Event: 29.886 GC heap after
Heap after GC invocations=9 (full 2):
 PSYoungGen      total 147456K, used 13311K [0x00000000eab00000, 0x00000000f8a00000, 0x0000000100000000)
  eden space 134144K, 0% used [0x00000000eab00000,0x00000000eab00000,0x00000000f2e00000)
  from space 13312K, 99% used [0x00000000f2e00000,0x00000000f3afffd0,0x00000000f3b00000)
  to   space 16384K, 0% used [0x00000000f7a00000,0x00000000f7a00000,0x00000000f8a00000)
 ParOldGen       total 173056K, used 20087K [0x00000000c0000000, 0x00000000ca900000, 0x00000000eab00000)
  object space 173056K, 11% used [0x00000000c0000000,0x00000000c139dfa8,0x00000000ca900000)
 Metaspace       used 43255K, capacity 44260K, committed 44672K, reserved 1087488K
  class space    used 5858K, capacity 6159K, committed 6272K, reserved 1048576K
}

Deoptimization events (10 events):
Event: 27.785 Thread 0x00000000180d4800 Uncommon trap: reason=unstable_if action=reinterpret pc=0x0000000002b4bc70 method=org.objectweb.asm.ByteVector.putUTF8(Ljava/lang/String;)Lorg/objectweb/asm/ByteVector; @ 91
Event: 28.166 Thread 0x00000000180d4800 Uncommon trap: reason=null_check action=make_not_entrant pc=0x0000000003095e74 method=java.lang.ThreadLocal$ThreadLocalMap.getEntryAfterMiss(Ljava/lang/ThreadLocal;ILjava/lang/ThreadLocal$ThreadLocalMap$Entry;)Ljava/lang/ThreadLocal$ThreadLocalMap$Entry; 
Event: 28.799 Thread 0x00000000180d4800 Uncommon trap: reason=unstable_if action=reinterpret pc=0x000000000306412c method=org.gradle.internal.reflect.PropertyAccessorType.of(Ljava/lang/reflect/Method;)Lorg/gradle/internal/reflect/PropertyAccessorType; @ 56
Event: 29.521 Thread 0x00000000180d4800 Uncommon trap: reason=class_check action=maybe_recompile pc=0x00000000025bfb80 method=java.lang.Throwable.<init>(Ljava/lang/String;Ljava/lang/Throwable;)V @ 24
Event: 29.543 Thread 0x00000000180d4800 Uncommon trap: reason=class_check action=maybe_recompile pc=0x00000000025bfb80 method=java.lang.Throwable.<init>(Ljava/lang/String;Ljava/lang/Throwable;)V @ 24
Event: 29.544 Thread 0x00000000180d4800 Uncommon trap: reason=class_check action=maybe_recompile pc=0x00000000025bfb80 method=java.lang.Throwable.<init>(Ljava/lang/String;Ljava/lang/Throwable;)V @ 24
Event: 29.589 Thread 0x00000000180d4800 Uncommon trap: reason=bimorphic action=maybe_recompile pc=0x00000000031820bc method=java.util.regex.Pattern$5.isSatisfiedBy(I)Z @ 16
Event: 29.590 Thread 0x00000000180d4800 Uncommon trap: reason=bimorphic action=maybe_recompile pc=0x00000000031820bc method=java.util.regex.Pattern$5.isSatisfiedBy(I)Z @ 16
Event: 29.590 Thread 0x00000000180d4800 Uncommon trap: reason=bimorphic action=maybe_recompile pc=0x00000000031820bc method=java.util.regex.Pattern$5.isSatisfiedBy(I)Z @ 16
Event: 29.590 Thread 0x00000000180d4800 Uncommon trap: reason=bimorphic action=maybe_recompile pc=0x00000000031820bc method=java.util.regex.Pattern$5.isSatisfiedBy(I)Z @ 16

Classes redefined (0 events):
No events

Internal exceptions (10 events):
Event: 31.028 Thread 0x00000000180d4800 Exception <a 'sun/nio/fs/WindowsException'> (0x00000000eaeafcf8) thrown at [D:\src\AOSP-openjdk-cygwin\jdk8u\hotspot\src\share\vm\prims\jni.cpp, line 710]
Event: 31.030 Thread 0x00000000180d4800 Exception <a 'sun/nio/fs/WindowsException'> (0x00000000eaeb2aa8) thrown at [D:\src\AOSP-openjdk-cygwin\jdk8u\hotspot\src\share\vm\prims\jni.cpp, line 710]
Event: 31.038 Thread 0x00000000180d4800 Exception <a 'sun/nio/fs/WindowsException'> (0x00000000eaeb3708) thrown at [D:\src\AOSP-openjdk-cygwin\jdk8u\hotspot\src\share\vm\prims\jni.cpp, line 710]
Event: 31.039 Thread 0x00000000180d4800 Exception <a 'sun/nio/fs/WindowsException'> (0x00000000eaeb5398) thrown at [D:\src\AOSP-openjdk-cygwin\jdk8u\hotspot\src\share\vm\prims\jni.cpp, line 710]
Event: 31.039 Thread 0x00000000180d4800 Exception <a 'sun/nio/fs/WindowsException'> (0x00000000eaeb6038) thrown at [D:\src\AOSP-openjdk-cygwin\jdk8u\hotspot\src\share\vm\prims\jni.cpp, line 710]
Event: 31.051 Thread 0x00000000180d4800 Exception <a 'sun/nio/fs/WindowsException'> (0x00000000eaeb96a0) thrown at [D:\src\AOSP-openjdk-cygwin\jdk8u\hotspot\src\share\vm\prims\jni.cpp, line 710]
Event: 31.052 Thread 0x00000000180d4800 Exception <a 'sun/nio/fs/WindowsException'> (0x00000000eaeba1c0) thrown at [D:\src\AOSP-openjdk-cygwin\jdk8u\hotspot\src\share\vm\prims\jni.cpp, line 710]
Event: 31.053 Thread 0x00000000180d4800 Exception <a 'sun/nio/fs/WindowsException'> (0x00000000eaebbd10) thrown at [D:\src\AOSP-openjdk-cygwin\jdk8u\hotspot\src\share\vm\prims\jni.cpp, line 710]
Event: 31.053 Thread 0x00000000180d4800 Exception <a 'sun/nio/fs/WindowsException'> (0x00000000eaebc870) thrown at [D:\src\AOSP-openjdk-cygwin\jdk8u\hotspot\src\share\vm\prims\jni.cpp, line 710]
Event: 31.090 Thread 0x00000000180d4800 Exception <a 'java/lang/ClassNotFoundException': com/sun/org/glassfish/hk2/osgiresourcelocator/ServiceLoader> (0x00000000eaf2f348) thrown at [D:\src\AOSP-openjdk-cygwin\jdk8u\hotspot\src\share\vm\classfile\systemDictionary.cpp, line 210]

Events (10 events):
Event: 31.487 loading class com/sun/xml/bind/v2/model/core/ArrayInfo
Event: 31.487 loading class com/sun/xml/bind/v2/model/core/ArrayInfo done
Event: 31.489 loading class com/sun/xml/bind/v2/runtime/Location
Event: 31.489 loading class com/sun/xml/bind/v2/runtime/Location done
Event: 31.496 loading class com/sun/xml/bind/v2/model/impl/RuntimeArrayInfoImpl
Event: 31.496 loading class com/sun/xml/bind/v2/model/impl/RuntimeArrayInfoImpl done
Event: 31.498 loading class com/sun/xml/bind/v2/model/runtime/RuntimeArrayInfo
Event: 31.498 loading class com/sun/xml/bind/v2/model/runtime/RuntimeArrayInfo done
Event: 31.515 loading class com/sun/xml/bind/v2/model/impl/ClassInfoImpl
Event: 31.515 loading class com/sun/xml/bind/v2/model/impl/ClassInfoImpl done


Dynamic libraries:
0x00007ff7da420000 - 0x00007ff7da451000 	C:\Program Files\Android\Android Studio\jre\bin\java.exe
0x00007ffe340d0000 - 0x00007ffe342c6000 	C:\WINDOWS\SYSTEM32\ntdll.dll
0x00007ffe33ea0000 - 0x00007ffe33f5d000 	C:\WINDOWS\System32\KERNEL32.DLL
0x00007ffe31a20000 - 0x00007ffe31ce9000 	C:\WINDOWS\System32\KERNELBASE.dll
0x00007ffe32730000 - 0x00007ffe327dc000 	C:\WINDOWS\System32\ADVAPI32.dll
0x00007ffe32f90000 - 0x00007ffe3302e000 	C:\WINDOWS\System32\msvcrt.dll
0x00007ffe33f60000 - 0x00007ffe33ffc000 	C:\WINDOWS\System32\sechost.dll
0x00007ffe32180000 - 0x00007ffe322ab000 	C:\WINDOWS\System32\RPCRT4.dll
0x00007ffe33280000 - 0x00007ffe33420000 	C:\WINDOWS\System32\USER32.dll
0x00007ffe31cf0000 - 0x00007ffe31d12000 	C:\WINDOWS\System32\win32u.dll
0x00007ffe32dd0000 - 0x00007ffe32dfa000 	C:\WINDOWS\System32\GDI32.dll
0x00007ffe317e0000 - 0x00007ffe318eb000 	C:\WINDOWS\System32\gdi32full.dll
0x00007ffe31e30000 - 0x00007ffe31ecd000 	C:\WINDOWS\System32\msvcp_win.dll
0x00007ffe318f0000 - 0x00007ffe319f0000 	C:\WINDOWS\System32\ucrtbase.dll
0x00007ffe078f0000 - 0x00007ffe07b8b000 	C:\WINDOWS\WinSxS\amd64_microsoft.windows.common-controls_6595b64144ccf1df_6.0.19041.746_none_ca02b4b61b8320a4\COMCTL32.dll
0x00007ffe334c0000 - 0x00007ffe334f0000 	C:\WINDOWS\System32\IMM32.DLL
0x000000005ee90000 - 0x000000005ef62000 	C:\Program Files\Android\Android Studio\jre\jre\bin\msvcr100.dll
0x000000005ef70000 - 0x000000005f7b6000 	C:\Program Files\Android\Android Studio\jre\jre\bin\server\jvm.dll
0x00007ffe33420000 - 0x00007ffe33428000 	C:\WINDOWS\System32\PSAPI.DLL
0x00007ffe2cdb0000 - 0x00007ffe2cdb9000 	C:\WINDOWS\SYSTEM32\WSOCK32.dll
0x00007ffe27f30000 - 0x00007ffe27f3a000 	C:\WINDOWS\SYSTEM32\VERSION.dll
0x00007ffe32d60000 - 0x00007ffe32dcb000 	C:\WINDOWS\System32\WS2_32.dll
0x00007ffe18ff0000 - 0x00007ffe19017000 	C:\WINDOWS\SYSTEM32\WINMM.dll
0x00007ffe2b960000 - 0x00007ffe2b96f000 	C:\Program Files\Android\Android Studio\jre\jre\bin\verify.dll
0x00007ffe294c0000 - 0x00007ffe294e9000 	C:\Program Files\Android\Android Studio\jre\jre\bin\java.dll
0x00007ffe2b080000 - 0x00007ffe2b096000 	C:\Program Files\Android\Android Studio\jre\jre\bin\zip.dll
0x00007ffe33620000 - 0x00007ffe33d62000 	C:\WINDOWS\System32\SHELL32.dll
0x00007ffe2f710000 - 0x00007ffe2fea0000 	C:\WINDOWS\SYSTEM32\windows.storage.dll
0x00007ffe329a0000 - 0x00007ffe32cf6000 	C:\WINDOWS\System32\combase.dll
0x00007ffe311f0000 - 0x00007ffe3121c000 	C:\WINDOWS\SYSTEM32\Wldp.dll
0x00007ffe32e00000 - 0x00007ffe32eae000 	C:\WINDOWS\System32\SHCORE.dll
0x00007ffe32120000 - 0x00007ffe32175000 	C:\WINDOWS\System32\shlwapi.dll
0x00007ffe31710000 - 0x00007ffe31736000 	C:\WINDOWS\SYSTEM32\profapi.dll
0x00007ffe299f0000 - 0x00007ffe29a0a000 	C:\Program Files\Android\Android Studio\jre\jre\bin\net.dll
0x00007ffe30ef0000 - 0x00007ffe30f5a000 	C:\WINDOWS\system32\mswsock.dll
0x00007ffe294a0000 - 0x00007ffe294b1000 	C:\Program Files\Android\Android Studio\jre\jre\bin\nio.dll
0x00007ffdf7320000 - 0x00007ffdf733e000 	C:\Users\LENOVO\.gradle\native\25\windows-amd64\native-platform.dll
0x00007ffe2b150000 - 0x00007ffe2b15d000 	C:\Program Files\Android\Android Studio\jre\jre\bin\management.dll
0x00007ffe31120000 - 0x00007ffe31138000 	C:\WINDOWS\SYSTEM32\CRYPTSP.dll
0x00007ffe30890000 - 0x00007ffe308c4000 	C:\WINDOWS\system32\rsaenh.dll
0x00007ffe319f0000 - 0x00007ffe31a17000 	C:\WINDOWS\System32\bcrypt.dll
0x00007ffe316d0000 - 0x00007ffe316fe000 	C:\WINDOWS\SYSTEM32\USERENV.dll
0x00007ffe32080000 - 0x00007ffe32100000 	C:\WINDOWS\System32\bcryptprimitives.dll
0x00007ffe31140000 - 0x00007ffe3114c000 	C:\WINDOWS\SYSTEM32\CRYPTBASE.dll
0x00007ffe30be0000 - 0x00007ffe30c1b000 	C:\WINDOWS\SYSTEM32\IPHLPAPI.DLL
0x00007ffe327e0000 - 0x00007ffe327e8000 	C:\WINDOWS\System32\NSI.dll
0x00007ffe28e90000 - 0x00007ffe28ea7000 	C:\WINDOWS\SYSTEM32\dhcpcsvc6.DLL
0x00007ffe29dc0000 - 0x00007ffe29ddd000 	C:\WINDOWS\SYSTEM32\dhcpcsvc.DLL
0x00007ffe30c20000 - 0x00007ffe30ceb000 	C:\WINDOWS\SYSTEM32\DNSAPI.dll

VM Arguments:
jvm_args: -XX:+HeapDumpOnOutOfMemoryError -Xmx1024m -Dfile.encoding=windows-1256 -Duser.country=US -Duser.language=en -Duser.variant 
java_command: org.gradle.launcher.daemon.bootstrap.GradleDaemon 4.6
java_class_path (initial): C:\Users\LENOVO\.gradle\wrapper\dists\gradle-4.6-all\bcst21l2brirad8k2ben1letg\gradle-4.6\lib\gradle-launcher-4.6.jar
Launcher Type: SUN_STANDARD

Environment Variables:
USERNAME=LENOVO
OS=Windows_NT
PROCESSOR_IDENTIFIER=Intel64 Family 6 Model 142 Stepping 11, GenuineIntel



---------------  S Y S T E M  ---------------

OS: Windows 10.0 , 64 bit Build 19041 (10.0.19041.804)

CPU:total 8 (initial active 8) (4 cores per cpu, 2 threads per core) family 6 model 142 stepping 11, cmov, cx8, fxsr, mmx, sse, sse2, sse3, ssse3, sse4.1, sse4.2, popcnt, avx, avx2, clmul, erms, 3dnowpref, lzcnt, ht, tsc, tscinvbit, bmi1, bmi2, adx

Memory: 4k page, physical 16615512k(3012532k free), swap 16615512k(5508k free)

vm_info: OpenJDK 64-Bit Server VM (25.202-b03) for windows-amd64 JRE (1.8.0_202-release-1483-b03), built by "builder" with MS VC++ 10.0 (VS2010)

time: Wed Mar 03 13:11:07 2021
timezone: Jordan Standard Time
elapsed time: 31 seconds (0d 0h 0m 31s)

