#
# There is insufficient memory for the Java Runtime Environment to continue.
# Native memory allocation (malloc) failed to allocate 1048576 bytes for AllocateHeap
# Possible reasons:
#   The system is out of physical RAM or swap space
#   The process is running with CompressedOops enabled, and the Java Heap may be blocking the growth of the native heap
# Possible solutions:
#   Reduce memory load on the system
#   Increase physical memory or swap space
#   Check if swap backing store is full
#   Decrease Java heap size (-Xmx/-Xms)
#   Decrease number of Java threads
#   Decrease Java thread stack sizes (-Xss)
#   Set larger code cache with -XX:ReservedCodeCacheSize=
#   JVM is running with Zero Based Compressed Oops mode in which the Java heap is
#     placed in the first 32GB address space. The Java Heap base address is the
#     maximum limit for the native heap growth. Please use -XX:HeapBaseMinAddress
#     to set the Java Heap base and to place the Java Heap above 32GB virtual address.
# This output file may be truncated or incomplete.
#
#  Out of Memory Error (memory/allocation.inline.hpp:61), pid=21644, tid=0x0000000000000a84
#
# JRE version:  (8.0_202-b03) (build )
# Java VM: OpenJDK 64-Bit Server VM (25.202-b03 mixed mode windows-amd64 compressed oops)
# Failed to write core dump. Minidumps are not enabled by default on client versions of Windows
#

---------------  T H R E A D  ---------------

Current thread (0x00000000025c2800):  JavaThread "Unknown thread" [_thread_in_vm, id=2692, stack(0x0000000002480000,0x0000000002580000)]

Stack: [0x0000000002480000,0x0000000002580000]
[error occurred during error reporting (printing stack bounds), id 0xc0000005]

Native frames: (J=compiled Java code, j=interpreted, Vv=VM code, C=native code)


---------------  P R O C E S S  ---------------

Java Threads: ( => current thread )

Other Threads:

=>0x00000000025c2800 (exited) JavaThread "Unknown thread" [_thread_in_vm, id=2692, stack(0x0000000002480000,0x0000000002580000)]

VM state:not at safepoint (normal execution)

VM Mutex/Monitor currently owned by a thread: None

heap address: 0x00000006c2600000, size: 4058 MB, Compressed Oops mode: Zero based, Oop shift amount: 3
Narrow klass base: 0x0000000000000000, Narrow klass shift: 3
Compressed class space size: 1073741824 Address: 0x00000007c0000000

Heap:
 PSYoungGen      total 75776K, used 1300K [0x000000076b780000, 0x0000000770c00000, 0x00000007c0000000)
  eden space 65024K, 2% used [0x000000076b780000,0x000000076b8c51f8,0x000000076f700000)
  from space 10752K, 0% used [0x0000000770180000,0x0000000770180000,0x0000000770c00000)
  to   space 10752K, 0% used [0x000000076f700000,0x000000076f700000,0x0000000770180000)
 ParOldGen       total 173568K, used 0K [0x00000006c2600000, 0x00000006ccf80000, 0x000000076b780000)
  object space 173568K, 0% used [0x00000006c2600000,0x00000006c2600000,0x00000006ccf80000)
 Metaspace       used 778K, capacity 4480K, committed 4480K, reserved 1056768K
  class space    used 74K, capacity 384K, committed 384K, reserved 1048576K

Card table byte_map: [0x0000000011a80000,0x0000000012270000] byte_map_base: 0x000000000e46d000

Marking Bits: (ParMarkBitMap*) 0x000000005b709f30
 Begin Bits: [0x0000000012fc0000, 0x0000000016f28000)
 End Bits:   [0x0000000016f28000, 0x000000001ae90000)

Polling page: 0x0000000000b70000

CodeCache: size=245760Kb used=328Kb max_used=328Kb free=245431Kb
 bounds [0x00000000026c0000, 0x0000000002930000, 0x00000000116c0000]
 total_blobs=57 nmethods=0 adapters=38
 compilation: enabled

Compilation events (0 events):
No events

GC Heap History (0 events):
No events

Deoptimization events (0 events):
No events

Classes redefined (0 events):
No events

Internal exceptions (0 events):
No events

Events (10 events):
Event: 0.015 loading class java/lang/Short
Event: 0.016 loading class java/lang/Short done
Event: 0.016 loading class java/lang/Integer
Event: 0.016 loading class java/lang/Integer done
Event: 0.016 loading class java/lang/Long
Event: 0.016 loading class java/lang/Long done
Event: 0.016 loading class java/lang/NullPointerException
Event: 0.016 loading class java/lang/NullPointerException done
Event: 0.016 loading class java/lang/ArithmeticException
Event: 0.016 loading class java/lang/ArithmeticException done


Dynamic libraries:
0x00007ff7220a0000 - 0x00007ff7220d1000 	C:\Program Files\Android\Android Studio\jre\jre\bin\java.exe
0x00007ffdf2520000 - 0x00007ffdf2710000 	C:\Windows\SYSTEM32\ntdll.dll
0x00007ffdf2010000 - 0x00007ffdf20c2000 	C:\Windows\System32\KERNEL32.DLL
0x00007ffdefe70000 - 0x00007ffdf0114000 	C:\Windows\System32\KERNELBASE.dll
0x00007ffdf1980000 - 0x00007ffdf1a23000 	C:\Windows\System32\ADVAPI32.dll
0x00007ffdf2360000 - 0x00007ffdf23fe000 	C:\Windows\System32\msvcrt.dll
0x00007ffdf08b0000 - 0x00007ffdf0947000 	C:\Windows\System32\sechost.dll
0x00007ffdf0950000 - 0x00007ffdf0a70000 	C:\Windows\System32\RPCRT4.dll
0x00007ffdf1a30000 - 0x00007ffdf1bc5000 	C:\Windows\System32\USER32.dll
0x00007ffdf0570000 - 0x00007ffdf0591000 	C:\Windows\System32\win32u.dll
0x00007ffdf0f60000 - 0x00007ffdf0f86000 	C:\Windows\System32\GDI32.dll
0x00007ffdf03d0000 - 0x00007ffdf0566000 	C:\Windows\System32\gdi32full.dll
0x00007ffdefdd0000 - 0x00007ffdefe6e000 	C:\Windows\System32\msvcp_win.dll
0x00007ffdefc20000 - 0x00007ffdefd1a000 	C:\Windows\System32\ucrtbase.dll
0x00007ffdcde10000 - 0x00007ffdce094000 	C:\Windows\WinSxS\amd64_microsoft.windows.common-controls_6595b64144ccf1df_6.0.18362.1016_none_9e7a36bbe461dae4\COMCTL32.dll
0x00007ffdf1bd0000 - 0x00007ffdf1f05000 	C:\Windows\System32\combase.dll
0x00007ffdf0150000 - 0x00007ffdf01d0000 	C:\Windows\System32\bcryptPrimitives.dll
0x00007ffdf1f70000 - 0x00007ffdf1f9e000 	C:\Windows\System32\IMM32.DLL
0x000000005cbe0000 - 0x000000005ccb2000 	C:\Program Files\Android\Android Studio\jre\jre\bin\msvcr100.dll
0x000000005af40000 - 0x000000005b786000 	C:\Program Files\Android\Android Studio\jre\jre\bin\server\jvm.dll
0x00007ffdf2340000 - 0x00007ffdf2348000 	C:\Windows\System32\PSAPI.DLL
0x00007ffdccaf0000 - 0x00007ffdccaf9000 	C:\Windows\SYSTEM32\WSOCK32.dll
0x00007ffded140000 - 0x00007ffded164000 	C:\Windows\SYSTEM32\WINMM.dll
0x00007ffde8bb0000 - 0x00007ffde8bba000 	C:\Windows\SYSTEM32\VERSION.dll
0x00007ffdf1fa0000 - 0x00007ffdf200f000 	C:\Windows\System32\WS2_32.dll
0x00007ffded110000 - 0x00007ffded13d000 	C:\Windows\SYSTEM32\WINMMBASE.dll
0x00007ffdefd80000 - 0x00007ffdefdca000 	C:\Windows\System32\cfgmgr32.dll
0x00007ffdaa320000 - 0x00007ffdaa32f000 	C:\Program Files\Android\Android Studio\jre\jre\bin\verify.dll
0x00007ffd9b260000 - 0x00007ffd9b289000 	C:\Program Files\Android\Android Studio\jre\jre\bin\java.dll
0x00007ffd9b240000 - 0x00007ffd9b256000 	C:\Program Files\Android\Android Studio\jre\jre\bin\zip.dll

VM Arguments:
java_command: org.jetbrains.git4idea.http.GitAskPassApp Username for 'https://github.com': 
java_class_path (initial): C:/Program Files/Android/Android Studio/plugins/git4idea/lib/git4idea-rt.jar;C:/Program Files/Android/Android Studio/lib/xmlrpc-2.0.1.jar;C:/Program Files/Android/Android Studio/lib/commons-codec-1.10.jar;C:/Program Files/Android/Android Studio/lib/util.jar
Launcher Type: SUN_STANDARD

Environment Variables:
USERNAME=LENOVO
DISPLAY=:0.0
OS=Windows_NT
PROCESSOR_IDENTIFIER=Intel64 Family 6 Model 142 Stepping 11, GenuineIntel



---------------  S Y S T E M  ---------------

OS: Windows 10.0 , 64 bit Build 18362 (10.0.18362.959)

CPU:total 8 (initial active 8) (4 cores per cpu, 2 threads per core) family 6 model 142 stepping 11, cmov, cx8, fxsr, mmx, sse, sse2, sse3, ssse3, sse4.1, sse4.2, popcnt, avx, avx2, clmul, erms, 3dnowpref, lzcnt, ht, tsc, tscinvbit, bmi1, bmi2, adx

Memory: 4k page, physical 16615512k(4837132k free), swap 16615512k(6884k free)

vm_info: OpenJDK 64-Bit Server VM (25.202-b03) for windows-amd64 JRE (1.8.0_202-release-1483-b03), built by "builder" with MS VC++ 10.0 (VS2010)

time: Wed Sep 02 14:19:51 2020
timezone: Jordan Daylight Time
elapsed time: 1 seconds (0d 0h 0m 1s)

