#
# There is insufficient memory for the Java Runtime Environment to continue.
# Native memory allocation (malloc) failed to allocate 1055296 bytes for Chunk::new
# Possible reasons:
#   The system is out of physical RAM or swap space
#   The process is running with CompressedOops enabled, and the Java Heap may be blocking the growth of the native heap
# Possible solutions:
#   Reduce memory load on the system
#   Increase physical memory or swap space
#   Check if swap backing store is full
#   Decrease Java heap size (-Xmx/-Xms)
#   Decrease number of Java threads
#   Decrease Java thread stack sizes (-Xss)
#   Set larger code cache with -XX:ReservedCodeCacheSize=
#   JVM is running with Unscaled Compressed Oops mode in which the Java heap is
#     placed in the first 4GB address space. The Java Heap base address is the
#     maximum limit for the native heap growth. Please use -XX:HeapBaseMinAddress
#     to set the Java Heap base and to place the Java Heap above 4GB virtual address.
# This output file may be truncated or incomplete.
#
#  Out of Memory Error (allocation.cpp:389), pid=14060, tid=0x0000000000003ca0
#
# JRE version: OpenJDK Runtime Environment (8.0_202-b03) (build 1.8.0_202-release-1483-b03)
# Java VM: OpenJDK 64-Bit Server VM (25.202-b03 mixed mode windows-amd64 compressed oops)
# Failed to write core dump. Minidumps are not enabled by default on client versions of Windows
#

---------------  T H R E A D  ---------------

Current thread (0x0000000017c59800):  JavaThread "C2 CompilerThread1" daemon [_thread_in_native, id=15520, stack(0x0000000018620000,0x0000000018720000)]

Stack: [0x0000000018620000,0x0000000018720000]
[error occurred during error reporting (printing stack bounds), id 0xc0000005]

Native frames: (J=compiled Java code, j=interpreted, Vv=VM code, C=native code)


Current CompileTask:
C2:4434850 42425       4       com.android.tools.r8.org.objectweb.asm.ClassReader::readCode (3575 bytes)


---------------  P R O C E S S  ---------------

Java Threads: ( => current thread )
  0x000000001b829000 JavaThread "ForkJoinPool.commonPool-worker-0" daemon [_thread_in_native, id=13320, stack(0x00000000306c0000,0x00000000307c0000)]
  0x000000001b827800 JavaThread "ForkJoinPool.commonPool-worker-7" daemon [_thread_in_native, id=21876, stack(0x00000000305c0000,0x00000000306c0000)]
  0x000000001b82e800 JavaThread "ForkJoinPool.commonPool-worker-6" daemon [_thread_in_native, id=12960, stack(0x00000000304c0000,0x00000000305c0000)]
  0x000000001b82d800 JavaThread "ForkJoinPool.commonPool-worker-5" daemon [_thread_in_native, id=16080, stack(0x00000000303c0000,0x00000000304c0000)]
  0x000000001b82d000 JavaThread "ForkJoinPool.commonPool-worker-4" daemon [_thread_in_native, id=20640, stack(0x00000000302c0000,0x00000000303c0000)]
  0x0000000023c67000 JavaThread "ForkJoinPool.commonPool-worker-3" daemon [_thread_in_native, id=13216, stack(0x00000000301c0000,0x00000000302c0000)]
  0x0000000023c6a000 JavaThread "ForkJoinPool.commonPool-worker-2" daemon [_thread_in_native, id=13028, stack(0x00000000300c0000,0x00000000301c0000)]
  0x0000000023c66000 JavaThread "Worker Daemon Execution Thread 7" [_thread_blocked, id=11868, stack(0x000000002ffc0000,0x00000000300c0000)]
  0x0000000023c62800 JavaThread "Worker Daemon Execution Thread 6" [_thread_blocked, id=7304, stack(0x000000002fec0000,0x000000002ffc0000)]
  0x0000000023c69000 JavaThread "Worker Daemon Execution Thread 5" [_thread_blocked, id=5600, stack(0x000000002fdc0000,0x000000002fec0000)]
  0x0000000023c61800 JavaThread "Worker Daemon Execution Thread 4" [_thread_blocked, id=16232, stack(0x000000002fcc0000,0x000000002fdc0000)]
  0x0000000023c65800 JavaThread "Worker Daemon Execution Thread 3" [_thread_blocked, id=21792, stack(0x000000002fbc0000,0x000000002fcc0000)]
  0x0000000023c5e000 JavaThread "Worker Daemon Execution Thread 2" [_thread_blocked, id=24536, stack(0x000000002fac0000,0x000000002fbc0000)]
  0x0000000023c60000 JavaThread "Worker Daemon Execution" [_thread_blocked, id=16504, stack(0x0000000028b90000,0x0000000028c90000)]
  0x000000001b650800 JavaThread "Cache worker for Java compile cache (D:\Laptop\Maen Naamneh\GI Projects\CashVan_Git\.gradle\4.6\javaCompile)" [_thread_blocked, id=7644, stack(0x000000002e920000,0x000000002ea20000)]
  0x000000001b648800 JavaThread "stdout" [_thread_in_native, id=22084, stack(0x0000000032350000,0x0000000032450000)]
  0x000000001b64e800 JavaThread "stderr" [_thread_in_native, id=24496, stack(0x0000000030f80000,0x0000000031080000)]
  0x000000001b647000 JavaThread "pool-38-thread-1" [_thread_blocked, id=2676, stack(0x000000002d790000,0x000000002d890000)]
  0x000000001b64d800 JavaThread "Task worker for ':' Thread 7" [_thread_blocked, id=8244, stack(0x000000002c420000,0x000000002c520000)]
  0x000000001b646000 JavaThread "Task worker for ':' Thread 6" [_thread_blocked, id=8680, stack(0x000000002c320000,0x000000002c420000)]
  0x000000001b647800 JavaThread "Task worker for ':' Thread 5" [_thread_blocked, id=3964, stack(0x000000002c220000,0x000000002c320000)]
  0x000000001b64a000 JavaThread "Task worker for ':' Thread 4" [_thread_blocked, id=15388, stack(0x000000002c120000,0x000000002c220000)]
  0x000000001b64a800 JavaThread "Task worker for ':' Thread 3" [_thread_blocked, id=14096, stack(0x000000002c020000,0x000000002c120000)]
  0x000000001b64d000 JavaThread "Task worker for ':' Thread 2" [_thread_blocked, id=25392, stack(0x0000000028690000,0x0000000028790000)]
  0x000000001d6af800 JavaThread "Task worker for ':'" [_thread_blocked, id=21660, stack(0x0000000028590000,0x0000000028690000)]
  0x000000001d6af000 JavaThread "Cache worker for Build Output Cleanup Cache (D:\Laptop\Maen Naamneh\GI Projects\CashVan_Git\.gradle\buildOutputCleanup)" [_thread_blocked, id=21696, stack(0x0000000028090000,0x0000000028190000)]
  0x000000001d6ae000 JavaThread "Cache worker for task history cache (D:\Laptop\Maen Naamneh\GI Projects\CashVan_Git\.gradle\4.6\taskHistory)" [_thread_blocked, id=2328, stack(0x0000000027cc0000,0x0000000027dc0000)]
  0x000000001d6a6800 JavaThread "Cache worker for file content cache (D:\Laptop\Maen Naamneh\GI Projects\CashVan_Git\.gradle\4.6\fileContent)" [_thread_blocked, id=22808, stack(0x00000000271a0000,0x00000000272a0000)]
  0x000000001d6ad800 JavaThread "Build operations Thread 8" [_thread_blocked, id=25044, stack(0x0000000026530000,0x0000000026630000)]
  0x000000001d6a6000 JavaThread "Build operations Thread 7" [_thread_blocked, id=3472, stack(0x00000000261a0000,0x00000000262a0000)]
  0x000000001d6a9000 JavaThread "Build operations Thread 6" [_thread_blocked, id=17552, stack(0x00000000253a0000,0x00000000254a0000)]
  0x000000001d6ac800 JavaThread "Build operations Thread 5" [_thread_blocked, id=21388, stack(0x0000000023240000,0x0000000023340000)]
  0x000000001d6a4800 JavaThread "Build operations Thread 4" [_thread_blocked, id=8528, stack(0x0000000022010000,0x0000000022110000)]
  0x000000001d6a8000 JavaThread "Build operations Thread 3" [_thread_blocked, id=22460, stack(0x0000000021f10000,0x0000000022010000)]
  0x000000001d6a5000 JavaThread "Build operations Thread 2" [_thread_blocked, id=21092, stack(0x0000000021e10000,0x0000000021f10000)]
  0x000000001d6ab000 JavaThread "Build operations" [_thread_blocked, id=26220, stack(0x0000000021d10000,0x0000000021e10000)]
  0x00000000200f9800 JavaThread "Cache worker for Artifact transforms cache (C:\Users\LENOVO\.gradle\caches\transforms-1)" [_thread_blocked, id=19360, stack(0x0000000021c10000,0x0000000021d10000)]
  0x00000000200f1800 JavaThread "Cache worker for file hash cache (D:\Laptop\Maen Naamneh\GI Projects\CashVan_Git\.gradle\4.6\fileHashes)" [_thread_blocked, id=4620, stack(0x0000000021b10000,0x0000000021c10000)]
  0x00000000200f8000 JavaThread "Stdin handler" [_thread_blocked, id=22352, stack(0x000000001c840000,0x000000001c940000)]
  0x00000000200f6800 JavaThread "Asynchronous log dispatcher for DefaultDaemonConnection: socket connection from /127.0.0.1:56762 to /127.0.0.1:58705" [_thread_blocked, id=9820, stack(0x000000001b070000,0x000000001b170000)]
  0x00000000200ee800 JavaThread "Daemon worker Thread 9" [_thread_blocked, id=16716, stack(0x000000001af70000,0x000000001b070000)]
  0x00000000200f4800 JavaThread "Cancel handler" [_thread_blocked, id=14608, stack(0x000000001ac70000,0x000000001ad70000)]
  0x00000000200f2000 JavaThread "Handler for socket connection from /127.0.0.1:56762 to /127.0.0.1:58705" [_thread_in_native, id=6664, stack(0x000000001ab70000,0x000000001ac70000)]
  0x00000000200f3800 JavaThread "Daemon Thread 9" [_thread_blocked, id=5760, stack(0x0000000001570000,0x0000000001670000)]
  0x000000001b833000 JavaThread "pool-33-thread-1" [_thread_blocked, id=26232, stack(0x0000000025ea0000,0x0000000025fa0000)]
  0x000000001b64c000 JavaThread "MarlinRenderer Disposer" daemon [_thread_blocked, id=20008, stack(0x0000000026ea0000,0x0000000026fa0000)]
  0x000000001b650000 JavaThread "Java2D Disposer" daemon [_thread_blocked, id=17160, stack(0x0000000026ba0000,0x0000000026ca0000)]
  0x000000001be38800 JavaThread "pool-1-thread-1" [_thread_blocked, id=4468, stack(0x0000000022f10000,0x0000000023010000)]
  0x000000001be39800 JavaThread "Memory manager" [_thread_blocked, id=2680, stack(0x0000000022c10000,0x0000000022d10000)]
  0x000000001a2e9000 JavaThread "File lock request listener" [_thread_in_native, id=25676, stack(0x000000001c740000,0x000000001c840000)]
  0x000000001a0c4000 JavaThread "Cache worker for file hash cache (C:\Users\LENOVO\.gradle\caches\4.6\fileHashes)" [_thread_blocked, id=21608, stack(0x000000001c640000,0x000000001c740000)]
  0x0000000019fb2800 JavaThread "Daemon periodic checks" [_thread_blocked, id=1916, stack(0x000000001aa70000,0x000000001ab70000)]
  0x0000000019fb0000 JavaThread "Incoming local TCP Connector on port 56762" [_thread_in_native, id=19540, stack(0x000000001a830000,0x000000001a930000)]
  0x0000000017d39000 JavaThread "Service Thread" daemon [_thread_blocked, id=15880, stack(0x0000000018920000,0x0000000018a20000)]
  0x0000000017cab800 JavaThread "C1 CompilerThread3" daemon [_thread_blocked, id=20328, stack(0x0000000018820000,0x0000000018920000)]
  0x0000000017c5a800 JavaThread "C2 CompilerThread2" daemon [_thread_in_native, id=25520, stack(0x0000000018720000,0x0000000018820000)]
=>0x0000000017c59800 JavaThread "C2 CompilerThread1" daemon [_thread_in_native, id=15520, stack(0x0000000018620000,0x0000000018720000)]
  0x0000000017c57800 JavaThread "C2 CompilerThread0" daemon [_thread_in_native, id=24400, stack(0x0000000018520000,0x0000000018620000)]
  0x0000000017c51800 JavaThread "Attach Listener" daemon [_thread_blocked, id=21440, stack(0x0000000018420000,0x0000000018520000)]
  0x0000000017c9f800 JavaThread "Signal Dispatcher" daemon [_thread_blocked, id=16532, stack(0x0000000018320000,0x0000000018420000)]
  0x0000000017c40800 JavaThread "Finalizer" daemon [_thread_blocked, id=8764, stack(0x0000000018120000,0x0000000018220000)]
  0x0000000015e4c000 JavaThread "Reference Handler" daemon [_thread_blocked, id=5880, stack(0x0000000018020000,0x0000000018120000)]
  0x0000000003232800 JavaThread "main" [_thread_blocked, id=15936, stack(0x0000000003130000,0x0000000003230000)]

Other Threads:
  0x0000000015e47000 VMThread [stack: 0x0000000017b20000,0x0000000017c20000] [id=4904]
  0x0000000017d3a000 WatcherThread [stack: 0x0000000018a20000,0x0000000018b20000] [id=20680]

VM state:not at safepoint (normal execution)

VM Mutex/Monitor currently owned by a thread: None

heap address: 0x00000000c0000000, size: 1024 MB, Compressed Oops mode: 32-bit
Narrow klass base: 0x0000000000000000, Narrow klass shift: 3
Compressed class space size: 1073741824 Address: 0x0000000100000000

Heap:
 PSYoungGen      total 322560K, used 245013K [0x00000000eab00000, 0x00000000ffe80000, 0x0000000100000000)
  eden space 300032K, 79% used [0x00000000eab00000,0x00000000f93702b8,0x00000000fd000000)
  from space 22528K, 31% used [0x00000000fd000000,0x00000000fd6d5228,0x00000000fe600000)
  to   space 22016K, 0% used [0x00000000fe900000,0x00000000fe900000,0x00000000ffe80000)
 ParOldGen       total 594432K, used 383565K [0x00000000c0000000, 0x00000000e4480000, 0x00000000eab00000)
  object space 594432K, 64% used [0x00000000c0000000,0x00000000d7693610,0x00000000e4480000)
 Metaspace       used 135073K, capacity 143518K, committed 143704K, reserved 1175552K
  class space    used 16438K, capacity 17944K, committed 18048K, reserved 1048576K

Card table byte_map: [0x00000000126f0000,0x0000000012900000] byte_map_base: 0x00000000120f0000

Marking Bits: (ParMarkBitMap*) 0x0000000074699f30
 Begin Bits: [0x0000000013260000, 0x0000000014260000)
 End Bits:   [0x0000000014260000, 0x0000000015260000)

Polling page: 0x0000000001450000

CodeCache: size=245760Kb used=112955Kb max_used=112991Kb free=132804Kb
 bounds [0x0000000003330000, 0x000000000a240000, 0x0000000012330000]
 total_blobs=31458 nmethods=30444 adapters=923
 compilation: enabled

Compilation events (10 events):
Event: 4434.461 Thread 0x0000000017c5a800 nmethod 42474% 0x000000000748d250 code [0x000000000748d5e0, 0x000000000748daf8]
Event: 4434.465 Thread 0x0000000017c5a800 42505 %     4       com.android.tools.r8.ir.conversion.IRBuilder::build @ 79 (519 bytes)
Event: 4434.500 Thread 0x0000000017cab800 42518       2       com.android.build.gradle.internal.transforms.DexArchiveBuilderTransform$ClasspathService::getService (5 bytes)
Event: 4434.500 Thread 0x0000000017cab800 nmethod 42518 0x000000000748ce50 code [0x000000000748cfa0, 0x000000000748d0f0]
Event: 4434.518 Thread 0x0000000017cab800 42519       2       com.android.build.gradle.internal.transforms.DexArchiveBuilderTransform$DexConversionParameters::isDirectoryBased (8 bytes)
Event: 4434.518 Thread 0x0000000017cab800 nmethod 42519 0x0000000009b795d0 code [0x0000000009b79720, 0x0000000009b798d0]
Event: 4434.532 Thread 0x0000000017cab800 42520       2       com.android.ide.common.blame.parser.ToolOutputParser::<init> (20 bytes)
Event: 4434.533 Thread 0x0000000017cab800 nmethod 42520 0x000000000a1fc650 code [0x000000000a1fc7a0, 0x000000000a1fc930]
Event: 4434.535 Thread 0x0000000017cab800 42521       2       com.android.tools.r8.dex.ApplicationReader$ClassReader::buildClassProvider (124 bytes)
Event: 4434.537 Thread 0x0000000017cab800 nmethod 42521 0x000000000966af90 code [0x000000000966b1c0, 0x000000000966ba08]

GC Heap History (10 events):
Event: 4432.649 GC heap before
{Heap before GC invocations=163 (full 6):
 PSYoungGen      total 319488K, used 305508K [0x00000000eab00000, 0x00000000ffe80000, 0x0000000100000000)
  eden space 292352K, 100% used [0x00000000eab00000,0x00000000fc880000,0x00000000fc880000)
  from space 27136K, 48% used [0x00000000fe400000,0x00000000ff0d9238,0x00000000ffe80000)
  to   space 27648K, 0% used [0x00000000fc880000,0x00000000fc880000,0x00000000fe380000)
 ParOldGen       total 594432K, used 355431K [0x00000000c0000000, 0x00000000e4480000, 0x00000000eab00000)
  object space 594432K, 59% used [0x00000000c0000000,0x00000000d5b19f28,0x00000000e4480000)
 Metaspace       used 134983K, capacity 143358K, committed 143704K, reserved 1175552K
  class space    used 16424K, capacity 17912K, committed 18048K, reserved 1048576K
Event: 4432.670 GC heap after
Heap after GC invocations=163 (full 6):
 PSYoungGen      total 320000K, used 11150K [0x00000000eab00000, 0x00000000ffd80000, 0x0000000100000000)
  eden space 292352K, 0% used [0x00000000eab00000,0x00000000eab00000,0x00000000fc880000)
  from space 27648K, 40% used [0x00000000fc880000,0x00000000fd363a20,0x00000000fe380000)
  to   space 26112K, 0% used [0x00000000fe400000,0x00000000fe400000,0x00000000ffd80000)
 ParOldGen       total 594432K, used 361947K [0x00000000c0000000, 0x00000000e4480000, 0x00000000eab00000)
  object space 594432K, 60% used [0x00000000c0000000,0x00000000d6176f08,0x00000000e4480000)
 Metaspace       used 134983K, capacity 143358K, committed 143704K, reserved 1175552K
  class space    used 16424K, capacity 17912K, committed 18048K, reserved 1048576K
}
Event: 4433.055 GC heap before
{Heap before GC invocations=164 (full 6):
 PSYoungGen      total 320000K, used 303502K [0x00000000eab00000, 0x00000000ffd80000, 0x0000000100000000)
  eden space 292352K, 100% used [0x00000000eab00000,0x00000000fc880000,0x00000000fc880000)
  from space 27648K, 40% used [0x00000000fc880000,0x00000000fd363a20,0x00000000fe380000)
  to   space 26112K, 0% used [0x00000000fe400000,0x00000000fe400000,0x00000000ffd80000)
 ParOldGen       total 594432K, used 361947K [0x00000000c0000000, 0x00000000e4480000, 0x00000000eab00000)
  object space 594432K, 60% used [0x00000000c0000000,0x00000000d6176f08,0x00000000e4480000)
 Metaspace       used 134985K, capacity 143422K, committed 143704K, reserved 1175552K
  class space    used 16424K, capacity 17912K, committed 18048K, reserved 1048576K
Event: 4433.074 GC heap after
Heap after GC invocations=164 (full 6):
 PSYoungGen      total 320512K, used 9959K [0x00000000eab00000, 0x00000000ffc80000, 0x0000000100000000)
  eden space 295424K, 0% used [0x00000000eab00000,0x00000000eab00000,0x00000000fcb80000)
  from space 25088K, 39% used [0x00000000fe400000,0x00000000fedb9d98,0x00000000ffc80000)
  to   space 25088K, 0% used [0x00000000fcb80000,0x00000000fcb80000,0x00000000fe400000)
 ParOldGen       total 594432K, used 366600K [0x00000000c0000000, 0x00000000e4480000, 0x00000000eab00000)
  object space 594432K, 61% used [0x00000000c0000000,0x00000000d6602158,0x00000000e4480000)
 Metaspace       used 134985K, capacity 143422K, committed 143704K, reserved 1175552K
  class space    used 16424K, capacity 17912K, committed 18048K, reserved 1048576K
}
Event: 4433.520 GC heap before
{Heap before GC invocations=165 (full 6):
 PSYoungGen      total 320512K, used 305383K [0x00000000eab00000, 0x00000000ffc80000, 0x0000000100000000)
  eden space 295424K, 100% used [0x00000000eab00000,0x00000000fcb80000,0x00000000fcb80000)
  from space 25088K, 39% used [0x00000000fe400000,0x00000000fedb9d98,0x00000000ffc80000)
  to   space 25088K, 0% used [0x00000000fcb80000,0x00000000fcb80000,0x00000000fe400000)
 ParOldGen       total 594432K, used 366600K [0x00000000c0000000, 0x00000000e4480000, 0x00000000eab00000)
  object space 594432K, 61% used [0x00000000c0000000,0x00000000d6602158,0x00000000e4480000)
 Metaspace       used 135065K, capacity 143454K, committed 143704K, reserved 1175552K
  class space    used 16438K, capacity 17944K, committed 18048K, reserved 1048576K
Event: 4433.539 GC heap after
Heap after GC invocations=165 (full 6):
 PSYoungGen      total 320512K, used 11429K [0x00000000eab00000, 0x00000000ffd00000, 0x0000000100000000)
  eden space 295424K, 0% used [0x00000000eab00000,0x00000000eab00000,0x00000000fcb80000)
  from space 25088K, 45% used [0x00000000fcb80000,0x00000000fd6a9550,0x00000000fe400000)
  to   space 23552K, 0% used [0x00000000fe600000,0x00000000fe600000,0x00000000ffd00000)
 ParOldGen       total 594432K, used 370467K [0x00000000c0000000, 0x00000000e4480000, 0x00000000eab00000)
  object space 594432K, 62% used [0x00000000c0000000,0x00000000d69c8d30,0x00000000e4480000)
 Metaspace       used 135065K, capacity 143454K, committed 143704K, reserved 1175552K
  class space    used 16438K, capacity 17944K, committed 18048K, reserved 1048576K
}
Event: 4433.972 GC heap before
{Heap before GC invocations=166 (full 6):
 PSYoungGen      total 320512K, used 306853K [0x00000000eab00000, 0x00000000ffd00000, 0x0000000100000000)
  eden space 295424K, 100% used [0x00000000eab00000,0x00000000fcb80000,0x00000000fcb80000)
  from space 25088K, 45% used [0x00000000fcb80000,0x00000000fd6a9550,0x00000000fe400000)
  to   space 23552K, 0% used [0x00000000fe600000,0x00000000fe600000,0x00000000ffd00000)
 ParOldGen       total 594432K, used 370569K [0x00000000c0000000, 0x00000000e4480000, 0x00000000eab00000)
  object space 594432K, 62% used [0x00000000c0000000,0x00000000d69e24c0,0x00000000e4480000)
 Metaspace       used 135067K, capacity 143454K, committed 143704K, reserved 1175552K
  class space    used 16438K, capacity 17944K, committed 18048K, reserved 1048576K
Event: 4433.998 GC heap after
Heap after GC invocations=166 (full 6):
 PSYoungGen      total 323072K, used 10847K [0x00000000eab00000, 0x00000000ffc80000, 0x0000000100000000)
  eden space 300032K, 0% used [0x00000000eab00000,0x00000000eab00000,0x00000000fd000000)
  from space 23040K, 47% used [0x00000000fe600000,0x00000000ff097e28,0x00000000ffc80000)
  to   space 22528K, 0% used [0x00000000fd000000,0x00000000fd000000,0x00000000fe600000)
 ParOldGen       total 594432K, used 375797K [0x00000000c0000000, 0x00000000e4480000, 0x00000000eab00000)
  object space 594432K, 63% used [0x00000000c0000000,0x00000000d6efd538,0x00000000e4480000)
 Metaspace       used 135067K, capacity 143454K, committed 143704K, reserved 1175552K
  class space    used 16438K, capacity 17944K, committed 18048K, reserved 1048576K
}
Event: 4434.370 GC heap before
{Heap before GC invocations=167 (full 6):
 PSYoungGen      total 323072K, used 310879K [0x00000000eab00000, 0x00000000ffc80000, 0x0000000100000000)
  eden space 300032K, 100% used [0x00000000eab00000,0x00000000fd000000,0x00000000fd000000)
  from space 23040K, 47% used [0x00000000fe600000,0x00000000ff097e28,0x00000000ffc80000)
  to   space 22528K, 0% used [0x00000000fd000000,0x00000000fd000000,0x00000000fe600000)
 ParOldGen       total 594432K, used 375799K [0x00000000c0000000, 0x00000000e4480000, 0x00000000eab00000)
  object space 594432K, 63% used [0x00000000c0000000,0x00000000d6efdcc0,0x00000000e4480000)
 Metaspace       used 135072K, capacity 143518K, committed 143704K, reserved 1175552K
  class space    used 16438K, capacity 17944K, committed 18048K, reserved 1048576K
Event: 4434.385 GC heap after
Heap after GC invocations=167 (full 6):
 PSYoungGen      total 322560K, used 6996K [0x00000000eab00000, 0x00000000ffe80000, 0x0000000100000000)
  eden space 300032K, 0% used [0x00000000eab00000,0x00000000eab00000,0x00000000fd000000)
  from space 22528K, 31% used [0x00000000fd000000,0x00000000fd6d5228,0x00000000fe600000)
  to   space 22016K, 0% used [0x00000000fe900000,0x00000000fe900000,0x00000000ffe80000)
 ParOldGen       total 594432K, used 383565K [0x00000000c0000000, 0x00000000e4480000, 0x00000000eab00000)
  object space 594432K, 64% used [0x00000000c0000000,0x00000000d7693610,0x00000000e4480000)
 Metaspace       used 135072K, capacity 143518K, committed 143704K, reserved 1175552K
  class space    used 16438K, capacity 17944K, committed 18048K, reserved 1048576K
}

Deoptimization events (10 events):
Event: 4426.713 Thread 0x000000001b829000 Uncommon trap: reason=unstable_if action=reinterpret pc=0x0000000009fef4b4 method=com.android.tools.r8.ir.optimize.CodeRewriter.collapsTrivialGoto(Lcom/android/tools/r8/ir/code/IRCode;Lcom/android/tools/r8/ir/code/BasicBlock;Lcom/android/tools/r8/ir/code/
Event: 4427.146 Thread 0x000000001b829000 Uncommon trap: reason=unstable_if action=reinterpret pc=0x0000000009eb6e1c method=com.android.tools.r8.ir.conversion.JarSourceCode.traceInstruction(ILcom/android/tools/r8/ir/conversion/IRBuilder;)I @ 203
Event: 4427.148 Thread 0x000000001b829000 Uncommon trap: reason=unstable_if action=reinterpret pc=0x0000000009f35258 method=com.android.tools.r8.ir.conversion.IRBuilder.addInstruction(Lcom/android/tools/r8/ir/code/Instruction;Lcom/android/tools/r8/ir/code/Position;)V @ 311
Event: 4428.759 Thread 0x000000001b82d000 Uncommon trap: reason=unstable_if action=reinterpret pc=0x0000000008bcc748 method=java.util.HashMap$TreeNode.find(ILjava/lang/Object;Ljava/lang/Class;)Ljava/util/HashMap$TreeNode; @ 71
Event: 4428.906 Thread 0x0000000023c6a000 Uncommon trap: reason=class_check action=maybe_recompile pc=0x0000000009f24274 method=com.android.tools.r8.ir.analysis.constant.SparseConditionalConstantPropagation.addFlowEdgesForJumpInstruction(Lcom/android/tools/r8/ir/code/JumpInstruction;)V @ 309
Event: 4429.632 Thread 0x0000000023c67000 Uncommon trap: reason=unstable_if action=reinterpret pc=0x000000000a1293cc method=com.android.tools.r8.ir.code.Instruction.identicalOutputAfterRegisterAllocation(Lcom/android/tools/r8/ir/code/Value;ILcom/android/tools/r8/ir/code/Value;ILcom/android/tools/
Event: 4430.092 Thread 0x000000001b82e800 Uncommon trap: reason=unstable_if action=reinterpret pc=0x0000000006f28ef4 method=com.android.tools.r8.ir.code.InstructionListIterator.nextUntil(Ljava/util/function/Predicate;)Lcom/android/tools/r8/ir/code/Instruction; @ 6
Event: 4431.363 Thread 0x000000001b82e800 Uncommon trap: reason=class_check action=maybe_recompile pc=0x0000000009f24274 method=com.android.tools.r8.ir.analysis.constant.SparseConditionalConstantPropagation.addFlowEdgesForJumpInstruction(Lcom/android/tools/r8/ir/code/JumpInstruction;)V @ 309
Event: 4432.315 Thread 0x000000001b827800 Uncommon trap: reason=unstable_if action=reinterpret pc=0x0000000009b21304 method=com.android.tools.r8.ir.regalloc.LiveIntervals.computeMaxNonSpilledRegister()I @ 76
Event: 4432.600 Thread 0x000000001b829000 Uncommon trap: reason=class_check action=maybe_recompile pc=0x0000000009f24274 method=com.android.tools.r8.ir.analysis.constant.SparseConditionalConstantPropagation.addFlowEdgesForJumpInstruction(Lcom/android/tools/r8/ir/code/JumpInstruction;)V @ 309

Classes redefined (0 events):
No events

Internal exceptions (10 events):
Event: 4419.000 Thread 0x000000001d6af800 Exception <a 'sun/nio/fs/WindowsException'> (0x00000000eea5a660) thrown at [D:\src\AOSP-openjdk-cygwin\jdk8u\hotspot\src\share\vm\prims\jni.cpp, line 710]
Event: 4419.008 Thread 0x000000001d6af800 Exception <a 'sun/nio/fs/WindowsException'> (0x00000000eea9ef80) thrown at [D:\src\AOSP-openjdk-cygwin\jdk8u\hotspot\src\share\vm\prims\jni.cpp, line 710]
Event: 4419.008 Thread 0x000000001d6af800 Exception <a 'sun/nio/fs/WindowsException'> (0x00000000eea9f7c8) thrown at [D:\src\AOSP-openjdk-cygwin\jdk8u\hotspot\src\share\vm\prims\jni.cpp, line 710]
Event: 4419.008 Thread 0x000000001d6af800 Exception <a 'sun/nio/fs/WindowsException'> (0x00000000eeaa0d08) thrown at [D:\src\AOSP-openjdk-cygwin\jdk8u\hotspot\src\share\vm\prims\jni.cpp, line 710]
Event: 4419.014 Thread 0x000000001d6af800 Exception <a 'sun/nio/fs/WindowsException'> (0x00000000eead03f0) thrown at [D:\src\AOSP-openjdk-cygwin\jdk8u\hotspot\src\share\vm\prims\jni.cpp, line 710]
Event: 4419.015 Thread 0x000000001d6af800 Exception <a 'sun/nio/fs/WindowsException'> (0x00000000eead0c38) thrown at [D:\src\AOSP-openjdk-cygwin\jdk8u\hotspot\src\share\vm\prims\jni.cpp, line 710]
Event: 4419.015 Thread 0x000000001d6af800 Exception <a 'sun/nio/fs/WindowsException'> (0x00000000eead2178) thrown at [D:\src\AOSP-openjdk-cygwin\jdk8u\hotspot\src\share\vm\prims\jni.cpp, line 710]
Event: 4419.028 Thread 0x000000001d6af800 Exception <a 'sun/nio/fs/WindowsException'> (0x00000000eeb268e0) thrown at [D:\src\AOSP-openjdk-cygwin\jdk8u\hotspot\src\share\vm\prims\jni.cpp, line 710]
Event: 4419.117 Thread 0x000000001d6af800 Exception <a 'sun/nio/fs/WindowsException'> (0x00000000eeb56ae8) thrown at [D:\src\AOSP-openjdk-cygwin\jdk8u\hotspot\src\share\vm\prims\jni.cpp, line 710]
Event: 4419.739 Thread 0x000000001b829000 Implicit null exception at 0x00000000091e963a to 0x00000000091e9b3d

Events (10 events):
Event: 4434.520 Thread 0x000000001b82e800 DEOPT PACKING pc=0x000000000997e1bf sp=0x00000000305be6e0
Event: 4434.520 Thread 0x000000001b82e800 DEOPT UNPACKING pc=0x00000000033775d0 sp=0x00000000305be3f8 mode 0
Event: 4434.537 Thread 0x000000001b82d800 DEOPT PACKING pc=0x0000000006dc851b sp=0x00000000304bdde0
Event: 4434.537 Thread 0x000000001b82d800 DEOPT UNPACKING pc=0x00000000033775d0 sp=0x00000000304bdc88 mode 0
Event: 4434.556 Thread 0x0000000023c67000 DEOPT PACKING pc=0x000000000997e1bf sp=0x00000000302bde60
Event: 4434.556 Thread 0x0000000023c67000 DEOPT UNPACKING pc=0x00000000033775d0 sp=0x00000000302bdb78 mode 0
Event: 4434.573 Thread 0x000000001b82d000 DEOPT PACKING pc=0x0000000009ba60d0 sp=0x00000000303bdd50
Event: 4434.573 Thread 0x000000001b82d000 DEOPT UNPACKING pc=0x00000000033775d0 sp=0x00000000303bdd18 mode 0
Event: 4434.574 Thread 0x0000000023c67000 DEOPT PACKING pc=0x0000000009d0f9be sp=0x00000000302bdae0
Event: 4434.574 Thread 0x0000000023c67000 DEOPT UNPACKING pc=0x00000000033775d0 sp=0x00000000302bd8f0 mode 0


Dynamic libraries:
0x00007ff6e9dc0000 - 0x00007ff6e9df1000 	C:\Program Files\Android\Android Studio\jre\bin\java.exe
0x00007ff8a9360000 - 0x00007ff8a9550000 	C:\Windows\SYSTEM32\ntdll.dll
0x00007ff8a8590000 - 0x00007ff8a8642000 	C:\Windows\System32\KERNEL32.DLL
0x00007ff8a6b10000 - 0x00007ff8a6db5000 	C:\Windows\System32\KERNELBASE.dll
0x00007ff8a86c0000 - 0x00007ff8a8763000 	C:\Windows\System32\ADVAPI32.dll
0x00007ff8a7b80000 - 0x00007ff8a7c1e000 	C:\Windows\System32\msvcrt.dll
0x00007ff8a7fc0000 - 0x00007ff8a8057000 	C:\Windows\System32\sechost.dll
0x00007ff8a73e0000 - 0x00007ff8a74ff000 	C:\Windows\System32\RPCRT4.dll
0x00007ff8a89a0000 - 0x00007ff8a8b34000 	C:\Windows\System32\USER32.dll
0x00007ff8a6360000 - 0x00007ff8a6381000 	C:\Windows\System32\win32u.dll
0x00007ff8a7830000 - 0x00007ff8a7856000 	C:\Windows\System32\GDI32.dll
0x00007ff8a7040000 - 0x00007ff8a71d8000 	C:\Windows\System32\gdi32full.dll
0x00007ff8a6dc0000 - 0x00007ff8a6e5e000 	C:\Windows\System32\msvcp_win.dll
0x00007ff8a6f10000 - 0x00007ff8a700a000 	C:\Windows\System32\ucrtbase.dll
0x00007ff87aff0000 - 0x00007ff87b274000 	C:\Windows\WinSxS\amd64_microsoft.windows.common-controls_6595b64144ccf1df_6.0.18362.1316_none_9e7a364fe461dbd7\COMCTL32.dll
0x00007ff8a7c80000 - 0x00007ff8a7fb7000 	C:\Windows\System32\combase.dll
0x00007ff8a6e80000 - 0x00007ff8a6f01000 	C:\Windows\System32\bcryptPrimitives.dll
0x00007ff8a8bd0000 - 0x00007ff8a8bfe000 	C:\Windows\System32\IMM32.DLL
0x0000000076aa0000 - 0x0000000076b72000 	C:\Program Files\Android\Android Studio\jre\jre\bin\msvcr100.dll
0x0000000073ed0000 - 0x0000000074716000 	C:\Program Files\Android\Android Studio\jre\jre\bin\server\jvm.dll
0x00007ff8a7500000 - 0x00007ff8a7508000 	C:\Windows\System32\PSAPI.DLL
0x00007ff8a12a0000 - 0x00007ff8a12a9000 	C:\Windows\SYSTEM32\WSOCK32.dll
0x00007ff8a3e00000 - 0x00007ff8a3e24000 	C:\Windows\SYSTEM32\WINMM.dll
0x00007ff8a0650000 - 0x00007ff8a065a000 	C:\Windows\SYSTEM32\VERSION.dll
0x00007ff8a8b60000 - 0x00007ff8a8bcf000 	C:\Windows\System32\WS2_32.dll
0x00007ff8a3dd0000 - 0x00007ff8a3dfd000 	C:\Windows\SYSTEM32\winmmbase.dll
0x00007ff8a62b0000 - 0x00007ff8a62fa000 	C:\Windows\System32\cfgmgr32.dll
0x00007ff8a11d0000 - 0x00007ff8a11df000 	C:\Program Files\Android\Android Studio\jre\jre\bin\verify.dll
0x00007ff89e2b0000 - 0x00007ff89e2d9000 	C:\Program Files\Android\Android Studio\jre\jre\bin\java.dll
0x00007ff8a0410000 - 0x00007ff8a0426000 	C:\Program Files\Android\Android Studio\jre\jre\bin\zip.dll
0x00007ff8a8c00000 - 0x00007ff8a92e8000 	C:\Windows\System32\SHELL32.dll
0x00007ff8a7780000 - 0x00007ff8a7827000 	C:\Windows\System32\shcore.dll
0x00007ff8a6390000 - 0x00007ff8a6b0b000 	C:\Windows\System32\windows.storage.dll
0x00007ff8a6240000 - 0x00007ff8a6263000 	C:\Windows\System32\profapi.dll
0x00007ff8a61f0000 - 0x00007ff8a623a000 	C:\Windows\System32\powrprof.dll
0x00007ff8a61e0000 - 0x00007ff8a61f0000 	C:\Windows\System32\UMPDC.dll
0x00007ff8a80c0000 - 0x00007ff8a8112000 	C:\Windows\System32\shlwapi.dll
0x00007ff8a6290000 - 0x00007ff8a62a1000 	C:\Windows\System32\kernel.appcore.dll
0x00007ff8a6e60000 - 0x00007ff8a6e77000 	C:\Windows\System32\cryptsp.dll
0x00007ff89d460000 - 0x00007ff89d47a000 	C:\Program Files\Android\Android Studio\jre\jre\bin\net.dll
0x00007ff8a5a20000 - 0x00007ff8a5a87000 	C:\Windows\system32\mswsock.dll
0x00007ff8725a0000 - 0x00007ff8725b1000 	C:\Program Files\Android\Android Studio\jre\jre\bin\nio.dll
0x00007ff89a2f0000 - 0x00007ff89a30e000 	C:\Users\LENOVO\.gradle\native\25\windows-amd64\native-platform.dll
0x00007ff8a11c0000 - 0x00007ff8a11cd000 	C:\Program Files\Android\Android Studio\jre\jre\bin\management.dll
0x00007ff8a55a0000 - 0x00007ff8a55d3000 	C:\Windows\system32\rsaenh.dll
0x00007ff8a7010000 - 0x00007ff8a7036000 	C:\Windows\System32\bcrypt.dll
0x00007ff8a6100000 - 0x00007ff8a6125000 	C:\Windows\SYSTEM32\USERENV.dll
0x00007ff8a5bf0000 - 0x00007ff8a5bfc000 	C:\Windows\SYSTEM32\CRYPTBASE.dll
0x00007ff8a5730000 - 0x00007ff8a576a000 	C:\Windows\SYSTEM32\IPHLPAPI.DLL
0x00007ff8a7b70000 - 0x00007ff8a7b78000 	C:\Windows\System32\NSI.dll
0x00007ff89f380000 - 0x00007ff89f396000 	C:\Windows\SYSTEM32\dhcpcsvc6.DLL
0x00007ff89f360000 - 0x00007ff89f37c000 	C:\Windows\SYSTEM32\dhcpcsvc.DLL
0x00007ff8a5770000 - 0x00007ff8a583b000 	C:\Windows\SYSTEM32\DNSAPI.dll
0x00007ff8a1300000 - 0x00007ff8a1324000 	C:\Program Files\Android\Android Studio\jre\jre\bin\sunec.dll
0x00007ff89d480000 - 0x00007ff89d48a000 	C:\Windows\System32\rasadhlp.dll
0x00007ff89eb50000 - 0x00007ff89ebc7000 	C:\Windows\System32\fwpuclnt.dll
0x00007ff8a12c0000 - 0x00007ff8a12cb000 	C:\Program Files\Android\Android Studio\jre\jre\bin\sunmscapi.dll
0x00007ff8a71e0000 - 0x00007ff8a732a000 	C:\Windows\System32\CRYPT32.dll
0x00007ff8a6270000 - 0x00007ff8a6282000 	C:\Windows\System32\MSASN1.dll
0x00007ff862ea0000 - 0x00007ff86303c000 	C:\Program Files\Android\Android Studio\jre\jre\bin\awt.dll
0x00007ff8a79c0000 - 0x00007ff8a7a85000 	C:\Windows\System32\OLEAUT32.dll
0x00007ff8a4950000 - 0x00007ff8a497d000 	C:\Windows\SYSTEM32\dwmapi.dll
0x00007ff8a2710000 - 0x00007ff8a2cd0000 	C:\Windows\SYSTEM32\d2d1.dll
0x00007ff8a3f40000 - 0x00007ff8a3fcf000 	C:\Windows\SYSTEM32\apphelp.dll
0x00007ff8a4490000 - 0x00007ff8a4529000 	C:\Windows\system32\uxtheme.dll
0x00007ff8a5220000 - 0x00007ff8a5251000 	C:\Windows\SYSTEM32\ntmarta.dll

VM Arguments:
jvm_args: -XX:+HeapDumpOnOutOfMemoryError -Xmx1024m -Dfile.encoding=windows-1256 -Duser.country=US -Duser.language=en -Duser.variant 
java_command: org.gradle.launcher.daemon.bootstrap.GradleDaemon 4.6
java_class_path (initial): C:\Users\LENOVO\.gradle\wrapper\dists\gradle-4.6-all\bcst21l2brirad8k2ben1letg\gradle-4.6\lib\gradle-launcher-4.6.jar
Launcher Type: SUN_STANDARD

Environment Variables:
USERNAME=LENOVO
OS=Windows_NT
PROCESSOR_IDENTIFIER=Intel64 Family 6 Model 142 Stepping 11, GenuineIntel



---------------  S Y S T E M  ---------------

OS: Windows 10.0 , 64 bit Build 18362 (10.0.18362.1316)

CPU:total 8 (initial active 8) (4 cores per cpu, 2 threads per core) family 6 model 142 stepping 11, cmov, cx8, fxsr, mmx, sse, sse2, sse3, ssse3, sse4.1, sse4.2, popcnt, avx, avx2, clmul, erms, 3dnowpref, lzcnt, ht, tsc, tscinvbit, bmi1, bmi2, adx

Memory: 4k page, physical 16615512k(2556360k free), swap 16615512k(42672k free)

vm_info: OpenJDK 64-Bit Server VM (25.202-b03) for windows-amd64 JRE (1.8.0_202-release-1483-b03), built by "builder" with MS VC++ 10.0 (VS2010)

time: Sun Feb 07 15:02:15 2021
timezone: Jordan Standard Time
elapsed time: 4434 seconds (0d 1h 13m 54s)

