#
# There is insufficient memory for the Java Runtime Environment to continue.
# Native memory allocation (malloc) failed to allocate 131088 bytes for Chunk::new
# Possible reasons:
#   The system is out of physical RAM or swap space
#   The process is running with CompressedOops enabled, and the Java Heap may be blocking the growth of the native heap
# Possible solutions:
#   Reduce memory load on the system
#   Increase physical memory or swap space
#   Check if swap backing store is full
#   Decrease Java heap size (-Xmx/-Xms)
#   Decrease number of Java threads
#   Decrease Java thread stack sizes (-Xss)
#   Set larger code cache with -XX:ReservedCodeCacheSize=
#   JVM is running with Unscaled Compressed Oops mode in which the Java heap is
#     placed in the first 4GB address space. The Java Heap base address is the
#     maximum limit for the native heap growth. Please use -XX:HeapBaseMinAddress
#     to set the Java Heap base and to place the Java Heap above 4GB virtual address.
# This output file may be truncated or incomplete.
#
#  Out of Memory Error (allocation.cpp:389), pid=8000, tid=0x0000000000003ae0
#
# JRE version: OpenJDK Runtime Environment (8.0_202-b03) (build 1.8.0_202-release-1483-b03)
# Java VM: OpenJDK 64-Bit Server VM (25.202-b03 mixed mode windows-amd64 compressed oops)
# Failed to write core dump. Minidumps are not enabled by default on client versions of Windows
#

---------------  T H R E A D  ---------------

Current thread (0x0000000016de5000):  JavaThread "C2 CompilerThread1" daemon [_thread_in_native, id=15072, stack(0x00000000177b0000,0x00000000178b0000)]

Stack: [0x00000000177b0000,0x00000000178b0000]
[error occurred during error reporting (printing stack bounds), id 0xc0000005]

Native frames: (J=compiled Java code, j=interpreted, Vv=VM code, C=native code)


Current CompileTask:
C2:   2207 1473   !   4       java.net.URLClassLoader$1::run (63 bytes)


---------------  P R O C E S S  ---------------

Java Threads: ( => current thread )
  0x0000000019043800 JavaThread "Cache worker for file hash cache (D:\Laptop\Maen Naamneh\GI Projects\CashVan_Git\.gradle\4.6\fileHashes)" [_thread_blocked, id=16996, stack(0x000000001b9d0000,0x000000001bad0000)]
  0x000000001a818800 JavaThread "File lock request listener" [_thread_in_native, id=19984, stack(0x000000001b8d0000,0x000000001b9d0000)]
  0x0000000019040800 JavaThread "Cache worker for file hash cache (C:\Users\LENOVO\.gradle\caches\4.6\fileHashes)" [_thread_blocked, id=17880, stack(0x000000001b7d0000,0x000000001b8d0000)]
  0x0000000019057800 JavaThread "Stdin handler" [_thread_blocked, id=14756, stack(0x000000001a400000,0x000000001a500000)]
  0x0000000019056800 JavaThread "Asynchronous log dispatcher for DefaultDaemonConnection: socket connection from /127.0.0.1:25475 to /127.0.0.1:25476" [_thread_blocked, id=3424, stack(0x000000001a300000,0x000000001a400000)]
  0x00000000190a4800 JavaThread "Daemon worker" [_thread_in_vm, id=19988, stack(0x000000001a200000,0x000000001a300000)]
  0x00000000190b3000 JavaThread "Cancel handler" [_thread_blocked, id=17000, stack(0x000000001a100000,0x000000001a200000)]
  0x0000000018c0d800 JavaThread "Handler for socket connection from /127.0.0.1:25475 to /127.0.0.1:25476" [_thread_in_native, id=16408, stack(0x0000000019e00000,0x0000000019f00000)]
  0x0000000018c0c800 JavaThread "Daemon" [_thread_blocked, id=11344, stack(0x0000000019d00000,0x0000000019e00000)]
  0x0000000018c06800 JavaThread "Daemon periodic checks" [_thread_blocked, id=7236, stack(0x0000000019c00000,0x0000000019d00000)]
  0x0000000018c2d000 JavaThread "Incoming local TCP Connector on port 25475" [_thread_in_native, id=19964, stack(0x00000000199c0000,0x0000000019ac0000)]
  0x0000000016e68000 JavaThread "Service Thread" daemon [_thread_blocked, id=20420, stack(0x0000000017ab0000,0x0000000017bb0000)]
  0x0000000016dea000 JavaThread "C1 CompilerThread3" daemon [_thread_blocked, id=3040, stack(0x00000000179b0000,0x0000000017ab0000)]
  0x0000000016de8000 JavaThread "C2 CompilerThread2" daemon [_thread_blocked, id=18280, stack(0x00000000178b0000,0x00000000179b0000)]
=>0x0000000016de5000 JavaThread "C2 CompilerThread1" daemon [_thread_in_native, id=15072, stack(0x00000000177b0000,0x00000000178b0000)]
  0x0000000016de3000 JavaThread "C2 CompilerThread0" daemon [_thread_in_native, id=10364, stack(0x00000000176b0000,0x00000000177b0000)]
  0x0000000016e2f800 JavaThread "Attach Listener" daemon [_thread_blocked, id=5624, stack(0x00000000175b0000,0x00000000176b0000)]
  0x0000000016e2e800 JavaThread "Signal Dispatcher" daemon [_thread_blocked, id=17256, stack(0x00000000174b0000,0x00000000175b0000)]
  0x0000000016dd0800 JavaThread "Finalizer" daemon [_thread_blocked, id=15232, stack(0x00000000172b0000,0x00000000173b0000)]
  0x0000000014fec000 JavaThread "Reference Handler" daemon [_thread_blocked, id=7860, stack(0x00000000171b0000,0x00000000172b0000)]
  0x00000000023d2800 JavaThread "main" [_thread_blocked, id=8816, stack(0x0000000002220000,0x0000000002320000)]

Other Threads:
  0x0000000014fe7000 VMThread [stack: 0x0000000016cb0000,0x0000000016db0000] [id=1324]
  0x0000000016e69000 WatcherThread [stack: 0x0000000017bb0000,0x0000000017cb0000] [id=11872]

VM state:not at safepoint (normal execution)

VM Mutex/Monitor currently owned by a thread: None

heap address: 0x00000000c0000000, size: 1024 MB, Compressed Oops mode: 32-bit
Narrow klass base: 0x0000000000000000, Narrow klass shift: 3
Compressed class space size: 1073741824 Address: 0x0000000100000000

Heap:
 PSYoungGen      total 75776K, used 58931K [0x00000000eab00000, 0x00000000eff80000, 0x0000000100000000)
  eden space 65024K, 79% used [0x00000000eab00000,0x00000000edd2cab8,0x00000000eea80000)
  from space 10752K, 70% used [0x00000000eea80000,0x00000000ef1e0180,0x00000000ef500000)
  to   space 10752K, 0% used [0x00000000ef500000,0x00000000ef500000,0x00000000eff80000)
 ParOldGen       total 173568K, used 16K [0x00000000c0000000, 0x00000000ca980000, 0x00000000eab00000)
  object space 173568K, 0% used [0x00000000c0000000,0x00000000c0004000,0x00000000ca980000)
 Metaspace       used 15451K, capacity 15836K, committed 16000K, reserved 1062912K
  class space    used 2187K, capacity 2348K, committed 2432K, reserved 1048576K

Card table byte_map: [0x0000000011890000,0x0000000011aa0000] byte_map_base: 0x0000000011290000

Marking Bits: (ParMarkBitMap*) 0x000000006b109f30
 Begin Bits: [0x0000000012400000, 0x0000000013400000)
 End Bits:   [0x0000000013400000, 0x0000000014400000)

Polling page: 0x00000000009b0000

CodeCache: size=245760Kb used=5090Kb max_used=5090Kb free=240669Kb
 bounds [0x00000000024d0000, 0x00000000029d0000, 0x00000000114d0000]
 total_blobs=1851 nmethods=1478 adapters=286
 compilation: enabled

Compilation events (10 events):
Event: 2.191 Thread 0x0000000016dea000 1476       3       sun.misc.ProxyGenerator::code_aload (11 bytes)
Event: 2.191 Thread 0x0000000016dea000 nmethod 1476 0x00000000029c7a10 code [0x00000000029c7b80, 0x00000000029c7d28]
Event: 2.191 Thread 0x0000000016dea000 1477       3       java.lang.StringBuilder::append (8 bytes)
Event: 2.192 Thread 0x0000000016dea000 nmethod 1477 0x00000000029c7dd0 code [0x00000000029c7f40, 0x00000000029c80c8]
Event: 2.192 Thread 0x0000000016dea000 1478       3       java.lang.AbstractStringBuilder::append (62 bytes)
Event: 2.192 Thread 0x0000000016dea000 nmethod 1478 0x00000000029c8150 code [0x00000000029c8340, 0x00000000029c8c78]
Event: 2.192 Thread 0x0000000016dea000 1479       1       sun.misc.ProxyGenerator::access$800 (5 bytes)
Event: 2.192 Thread 0x0000000016dea000 nmethod 1479 0x00000000029c9190 code [0x00000000029c92e0, 0x00000000029c93d0]
Event: 2.193 Thread 0x0000000016dea000 1480       3       sun.misc.ProxyGenerator::access$700 (7 bytes)
Event: 2.193 Thread 0x0000000016dea000 nmethod 1480 0x00000000029c9450 code [0x00000000029c95c0, 0x00000000029c97a8]

GC Heap History (2 events):
Event: 1.612 GC heap before
{Heap before GC invocations=1 (full 0):
 PSYoungGen      total 75776K, used 65024K [0x00000000eab00000, 0x00000000eff80000, 0x0000000100000000)
  eden space 65024K, 100% used [0x00000000eab00000,0x00000000eea80000,0x00000000eea80000)
  from space 10752K, 0% used [0x00000000ef500000,0x00000000ef500000,0x00000000eff80000)
  to   space 10752K, 0% used [0x00000000eea80000,0x00000000eea80000,0x00000000ef500000)
 ParOldGen       total 173568K, used 0K [0x00000000c0000000, 0x00000000ca980000, 0x00000000eab00000)
  object space 173568K, 0% used [0x00000000c0000000,0x00000000c0000000,0x00000000ca980000)
 Metaspace       used 10377K, capacity 10570K, committed 10752K, reserved 1058816K
  class space    used 1353K, capacity 1455K, committed 1536K, reserved 1048576K
Event: 1.618 GC heap after
Heap after GC invocations=1 (full 0):
 PSYoungGen      total 75776K, used 7552K [0x00000000eab00000, 0x00000000eff80000, 0x0000000100000000)
  eden space 65024K, 0% used [0x00000000eab00000,0x00000000eab00000,0x00000000eea80000)
  from space 10752K, 70% used [0x00000000eea80000,0x00000000ef1e0180,0x00000000ef500000)
  to   space 10752K, 0% used [0x00000000ef500000,0x00000000ef500000,0x00000000eff80000)
 ParOldGen       total 173568K, used 16K [0x00000000c0000000, 0x00000000ca980000, 0x00000000eab00000)
  object space 173568K, 0% used [0x00000000c0000000,0x00000000c0004000,0x00000000ca980000)
 Metaspace       used 10377K, capacity 10570K, committed 10752K, reserved 1058816K
  class space    used 1353K, capacity 1455K, committed 1536K, reserved 1048576K
}

Deoptimization events (10 events):
Event: 1.808 Thread 0x00000000190a4800 Uncommon trap: reason=bimorphic action=maybe_recompile pc=0x000000000280fdd4 method=java.util.HashMap.putVal(ILjava/lang/Object;Ljava/lang/Object;ZZ)Ljava/lang/Object; @ 253
Event: 1.808 Thread 0x00000000190a4800 Uncommon trap: reason=bimorphic action=maybe_recompile pc=0x000000000280cfa8 method=java.util.HashMap.putVal(ILjava/lang/Object;Ljava/lang/Object;ZZ)Ljava/lang/Object; @ 253
Event: 1.935 Thread 0x00000000190a4800 Uncommon trap: reason=class_check action=maybe_recompile pc=0x0000000002763fc4 method=java.util.regex.Matcher.match(II)Z @ 86
Event: 1.936 Thread 0x00000000190a4800 Uncommon trap: reason=class_check action=maybe_recompile pc=0x0000000002763fc4 method=java.util.regex.Matcher.match(II)Z @ 86
Event: 1.967 Thread 0x00000000190a4800 Uncommon trap: reason=class_check action=maybe_recompile pc=0x000000000273609c method=java.util.regex.Matcher.match(II)Z @ 86
Event: 1.998 Thread 0x00000000190a4800 Uncommon trap: reason=unstable_if action=reinterpret pc=0x0000000002968434 method=java.lang.String.lastIndexOf([CII[CIII)I @ 66
Event: 2.024 Thread 0x00000000190a4800 Uncommon trap: reason=unstable_if action=reinterpret pc=0x0000000002627988 method=java.net.URI.match(CJJ)Z @ 19
Event: 2.024 Thread 0x00000000190a4800 Uncommon trap: reason=unstable_if action=reinterpret pc=0x000000000276ca00 method=java.net.URI.match(CJJ)Z @ 19
Event: 2.024 Thread 0x00000000190a4800 Uncommon trap: reason=unstable_if action=reinterpret pc=0x000000000262b0c8 method=java.net.URI.match(CJJ)Z @ 19
Event: 2.196 Thread 0x00000000190a4800 Uncommon trap: reason=unstable_if action=reinterpret pc=0x0000000002987cdc method=java.util.jar.JarFile.maybeInstantiateVerifier()V @ 21

Classes redefined (0 events):
No events

Internal exceptions (10 events):
Event: 1.781 Thread 0x0000000018c0d800 Exception <a 'java/lang/NoSuchMethodError': <clinit>> (0x00000000eb239bc8) thrown at [D:\src\AOSP-openjdk-cygwin\jdk8u\hotspot\src\share\vm\prims\jni.cpp, line 1614]
Event: 1.786 Thread 0x0000000018c0d800 Exception <a 'java/lang/NoSuchMethodError': <clinit>> (0x00000000eb2ae6e8) thrown at [D:\src\AOSP-openjdk-cygwin\jdk8u\hotspot\src\share\vm\prims\jni.cpp, line 1614]
Event: 1.788 Thread 0x0000000018c0d800 Exception <a 'java/lang/NoSuchMethodError': <clinit>> (0x00000000eb2d4138) thrown at [D:\src\AOSP-openjdk-cygwin\jdk8u\hotspot\src\share\vm\prims\jni.cpp, line 1614]
Event: 1.790 Thread 0x0000000018c0d800 Exception <a 'java/lang/NoSuchMethodError': <clinit>> (0x00000000eb300250) thrown at [D:\src\AOSP-openjdk-cygwin\jdk8u\hotspot\src\share\vm\prims\jni.cpp, line 1614]
Event: 1.791 Thread 0x0000000018c0d800 Exception <a 'java/lang/NoSuchMethodError': <clinit>> (0x00000000eb30b658) thrown at [D:\src\AOSP-openjdk-cygwin\jdk8u\hotspot\src\share\vm\prims\jni.cpp, line 1614]
Event: 1.792 Thread 0x0000000018c0d800 Exception <a 'java/lang/NoSuchMethodError': <clinit>> (0x00000000eb3170d8) thrown at [D:\src\AOSP-openjdk-cygwin\jdk8u\hotspot\src\share\vm\prims\jni.cpp, line 1614]
Event: 1.794 Thread 0x0000000018c0d800 Exception <a 'java/lang/NoSuchMethodError': <clinit>> (0x00000000eb340b10) thrown at [D:\src\AOSP-openjdk-cygwin\jdk8u\hotspot\src\share\vm\prims\jni.cpp, line 1614]
Event: 1.802 Thread 0x00000000190a4800 Exception <a 'java/lang/NoSuchMethodError': <clinit>> (0x00000000eb48f398) thrown at [D:\src\AOSP-openjdk-cygwin\jdk8u\hotspot\src\share\vm\prims\jni.cpp, line 1614]
Event: 1.802 Thread 0x00000000190a4800 Exception <a 'java/lang/NoSuchMethodError': <clinit>> (0x00000000eb497688) thrown at [D:\src\AOSP-openjdk-cygwin\jdk8u\hotspot\src\share\vm\prims\jni.cpp, line 1614]
Event: 2.196 Thread 0x00000000190a4800 Implicit null exception at 0x00000000029878fb to 0x0000000002987ccd

Events (10 events):
Event: 2.204 loading class org/gradle/api/internal/GeneratedSubclass
Event: 2.204 loading class org/gradle/api/internal/GeneratedSubclass done
Event: 2.204 loading class org/gradle/api/internal/IConventionAware
Event: 2.204 loading class org/gradle/api/internal/IConventionAware done
Event: 2.204 loading class org/gradle/api/internal/ConventionAwareHelper
Event: 2.204 loading class org/gradle/api/internal/ConventionAwareHelper done
Event: 2.204 loading class org/gradle/api/internal/HasConvention
Event: 2.204 loading class org/gradle/api/internal/HasConvention done
Event: 2.204 loading class org/gradle/api/internal/DynamicObjectAware
Event: 2.204 loading class org/gradle/api/internal/DynamicObjectAware done


Dynamic libraries:
0x00007ff6a3340000 - 0x00007ff6a3371000 	C:\Program Files\Android\Android Studio\jre\bin\java.exe
0x00007ffad2c30000 - 0x00007ffad2e26000 	C:\WINDOWS\SYSTEM32\ntdll.dll
0x00007ffad0c60000 - 0x00007ffad0d1d000 	C:\WINDOWS\System32\KERNEL32.DLL
0x00007ffad0740000 - 0x00007ffad0a09000 	C:\WINDOWS\System32\KERNELBASE.dll
0x00007ffad0f30000 - 0x00007ffad0fdc000 	C:\WINDOWS\System32\ADVAPI32.dll
0x00007ffad15a0000 - 0x00007ffad163e000 	C:\WINDOWS\System32\msvcrt.dll
0x00007ffad0d20000 - 0x00007ffad0dbc000 	C:\WINDOWS\System32\sechost.dll
0x00007ffad2960000 - 0x00007ffad2a8b000 	C:\WINDOWS\System32\RPCRT4.dll
0x00007ffad1b30000 - 0x00007ffad1cd0000 	C:\WINDOWS\System32\USER32.dll
0x00007ffad0a10000 - 0x00007ffad0a32000 	C:\WINDOWS\System32\win32u.dll
0x00007ffad0fe0000 - 0x00007ffad100a000 	C:\WINDOWS\System32\GDI32.dll
0x00007ffad0aa0000 - 0x00007ffad0bab000 	C:\WINDOWS\System32\gdi32full.dll
0x00007ffad0520000 - 0x00007ffad05bd000 	C:\WINDOWS\System32\msvcp_win.dll
0x00007ffad05c0000 - 0x00007ffad06c0000 	C:\WINDOWS\System32\ucrtbase.dll
0x00007ffac5f00000 - 0x00007ffac619b000 	C:\WINDOWS\WinSxS\amd64_microsoft.windows.common-controls_6595b64144ccf1df_6.0.19041.746_none_ca02b4b61b8320a4\COMCTL32.dll
0x00007ffad0e90000 - 0x00007ffad0ec0000 	C:\WINDOWS\System32\IMM32.DLL
0x000000006c7d0000 - 0x000000006c8a2000 	C:\Program Files\Android\Android Studio\jre\jre\bin\msvcr100.dll
0x000000006a940000 - 0x000000006b186000 	C:\Program Files\Android\Android Studio\jre\jre\bin\server\jvm.dll
0x00007ffad2500000 - 0x00007ffad2508000 	C:\WINDOWS\System32\PSAPI.DLL
0x00007ffab1280000 - 0x00007ffab12a7000 	C:\WINDOWS\SYSTEM32\WINMM.dll
0x00007ffac9a40000 - 0x00007ffac9a4a000 	C:\WINDOWS\SYSTEM32\VERSION.dll
0x00007ffacb890000 - 0x00007ffacb899000 	C:\WINDOWS\SYSTEM32\WSOCK32.dll
0x00007ffad1a20000 - 0x00007ffad1a8b000 	C:\WINDOWS\System32\WS2_32.dll
0x00007ffac9dc0000 - 0x00007ffac9dcf000 	C:\Program Files\Android\Android Studio\jre\jre\bin\verify.dll
0x00007ffabb2f0000 - 0x00007ffabb319000 	C:\Program Files\Android\Android Studio\jre\jre\bin\java.dll
0x00007ffac9400000 - 0x00007ffac9416000 	C:\Program Files\Android\Android Studio\jre\jre\bin\zip.dll
0x00007ffad1cd0000 - 0x00007ffad2412000 	C:\WINDOWS\System32\SHELL32.dll
0x00007fface470000 - 0x00007ffacec00000 	C:\WINDOWS\SYSTEM32\windows.storage.dll
0x00007ffad16a0000 - 0x00007ffad19f6000 	C:\WINDOWS\System32\combase.dll
0x00007ffacfda0000 - 0x00007ffacfdcc000 	C:\WINDOWS\SYSTEM32\Wldp.dll
0x00007ffad2800000 - 0x00007ffad28ae000 	C:\WINDOWS\System32\SHCORE.dll
0x00007ffad27a0000 - 0x00007ffad27f5000 	C:\WINDOWS\System32\shlwapi.dll
0x00007ffad0270000 - 0x00007ffad0296000 	C:\WINDOWS\SYSTEM32\profapi.dll
0x00007ffaaea80000 - 0x00007ffaaea9a000 	C:\Program Files\Android\Android Studio\jre\jre\bin\net.dll
0x00007ffacfab0000 - 0x00007ffacfb1a000 	C:\WINDOWS\system32\mswsock.dll
0x00007ffaa9ff0000 - 0x00007ffaaa001000 	C:\Program Files\Android\Android Studio\jre\jre\bin\nio.dll
0x00007ffa926a0000 - 0x00007ffa926be000 	C:\Users\LENOVO\.gradle\native\25\windows-amd64\native-platform.dll
0x00007ffac7500000 - 0x00007ffac750d000 	C:\Program Files\Android\Android Studio\jre\jre\bin\management.dll
0x00007ffacfc80000 - 0x00007ffacfc98000 	C:\WINDOWS\SYSTEM32\CRYPTSP.dll
0x00007ffacf3f0000 - 0x00007ffacf424000 	C:\WINDOWS\system32\rsaenh.dll
0x00007ffad0710000 - 0x00007ffad0737000 	C:\WINDOWS\System32\bcrypt.dll
0x00007ffad0230000 - 0x00007ffad025e000 	C:\WINDOWS\SYSTEM32\USERENV.dll
0x00007ffad04a0000 - 0x00007ffad0520000 	C:\WINDOWS\System32\bcryptprimitives.dll
0x00007ffacfca0000 - 0x00007ffacfcac000 	C:\WINDOWS\SYSTEM32\CRYPTBASE.dll
0x00007ffacf740000 - 0x00007ffacf77b000 	C:\WINDOWS\SYSTEM32\IPHLPAPI.DLL
0x00007ffad0ec0000 - 0x00007ffad0ec8000 	C:\WINDOWS\System32\NSI.dll
0x00007ffac8e80000 - 0x00007ffac8e97000 	C:\WINDOWS\SYSTEM32\dhcpcsvc6.DLL
0x00007ffac8de0000 - 0x00007ffac8dfd000 	C:\WINDOWS\SYSTEM32\dhcpcsvc.DLL
0x00007ffacf780000 - 0x00007ffacf84b000 	C:\WINDOWS\SYSTEM32\DNSAPI.dll

VM Arguments:
jvm_args: -XX:+HeapDumpOnOutOfMemoryError -Xmx1024m -Dfile.encoding=windows-1256 -Duser.country=US -Duser.language=en -Duser.variant 
java_command: org.gradle.launcher.daemon.bootstrap.GradleDaemon 4.6
java_class_path (initial): C:\Users\LENOVO\.gradle\wrapper\dists\gradle-4.6-all\bcst21l2brirad8k2ben1letg\gradle-4.6\lib\gradle-launcher-4.6.jar
Launcher Type: SUN_STANDARD

Environment Variables:
USERNAME=LENOVO
OS=Windows_NT
PROCESSOR_IDENTIFIER=Intel64 Family 6 Model 142 Stepping 11, GenuineIntel



---------------  S Y S T E M  ---------------

OS: Windows 10.0 , 64 bit Build 19041 (10.0.19041.804)

CPU:total 8 (initial active 8) (4 cores per cpu, 2 threads per core) family 6 model 142 stepping 11, cmov, cx8, fxsr, mmx, sse, sse2, sse3, ssse3, sse4.1, sse4.2, popcnt, avx, avx2, clmul, erms, 3dnowpref, lzcnt, ht, tsc, tscinvbit, bmi1, bmi2, adx

Memory: 4k page, physical 16615512k(2749424k free), swap 16615512k(4160k free)

vm_info: OpenJDK 64-Bit Server VM (25.202-b03) for windows-amd64 JRE (1.8.0_202-release-1483-b03), built by "builder" with MS VC++ 10.0 (VS2010)

time: Wed Mar 10 09:12:14 2021
timezone: Jordan Standard Time
elapsed time: 2 seconds (0d 0h 0m 2s)

