#
# There is insufficient memory for the Java Runtime Environment to continue.
# Native memory allocation (malloc) failed to allocate 32744 bytes for ChunkPool::allocate
# Possible reasons:
#   The system is out of physical RAM or swap space
#   The process is running with CompressedOops enabled, and the Java Heap may be blocking the growth of the native heap
# Possible solutions:
#   Reduce memory load on the system
#   Increase physical memory or swap space
#   Check if swap backing store is full
#   Decrease Java heap size (-Xmx/-Xms)
#   Decrease number of Java threads
#   Decrease Java thread stack sizes (-Xss)
#   Set larger code cache with -XX:ReservedCodeCacheSize=
#   JVM is running with Unscaled Compressed Oops mode in which the Java heap is
#     placed in the first 4GB address space. The Java Heap base address is the
#     maximum limit for the native heap growth. Please use -XX:HeapBaseMinAddress
#     to set the Java Heap base and to place the Java Heap above 4GB virtual address.
# This output file may be truncated or incomplete.
#
#  Out of Memory Error (allocation.cpp:272), pid=1124, tid=0x0000000000000790
#
# JRE version: OpenJDK Runtime Environment (8.0_202-b03) (build 1.8.0_202-release-1483-b03)
# Java VM: OpenJDK 64-Bit Server VM (25.202-b03 mixed mode windows-amd64 compressed oops)
# Failed to write core dump. Minidumps are not enabled by default on client versions of Windows
#

---------------  T H R E A D  ---------------

Current thread (0x00000000191ab800):  JavaThread "Daemon worker" [_thread_in_vm, id=1936, stack(0x000000001a2f0000,0x000000001a3f0000)]

Stack: [0x000000001a2f0000,0x000000001a3f0000]
[error occurred during error reporting (printing stack bounds), id 0xc0000005]

Native frames: (J=compiled Java code, j=interpreted, Vv=VM code, C=native code)

Java frames: (J=compiled Java code, j=interpreted, Vv=VM code)
J 363  java.lang.Throwable.fillInStackTrace(I)Ljava/lang/Throwable; (0 bytes) @ 0x00000000027673bb [0x0000000002767380+0x3b]
J 2059 C2 java.lang.Throwable.fillInStackTrace()Ljava/lang/Throwable; (29 bytes) @ 0x0000000002d8f4b0 [0x0000000002d8f420+0x90]
J 4326 C1 java.lang.Throwable.<init>()V (29 bytes) @ 0x00000000032d3e94 [0x00000000032d3d00+0x194]
j  java.lang.Error.<init>()V+1
j  java.lang.VirtualMachineError.<init>()V+1
j  java.lang.OutOfMemoryError.<init>()V+1
v  ~StubRoutines::call_stub
J 184  java.util.zip.Inflater.inflateBytes(J[BII)I (0 bytes) @ 0x0000000002700959 [0x0000000002700900+0x59]
J 1475 C2 java.util.zip.InflaterInputStream.read([BII)I (138 bytes) @ 0x0000000002a87ed8 [0x0000000002a87da0+0x138]
J 4427 C1 java.util.zip.InflaterInputStream.read()I (32 bytes) @ 0x000000000333d70c [0x000000000333d560+0x1ac]
J 4426 C1 java.io.FilterInputStream.read()I (8 bytes) @ 0x000000000333d204 [0x000000000333d100+0x104]
j  com.sun.org.apache.xerces.internal.impl.XMLEntityManager$RewindableInputStream.read()I+91
j  com.sun.org.apache.xerces.internal.impl.XMLEntityManager.setupCurrentEntity(ZLjava/lang/String;Lcom/sun/org/apache/xerces/internal/xni/parser/XMLInputSource;ZZ)Ljava/lang/String;+298
j  com.sun.org.apache.xerces.internal.impl.XMLVersionDetector.determineDocVersion(Lcom/sun/org/apache/xerces/internal/xni/parser/XMLInputSource;)S+12
j  com.sun.org.apache.xerces.internal.impl.xs.opti.SchemaParsingConfig.parse(Z)Z+34
j  com.sun.org.apache.xerces.internal.impl.xs.opti.SchemaParsingConfig.parse(Lcom/sun/org/apache/xerces/internal/xni/parser/XMLInputSource;)V+29
j  com.sun.org.apache.xerces.internal.impl.xs.opti.SchemaDOMParser.parse(Lcom/sun/org/apache/xerces/internal/xni/parser/XMLInputSource;)V+5
j  com.sun.org.apache.xerces.internal.impl.xs.traversers.XSDHandler.getSchemaDocument(Ljava/lang/String;Lcom/sun/org/apache/xerces/internal/xni/parser/XMLInputSource;ZSLorg/w3c/dom/Element;)Lorg/w3c/dom/Element;+169
j  com.sun.org.apache.xerces.internal.impl.xs.traversers.XSDHandler.parseSchema(Lcom/sun/org/apache/xerces/internal/xni/parser/XMLInputSource;Lcom/sun/org/apache/xerces/internal/impl/xs/XSDDescription;Ljava/util/Map;)Lcom/sun/org/apache/xerces/internal/impl/xs/SchemaGrammar;+306
j  com.sun.org.apache.xerces.internal.impl.xs.XMLSchemaLoader.loadSchema(Lcom/sun/org/apache/xerces/internal/impl/xs/XSDDescription;Lcom/sun/org/apache/xerces/internal/xni/parser/XMLInputSource;Ljava/util/Map;)Lcom/sun/org/apache/xerces/internal/impl/xs/SchemaGrammar;+85
j  com.sun.org.apache.xerces.internal.impl.xs.XMLSchemaLoader.loadGrammar(Lcom/sun/org/apache/xerces/internal/xni/parser/XMLInputSource;)Lcom/sun/org/apache/xerces/internal/xni/grammars/Grammar;+70
j  com.sun.org.apache.xerces.internal.impl.xs.XMLSchemaLoader.loadGrammar([Lcom/sun/org/apache/xerces/internal/xni/parser/XMLInputSource;)V+14
j  com.sun.org.apache.xerces.internal.jaxp.validation.XMLSchemaFactory.newSchema([Ljavax/xml/transform/Source;)Ljavax/xml/validation/Schema;+368
j  com.android.repository.impl.meta.SchemaModuleUtil.getSchema(Ljava/util/Collection;Lorg/w3c/dom/ls/LSResourceResolver;Lcom/android/repository/api/ProgressIndicator;)Ljavax/xml/validation/Schema;+219
j  com.android.repository.impl.meta.SchemaModuleUtil.setupUnmarshaller(Ljava/util/Collection;Lorg/w3c/dom/ls/LSResourceResolver;ZLcom/android/repository/api/ProgressIndicator;)Ljavax/xml/bind/Unmarshaller;+9
j  com.android.repository.impl.meta.SchemaModuleUtil.unmarshal(Ljava/io/InputStream;Ljava/util/Collection;Lorg/w3c/dom/ls/LSResourceResolver;ZLcom/android/repository/api/ProgressIndicator;)Ljava/lang/Object;+5
j  com.android.repository.impl.manager.LocalRepoLoaderImpl.parsePackage(Ljava/io/File;Lcom/android/repository/api/ProgressIndicator;)Lcom/android/repository/api/LocalPackage;+52
j  com.android.repository.impl.manager.LocalRepoLoaderImpl.parsePackages(Ljava/util/Collection;Lcom/android/repository/api/ProgressIndicator;)Ljava/util/Map;+68
j  com.android.repository.impl.manager.LocalRepoLoaderImpl.getPackages(Lcom/android/repository/api/ProgressIndicator;)Ljava/util/Map;+16
j  com.android.repository.impl.manager.RepoManagerImpl$LoadTask.run(Lcom/android/repository/api/ProgressIndicator;Lcom/android/repository/api/ProgressRunner;)V+94
j  com.android.repository.api.RepoManager$DummyProgressRunner.runSyncWithProgress(Lcom/android/repository/api/ProgressRunner$ProgressRunnable;)V+6
j  com.android.repository.impl.manager.RepoManagerImpl.load(JLjava/util/List;Ljava/util/List;Ljava/util/List;Lcom/android/repository/api/ProgressRunner;Lcom/android/repository/api/Downloader;Lcom/android/repository/api/SettingsController;Z)V+218
j  com.android.repository.api.RepoManager.loadSynchronously(JLcom/android/repository/api/ProgressIndicator;Lcom/android/repository/api/Downloader;Lcom/android/repository/api/SettingsController;)Z+37
j  com.android.sdklib.repository.AndroidSdkHandler$RepoConfig.createRepoManager(Lcom/android/repository/api/ProgressIndicator;Ljava/io/File;Lcom/android/repository/impl/sources/LocalSourceProvider;Lcom/android/repository/io/FileOp;)Lcom/android/repository/api/RepoManager;+178
j  com.android.sdklib.repository.AndroidSdkHandler.getSdkManager(Lcom/android/repository/api/ProgressIndicator;)Lcom/android/repository/api/RepoManager;+48
j  com.android.builder.sdk.DefaultSdkLoader.init(Lcom/android/utils/ILogger;)V+32
j  com.android.builder.sdk.DefaultSdkLoader.getSdkInfo(Lcom/android/utils/ILogger;)Lcom/android/builder/sdk/SdkInfo;+2
j  com.android.build.gradle.internal.SdkHandler.initTarget(Ljava/lang/String;Lcom/android/repository/Revision;Ljava/util/Collection;Lcom/android/builder/core/AndroidBuilder;Z)Z+196
j  com.android.build.gradle.BasePlugin.ensureTargetSetup()Z+77
j  com.android.build.gradle.BasePlugin.createAndroidTasks()V+126
j  com.android.build.gradle.BasePlugin.lambda$null$4()V+1
j  com.android.build.gradle.BasePlugin$$Lambda$77.call()V+4
j  com.android.builder.profile.ThreadRecorder.record(Lcom/google/wireless/android/sdk/stats/GradleBuildProfileSpan$ExecutionType;Ljava/lang/String;Ljava/lang/String;Lcom/android/builder/profile/Recorder$VoidBlock;)V+17
j  com.android.build.gradle.BasePlugin.lambda$createTasks$5(Lorg/gradle/api/Project;)V+27
j  com.android.build.gradle.BasePlugin$$Lambda$76.execute(Ljava/lang/Object;)V+8
j  org.gradle.internal.event.BroadcastDispatch$ActionInvocationHandler.dispatch(Lorg/gradle/internal/dispatch/MethodInvocation;)V+27
j  org.gradle.internal.event.BroadcastDispatch$ActionInvocationHandler.dispatch(Ljava/lang/Object;)V+5
J 1004 C1 org.gradle.internal.event.AbstractBroadcastDispatch.dispatch(Lorg/gradle/internal/dispatch/MethodInvocation;Lorg/gradle/internal/dispatch/Dispatch;)V (53 bytes) @ 0x0000000002950ebc [0x0000000002950da0+0x11c]
J 988 C1 org.gradle.internal.event.BroadcastDispatch$SingletonDispatch.dispatch(Ljava/lang/Object;)V (9 bytes) @ 0x000000000293feb4 [0x000000000293fc80+0x234]
J 2263 C1 org.gradle.internal.event.AbstractBroadcastDispatch.dispatch(Lorg/gradle/internal/dispatch/MethodInvocation;Ljava/util/Iterator;)V (191 bytes) @ 0x0000000002e56da4 [0x0000000002e569e0+0x3c4]
J 3316 C1 org.gradle.internal.event.BroadcastDispatch$CompositeDispatch.dispatch(Ljava/lang/Object;)V (9 bytes) @ 0x00000000028c0394 [0x00000000028c00a0+0x2f4]
J 1009 C1 org.gradle.internal.event.ListenerBroadcast.dispatch(Ljava/lang/Object;)V (9 bytes) @ 0x000000000294f4bc [0x000000000294f280+0x23c]
J 991 C1 org.gradle.internal.dispatch.ProxyDispatchAdapter$DispatchingInvocationHandler.invoke(Ljava/lang/Object;Ljava/lang/reflect/Method;[Ljava/lang/Object;)Ljava/lang/Object; (185 bytes) @ 0x0000000002948864 [0x00000000029476c0+0x11a4]
j  com.sun.proxy.$Proxy29.afterEvaluate(Lorg/gradle/api/Project;Lorg/gradle/api/ProjectState;)V+20
j  org.gradle.configuration.project.LifecycleProjectEvaluator.notifyAfterEvaluate(Lorg/gradle/api/ProjectEvaluationListener;Lorg/gradle/api/internal/project/ProjectInternal;Lorg/gradle/api/internal/project/ProjectStateInternal;)V+3
j  org.gradle.configuration.project.LifecycleProjectEvaluator.doConfigure(Lorg/gradle/api/internal/project/ProjectInternal;Lorg/gradle/api/internal/project/ProjectStateInternal;)V+57
j  org.gradle.configuration.project.LifecycleProjectEvaluator.access$100(Lorg/gradle/configuration/project/LifecycleProjectEvaluator;Lorg/gradle/api/internal/project/ProjectInternal;Lorg/gradle/api/internal/project/ProjectStateInternal;)V+3
j  org.gradle.configuration.project.LifecycleProjectEvaluator$ConfigureProject.run(Lorg/gradle/internal/operations/BuildOperationContext;)V+12
j  org.gradle.internal.progress.DefaultBuildOperationExecutor$RunnableBuildOperationWorker.execute(Lorg/gradle/internal/operations/RunnableBuildOperation;Lorg/gradle/internal/operations/BuildOperationContext;)V+2
j  org.gradle.internal.progress.DefaultBuildOperationExecutor$RunnableBuildOperationWorker.execute(Lorg/gradle/internal/operations/BuildOperation;Lorg/gradle/internal/operations/BuildOperationContext;)V+6
j  org.gradle.internal.progress.DefaultBuildOperationExecutor.execute(Lorg/gradle/internal/operations/BuildOperation;Lorg/gradle/internal/operations/BuildOperationWorker;Lorg/gradle/internal/progress/DefaultBuildOperationExecutor$DefaultBuildOperationState;)V+177
j  org.gradle.internal.progress.DefaultBuildOperationExecutor.run(Lorg/gradle/internal/operations/RunnableBuildOperation;)V+20
j  org.gradle.configuration.project.LifecycleProjectEvaluator.evaluate(Lorg/gradle/api/internal/project/ProjectInternal;Lorg/gradle/api/internal/project/ProjectStateInternal;)V+30
j  org.gradle.api.internal.project.DefaultProject.evaluate()Lorg/gradle/api/internal/project/DefaultProject;+9
j  org.gradle.api.internal.project.DefaultProject.evaluate()Lorg/gradle/api/Project;+1
j  org.gradle.execution.TaskPathProjectEvaluator.configure(Lorg/gradle/api/internal/project/ProjectInternal;)V+21
j  org.gradle.execution.TaskPathProjectEvaluator.configureHierarchy(Lorg/gradle/api/internal/project/ProjectInternal;)V+41
j  org.gradle.configuration.DefaultBuildConfigurer.configure(Lorg/gradle/api/internal/GradleInternal;)V+45
j  org.gradle.initialization.DefaultGradleLauncher$ConfigureBuild.run(Lorg/gradle/internal/operations/BuildOperationContext;)V+40
j  org.gradle.internal.progress.DefaultBuildOperationExecutor$RunnableBuildOperationWorker.execute(Lorg/gradle/internal/operations/RunnableBuildOperation;Lorg/gradle/internal/operations/BuildOperationContext;)V+2
j  org.gradle.internal.progress.DefaultBuildOperationExecutor$RunnableBuildOperationWorker.execute(Lorg/gradle/internal/operations/BuildOperation;Lorg/gradle/internal/operations/BuildOperationContext;)V+6
j  org.gradle.internal.progress.DefaultBuildOperationExecutor.execute(Lorg/gradle/internal/operations/BuildOperation;Lorg/gradle/internal/operations/BuildOperationWorker;Lorg/gradle/internal/progress/DefaultBuildOperationExecutor$DefaultBuildOperationState;)V+177
j  org.gradle.internal.progress.DefaultBuildOperationExecutor.run(Lorg/gradle/internal/operations/RunnableBuildOperation;)V+20
j  org.gradle.initialization.DefaultGradleLauncher.configureBuild()V+23
j  org.gradle.initialization.DefaultGradleLauncher.doBuildStages(Lorg/gradle/initialization/DefaultGradleLauncher$Stage;)V+13
j  org.gradle.initialization.DefaultGradleLauncher.getConfiguredBuild()Lorg/gradle/api/internal/GradleInternal;+4
j  org.gradle.internal.invocation.GradleBuildController$2.call()Lorg/gradle/api/internal/GradleInternal;+7
j  org.gradle.internal.invocation.GradleBuildController$2.call()Ljava/lang/Object;+1
j  org.gradle.internal.work.DefaultWorkerLeaseService.withLocks(Ljava/lang/Iterable;Ljava/util/concurrent/Callable;)Ljava/lang/Object;+15
j  org.gradle.internal.invocation.GradleBuildController.doBuild(Ljava/util/concurrent/Callable;)Lorg/gradle/api/internal/GradleInternal;+52
j  org.gradle.internal.invocation.GradleBuildController.configure()Lorg/gradle/api/internal/GradleInternal;+9
j  org.gradle.tooling.internal.provider.runner.ClientProvidedBuildActionRunner.run(Lorg/gradle/internal/invocation/BuildAction;Lorg/gradle/internal/invocation/BuildController;)V+87
j  org.gradle.launcher.exec.ChainingBuildActionRunner.run(Lorg/gradle/internal/invocation/BuildAction;Lorg/gradle/internal/invocation/BuildController;)V+34
j  org.gradle.launcher.exec.ChainingBuildActionRunner.run(Lorg/gradle/internal/invocation/BuildAction;Lorg/gradle/internal/invocation/BuildController;)V+34
j  org.gradle.tooling.internal.provider.ValidatingBuildActionRunner.run(Lorg/gradle/internal/invocation/BuildAction;Lorg/gradle/internal/invocation/BuildController;)V+6
j  org.gradle.launcher.exec.RunAsBuildOperationBuildActionRunner$1.run(Lorg/gradle/internal/operations/BuildOperationContext;)V+15
j  org.gradle.internal.progress.DefaultBuildOperationExecutor$RunnableBuildOperationWorker.execute(Lorg/gradle/internal/operations/RunnableBuildOperation;Lorg/gradle/internal/operations/BuildOperationContext;)V+2
j  org.gradle.internal.progress.DefaultBuildOperationExecutor$RunnableBuildOperationWorker.execute(Lorg/gradle/internal/operations/BuildOperation;Lorg/gradle/internal/operations/BuildOperationContext;)V+6
j  org.gradle.internal.progress.DefaultBuildOperationExecutor.execute(Lorg/gradle/internal/operations/BuildOperation;Lorg/gradle/internal/operations/BuildOperationWorker;Lorg/gradle/internal/progress/DefaultBuildOperationExecutor$DefaultBuildOperationState;)V+177
j  org.gradle.internal.progress.DefaultBuildOperationExecutor.run(Lorg/gradle/internal/operations/RunnableBuildOperation;)V+20
j  org.gradle.launcher.exec.RunAsBuildOperationBuildActionRunner.run(Lorg/gradle/internal/invocation/BuildAction;Lorg/gradle/internal/invocation/BuildController;)V+34
j  org.gradle.tooling.internal.provider.SubscribableBuildActionRunner.run(Lorg/gradle/internal/invocation/BuildAction;Lorg/gradle/internal/invocation/BuildController;)V+40
j  org.gradle.launcher.exec.InProcessBuildActionExecuter.execute(Lorg/gradle/internal/invocation/BuildAction;Lorg/gradle/initialization/BuildRequestContext;Lorg/gradle/launcher/exec/BuildActionParameters;Lorg/gradle/internal/service/ServiceRegistry;)Ljava/lang/Object;+81
j  org.gradle.launcher.exec.InProcessBuildActionExecuter.execute(Lorg/gradle/internal/invocation/BuildAction;Lorg/gradle/initialization/BuildRequestContext;Ljava/lang/Object;Lorg/gradle/internal/service/ServiceRegistry;)Ljava/lang/Object;+9
j  org.gradle.launcher.exec.BuildTreeScopeBuildActionExecuter.execute(Lorg/gradle/internal/invocation/BuildAction;Lorg/gradle/initialization/BuildRequestContext;Lorg/gradle/launcher/exec/BuildActionParameters;Lorg/gradle/internal/service/ServiceRegistry;)Ljava/lang/Object;+38
j  org.gradle.launcher.exec.BuildTreeScopeBuildActionExecuter.execute(Lorg/gradle/internal/invocation/BuildAction;Lorg/gradle/initialization/BuildRequestContext;Ljava/lang/Object;Lorg/gradle/internal/service/ServiceRegistry;)Ljava/lang/Object;+9
j  org.gradle.tooling.internal.provider.ContinuousBuildActionExecuter.execute(Lorg/gradle/internal/invocation/BuildAction;Lorg/gradle/initialization/BuildRequestContext;Lorg/gradle/launcher/exec/BuildActionParameters;Lorg/gradle/internal/service/ServiceRegistry;)Ljava/lang/Object;+63
j  org.gradle.tooling.internal.provider.ContinuousBuildActionExecuter.execute(Lorg/gradle/internal/invocation/BuildAction;Lorg/gradle/initialization/BuildRequestContext;Ljava/lang/Object;Lorg/gradle/internal/service/ServiceRegistry;)Ljava/lang/Object;+9
j  org.gradle.tooling.internal.provider.ServicesSetupBuildActionExecuter.execute(Lorg/gradle/internal/invocation/BuildAction;Lorg/gradle/initialization/BuildRequestContext;Lorg/gradle/launcher/exec/BuildActionParameters;Lorg/gradle/internal/service/ServiceRegistry;)Ljava/lang/Object;+86
j  org.gradle.tooling.internal.provider.ServicesSetupBuildActionExecuter.execute(Lorg/gradle/internal/invocation/BuildAction;Lorg/gradle/initialization/BuildRequestContext;Ljava/lang/Object;Lorg/gradle/internal/service/ServiceRegistry;)Ljava/lang/Object;+9
j  org.gradle.tooling.internal.provider.GradleThreadBuildActionExecuter.execute(Lorg/gradle/internal/invocation/BuildAction;Lorg/gradle/initialization/BuildRequestContext;Lorg/gradle/launcher/exec/BuildActionParameters;Lorg/gradle/internal/service/ServiceRegistry;)Ljava/lang/Object;+12
j  org.gradle.tooling.internal.provider.GradleThreadBuildActionExecuter.execute(Lorg/gradle/internal/invocation/BuildAction;Lorg/gradle/initialization/BuildRequestContext;Ljava/lang/Object;Lorg/gradle/internal/service/ServiceRegistry;)Ljava/lang/Object;+9
j  org.gradle.tooling.internal.provider.ParallelismConfigurationBuildActionExecuter.execute(Lorg/gradle/internal/invocation/BuildAction;Lorg/gradle/initialization/BuildRequestContext;Lorg/gradle/launcher/exec/BuildActionParameters;Lorg/gradle/internal/service/ServiceRegistry;)Ljava/lang/Object;+43
j  org.gradle.tooling.internal.provider.ParallelismConfigurationBuildActionExecuter.execute(Lorg/gradle/internal/invocation/BuildAction;Lorg/gradle/initialization/BuildRequestContext;Ljava/lang/Object;Lorg/gradle/internal/service/ServiceRegistry;)Ljava/lang/Object;+9
j  org.gradle.tooling.internal.provider.StartParamsValidatingActionExecuter.execute(Lorg/gradle/internal/invocation/BuildAction;Lorg/gradle/initialization/BuildRequestContext;Lorg/gradle/launcher/exec/BuildActionParameters;Lorg/gradle/internal/service/ServiceRegistry;)Ljava/lang/Object;+257
j  org.gradle.tooling.internal.provider.StartParamsValidatingActionExecuter.execute(Lorg/gradle/internal/invocation/BuildAction;Lorg/gradle/initialization/BuildRequestContext;Ljava/lang/Object;Lorg/gradle/internal/service/ServiceRegistry;)Ljava/lang/Object;+9
j  org.gradle.tooling.internal.provider.SessionFailureReportingActionExecuter.execute(Lorg/gradle/internal/invocation/BuildAction;Lorg/gradle/initialization/BuildRequestContext;Lorg/gradle/launcher/exec/BuildActionParameters;Lorg/gradle/internal/service/ServiceRegistry;)Ljava/lang/Object;+9
j  org.gradle.tooling.internal.provider.SessionFailureReportingActionExecuter.execute(Lorg/gradle/internal/invocation/BuildAction;Lorg/gradle/initialization/BuildRequestContext;Ljava/lang/Object;Lorg/gradle/internal/service/ServiceRegistry;)Ljava/lang/Object;+9
j  org.gradle.tooling.internal.provider.SetupLoggingActionExecuter.execute(Lorg/gradle/internal/invocation/BuildAction;Lorg/gradle/initialization/BuildRequestContext;Lorg/gradle/launcher/exec/BuildActionParameters;Lorg/gradle/internal/service/ServiceRegistry;)Ljava/lang/Object;+42
j  org.gradle.tooling.internal.provider.SetupLoggingActionExecuter.execute(Lorg/gradle/internal/invocation/BuildAction;Lorg/gradle/initialization/BuildRequestContext;Ljava/lang/Object;Lorg/gradle/internal/service/ServiceRegistry;)Ljava/lang/Object;+9
j  org.gradle.launcher.daemon.server.exec.ExecuteBuild.doBuild(Lorg/gradle/launcher/daemon/server/api/DaemonCommandExecution;Lorg/gradle/launcher/daemon/protocol/Build;)V+114
j  org.gradle.launcher.daemon.server.exec.BuildCommandOnly.execute(Lorg/gradle/launcher/daemon/server/api/DaemonCommandExecution;)V+49
j  org.gradle.launcher.daemon.server.api.DaemonCommandExecution.proceed()Z+28
j  org.gradle.launcher.daemon.server.exec.WatchForDisconnection.execute(Lorg/gradle/launcher/daemon/server/api/DaemonCommandExecution;)V+19
j  org.gradle.launcher.daemon.server.api.DaemonCommandExecution.proceed()Z+28
j  org.gradle.launcher.daemon.server.exec.ResetDeprecationLogger.execute(Lorg/gradle/launcher/daemon/server/api/DaemonCommandExecution;)V+4
j  org.gradle.launcher.daemon.server.api.DaemonCommandExecution.proceed()Z+28
j  org.gradle.launcher.daemon.server.exec.RequestStopIfSingleUsedDaemon.execute(Lorg/gradle/launcher/daemon/server/api/DaemonCommandExecution;)V+33
j  org.gradle.launcher.daemon.server.api.DaemonCommandExecution.proceed()Z+28
j  org.gradle.launcher.daemon.server.exec.ForwardClientInput$2.call()Ljava/lang/Void;+4
j  org.gradle.launcher.daemon.server.exec.ForwardClientInput$2.call()Ljava/lang/Object;+1
j  org.gradle.util.Swapper.swap(Ljava/lang/Object;Ljava/util/concurrent/Callable;)Ljava/lang/Object;+21
j  org.gradle.launcher.daemon.server.exec.ForwardClientInput.execute(Lorg/gradle/launcher/daemon/server/api/DaemonCommandExecution;)V+63
j  org.gradle.launcher.daemon.server.api.DaemonCommandExecution.proceed()Z+28
j  org.gradle.launcher.daemon.server.exec.LogAndCheckHealth.execute(Lorg/gradle/launcher/daemon/server/api/DaemonCommandExecution;)V+28
j  org.gradle.launcher.daemon.server.api.DaemonCommandExecution.proceed()Z+28
j  org.gradle.launcher.daemon.server.exec.LogToClient.doBuild(Lorg/gradle/launcher/daemon/server/api/DaemonCommandExecution;Lorg/gradle/launcher/daemon/protocol/Build;)V+87
j  org.gradle.launcher.daemon.server.exec.BuildCommandOnly.execute(Lorg/gradle/launcher/daemon/server/api/DaemonCommandExecution;)V+49
j  org.gradle.launcher.daemon.server.api.DaemonCommandExecution.proceed()Z+28
j  org.gradle.launcher.daemon.server.exec.EstablishBuildEnvironment.doBuild(Lorg/gradle/launcher/daemon/server/api/DaemonCommandExecution;Lorg/gradle/launcher/daemon/protocol/Build;)V+365
j  org.gradle.launcher.daemon.server.exec.BuildCommandOnly.execute(Lorg/gradle/launcher/daemon/server/api/DaemonCommandExecution;)V+49
j  org.gradle.launcher.daemon.server.api.DaemonCommandExecution.proceed()Z+28
j  org.gradle.launcher.daemon.server.exec.StartBuildOrRespondWithBusy$1.run()V+44
j  org.gradle.launcher.daemon.server.DaemonStateCoordinator$1.run()V+4
j  org.gradle.internal.concurrent.ExecutorPolicy$CatchAndRecordFailures.onExecute(Ljava/lang/Runnable;)V+1
j  org.gradle.internal.concurrent.ManagedExecutorImpl$1.run()V+25
j  java.util.concurrent.ThreadPoolExecutor.runWorker(Ljava/util/concurrent/ThreadPoolExecutor$Worker;)V+95
j  java.util.concurrent.ThreadPoolExecutor$Worker.run()V+5
j  org.gradle.internal.concurrent.ThreadFactoryImpl$ManagedThreadRunnable.run()V+7
j  java.lang.Thread.run()V+11
v  ~StubRoutines::call_stub

---------------  P R O C E S S  ---------------

Java Threads: ( => current thread )
  0x000000001bded800 JavaThread "Memory manager" [_thread_blocked, id=15916, stack(0x000000001dea0000,0x000000001dfa0000)]
  0x000000001bdf0800 JavaThread "Build operations Thread 8" [_thread_blocked, id=19396, stack(0x0000000021960000,0x0000000021a60000)]
  0x000000001c163800 JavaThread "Build operations Thread 7" [_thread_blocked, id=6188, stack(0x0000000021860000,0x0000000021960000)]
  0x000000001c162800 JavaThread "Build operations Thread 6" [_thread_blocked, id=17176, stack(0x0000000021760000,0x0000000021860000)]
  0x000000001c161800 JavaThread "Build operations Thread 5" [_thread_blocked, id=3012, stack(0x0000000021660000,0x0000000021760000)]
  0x000000001c161000 JavaThread "Build operations Thread 4" [_thread_blocked, id=7620, stack(0x0000000021560000,0x0000000021660000)]
  0x000000001c165000 JavaThread "Build operations Thread 3" [_thread_blocked, id=12664, stack(0x0000000021460000,0x0000000021560000)]
  0x000000001c15e800 JavaThread "Build operations Thread 2" [_thread_blocked, id=22284, stack(0x0000000021360000,0x0000000021460000)]
  0x000000001c165800 JavaThread "Build operations" [_thread_blocked, id=15892, stack(0x0000000021260000,0x0000000021360000)]
  0x000000001c160000 JavaThread "Cache worker for Artifact transforms cache (C:\Users\LENOVO\.gradle\caches\transforms-1)" [_thread_blocked, id=21988, stack(0x000000001bac0000,0x000000001bbc0000)]
  0x000000001a9ae800 JavaThread "Cache worker for file hash cache (D:\Laptop\Maen Naamneh\GI Projects\CashVan_Git\.gradle\4.6\fileHashes)" [_thread_blocked, id=18620, stack(0x000000001bc00000,0x000000001bd00000)]
  0x0000000019363800 JavaThread "File lock request listener" [_thread_in_native, id=2908, stack(0x000000001b9c0000,0x000000001bac0000)]
  0x000000001932f000 JavaThread "Cache worker for file hash cache (C:\Users\LENOVO\.gradle\caches\4.6\fileHashes)" [_thread_blocked, id=14648, stack(0x000000001b8c0000,0x000000001b9c0000)]
  0x00000000191a7800 JavaThread "Stdin handler" [_thread_blocked, id=19608, stack(0x000000001a4f0000,0x000000001a5f0000)]
  0x000000001918f000 JavaThread "Asynchronous log dispatcher for DefaultDaemonConnection: socket connection from /127.0.0.1:55425 to /127.0.0.1:55426" [_thread_blocked, id=21612, stack(0x000000001a3f0000,0x000000001a4f0000)]
=>0x00000000191ab800 JavaThread "Daemon worker" [_thread_in_vm, id=1936, stack(0x000000001a2f0000,0x000000001a3f0000)]
  0x00000000191a9800 JavaThread "Cancel handler" [_thread_blocked, id=3060, stack(0x000000001a1f0000,0x000000001a2f0000)]
  0x00000000192d1000 JavaThread "Handler for socket connection from /127.0.0.1:55425 to /127.0.0.1:55426" [_thread_in_native, id=4548, stack(0x0000000019ef0000,0x0000000019ff0000)]
  0x00000000192cf800 JavaThread "Daemon" [_thread_blocked, id=21972, stack(0x0000000019df0000,0x0000000019ef0000)]
  0x00000000192ab800 JavaThread "Daemon periodic checks" [_thread_blocked, id=14224, stack(0x0000000019cf0000,0x0000000019df0000)]
  0x0000000019280800 JavaThread "Incoming local TCP Connector on port 55425" [_thread_in_native, id=15920, stack(0x0000000019ab0000,0x0000000019bb0000)]
  0x0000000016fab800 JavaThread "Service Thread" daemon [_thread_blocked, id=3576, stack(0x0000000017ba0000,0x0000000017ca0000)]
  0x0000000016f20000 JavaThread "C1 CompilerThread3" daemon [_thread_in_native, id=2728, stack(0x0000000017aa0000,0x0000000017ba0000)]
  0x0000000016ed4800 JavaThread "C2 CompilerThread2" daemon [_thread_in_native, id=7520, stack(0x00000000179a0000,0x0000000017aa0000)]
  0x0000000016ed3800 JavaThread "C2 CompilerThread1" daemon [_thread_blocked, id=20284, stack(0x00000000178a0000,0x00000000179a0000)]
  0x0000000016ed0000 JavaThread "C2 CompilerThread0" daemon [_thread_in_native, id=7848, stack(0x00000000177a0000,0x00000000178a0000)]
  0x00000000150cd800 JavaThread "Attach Listener" daemon [_thread_blocked, id=1292, stack(0x00000000176a0000,0x00000000177a0000)]
  0x0000000016f1f800 JavaThread "Signal Dispatcher" daemon [_thread_blocked, id=5136, stack(0x00000000175a0000,0x00000000176a0000)]
  0x00000000150bd000 JavaThread "Finalizer" daemon [_thread_blocked, id=1844, stack(0x00000000173a0000,0x00000000174a0000)]
  0x0000000016ec0800 JavaThread "Reference Handler" daemon [_thread_blocked, id=7420, stack(0x00000000172a0000,0x00000000173a0000)]
  0x0000000000afe800 JavaThread "main" [_thread_blocked, id=22080, stack(0x00000000023a0000,0x00000000024a0000)]

Other Threads:
  0x00000000150b8000 VMThread [stack: 0x0000000016da0000,0x0000000016ea0000] [id=7916]
  0x0000000016fac800 WatcherThread [stack: 0x0000000017ca0000,0x0000000017da0000] [id=7956]

VM state:not at safepoint (normal execution)

VM Mutex/Monitor currently owned by a thread: None

heap address: 0x00000000c0000000, size: 1024 MB, Compressed Oops mode: 32-bit
Narrow klass base: 0x0000000000000000, Narrow klass shift: 3
Compressed class space size: 1073741824 Address: 0x0000000100000000

Heap:
 PSYoungGen      total 137216K, used 46911K [0x00000000eab00000, 0x00000000f5000000, 0x0000000100000000)
  eden space 126464K, 28% used [0x00000000eab00000,0x00000000ece532b8,0x00000000f2680000)
  from space 10752K, 99% used [0x00000000f2680000,0x00000000f30fca68,0x00000000f3100000)
  to   space 13312K, 0% used [0x00000000f4300000,0x00000000f4300000,0x00000000f5000000)
 ParOldGen       total 107008K, used 20922K [0x00000000c0000000, 0x00000000c6880000, 0x00000000eab00000)
  object space 107008K, 19% used [0x00000000c0000000,0x00000000c146ea38,0x00000000c6880000)
 Metaspace       used 47424K, capacity 48456K, committed 48768K, reserved 1091584K
  class space    used 6439K, capacity 6727K, committed 6784K, reserved 1048576K

Card table byte_map: [0x0000000011960000,0x0000000011b70000] byte_map_base: 0x0000000011360000

Marking Bits: (ParMarkBitMap*) 0x00000000779f9f30
 Begin Bits: [0x00000000124d0000, 0x00000000134d0000)
 End Bits:   [0x00000000134d0000, 0x00000000144d0000)

Polling page: 0x0000000000ad0000

CodeCache: size=245760Kb used=14174Kb max_used=14185Kb free=231585Kb
 bounds [0x00000000025a0000, 0x0000000003390000, 0x00000000115a0000]
 total_blobs=4860 nmethods=4105 adapters=668
 compilation: enabled

Compilation events (10 events):
Event: 6.773 Thread 0x0000000016f20000 nmethod 4526 0x0000000003380150 code [0x0000000003380400, 0x00000000033819a8]
Event: 6.773 Thread 0x0000000016f20000 4530       3       com.sun.org.apache.xerces.internal.util.NamespaceSupport::getURI (38 bytes)
Event: 6.773 Thread 0x0000000016f20000 nmethod 4530 0x000000000337fc10 code [0x000000000337fd80, 0x0000000003380010]
Event: 6.773 Thread 0x0000000016f20000 4532       3       com.sun.org.apache.xerces.internal.impl.XMLEntityScanner::scanQName (502 bytes)
Event: 6.775 Thread 0x0000000016f20000 nmethod 4532 0x0000000003382810 code [0x0000000003382b00, 0x0000000003383de8]
Event: 6.775 Thread 0x0000000016f20000 4535       3       com.sun.org.apache.xerces.internal.impl.xs.opti.SchemaDOMParser::characters (110 bytes)
Event: 6.775 Thread 0x0000000016f20000 nmethod 4535 0x0000000003384a90 code [0x0000000003384c80, 0x0000000003385448]
Event: 6.775 Thread 0x0000000016f20000 4531   !   3       com.sun.org.apache.xerces.internal.impl.XMLDocumentFragmentScannerImpl$FragmentContentDriver::next (2346 bytes)
Event: 6.782 Thread 0x0000000016ed3800 4543       4       com.sun.org.apache.xerces.internal.impl.XMLEntityScanner::checkEntityLimit (50 bytes)
Event: 6.783 Thread 0x0000000016ed3800 nmethod 4543 0x000000000337f8d0 code [0x000000000337fa00, 0x000000000337fab8]

GC Heap History (10 events):
Event: 3.374 GC heap before
{Heap before GC invocations=5 (full 1):
 PSYoungGen      total 75776K, used 65024K [0x00000000eab00000, 0x00000000f3f00000, 0x0000000100000000)
  eden space 65024K, 100% used [0x00000000eab00000,0x00000000eea80000,0x00000000eea80000)
  from space 10752K, 0% used [0x00000000eea80000,0x00000000eea80000,0x00000000ef500000)
  to   space 10752K, 0% used [0x00000000f3480000,0x00000000f3480000,0x00000000f3f00000)
 ParOldGen       total 107008K, used 8898K [0x00000000c0000000, 0x00000000c6880000, 0x00000000eab00000)
  object space 107008K, 8% used [0x00000000c0000000,0x00000000c08b0828,0x00000000c6880000)
 Metaspace       used 25990K, capacity 26464K, committed 26624K, reserved 1073152K
  class space    used 3641K, capacity 3800K, committed 3840K, reserved 1048576K
Event: 3.379 GC heap after
Heap after GC invocations=5 (full 1):
 PSYoungGen      total 103936K, used 6681K [0x00000000eab00000, 0x00000000f3b80000, 0x0000000100000000)
  eden space 96768K, 0% used [0x00000000eab00000,0x00000000eab00000,0x00000000f0980000)
  from space 7168K, 93% used [0x00000000f3480000,0x00000000f3b064a0,0x00000000f3b80000)
  to   space 10752K, 0% used [0x00000000f2680000,0x00000000f2680000,0x00000000f3100000)
 ParOldGen       total 107008K, used 8906K [0x00000000c0000000, 0x00000000c6880000, 0x00000000eab00000)
  object space 107008K, 8% used [0x00000000c0000000,0x00000000c08b2828,0x00000000c6880000)
 Metaspace       used 25990K, capacity 26464K, committed 26624K, reserved 1073152K
  class space    used 3641K, capacity 3800K, committed 3840K, reserved 1048576K
}
Event: 4.756 GC heap before
{Heap before GC invocations=6 (full 1):
 PSYoungGen      total 103936K, used 103449K [0x00000000eab00000, 0x00000000f3b80000, 0x0000000100000000)
  eden space 96768K, 100% used [0x00000000eab00000,0x00000000f0980000,0x00000000f0980000)
  from space 7168K, 93% used [0x00000000f3480000,0x00000000f3b064a0,0x00000000f3b80000)
  to   space 10752K, 0% used [0x00000000f2680000,0x00000000f2680000,0x00000000f3100000)
 ParOldGen       total 107008K, used 8906K [0x00000000c0000000, 0x00000000c6880000, 0x00000000eab00000)
  object space 107008K, 8% used [0x00000000c0000000,0x00000000c08b2828,0x00000000c6880000)
 Metaspace       used 31414K, capacity 32058K, committed 32256K, reserved 1077248K
  class space    used 4407K, capacity 4598K, committed 4608K, reserved 1048576K
Event: 4.769 GC heap after
Heap after GC invocations=6 (full 1):
 PSYoungGen      total 137216K, used 10729K [0x00000000eab00000, 0x00000000f5000000, 0x0000000100000000)
  eden space 126464K, 0% used [0x00000000eab00000,0x00000000eab00000,0x00000000f2680000)
  from space 10752K, 99% used [0x00000000f2680000,0x00000000f30fa7d8,0x00000000f3100000)
  to   space 13312K, 0% used [0x00000000f4300000,0x00000000f4300000,0x00000000f5000000)
 ParOldGen       total 107008K, used 10611K [0x00000000c0000000, 0x00000000c6880000, 0x00000000eab00000)
  object space 107008K, 9% used [0x00000000c0000000,0x00000000c0a5ce38,0x00000000c6880000)
 Metaspace       used 31414K, capacity 32058K, committed 32256K, reserved 1077248K
  class space    used 4407K, capacity 4598K, committed 4608K, reserved 1048576K
}
Event: 4.982 GC heap before
{Heap before GC invocations=7 (full 1):
 PSYoungGen      total 137216K, used 26488K [0x00000000eab00000, 0x00000000f5000000, 0x0000000100000000)
  eden space 126464K, 12% used [0x00000000eab00000,0x00000000eba63b60,0x00000000f2680000)
  from space 10752K, 99% used [0x00000000f2680000,0x00000000f30fa7d8,0x00000000f3100000)
  to   space 13312K, 0% used [0x00000000f4300000,0x00000000f4300000,0x00000000f5000000)
 ParOldGen       total 107008K, used 10611K [0x00000000c0000000, 0x00000000c6880000, 0x00000000eab00000)
  object space 107008K, 9% used [0x00000000c0000000,0x00000000c0a5ce38,0x00000000c6880000)
 Metaspace       used 34604K, capacity 35276K, committed 35416K, reserved 1079296K
  class space    used 4845K, capacity 5054K, committed 5120K, reserved 1048576K
Event: 4.989 GC heap after
Heap after GC invocations=7 (full 1):
 PSYoungGen      total 139776K, used 10235K [0x00000000eab00000, 0x00000000f5000000, 0x0000000100000000)
  eden space 126464K, 0% used [0x00000000eab00000,0x00000000eab00000,0x00000000f2680000)
  from space 13312K, 76% used [0x00000000f4300000,0x00000000f4cfede0,0x00000000f5000000)
  to   space 10752K, 0% used [0x00000000f2680000,0x00000000f2680000,0x00000000f3100000)
 ParOldGen       total 107008K, used 10619K [0x00000000c0000000, 0x00000000c6880000, 0x00000000eab00000)
  object space 107008K, 9% used [0x00000000c0000000,0x00000000c0a5ee38,0x00000000c6880000)
 Metaspace       used 34604K, capacity 35276K, committed 35416K, reserved 1079296K
  class space    used 4845K, capacity 5054K, committed 5120K, reserved 1048576K
}
Event: 4.989 GC heap before
{Heap before GC invocations=8 (full 2):
 PSYoungGen      total 139776K, used 10235K [0x00000000eab00000, 0x00000000f5000000, 0x0000000100000000)
  eden space 126464K, 0% used [0x00000000eab00000,0x00000000eab00000,0x00000000f2680000)
  from space 13312K, 76% used [0x00000000f4300000,0x00000000f4cfede0,0x00000000f5000000)
  to   space 10752K, 0% used [0x00000000f2680000,0x00000000f2680000,0x00000000f3100000)
 ParOldGen       total 107008K, used 10619K [0x00000000c0000000, 0x00000000c6880000, 0x00000000eab00000)
  object space 107008K, 9% used [0x00000000c0000000,0x00000000c0a5ee38,0x00000000c6880000)
 Metaspace       used 34604K, capacity 35276K, committed 35416K, reserved 1079296K
  class space    used 4845K, capacity 5054K, committed 5120K, reserved 1048576K
Event: 5.031 GC heap after
Heap after GC invocations=8 (full 2):
 PSYoungGen      total 139776K, used 0K [0x00000000eab00000, 0x00000000f5000000, 0x0000000100000000)
  eden space 126464K, 0% used [0x00000000eab00000,0x00000000eab00000,0x00000000f2680000)
  from space 13312K, 0% used [0x00000000f4300000,0x00000000f4300000,0x00000000f5000000)
  to   space 10752K, 0% used [0x00000000f2680000,0x00000000f2680000,0x00000000f3100000)
 ParOldGen       total 107008K, used 16792K [0x00000000c0000000, 0x00000000c6880000, 0x00000000eab00000)
  object space 107008K, 15% used [0x00000000c0000000,0x00000000c1066068,0x00000000c6880000)
 Metaspace       used 34604K, capacity 35276K, committed 35416K, reserved 1079296K
  class space    used 4845K, capacity 5054K, committed 5120K, reserved 1048576K
}
Event: 6.203 GC heap before
{Heap before GC invocations=9 (full 2):
 PSYoungGen      total 139776K, used 126464K [0x00000000eab00000, 0x00000000f5000000, 0x0000000100000000)
  eden space 126464K, 100% used [0x00000000eab00000,0x00000000f2680000,0x00000000f2680000)
  from space 13312K, 0% used [0x00000000f4300000,0x00000000f4300000,0x00000000f5000000)
  to   space 10752K, 0% used [0x00000000f2680000,0x00000000f2680000,0x00000000f3100000)
 ParOldGen       total 107008K, used 16792K [0x00000000c0000000, 0x00000000c6880000, 0x00000000eab00000)
  object space 107008K, 15% used [0x00000000c0000000,0x00000000c1066068,0x00000000c6880000)
 Metaspace       used 42480K, capacity 43410K, committed 43776K, reserved 1087488K
  class space    used 5750K, capacity 6028K, committed 6144K, reserved 1048576K
Event: 6.213 GC heap after
Heap after GC invocations=9 (full 2):
 PSYoungGen      total 137216K, used 10738K [0x00000000eab00000, 0x00000000f5000000, 0x0000000100000000)
  eden space 126464K, 0% used [0x00000000eab00000,0x00000000eab00000,0x00000000f2680000)
  from space 10752K, 99% used [0x00000000f2680000,0x00000000f30fca68,0x00000000f3100000)
  to   space 13312K, 0% used [0x00000000f4300000,0x00000000f4300000,0x00000000f5000000)
 ParOldGen       total 107008K, used 20922K [0x00000000c0000000, 0x00000000c6880000, 0x00000000eab00000)
  object space 107008K, 19% used [0x00000000c0000000,0x00000000c146ea38,0x00000000c6880000)
 Metaspace       used 42480K, capacity 43410K, committed 43776K, reserved 1087488K
  class space    used 5750K, capacity 6028K, committed 6144K, reserved 1048576K
}

Deoptimization events (10 events):
Event: 5.744 Thread 0x00000000191ab800 Uncommon trap: reason=unstable_if action=reinterpret pc=0x0000000002f12700 method=org.objectweb.asm.ByteVector.putUTF8(Ljava/lang/String;)Lorg/objectweb/asm/ByteVector; @ 91
Event: 5.825 Thread 0x00000000191ab800 Uncommon trap: reason=unstable_if action=reinterpret pc=0x0000000002d3e870 method=org.objectweb.asm.ByteVector.putUTF8(Ljava/lang/String;)Lorg/objectweb/asm/ByteVector; @ 91
Event: 6.221 Thread 0x00000000191ab800 Uncommon trap: reason=class_check action=maybe_recompile pc=0x0000000002d05b00 method=java.lang.Throwable.<init>(Ljava/lang/String;Ljava/lang/Throwable;)V @ 24
Event: 6.226 Thread 0x00000000191ab800 Uncommon trap: reason=class_check action=maybe_recompile pc=0x0000000002d05b00 method=java.lang.Throwable.<init>(Ljava/lang/String;Ljava/lang/Throwable;)V @ 24
Event: 6.226 Thread 0x00000000191ab800 Uncommon trap: reason=class_check action=maybe_recompile pc=0x0000000002d05b00 method=java.lang.Throwable.<init>(Ljava/lang/String;Ljava/lang/Throwable;)V @ 24
Event: 6.238 Thread 0x00000000191ab800 Uncommon trap: reason=bimorphic action=maybe_recompile pc=0x000000000324d444 method=java.util.regex.Pattern$5.isSatisfiedBy(I)Z @ 16
Event: 6.238 Thread 0x00000000191ab800 Uncommon trap: reason=bimorphic action=maybe_recompile pc=0x000000000324d444 method=java.util.regex.Pattern$5.isSatisfiedBy(I)Z @ 16
Event: 6.238 Thread 0x00000000191ab800 Uncommon trap: reason=bimorphic action=maybe_recompile pc=0x000000000324d444 method=java.util.regex.Pattern$5.isSatisfiedBy(I)Z @ 16
Event: 6.238 Thread 0x00000000191ab800 Uncommon trap: reason=bimorphic action=maybe_recompile pc=0x000000000324d444 method=java.util.regex.Pattern$5.isSatisfiedBy(I)Z @ 16
Event: 6.595 Thread 0x00000000191ab800 Uncommon trap: reason=unstable_if action=reinterpret pc=0x0000000002b2382c method=sun.misc.MetaIndex.mayContain(Ljava/lang/String;)Z @ 38

Classes redefined (0 events):
No events

Internal exceptions (10 events):
Event: 6.373 Thread 0x00000000191ab800 Exception <a 'sun/nio/fs/WindowsException'> (0x00000000eb42d7e0) thrown at [D:\src\AOSP-openjdk-cygwin\jdk8u\hotspot\src\share\vm\prims\jni.cpp, line 710]
Event: 6.374 Thread 0x00000000191ab800 Exception <a 'sun/nio/fs/WindowsException'> (0x00000000eb42e440) thrown at [D:\src\AOSP-openjdk-cygwin\jdk8u\hotspot\src\share\vm\prims\jni.cpp, line 710]
Event: 6.374 Thread 0x00000000191ab800 Exception <a 'sun/nio/fs/WindowsException'> (0x00000000eb4300d0) thrown at [D:\src\AOSP-openjdk-cygwin\jdk8u\hotspot\src\share\vm\prims\jni.cpp, line 710]
Event: 6.374 Thread 0x00000000191ab800 Exception <a 'sun/nio/fs/WindowsException'> (0x00000000eb430d70) thrown at [D:\src\AOSP-openjdk-cygwin\jdk8u\hotspot\src\share\vm\prims\jni.cpp, line 710]
Event: 6.374 Thread 0x00000000191ab800 Exception <a 'sun/nio/fs/WindowsException'> (0x00000000eb4343d8) thrown at [D:\src\AOSP-openjdk-cygwin\jdk8u\hotspot\src\share\vm\prims\jni.cpp, line 710]
Event: 6.374 Thread 0x00000000191ab800 Exception <a 'sun/nio/fs/WindowsException'> (0x00000000eb434ef8) thrown at [D:\src\AOSP-openjdk-cygwin\jdk8u\hotspot\src\share\vm\prims\jni.cpp, line 710]
Event: 6.375 Thread 0x00000000191ab800 Exception <a 'sun/nio/fs/WindowsException'> (0x00000000eb436a48) thrown at [D:\src\AOSP-openjdk-cygwin\jdk8u\hotspot\src\share\vm\prims\jni.cpp, line 710]
Event: 6.375 Thread 0x00000000191ab800 Exception <a 'sun/nio/fs/WindowsException'> (0x00000000eb4375a8) thrown at [D:\src\AOSP-openjdk-cygwin\jdk8u\hotspot\src\share\vm\prims\jni.cpp, line 710]
Event: 6.383 Thread 0x00000000191ab800 Exception <a 'java/lang/ClassNotFoundException': com/sun/org/glassfish/hk2/osgiresourcelocator/ServiceLoader> (0x00000000eb493038) thrown at [D:\src\AOSP-openjdk-cygwin\jdk8u\hotspot\src\share\vm\classfile\systemDictionary.cpp, line 210]
Event: 6.435 Thread 0x00000000191ab800 Exception <a 'java/lang/NullPointerException'> (0x00000000eb92e568) thrown at [D:\src\AOSP-openjdk-cygwin\jdk8u\hotspot\src\share\vm\interpreter\linkResolver.cpp, line 1287]

Events (10 events):
Event: 6.768 loading class com/sun/org/apache/xerces/internal/impl/dtd/models/CMStateSet
Event: 6.768 loading class com/sun/org/apache/xerces/internal/impl/dtd/models/CMStateSet done
Event: 6.768 loading class com/sun/org/apache/xerces/internal/impl/xs/models/XSCMRepeatingLeaf
Event: 6.768 loading class com/sun/org/apache/xerces/internal/impl/xs/models/XSCMRepeatingLeaf done
Event: 6.769 loading class com/sun/org/apache/xerces/internal/impl/xs/models/XSAllCM
Event: 6.769 loading class com/sun/org/apache/xerces/internal/impl/xs/models/XSAllCM done
Event: 6.774 loading class com/sun/org/apache/xerces/internal/dom/DOMInputImpl
Event: 6.774 loading class org/w3c/dom/ls/LSInput
Event: 6.774 loading class org/w3c/dom/ls/LSInput done
Event: 6.774 loading class com/sun/org/apache/xerces/internal/dom/DOMInputImpl done


Dynamic libraries:
0x00007ff727100000 - 0x00007ff727131000 	C:\Program Files\Android\Android Studio\jre\bin\java.exe
0x00007ffcefa40000 - 0x00007ffcefc30000 	C:\Windows\SYSTEM32\ntdll.dll
0x00007ffcef850000 - 0x00007ffcef902000 	C:\Windows\System32\KERNEL32.DLL
0x00007ffcec9b0000 - 0x00007ffcecc54000 	C:\Windows\System32\KERNELBASE.dll
0x00007ffcee270000 - 0x00007ffcee313000 	C:\Windows\System32\ADVAPI32.dll
0x00007ffcef4c0000 - 0x00007ffcef55e000 	C:\Windows\System32\msvcrt.dll
0x00007ffcef090000 - 0x00007ffcef127000 	C:\Windows\System32\sechost.dll
0x00007ffcee430000 - 0x00007ffcee550000 	C:\Windows\System32\RPCRT4.dll
0x00007ffceee20000 - 0x00007ffceefb5000 	C:\Windows\System32\USER32.dll
0x00007ffcecc60000 - 0x00007ffcecc81000 	C:\Windows\System32\win32u.dll
0x00007ffcef910000 - 0x00007ffcef936000 	C:\Windows\System32\GDI32.dll
0x00007ffced190000 - 0x00007ffced326000 	C:\Windows\System32\gdi32full.dll
0x00007ffcecff0000 - 0x00007ffced08e000 	C:\Windows\System32\msvcp_win.dll
0x00007ffcecc90000 - 0x00007ffcecd8a000 	C:\Windows\System32\ucrtbase.dll
0x00007ffcbf4c0000 - 0x00007ffcbf744000 	C:\Windows\WinSxS\amd64_microsoft.windows.common-controls_6595b64144ccf1df_6.0.18362.1016_none_9e7a36bbe461dae4\COMCTL32.dll
0x00007ffcedf30000 - 0x00007ffcee265000 	C:\Windows\System32\combase.dll
0x00007ffced0e0000 - 0x00007ffced160000 	C:\Windows\System32\bcryptPrimitives.dll
0x00007ffcef360000 - 0x00007ffcef38e000 	C:\Windows\System32\IMM32.DLL
0x00000000500d0000 - 0x00000000501a2000 	C:\Program Files\Android\Android Studio\jre\jre\bin\msvcr100.dll
0x0000000077230000 - 0x0000000077a76000 	C:\Program Files\Android\Android Studio\jre\jre\bin\server\jvm.dll
0x00007ffcef9c0000 - 0x00007ffcef9c8000 	C:\Windows\System32\PSAPI.DLL
0x00007ffce23b0000 - 0x00007ffce23ba000 	C:\Windows\SYSTEM32\VERSION.dll
0x00007ffce5ae0000 - 0x00007ffce5b04000 	C:\Windows\SYSTEM32\WINMM.dll
0x00007ffce5b80000 - 0x00007ffce5b89000 	C:\Windows\SYSTEM32\WSOCK32.dll
0x00007ffceefc0000 - 0x00007ffcef02f000 	C:\Windows\System32\WS2_32.dll
0x00007ffce5ab0000 - 0x00007ffce5add000 	C:\Windows\SYSTEM32\WINMMBASE.dll
0x00007ffced090000 - 0x00007ffced0da000 	C:\Windows\System32\cfgmgr32.dll
0x00007ffce5b60000 - 0x00007ffce5b6f000 	C:\Program Files\Android\Android Studio\jre\jre\bin\verify.dll
0x00007ffca7130000 - 0x00007ffca7159000 	C:\Program Files\Android\Android Studio\jre\jre\bin\java.dll
0x00007ffcd9350000 - 0x00007ffcd9366000 	C:\Program Files\Android\Android Studio\jre\jre\bin\zip.dll
0x00007ffcee730000 - 0x00007ffceee17000 	C:\Windows\System32\SHELL32.dll
0x00007ffcef410000 - 0x00007ffcef4b9000 	C:\Windows\System32\shcore.dll
0x00007ffced330000 - 0x00007ffcedab2000 	C:\Windows\System32\windows.storage.dll
0x00007ffcec960000 - 0x00007ffcec983000 	C:\Windows\System32\profapi.dll
0x00007ffcec8d0000 - 0x00007ffcec91a000 	C:\Windows\System32\powrprof.dll
0x00007ffcec8c0000 - 0x00007ffcec8d0000 	C:\Windows\System32\UMPDC.dll
0x00007ffcee580000 - 0x00007ffcee5d2000 	C:\Windows\System32\shlwapi.dll
0x00007ffcec920000 - 0x00007ffcec931000 	C:\Windows\System32\kernel.appcore.dll
0x00007ffcec990000 - 0x00007ffcec9a7000 	C:\Windows\System32\cryptsp.dll
0x00007ffcb3810000 - 0x00007ffcb382a000 	C:\Program Files\Android\Android Studio\jre\jre\bin\net.dll
0x00007ffcec120000 - 0x00007ffcec187000 	C:\Windows\system32\mswsock.dll
0x00007ffca7110000 - 0x00007ffca7121000 	C:\Program Files\Android\Android Studio\jre\jre\bin\nio.dll
0x00007ffcc4370000 - 0x00007ffcc438e000 	C:\Users\LENOVO\.gradle\native\25\windows-amd64\native-platform.dll
0x00007ffcdabf0000 - 0x00007ffcdabfd000 	C:\Program Files\Android\Android Studio\jre\jre\bin\management.dll
0x00007ffcebc90000 - 0x00007ffcebcc3000 	C:\Windows\system32\rsaenh.dll
0x00007ffced160000 - 0x00007ffced186000 	C:\Windows\System32\bcrypt.dll
0x00007ffcec7e0000 - 0x00007ffcec805000 	C:\Windows\SYSTEM32\USERENV.dll
0x00007ffcec2f0000 - 0x00007ffcec2fc000 	C:\Windows\SYSTEM32\CRYPTBASE.dll
0x00007ffcebe30000 - 0x00007ffcebe6a000 	C:\Windows\SYSTEM32\IPHLPAPI.DLL
0x00007ffcee550000 - 0x00007ffcee558000 	C:\Windows\System32\NSI.dll
0x00007ffcdfef0000 - 0x00007ffcdff06000 	C:\Windows\SYSTEM32\dhcpcsvc6.DLL
0x00007ffce0890000 - 0x00007ffce08ac000 	C:\Windows\SYSTEM32\dhcpcsvc.DLL
0x00007ffcebe70000 - 0x00007ffcebf3b000 	C:\Windows\SYSTEM32\DNSAPI.dll

VM Arguments:
jvm_args: -XX:+HeapDumpOnOutOfMemoryError -Xmx1024m -Dfile.encoding=windows-1256 -Duser.country=US -Duser.language=en -Duser.variant 
java_command: org.gradle.launcher.daemon.bootstrap.GradleDaemon 4.6
java_class_path (initial): C:\Users\LENOVO\.gradle\wrapper\dists\gradle-4.6-all\bcst21l2brirad8k2ben1letg\gradle-4.6\lib\gradle-launcher-4.6.jar
Launcher Type: SUN_STANDARD

Environment Variables:
PATH=C:\Windows\system32;C:\Windows;C:\Windows\System32\Wbem;C:\Windows\System32\WindowsPowerShell\v1.0\;C:\Windows\System32\OpenSSH\;C:\Program Files (x86)\Microsoft SQL Server\140\Tools\Binn\;C:\Program Files\Microsoft SQL Server\140\Tools\Binn\;C:\Program Files (x86)\Microsoft SQL Server\140\DTS\Binn\;C:\Program Files\Microsoft SQL Server\140\DTS\Binn\;C:\Program Files\Microsoft SQL Server\Client SDK\ODBC\130\Tools\Binn\;C:\Program Files (x86)\Microsoft SQL Server\Client SDK\ODBC\130\Tools\Binn\;C:\Program Files (x86)\Microsoft SQL Server\140\Tools\Binn\ManagementStudio\;C:\Program Files\dotnet\;C:\Program Files\Microsoft SQL Server\130\Tools\Binn\;C:\Program Files\Microsoft SQL Server\Client SDK\ODBC\170\Tools\Binn\;C:\Program Files (x86)\Microsoft SQL Server\100\Tools\Binn\;C:\Program Files\Microsoft SQL Server\100\Tools\Binn\;C:\Program Files\Microsoft SQL Server\100\DTS\Binn\;C:\Program Files (x86)\Microsoft SQL Server\100\Tools\Binn\VSShell\Common7\IDE\;C:\Program Files (x86)\Microsoft Visual Studio 9.0\Common7\IDE\PrivateAssemblies\;C:\Program Files (x86)\Microsoft SQL Server\100\DTS\Binn\;C:\Program Files (x86)\Microsoft SQL Server\90\Tools\binn\;C:\Windows\system32\config\systemprofile\.dnx\bin;C:\Program Files\Microsoft DNX\Dnvm\;C:\Program Files\Git\cmd;C:\Program Files\Microsoft\Web Platform Installer\;C:\Program Files\Microsoft SQL Server\110\DTS\Binn\;C:\Program Files (x86)\Microsoft SQL Server\110\Tools\Binn\;C:\Program Files\Microsoft SQL Server\110\Tools\Binn\;C:\Program Files (x86)\Microsoft SQL Server\110\Tools\Binn\ManagementStudio\;C:\Program Files (x86)\Microsoft Visual Studio 10.0\Common7\IDE\PrivateAssemblies\;C:\Program Files (x86)\Microsoft SQL Server\110\DTS\Binn\;C:\Program Files (x86)\CrSSL\bin;C:\Program Files (x86)\CrSSL\bin;C:\Program Files (x86)\CrSSL\bin;C:\Users\LENOVO\AppData\Local\Microsoft\WindowsApps;C:\Users\LENOVO\.dotnet\tools
USERNAME=LENOVO
OS=Windows_NT
PROCESSOR_IDENTIFIER=Intel64 Family 6 Model 142 Stepping 11, GenuineIntel



---------------  S Y S T E M  ---------------

OS: Windows 10.0 , 64 bit Build 18362 (10.0.18362.959)

CPU:total 8 (initial active 8) (4 cores per cpu, 2 threads per core) family 6 model 142 stepping 11, cmov, cx8, fxsr, mmx, sse, sse2, sse3, ssse3, sse4.1, sse4.2, popcnt, avx, avx2, clmul, erms, 3dnowpref, lzcnt, ht, tsc, tscinvbit, bmi1, bmi2, adx

Memory: 4k page, physical 16615512k(3711048k free), swap 16615512k(5136k free)

vm_info: OpenJDK 64-Bit Server VM (25.202-b03) for windows-amd64 JRE (1.8.0_202-release-1483-b03), built by "builder" with MS VC++ 10.0 (VS2010)

time: Tue Sep 01 22:28:45 2020
timezone: Jordan Daylight Time
elapsed time: 6 seconds (0d 0h 0m 6s)

