#
# There is insufficient memory for the Java Runtime Environment to continue.
# Native memory allocation (mmap) failed to map 266338304 bytes for Failed to commit area from 0x0000000702600000 to 0x0000000712400000 of length 266338304.
# Possible reasons:
#   The system is out of physical RAM or swap space
#   The process is running with CompressedOops enabled, and the Java Heap may be blocking the growth of the native heap
# Possible solutions:
#   Reduce memory load on the system
#   Increase physical memory or swap space
#   Check if swap backing store is full
#   Decrease Java heap size (-Xmx/-Xms)
#   Decrease number of Java threads
#   Decrease Java thread stack sizes (-Xss)
#   Set larger code cache with -XX:ReservedCodeCacheSize=
# This output file may be truncated or incomplete.
#
#  Out of Memory Error (./src/hotspot/os/windows/os_windows.cpp:3303), pid=9244, tid=8488
#
# JRE version:  (11.0.8+10) (build )
# Java VM: OpenJDK 64-Bit Server VM (11.0.8+10-b944.6842174, mixed mode, sharing, tiered, compressed oops, g1 gc, windows-amd64)
# No core dump will be written. Minidumps are not enabled by default on client versions of Windows
#

---------------  S U M M A R Y ------------

Command Line: org.jetbrains.git4idea.http.GitAskPassApp Username for 'https://github.com': 

Host: Intel(R) Core(TM) i7-8565U CPU @ 1.80GHz, 8 cores, 15G,  Windows 10 , 64 bit Build 19041 (10.0.19041.1023)
Time: Tue Jun 29 11:18:51 2021 Jordan Daylight Time elapsed time: 0 seconds (0d 0h 0m 0s)

---------------  T H R E A D  ---------------

Current thread (0x0000025b7e491800):  JavaThread "Unknown thread" [_thread_in_vm, id=8488, stack(0x000000f36f300000,0x000000f36f400000)]

Stack: [0x000000f36f300000,0x000000f36f400000]
Native frames: (J=compiled Java code, j=interpreted, Vv=VM code, C=native code)
V  [jvm.dll+0x5de50a]
V  [jvm.dll+0x7122f5]
V  [jvm.dll+0x71384d]
V  [jvm.dll+0x713f03]
V  [jvm.dll+0x23e728]
V  [jvm.dll+0x5db9a4]
V  [jvm.dll+0x5d0ae5]
V  [jvm.dll+0x2fb20b]
V  [jvm.dll+0x2fb17a]
V  [jvm.dll+0x2fb052]
V  [jvm.dll+0x2fff16]
V  [jvm.dll+0x348743]
V  [jvm.dll+0x348e46]
V  [jvm.dll+0x348843]
V  [jvm.dll+0x2d5d68]
V  [jvm.dll+0x2d6f07]
V  [jvm.dll+0x6f11f7]
V  [jvm.dll+0x6f29ec]
V  [jvm.dll+0x355cb9]
V  [jvm.dll+0x6d4ade]
V  [jvm.dll+0x3bdfe3]
V  [jvm.dll+0x3c0201]
C  [jli.dll+0x5373]
C  [ucrtbase.dll+0x21bb2]
C  [KERNEL32.DLL+0x17034]
C  [ntdll.dll+0x52651]


---------------  P R O C E S S  ---------------

Threads class SMR info:
_java_thread_list=0x0000025b7c294de0, length=0, elements={
}

Java Threads: ( => current thread )

Other Threads:
  0x0000025b7e4a7000 GCTaskThread "GC Thread#0" [stack: 0x000000f36f400000,0x000000f36f500000] [id=19176]
  0x0000025b7e505000 ConcurrentGCThread "G1 Main Marker" [stack: 0x000000f36f500000,0x000000f36f600000] [id=11200]
  0x0000025b7e508800 ConcurrentGCThread "G1 Conc#0" [stack: 0x000000f36f600000,0x000000f36f700000] [id=6620]

[error occurred during error reporting (printing all threads), id 0xc0000005, EXCEPTION_ACCESS_VIOLATION (0xc0000005) at pc=0x00007ffc8ad16357]

VM state:not at safepoint (not fully initialized)

VM Mutex/Monitor currently owned by a thread:  ([mutex/lock_event])
[0x0000025b7e48dc20] Heap_lock - owner thread: 0x0000025b7e491800

Heap address: 0x0000000702600000, size: 4058 MB, Compressed Oops mode: Non-zero based: 0x0000000702600000
Narrow klass base: 0x0000000000000000, Narrow klass shift: 0

GC Heap History (0 events):
No events

Deoptimization events (0 events):
No events

Classes redefined (0 events):
No events

Internal exceptions (0 events):
No events

Events (1 events):
Event: 0.037 Loaded shared library C:\Program Files\Android\Android Studio\jre\bin\zip.dll


Dynamic libraries:
0x00007ff6e1c80000 - 0x00007ff6e1c8a000 	C:\Program Files\Android\Android Studio\jre\bin\java.exe
0x00007ffcdce50000 - 0x00007ffcdd045000 	C:\WINDOWS\SYSTEM32\ntdll.dll
0x00007ffcdb0c0000 - 0x00007ffcdb17d000 	C:\WINDOWS\System32\KERNEL32.DLL
0x00007ffcda560000 - 0x00007ffcda828000 	C:\WINDOWS\System32\KERNELBASE.dll
0x00007ffcdaa50000 - 0x00007ffcdab50000 	C:\WINDOWS\System32\ucrtbase.dll
0x00007ffcd3e70000 - 0x00007ffcd3e87000 	C:\Program Files\Android\Android Studio\jre\bin\VCRUNTIME140.dll
0x00007ffcd3bf0000 - 0x00007ffcd3c09000 	C:\Program Files\Android\Android Studio\jre\bin\jli.dll
0x00007ffcdcc40000 - 0x00007ffcdcde0000 	C:\WINDOWS\System32\USER32.dll
0x00007ffcdaca0000 - 0x00007ffcdacc2000 	C:\WINDOWS\System32\win32u.dll
0x00007ffcdb180000 - 0x00007ffcdb1aa000 	C:\WINDOWS\System32\GDI32.dll
0x00007ffcda860000 - 0x00007ffcda96b000 	C:\WINDOWS\System32\gdi32full.dll
0x00007ffcdab50000 - 0x00007ffcdabed000 	C:\WINDOWS\System32\msvcp_win.dll
0x00007ffcc6500000 - 0x00007ffcc679a000 	C:\WINDOWS\WinSxS\amd64_microsoft.windows.common-controls_6595b64144ccf1df_6.0.19041.1052_none_60b8f8fd71f5e8cb\COMCTL32.dll
0x00007ffcdb4a0000 - 0x00007ffcdb53e000 	C:\WINDOWS\System32\msvcrt.dll
0x00007ffcdb090000 - 0x00007ffcdb0c0000 	C:\WINDOWS\System32\IMM32.DLL
0x00007ffc8ef90000 - 0x00007ffc8f02d000 	C:\Program Files\Android\Android Studio\jre\bin\msvcp140.dll
0x00007ffc8aa30000 - 0x00007ffc8b4ec000 	C:\Program Files\Android\Android Studio\jre\bin\server\jvm.dll
0x00007ffcdc050000 - 0x00007ffcdc0fc000 	C:\WINDOWS\System32\ADVAPI32.dll
0x00007ffcdc460000 - 0x00007ffcdc4fb000 	C:\WINDOWS\System32\sechost.dll
0x00007ffcdae90000 - 0x00007ffcdafbb000 	C:\WINDOWS\System32\RPCRT4.dll
0x00007ffcdbce0000 - 0x00007ffcdbce8000 	C:\WINDOWS\System32\PSAPI.DLL
0x00007ffcd5b80000 - 0x00007ffcd5b89000 	C:\WINDOWS\SYSTEM32\WSOCK32.dll
0x00007ffcdc100000 - 0x00007ffcdc16b000 	C:\WINDOWS\System32\WS2_32.dll
0x00007ffcb9cd0000 - 0x00007ffcb9cf7000 	C:\WINDOWS\SYSTEM32\WINMM.dll
0x00007ffcd2a50000 - 0x00007ffcd2a5a000 	C:\WINDOWS\SYSTEM32\VERSION.dll
0x00007ffcd8e30000 - 0x00007ffcd8e42000 	C:\WINDOWS\SYSTEM32\kernel.appcore.dll
0x00007ffcd5b30000 - 0x00007ffcd5b41000 	C:\Program Files\Android\Android Studio\jre\bin\verify.dll
0x00007ffcd8c30000 - 0x00007ffcd8e14000 	C:\WINDOWS\SYSTEM32\DBGHELP.DLL
0x00007ffcb99b0000 - 0x00007ffcb99dc000 	C:\WINDOWS\SYSTEM32\dbgcore.DLL
0x00007ffcda970000 - 0x00007ffcda9f3000 	C:\WINDOWS\System32\bcryptPrimitives.dll
0x00007ffcd5ad0000 - 0x00007ffcd5af9000 	C:\Program Files\Android\Android Studio\jre\bin\java.dll
0x00007ffcd5ab0000 - 0x00007ffcd5abb000 	C:\Program Files\Android\Android Studio\jre\bin\jimage.dll
0x00007ffcd43d0000 - 0x00007ffcd43e8000 	C:\Program Files\Android\Android Studio\jre\bin\zip.dll

dbghelp: loaded successfully - version: 4.0.5 - missing functions: none
symbol engine: initialized successfully - sym options: 0x614 - pdb path: .;C:\Program Files\Android\Android Studio\jre\bin;C:\WINDOWS\SYSTEM32;C:\WINDOWS\WinSxS\amd64_microsoft.windows.common-controls_6595b64144ccf1df_6.0.19041.1052_none_60b8f8fd71f5e8cb;C:\Program Files\Android\Android Studio\jre\bin\server

VM Arguments:
java_command: org.jetbrains.git4idea.http.GitAskPassApp Username for 'https://github.com': 
java_class_path (initial): C:/Program Files/Android/Android Studio/plugins/git4idea/lib/git4idea-rt.jar;C:/Program Files/Android/Android Studio/lib/xmlrpc-2.0.1.jar;C:/Program Files/Android/Android Studio/lib/commons-codec-1.14.jar
Launcher Type: SUN_STANDARD

[Global flags]
     intx CICompilerCount                          = 4                                         {product} {ergonomic}
     uint ConcGCThreads                            = 2                                         {product} {ergonomic}
     uint G1ConcRefinementThreads                  = 8                                         {product} {ergonomic}
   size_t G1HeapRegionSize                         = 1048576                                   {product} {ergonomic}
    uintx GCDrainStackTargetSize                   = 64                                        {product} {ergonomic}
   size_t InitialHeapSize                          = 266338304                                 {product} {ergonomic}
   size_t MarkStackSize                            = 4194304                                   {product} {ergonomic}
   size_t MaxHeapSize                              = 4255121408                                {product} {ergonomic}
   size_t MinHeapDeltaBytes                        = 1048576                                   {product} {ergonomic}
    uintx NonNMethodCodeHeapSize                   = 5836300                                {pd product} {ergonomic}
    uintx NonProfiledCodeHeapSize                  = 122910970                              {pd product} {ergonomic}
    uintx ProfiledCodeHeapSize                     = 122910970                              {pd product} {ergonomic}
    uintx ReservedCodeCacheSize                    = 251658240                              {pd product} {ergonomic}
     bool SegmentedCodeCache                       = true                                      {product} {ergonomic}
     bool UseCompressedClassPointers               = true                                 {lp64_product} {ergonomic}
     bool UseCompressedOops                        = true                                 {lp64_product} {ergonomic}
     bool UseG1GC                                  = true                                      {product} {ergonomic}
     bool UseLargePagesIndividualAllocation        = false                                  {pd product} {ergonomic}

Logging:
Log output configuration:
 #0: stdout all=warning uptime,level,tags
 #1: stderr all=off uptime,level,tags

Environment Variables:
JAVA_HOME=C:\Program Files\Java\jdk1.8.0_291
PATH=C:\Program Files\Git\mingw64\libexec\git-core;C:\Program Files\Git\mingw64\libexec\git-core;C:\Program Files\Git\mingw64\bin;C:\Program Files\Git\usr\bin;C:\Users\LENOVO\bin;C:\Program Files\Common Files\Oracle\Java\javapath;C:\WINDOWS\system32;C:\WINDOWS;C:\WINDOWS\System32\Wbem;C:\WINDOWS\System32\WindowsPowerShell\v1.0;C:\WINDOWS\System32\OpenSSH;C:\Program Files (x86)\Microsoft SQL Server\140\Tools\Binn;C:\Program Files\Microsoft SQL Server\140\Tools\Binn;C:\Program Files (x86)\Microsoft SQL Server\140\DTS\Binn;C:\Program Files\Microsoft SQL Server\140\DTS\Binn;C:\Program Files\Microsoft SQL Server\Client SDK\ODBC\130\Tools\Binn;C:\Program Files (x86)\Microsoft SQL Server\Client SDK\ODBC\130\Tools\Binn;C:\Program Files (x86)\Microsoft SQL Server\140\Tools\Binn\ManagementStudio;C:\Program Files\dotnet;C:\Program Files\Microsoft SQL Server\130\Tools\Binn;C:\Program Files\Microsoft SQL Server\Client SDK\ODBC\170\Tools\Binn;C:\Program Files (x86)\Microsoft SQL Server\100\Tools\Binn;C:\Program Files\Microsoft SQL Server\100\Tools\Binn;C:\Program Files\Microsoft SQL Server\100\DTS\Binn;C:\Program Files (x86)\Microsoft SQL Server\100\Tools\Binn\VSShell\Common7\IDE;C:\Program Files (x86)\Microsoft Visual Studio 9.0\Common7\IDE\PrivateAssemblies;C:\Program Files (x86)\Microsoft SQL Server\100\DTS\Binn;C:\Program Files (x86)\Microsoft SQL Server\90\Tools\binn;C:\Users\LENOVO\.dnx\bin;C:\Program Files\Microsoft DNX\Dnvm;C:\Program Files\Microsoft\Web Platform Installer;C:\Program Files\Microsoft SQL Server\110\DTS\Binn;C:\Program Files\Microsoft SQL Server\110\Tools\Binn;C:\Program Files (x86)\Microsoft SQL Server\110\Tools\Binn\ManagementStudio;C:\Program Files (x86)\Microsoft Visual Studio 10.0\Common7\IDE\PrivateAssemblies;C:\Program Files (x86)\Microsoft SQL Server\110\DTS\Binn;C:\Program Files (x86)\CrSSL\bin;C:\src\flutter\bin;C:\Program Files (x86)\Microsoft SQL Server\120\DTS\Binn;C:\Program Files (x86)\Microsoft SQL Server\150\DTS\Binn;C:\Program Files\Dart\dart
USERNAME=LENOVO
DISPLAY=:0.0
LC_ALL=en_US.UTF-8
OS=Windows_NT
PROCESSOR_IDENTIFIER=Intel64 Family 6 Model 142 Stepping 11, GenuineIntel



---------------  S Y S T E M  ---------------

OS: Windows 10 , 64 bit Build 19041 (10.0.19041.1023)
OS uptime: 1 days 2:17 hours

CPU:total 8 (initial active 8) (4 cores per cpu, 2 threads per core) family 6 model 142 stepping 11, cmov, cx8, fxsr, mmx, sse, sse2, sse3, ssse3, sse4.1, sse4.2, popcnt, avx, avx2, clmul, erms, 3dnowpref, lzcnt, ht, tsc, tscinvbit, bmi1, bmi2, adx, fma

Memory: 4k page, system-wide physical 16226M (2646M free)
TotalPageFile size 16226M (AvailPageFile size 167M)
current process WorkingSet (physical memory assigned to process): 10M, peak: 10M
current process commit charge ("private bytes"): 60M, peak: 314M

vm_info: OpenJDK 64-Bit Server VM (11.0.8+10-b944.6842174) for windows-amd64 JRE (11.0.8+10-b944.6842174), built on Sep 19 2020 01:11:42 by "builder" with MS VC++ 14.0 (VS2015)

END.
