#
# There is insufficient memory for the Java Runtime Environment to continue.
# Native memory allocation (malloc) failed to allocate 751456 bytes for Chunk::new
# Possible reasons:
#   The system is out of physical RAM or swap space
#   The process is running with CompressedOops enabled, and the Java Heap may be blocking the growth of the native heap
# Possible solutions:
#   Reduce memory load on the system
#   Increase physical memory or swap space
#   Check if swap backing store is full
#   Decrease Java heap size (-Xmx/-Xms)
#   Decrease number of Java threads
#   Decrease Java thread stack sizes (-Xss)
#   Set larger code cache with -XX:ReservedCodeCacheSize=
#   JVM is running with Unscaled Compressed Oops mode in which the Java heap is
#     placed in the first 4GB address space. The Java Heap base address is the
#     maximum limit for the native heap growth. Please use -XX:HeapBaseMinAddress
#     to set the Java Heap base and to place the Java Heap above 4GB virtual address.
# This output file may be truncated or incomplete.
#
#  Out of Memory Error (allocation.cpp:389), pid=18712, tid=0x0000000000005f78
#
# JRE version: OpenJDK Runtime Environment (8.0_202-b03) (build 1.8.0_202-release-1483-b03)
# Java VM: OpenJDK 64-Bit Server VM (25.202-b03 mixed mode windows-amd64 compressed oops)
# Failed to write core dump. Minidumps are not enabled by default on client versions of Windows
#

---------------  T H R E A D  ---------------

Current thread (0x0000000017852000):  JavaThread "C2 CompilerThread1" daemon [_thread_in_native, id=24440, stack(0x0000000018220000,0x0000000018320000)]

Stack: [0x0000000018220000,0x0000000018320000]
[error occurred during error reporting (printing stack bounds), id 0xc0000005]

Native frames: (J=compiled Java code, j=interpreted, Vv=VM code, C=native code)


Current CompileTask:
C2: 215071 11941       4       com.sun.tools.javac.file.ZipFileIndex$ZipDirectory::readEntry (587 bytes)


---------------  P R O C E S S  ---------------

Java Threads: ( => current thread )
  0x0000000018ee5000 JavaThread "Cache worker for Java compile cache (D:\Laptop\Maen Naamneh\GI Projects\CashVan_Git\.gradle\4.6\javaCompile)" [_thread_blocked, id=7580, stack(0x0000000025e80000,0x0000000025f80000)]
  0x0000000018edd000 JavaThread "stdout" [_thread_in_native, id=19104, stack(0x0000000025d80000,0x0000000025e80000)]
  0x0000000018ee3800 JavaThread "stderr" [_thread_in_native, id=4852, stack(0x0000000025980000,0x0000000025a80000)]
  0x0000000018edc000 JavaThread "pool-6-thread-1" [_thread_blocked, id=12428, stack(0x0000000025af0000,0x0000000025bf0000)]
  0x0000000018edb800 JavaThread "Task worker for ':' Thread 7" [_thread_blocked, id=4784, stack(0x0000000025680000,0x0000000025780000)]
  0x0000000018ee2000 JavaThread "Task worker for ':' Thread 6" [_thread_blocked, id=13876, stack(0x0000000025580000,0x0000000025680000)]
  0x0000000018eda800 JavaThread "Task worker for ':' Thread 5" [_thread_blocked, id=14460, stack(0x0000000025480000,0x0000000025580000)]
  0x0000000018ee1800 JavaThread "Task worker for ':' Thread 4" [_thread_blocked, id=19124, stack(0x0000000025380000,0x0000000025480000)]
  0x0000000018edd800 JavaThread "Task worker for ':' Thread 3" [_thread_blocked, id=3156, stack(0x0000000025280000,0x0000000025380000)]
  0x0000000018ee0800 JavaThread "Task worker for ':' Thread 2" [_thread_blocked, id=17672, stack(0x0000000025180000,0x0000000025280000)]
  0x000000001db24800 JavaThread "Task worker for ':'" [_thread_in_Java, id=7572, stack(0x0000000025080000,0x0000000025180000)]
  0x000000001db23800 JavaThread "Cache worker for Build Output Cleanup Cache (D:\Laptop\Maen Naamneh\GI Projects\CashVan_Git\.gradle\buildOutputCleanup)" [_thread_blocked, id=15312, stack(0x00000000236f0000,0x00000000237f0000)]
  0x000000001db23000 JavaThread "Cache worker for task history cache (D:\Laptop\Maen Naamneh\GI Projects\CashVan_Git\.gradle\4.6\taskHistory)" [_thread_blocked, id=22272, stack(0x0000000023050000,0x0000000023150000)]
  0x000000001db22000 JavaThread "Cache worker for file content cache (D:\Laptop\Maen Naamneh\GI Projects\CashVan_Git\.gradle\4.6\fileContent)" [_thread_blocked, id=20028, stack(0x0000000021a40000,0x0000000021b40000)]
  0x000000001db1a800 JavaThread "Build operations Thread 8" [_thread_blocked, id=20296, stack(0x0000000021940000,0x0000000021a40000)]
  0x000000001db21800 JavaThread "Build operations Thread 7" [_thread_blocked, id=8780, stack(0x0000000021840000,0x0000000021940000)]
  0x000000001db1a000 JavaThread "Build operations Thread 6" [_thread_blocked, id=13996, stack(0x0000000021740000,0x0000000021840000)]
  0x000000001db20800 JavaThread "Build operations Thread 5" [_thread_blocked, id=19020, stack(0x0000000021640000,0x0000000021740000)]
  0x000000001db19000 JavaThread "Build operations Thread 4" [_thread_blocked, id=11548, stack(0x0000000021540000,0x0000000021640000)]
  0x000000001db20000 JavaThread "Build operations Thread 3" [_thread_blocked, id=6468, stack(0x000000001ebb0000,0x000000001ecb0000)]
  0x000000001db18800 JavaThread "Build operations Thread 2" [_thread_blocked, id=8120, stack(0x000000001e7f0000,0x000000001e8f0000)]
  0x000000001db1f000 JavaThread "Build operations" [_thread_blocked, id=17988, stack(0x000000001c540000,0x000000001c640000)]
  0x000000001db1e800 JavaThread "Cache worker for Artifact transforms cache (C:\Users\LENOVO\.gradle\caches\transforms-1)" [_thread_blocked, id=14684, stack(0x000000001c440000,0x000000001c540000)]
  0x000000001db17000 JavaThread "Cache worker for file hash cache (D:\Laptop\Maen Naamneh\GI Projects\CashVan_Git\.gradle\4.6\fileHashes)" [_thread_blocked, id=21284, stack(0x000000001ac70000,0x000000001ad70000)]
  0x000000001db17800 JavaThread "Stdin handler" [_thread_blocked, id=21012, stack(0x000000001ab70000,0x000000001ac70000)]
  0x000000001db1d800 JavaThread "Asynchronous log dispatcher for DefaultDaemonConnection: socket connection from /127.0.0.1:55122 to /127.0.0.1:55313" [_thread_blocked, id=11612, stack(0x000000001a870000,0x000000001a970000)]
  0x000000001db16000 JavaThread "Daemon worker Thread 2" [_thread_blocked, id=6152, stack(0x000000001a770000,0x000000001a870000)]
  0x000000001db1d000 JavaThread "Cancel handler" [_thread_blocked, id=20164, stack(0x00000000013a0000,0x00000000014a0000)]
  0x000000001db1b800 JavaThread "Handler for socket connection from /127.0.0.1:55122 to /127.0.0.1:55313" [_thread_in_native, id=9544, stack(0x00000000012a0000,0x00000000013a0000)]
  0x000000001db15800 JavaThread "Daemon Thread 2" [_thread_blocked, id=11752, stack(0x00000000011a0000,0x00000000012a0000)]
  0x0000000018ede800 JavaThread "pool-1-thread-1" [_thread_blocked, id=14788, stack(0x0000000022b30000,0x0000000022c30000)]
  0x0000000018edf000 JavaThread "Memory manager" [_thread_blocked, id=14536, stack(0x0000000022230000,0x0000000022330000)]
  0x0000000019eee800 JavaThread "File lock request listener" [_thread_in_native, id=10144, stack(0x000000001c340000,0x000000001c440000)]
  0x0000000019d00000 JavaThread "Cache worker for file hash cache (C:\Users\LENOVO\.gradle\caches\4.6\fileHashes)" [_thread_blocked, id=24556, stack(0x000000001c240000,0x000000001c340000)]
  0x0000000019c6d000 JavaThread "Daemon periodic checks" [_thread_blocked, id=8696, stack(0x000000001a670000,0x000000001a770000)]
  0x0000000019c69000 JavaThread "Incoming local TCP Connector on port 55122" [_thread_in_native, id=16124, stack(0x000000001a430000,0x000000001a530000)]
  0x0000000017935000 JavaThread "Service Thread" daemon [_thread_blocked, id=6560, stack(0x0000000018520000,0x0000000018620000)]
  0x000000001789f000 JavaThread "C1 CompilerThread3" daemon [_thread_in_vm, id=24360, stack(0x0000000018420000,0x0000000018520000)]
  0x0000000017854800 JavaThread "C2 CompilerThread2" daemon [_thread_blocked, id=17812, stack(0x0000000018320000,0x0000000018420000)]
=>0x0000000017852000 JavaThread "C2 CompilerThread1" daemon [_thread_in_native, id=24440, stack(0x0000000018220000,0x0000000018320000)]
  0x000000001784e000 JavaThread "C2 CompilerThread0" daemon [_thread_blocked, id=16144, stack(0x0000000018120000,0x0000000018220000)]
  0x000000001789e000 JavaThread "Attach Listener" daemon [_thread_blocked, id=22076, stack(0x0000000018020000,0x0000000018120000)]
  0x000000001789d800 JavaThread "Signal Dispatcher" daemon [_thread_blocked, id=24512, stack(0x0000000017f20000,0x0000000018020000)]
  0x0000000002e5e800 JavaThread "Finalizer" daemon [_thread_blocked, id=11488, stack(0x0000000017d20000,0x0000000017e20000)]
  0x0000000017840800 JavaThread "Reference Handler" daemon [_thread_blocked, id=21756, stack(0x0000000017c20000,0x0000000017d20000)]
  0x0000000002f2e800 JavaThread "main" [_thread_blocked, id=3740, stack(0x0000000002c40000,0x0000000002d40000)]

Other Threads:
  0x0000000015a48000 VMThread [stack: 0x0000000017720000,0x0000000017820000] [id=18504]
  0x0000000017936000 WatcherThread [stack: 0x0000000018620000,0x0000000018720000] [id=4272]

VM state:not at safepoint (normal execution)

VM Mutex/Monitor currently owned by a thread: None

heap address: 0x00000000c0000000, size: 1024 MB, Compressed Oops mode: 32-bit
Narrow klass base: 0x0000000000000000, Narrow klass shift: 3
Compressed class space size: 1073741824 Address: 0x0000000100000000

Heap:
 PSYoungGen      total 237056K, used 205391K [0x00000000eab00000, 0x00000000fcf00000, 0x0000000100000000)
  eden space 212992K, 85% used [0x00000000eab00000,0x00000000f5c13e68,0x00000000f7b00000)
  from space 24064K, 99% used [0x00000000f7b00000,0x00000000f927fff8,0x00000000f9280000)
  to   space 29184K, 0% used [0x00000000fb280000,0x00000000fb280000,0x00000000fcf00000)
 ParOldGen       total 258560K, used 52063K [0x00000000c0000000, 0x00000000cfc80000, 0x00000000eab00000)
  object space 258560K, 20% used [0x00000000c0000000,0x00000000c32d7ca0,0x00000000cfc80000)
 Metaspace       used 71080K, capacity 73540K, committed 73600K, reserved 1114112K
  class space    used 9285K, capacity 9824K, committed 9856K, reserved 1048576K

Card table byte_map: [0x00000000122f0000,0x0000000012500000] byte_map_base: 0x0000000011cf0000

Marking Bits: (ParMarkBitMap*) 0x00000000740e9f30
 Begin Bits: [0x0000000012e60000, 0x0000000013e60000)
 End Bits:   [0x0000000013e60000, 0x0000000014e60000)

Polling page: 0x0000000001050000

CodeCache: size=245760Kb used=36561Kb max_used=36561Kb free=209199Kb
 bounds [0x0000000002f30000, 0x0000000005310000, 0x0000000011f30000]
 total_blobs=10853 nmethods=10037 adapters=728
 compilation: enabled

Compilation events (10 events):
Event: 215.066 Thread 0x000000001789f000 11991       3       com.sun.tools.javac.code.Symbol$TypeSymbol::formFullName (81 bytes)
Event: 215.066 Thread 0x000000001789f000 nmethod 11991 0x0000000005304050 code [0x0000000005304200, 0x00000000053048c8]
Event: 215.066 Thread 0x000000001784e000 nmethod 11989 0x0000000005307890 code [0x00000000053079e0, 0x0000000005307ba8]
Event: 215.067 Thread 0x000000001789f000 11992       1       com.sun.tools.javac.file.ZipFileIndex::access$800 (5 bytes)
Event: 215.067 Thread 0x000000001789f000 nmethod 11992 0x00000000052f72d0 code [0x00000000052f7420, 0x00000000052f7510]
Event: 215.068 Thread 0x000000001789f000 11993       3       com.sun.tools.javac.code.Symbol$ClassSymbol::<init> (52 bytes)
Event: 215.068 Thread 0x000000001789f000 nmethod 11993 0x0000000005307250 code [0x00000000053073e0, 0x0000000005307728]
Event: 215.068 Thread 0x000000001789f000 11994       3       com.sun.tools.javac.code.Type$ClassType::<init> (36 bytes)
Event: 215.069 Thread 0x000000001789f000 nmethod 11994 0x0000000005306c90 code [0x0000000005306e00, 0x00000000053070f0]
Event: 215.069 Thread 0x000000001789f000 11995       3       com.sun.tools.javac.code.Symbol$ClassSymbol::<init> (29 bytes)

GC Heap History (10 events):
Event: 14.169 GC heap before
{Heap before GC invocations=12 (full 2):
 PSYoungGen      total 156672K, used 112770K [0x00000000eab00000, 0x00000000f8d80000, 0x0000000100000000)
  eden space 140800K, 68% used [0x00000000eab00000,0x00000000f09a09b0,0x00000000f3480000)
  from space 15872K, 99% used [0x00000000f3480000,0x00000000f43ffef8,0x00000000f4400000)
  to   space 20992K, 0% used [0x00000000f7900000,0x00000000f7900000,0x00000000f8d80000)
 ParOldGen       total 166912K, used 29702K [0x00000000c0000000, 0x00000000ca300000, 0x00000000eab00000)
  object space 166912K, 17% used [0x00000000c0000000,0x00000000c1d01958,0x00000000ca300000)
 Metaspace       used 57157K, capacity 58972K, committed 59028K, reserved 1099776K
  class space    used 7862K, capacity 8280K, committed 8320K, reserved 1048576K
Event: 14.191 GC heap after
Heap after GC invocations=12 (full 2):
 PSYoungGen      total 206336K, used 20991K [0x00000000eab00000, 0x00000000f9e00000, 0x0000000100000000)
  eden space 185344K, 0% used [0x00000000eab00000,0x00000000eab00000,0x00000000f6000000)
  from space 20992K, 99% used [0x00000000f7900000,0x00000000f8d7ff28,0x00000000f8d80000)
  to   space 25600K, 0% used [0x00000000f6000000,0x00000000f6000000,0x00000000f7900000)
 ParOldGen       total 166912K, used 35640K [0x00000000c0000000, 0x00000000ca300000, 0x00000000eab00000)
  object space 166912K, 21% used [0x00000000c0000000,0x00000000c22ce0c8,0x00000000ca300000)
 Metaspace       used 57157K, capacity 58972K, committed 59028K, reserved 1099776K
  class space    used 7862K, capacity 8280K, committed 8320K, reserved 1048576K
}
Event: 14.191 GC heap before
{Heap before GC invocations=13 (full 3):
 PSYoungGen      total 206336K, used 20991K [0x00000000eab00000, 0x00000000f9e00000, 0x0000000100000000)
  eden space 185344K, 0% used [0x00000000eab00000,0x00000000eab00000,0x00000000f6000000)
  from space 20992K, 99% used [0x00000000f7900000,0x00000000f8d7ff28,0x00000000f8d80000)
  to   space 25600K, 0% used [0x00000000f6000000,0x00000000f6000000,0x00000000f7900000)
 ParOldGen       total 166912K, used 35640K [0x00000000c0000000, 0x00000000ca300000, 0x00000000eab00000)
  object space 166912K, 21% used [0x00000000c0000000,0x00000000c22ce0c8,0x00000000ca300000)
 Metaspace       used 57157K, capacity 58972K, committed 59028K, reserved 1099776K
  class space    used 7862K, capacity 8280K, committed 8320K, reserved 1048576K
Event: 14.564 GC heap after
Heap after GC invocations=13 (full 3):
 PSYoungGen      total 206336K, used 0K [0x00000000eab00000, 0x00000000f9e00000, 0x0000000100000000)
  eden space 185344K, 0% used [0x00000000eab00000,0x00000000eab00000,0x00000000f6000000)
  from space 20992K, 0% used [0x00000000f7900000,0x00000000f7900000,0x00000000f8d80000)
  to   space 25600K, 0% used [0x00000000f6000000,0x00000000f6000000,0x00000000f7900000)
 ParOldGen       total 258560K, used 45855K [0x00000000c0000000, 0x00000000cfc80000, 0x00000000eab00000)
  object space 258560K, 17% used [0x00000000c0000000,0x00000000c2cc7e38,0x00000000cfc80000)
 Metaspace       used 57157K, capacity 58972K, committed 59028K, reserved 1099776K
  class space    used 7862K, capacity 8280K, committed 8320K, reserved 1048576K
}
Event: 20.283 GC heap before
{Heap before GC invocations=14 (full 3):
 PSYoungGen      total 206336K, used 185344K [0x00000000eab00000, 0x00000000f9e00000, 0x0000000100000000)
  eden space 185344K, 100% used [0x00000000eab00000,0x00000000f6000000,0x00000000f6000000)
  from space 20992K, 0% used [0x00000000f7900000,0x00000000f7900000,0x00000000f8d80000)
  to   space 25600K, 0% used [0x00000000f6000000,0x00000000f6000000,0x00000000f7900000)
 ParOldGen       total 258560K, used 45855K [0x00000000c0000000, 0x00000000cfc80000, 0x00000000eab00000)
  object space 258560K, 17% used [0x00000000c0000000,0x00000000c2cc7e38,0x00000000cfc80000)
 Metaspace       used 63235K, capacity 65468K, committed 65536K, reserved 1105920K
  class space    used 8431K, capacity 8950K, committed 8960K, reserved 1048576K
Event: 20.296 GC heap after
Heap after GC invocations=14 (full 3):
 PSYoungGen      total 210944K, used 13500K [0x00000000eab00000, 0x00000000fb100000, 0x0000000100000000)
  eden space 185344K, 0% used [0x00000000eab00000,0x00000000eab00000,0x00000000f6000000)
  from space 25600K, 52% used [0x00000000f6000000,0x00000000f6d2f268,0x00000000f7900000)
  to   space 24576K, 0% used [0x00000000f9900000,0x00000000f9900000,0x00000000fb100000)
 ParOldGen       total 258560K, used 45863K [0x00000000c0000000, 0x00000000cfc80000, 0x00000000eab00000)
  object space 258560K, 17% used [0x00000000c0000000,0x00000000c2cc9e38,0x00000000cfc80000)
 Metaspace       used 63235K, capacity 65468K, committed 65536K, reserved 1105920K
  class space    used 8431K, capacity 8950K, committed 8960K, reserved 1048576K
}
Event: 193.133 GC heap before
{Heap before GC invocations=15 (full 3):
 PSYoungGen      total 210944K, used 198844K [0x00000000eab00000, 0x00000000fb100000, 0x0000000100000000)
  eden space 185344K, 100% used [0x00000000eab00000,0x00000000f6000000,0x00000000f6000000)
  from space 25600K, 52% used [0x00000000f6000000,0x00000000f6d2f268,0x00000000f7900000)
  to   space 24576K, 0% used [0x00000000f9900000,0x00000000f9900000,0x00000000fb100000)
 ParOldGen       total 258560K, used 45863K [0x00000000c0000000, 0x00000000cfc80000, 0x00000000eab00000)
  object space 258560K, 17% used [0x00000000c0000000,0x00000000c2cc9e38,0x00000000cfc80000)
 Metaspace       used 66140K, capacity 68560K, committed 68736K, reserved 1107968K
  class space    used 8727K, capacity 9260K, committed 9344K, reserved 1048576K
Event: 193.153 GC heap after
Heap after GC invocations=15 (full 3):
 PSYoungGen      total 230400K, used 14562K [0x00000000eab00000, 0x00000000faa00000, 0x0000000100000000)
  eden space 212992K, 0% used [0x00000000eab00000,0x00000000eab00000,0x00000000f7b00000)
  from space 17408K, 83% used [0x00000000f9900000,0x00000000fa7388a0,0x00000000faa00000)
  to   space 24064K, 0% used [0x00000000f7b00000,0x00000000f7b00000,0x00000000f9280000)
 ParOldGen       total 258560K, used 45871K [0x00000000c0000000, 0x00000000cfc80000, 0x00000000eab00000)
  object space 258560K, 17% used [0x00000000c0000000,0x00000000c2ccbe38,0x00000000cfc80000)
 Metaspace       used 66140K, capacity 68560K, committed 68736K, reserved 1107968K
  class space    used 8727K, capacity 9260K, committed 9344K, reserved 1048576K
}
Event: 199.723 GC heap before
{Heap before GC invocations=16 (full 3):
 PSYoungGen      total 230400K, used 227554K [0x00000000eab00000, 0x00000000faa00000, 0x0000000100000000)
  eden space 212992K, 100% used [0x00000000eab00000,0x00000000f7b00000,0x00000000f7b00000)
  from space 17408K, 83% used [0x00000000f9900000,0x00000000fa7388a0,0x00000000faa00000)
  to   space 24064K, 0% used [0x00000000f7b00000,0x00000000f7b00000,0x00000000f9280000)
 ParOldGen       total 258560K, used 45871K [0x00000000c0000000, 0x00000000cfc80000, 0x00000000eab00000)
  object space 258560K, 17% used [0x00000000c0000000,0x00000000c2ccbe38,0x00000000cfc80000)
 Metaspace       used 66966K, capacity 69392K, committed 69504K, reserved 1110016K
  class space    used 8789K, capacity 9336K, committed 9344K, reserved 1048576K
Event: 199.748 GC heap after
Heap after GC invocations=16 (full 3):
 PSYoungGen      total 237056K, used 24063K [0x00000000eab00000, 0x00000000fcf00000, 0x0000000100000000)
  eden space 212992K, 0% used [0x00000000eab00000,0x00000000eab00000,0x00000000f7b00000)
  from space 24064K, 99% used [0x00000000f7b00000,0x00000000f927fff8,0x00000000f9280000)
  to   space 29184K, 0% used [0x00000000fb280000,0x00000000fb280000,0x00000000fcf00000)
 ParOldGen       total 258560K, used 52063K [0x00000000c0000000, 0x00000000cfc80000, 0x00000000eab00000)
  object space 258560K, 20% used [0x00000000c0000000,0x00000000c32d7ca0,0x00000000cfc80000)
 Metaspace       used 66966K, capacity 69392K, committed 69504K, reserved 1110016K
  class space    used 8789K, capacity 9336K, committed 9344K, reserved 1048576K
}

Deoptimization events (10 events):
Event: 214.786 Thread 0x000000001db24800 Uncommon trap: reason=unstable_if action=reinterpret pc=0x0000000005292094 method=com.sun.tools.javac.file.ZipFileIndex$Entry.compareTo(Lcom/sun/tools/javac/file/ZipFileIndex$Entry;)I @ 23
Event: 214.857 Thread 0x000000001db24800 Uncommon trap: reason=predicate action=maybe_recompile pc=0x00000000052e1e54 method=java.util.ComparableTimSort.binarySort([Ljava/lang/Object;III)V @ 37
Event: 214.869 Thread 0x000000001db24800 Uncommon trap: reason=array_check action=maybe_recompile pc=0x00000000052d44cc method=java.util.ComparableTimSort.binarySort([Ljava/lang/Object;III)V @ 215
Event: 214.878 Thread 0x000000001db24800 Uncommon trap: reason=array_check action=maybe_recompile pc=0x00000000052d44cc method=java.util.ComparableTimSort.binarySort([Ljava/lang/Object;III)V @ 215
Event: 214.878 Thread 0x000000001db24800 Uncommon trap: reason=array_check action=maybe_recompile pc=0x00000000052d45c0 method=java.util.ComparableTimSort.binarySort([Ljava/lang/Object;III)V @ 193
Event: 214.879 Thread 0x000000001db24800 Uncommon trap: reason=array_check action=maybe_recompile pc=0x00000000052d44cc method=java.util.ComparableTimSort.binarySort([Ljava/lang/Object;III)V @ 215
Event: 214.881 Thread 0x000000001db24800 Uncommon trap: reason=array_check action=maybe_recompile pc=0x00000000052e280c method=java.util.ComparableTimSort.binarySort([Ljava/lang/Object;III)V @ 193
Event: 214.902 Thread 0x000000001db24800 Uncommon trap: reason=array_check action=maybe_recompile pc=0x00000000052e111c method=java.util.ComparableTimSort.binarySort([Ljava/lang/Object;III)V @ 183
Event: 214.906 Thread 0x000000001db24800 Uncommon trap: reason=array_check action=maybe_recompile pc=0x00000000052e111c method=java.util.ComparableTimSort.binarySort([Ljava/lang/Object;III)V @ 183
Event: 214.910 Thread 0x000000001db24800 Uncommon trap: reason=array_check action=maybe_recompile pc=0x00000000052e03b0 method=java.util.ComparableTimSort.binarySort([Ljava/lang/Object;III)V @ 183

Classes redefined (0 events):
No events

Internal exceptions (10 events):
Event: 193.038 Thread 0x000000001db16000 Exception <a 'sun/nio/fs/WindowsException'> (0x00000000f5745a18) thrown at [D:\src\AOSP-openjdk-cygwin\jdk8u\hotspot\src\share\vm\prims\jni.cpp, line 710]
Event: 193.038 Thread 0x000000001db16000 Exception <a 'sun/nio/fs/WindowsException'> (0x00000000f5746640) thrown at [D:\src\AOSP-openjdk-cygwin\jdk8u\hotspot\src\share\vm\prims\jni.cpp, line 710]
Event: 193.038 Thread 0x000000001db16000 Exception <a 'sun/nio/fs/WindowsException'> (0x00000000f57492d0) thrown at [D:\src\AOSP-openjdk-cygwin\jdk8u\hotspot\src\share\vm\prims\jni.cpp, line 710]
Event: 193.038 Thread 0x000000001db16000 Exception <a 'sun/nio/fs/WindowsException'> (0x00000000f5749f30) thrown at [D:\src\AOSP-openjdk-cygwin\jdk8u\hotspot\src\share\vm\prims\jni.cpp, line 710]
Event: 193.038 Thread 0x000000001db16000 Exception <a 'sun/nio/fs/WindowsException'> (0x00000000f574bbc0) thrown at [D:\src\AOSP-openjdk-cygwin\jdk8u\hotspot\src\share\vm\prims\jni.cpp, line 710]
Event: 193.038 Thread 0x000000001db16000 Exception <a 'sun/nio/fs/WindowsException'> (0x00000000f574c860) thrown at [D:\src\AOSP-openjdk-cygwin\jdk8u\hotspot\src\share\vm\prims\jni.cpp, line 710]
Event: 193.038 Thread 0x000000001db16000 Exception <a 'sun/nio/fs/WindowsException'> (0x00000000f574fc80) thrown at [D:\src\AOSP-openjdk-cygwin\jdk8u\hotspot\src\share\vm\prims\jni.cpp, line 710]
Event: 193.038 Thread 0x000000001db16000 Exception <a 'sun/nio/fs/WindowsException'> (0x00000000f57507a0) thrown at [D:\src\AOSP-openjdk-cygwin\jdk8u\hotspot\src\share\vm\prims\jni.cpp, line 710]
Event: 193.038 Thread 0x000000001db16000 Exception <a 'sun/nio/fs/WindowsException'> (0x00000000f57522f0) thrown at [D:\src\AOSP-openjdk-cygwin\jdk8u\hotspot\src\share\vm\prims\jni.cpp, line 710]
Event: 193.038 Thread 0x000000001db16000 Exception <a 'sun/nio/fs/WindowsException'> (0x00000000f5752e50) thrown at [D:\src\AOSP-openjdk-cygwin\jdk8u\hotspot\src\share\vm\prims\jni.cpp, line 710]

Events (10 events):
Event: 215.009 Thread 0x000000001db24800 DEOPT PACKING pc=0x00000000052d8c3f sp=0x000000002517ba50
Event: 215.009 Thread 0x000000001db24800 DEOPT UNPACKING pc=0x0000000002f775d0 sp=0x000000002517b878 mode 0
Event: 215.009 Thread 0x000000001db24800 DEOPT PACKING pc=0x00000000052d8c3f sp=0x000000002517ba50
Event: 215.009 Thread 0x000000001db24800 DEOPT UNPACKING pc=0x0000000002f775d0 sp=0x000000002517b878 mode 0
Event: 215.013 Thread 0x000000001db24800 DEOPT PACKING pc=0x00000000052d8c3f sp=0x000000002517ba50
Event: 215.013 Thread 0x000000001db24800 DEOPT UNPACKING pc=0x0000000002f775d0 sp=0x000000002517b878 mode 0
Event: 215.013 loading class com/sun/tools/javac/comp/AttrContext
Event: 215.013 loading class com/sun/tools/javac/comp/AttrContext done
Event: 215.014 loading class com/sun/tools/javac/code/Scope$ImportScope$1
Event: 215.014 loading class com/sun/tools/javac/code/Scope$ImportScope$1 done


Dynamic libraries:
0x00007ff6fd390000 - 0x00007ff6fd3c1000 	C:\Program Files\Android\Android Studio\jre\bin\java.exe
0x00007ff8e2f60000 - 0x00007ff8e3150000 	C:\Windows\SYSTEM32\ntdll.dll
0x00007ff8e25b0000 - 0x00007ff8e2662000 	C:\Windows\System32\KERNEL32.DLL
0x00007ff8e0d10000 - 0x00007ff8e0fb4000 	C:\Windows\System32\KERNELBASE.dll
0x00007ff8e18b0000 - 0x00007ff8e1953000 	C:\Windows\System32\ADVAPI32.dll
0x00007ff8e1810000 - 0x00007ff8e18ae000 	C:\Windows\System32\msvcrt.dll
0x00007ff8e1960000 - 0x00007ff8e19f7000 	C:\Windows\System32\sechost.dll
0x00007ff8e1e60000 - 0x00007ff8e1f80000 	C:\Windows\System32\RPCRT4.dll
0x00007ff8e1510000 - 0x00007ff8e16a4000 	C:\Windows\System32\USER32.dll
0x00007ff8e0cb0000 - 0x00007ff8e0cd1000 	C:\Windows\System32\win32u.dll
0x00007ff8e1e30000 - 0x00007ff8e1e56000 	C:\Windows\System32\GDI32.dll
0x00007ff8e09f0000 - 0x00007ff8e0b86000 	C:\Windows\System32\gdi32full.dll
0x00007ff8e0b90000 - 0x00007ff8e0c2e000 	C:\Windows\System32\msvcp_win.dll
0x00007ff8e08f0000 - 0x00007ff8e09ea000 	C:\Windows\System32\ucrtbase.dll
0x00007ff8ca640000 - 0x00007ff8ca8c4000 	C:\Windows\WinSxS\amd64_microsoft.windows.common-controls_6595b64144ccf1df_6.0.18362.959_none_e6c7bbbf130c62bb\COMCTL32.dll
0x00007ff8e11d0000 - 0x00007ff8e1505000 	C:\Windows\System32\combase.dll
0x00007ff8e0c30000 - 0x00007ff8e0cb0000 	C:\Windows\System32\bcryptPrimitives.dll
0x00007ff8e17e0000 - 0x00007ff8e180e000 	C:\Windows\System32\IMM32.DLL
0x0000000074720000 - 0x00000000747f2000 	C:\Program Files\Android\Android Studio\jre\jre\bin\msvcr100.dll
0x0000000073920000 - 0x0000000074166000 	C:\Program Files\Android\Android Studio\jre\jre\bin\server\jvm.dll
0x00007ff8e1120000 - 0x00007ff8e1128000 	C:\Windows\System32\PSAPI.DLL
0x00007ff8daa10000 - 0x00007ff8daa19000 	C:\Windows\SYSTEM32\WSOCK32.dll
0x00007ff8dc7b0000 - 0x00007ff8dc7d4000 	C:\Windows\SYSTEM32\WINMM.dll
0x00007ff8d96a0000 - 0x00007ff8d96aa000 	C:\Windows\SYSTEM32\VERSION.dll
0x00007ff8e1160000 - 0x00007ff8e11cf000 	C:\Windows\System32\WS2_32.dll
0x00007ff8dc780000 - 0x00007ff8dc7ad000 	C:\Windows\SYSTEM32\WINMMBASE.dll
0x00007ff8e0750000 - 0x00007ff8e079a000 	C:\Windows\System32\cfgmgr32.dll
0x00007ff8ca530000 - 0x00007ff8ca53f000 	C:\Program Files\Android\Android Studio\jre\jre\bin\verify.dll
0x00007ff8b6660000 - 0x00007ff8b6689000 	C:\Program Files\Android\Android Studio\jre\jre\bin\java.dll
0x00007ff8b6610000 - 0x00007ff8b6626000 	C:\Program Files\Android\Android Studio\jre\jre\bin\zip.dll
0x00007ff8e27a0000 - 0x00007ff8e2e86000 	C:\Windows\System32\SHELL32.dll
0x00007ff8e26f0000 - 0x00007ff8e2799000 	C:\Windows\System32\shcore.dll
0x00007ff8dfeb0000 - 0x00007ff8e0632000 	C:\Windows\System32\windows.storage.dll
0x00007ff8dfe60000 - 0x00007ff8dfe83000 	C:\Windows\System32\profapi.dll
0x00007ff8dfdf0000 - 0x00007ff8dfe3a000 	C:\Windows\System32\powrprof.dll
0x00007ff8dfde0000 - 0x00007ff8dfdf0000 	C:\Windows\System32\UMPDC.dll
0x00007ff8e2e90000 - 0x00007ff8e2ee2000 	C:\Windows\System32\shlwapi.dll
0x00007ff8dfe90000 - 0x00007ff8dfea1000 	C:\Windows\System32\kernel.appcore.dll
0x00007ff8e0fc0000 - 0x00007ff8e0fd7000 	C:\Windows\System32\cryptsp.dll
0x00007ff8b01a0000 - 0x00007ff8b01ba000 	C:\Program Files\Android\Android Studio\jre\jre\bin\net.dll
0x00007ff8df650000 - 0x00007ff8df6b7000 	C:\Windows\system32\mswsock.dll
0x00007ff8a9aa0000 - 0x00007ff8a9ab1000 	C:\Program Files\Android\Android Studio\jre\jre\bin\nio.dll
0x00007ff88e030000 - 0x00007ff88e04e000 	C:\Users\LENOVO\.gradle\native\25\windows-amd64\native-platform.dll
0x00007ff8c93d0000 - 0x00007ff8c93dd000 	C:\Program Files\Android\Android Studio\jre\jre\bin\management.dll
0x00007ff8df1c0000 - 0x00007ff8df1f3000 	C:\Windows\system32\rsaenh.dll
0x00007ff8e0ce0000 - 0x00007ff8e0d06000 	C:\Windows\System32\bcrypt.dll
0x00007ff8dfd00000 - 0x00007ff8dfd25000 	C:\Windows\SYSTEM32\USERENV.dll
0x00007ff8df820000 - 0x00007ff8df82c000 	C:\Windows\SYSTEM32\CRYPTBASE.dll
0x00007ff8df360000 - 0x00007ff8df39a000 	C:\Windows\SYSTEM32\IPHLPAPI.DLL
0x00007ff8e1130000 - 0x00007ff8e1138000 	C:\Windows\System32\NSI.dll
0x00007ff8cf5b0000 - 0x00007ff8cf5c6000 	C:\Windows\SYSTEM32\dhcpcsvc6.DLL
0x00007ff8cf610000 - 0x00007ff8cf62c000 	C:\Windows\SYSTEM32\dhcpcsvc.DLL
0x00007ff8df3a0000 - 0x00007ff8df46b000 	C:\Windows\SYSTEM32\DNSAPI.dll

VM Arguments:
jvm_args: -XX:+HeapDumpOnOutOfMemoryError -Xmx1024m -Dfile.encoding=windows-1256 -Duser.country=US -Duser.language=en -Duser.variant 
java_command: org.gradle.launcher.daemon.bootstrap.GradleDaemon 4.6
java_class_path (initial): C:\Users\LENOVO\.gradle\wrapper\dists\gradle-4.6-all\bcst21l2brirad8k2ben1letg\gradle-4.6\lib\gradle-launcher-4.6.jar
Launcher Type: SUN_STANDARD

Environment Variables:
PATH=C:\Windows\system32;C:\Windows;C:\Windows\System32\Wbem;C:\Windows\System32\WindowsPowerShell\v1.0\;C:\Windows\System32\OpenSSH\;C:\Program Files (x86)\Microsoft SQL Server\140\Tools\Binn\;C:\Program Files\Microsoft SQL Server\140\Tools\Binn\;C:\Program Files (x86)\Microsoft SQL Server\140\DTS\Binn\;C:\Program Files\Microsoft SQL Server\140\DTS\Binn\;C:\Program Files\Microsoft SQL Server\Client SDK\ODBC\130\Tools\Binn\;C:\Program Files (x86)\Microsoft SQL Server\Client SDK\ODBC\130\Tools\Binn\;C:\Program Files (x86)\Microsoft SQL Server\140\Tools\Binn\ManagementStudio\;C:\Program Files\dotnet\;C:\Program Files\Microsoft SQL Server\130\Tools\Binn\;C:\Program Files\Microsoft SQL Server\Client SDK\ODBC\170\Tools\Binn\;C:\Program Files (x86)\Microsoft SQL Server\100\Tools\Binn\;C:\Program Files\Microsoft SQL Server\100\Tools\Binn\;C:\Program Files\Microsoft SQL Server\100\DTS\Binn\;C:\Program Files (x86)\Microsoft SQL Server\100\Tools\Binn\VSShell\Common7\IDE\;C:\Program Files (x86)\Microsoft Visual Studio 9.0\Common7\IDE\PrivateAssemblies\;C:\Program Files (x86)\Microsoft SQL Server\100\DTS\Binn\;C:\Program Files (x86)\Microsoft SQL Server\90\Tools\binn\;C:\Windows\system32\config\systemprofile\.dnx\bin;C:\Program Files\Microsoft DNX\Dnvm\;C:\Program Files\Git\cmd;C:\Program Files\Microsoft\Web Platform Installer\;C:\Program Files\Microsoft SQL Server\110\DTS\Binn\;C:\Program Files (x86)\Microsoft SQL Server\110\Tools\Binn\;C:\Program Files\Microsoft SQL Server\110\Tools\Binn\;C:\Program Files (x86)\Microsoft SQL Server\110\Tools\Binn\ManagementStudio\;C:\Program Files (x86)\Microsoft Visual Studio 10.0\Common7\IDE\PrivateAssemblies\;C:\Program Files (x86)\Microsoft SQL Server\110\DTS\Binn\;C:\Program Files (x86)\CrSSL\bin;C:\Program Files (x86)\CrSSL\bin;C:\Program Files (x86)\CrSSL\bin;C:\Users\LENOVO\AppData\Local\Microsoft\WindowsApps;C:\Users\LENOVO\.dotnet\tools
USERNAME=LENOVO
OS=Windows_NT
PROCESSOR_IDENTIFIER=Intel64 Family 6 Model 142 Stepping 11, GenuineIntel



---------------  S Y S T E M  ---------------

OS: Windows 10.0 , 64 bit Build 18362 (10.0.18362.959)

CPU:total 8 (initial active 8) (4 cores per cpu, 2 threads per core) family 6 model 142 stepping 11, cmov, cx8, fxsr, mmx, sse, sse2, sse3, ssse3, sse4.1, sse4.2, popcnt, avx, avx2, clmul, erms, 3dnowpref, lzcnt, ht, tsc, tscinvbit, bmi1, bmi2, adx

Memory: 4k page, physical 16615512k(3264596k free), swap 16615512k(5304k free)

vm_info: OpenJDK 64-Bit Server VM (25.202-b03) for windows-amd64 JRE (1.8.0_202-release-1483-b03), built by "builder" with MS VC++ 10.0 (VS2010)

time: Tue Aug 11 22:13:15 2020
timezone: Jordan Daylight Time
elapsed time: 215 seconds (0d 0h 3m 35s)

