#
# There is insufficient memory for the Java Runtime Environment to continue.
# Native memory allocation (malloc) failed to allocate 1930112 bytes for Chunk::new
# Possible reasons:
#   The system is out of physical RAM or swap space
#   The process is running with CompressedOops enabled, and the Java Heap may be blocking the growth of the native heap
# Possible solutions:
#   Reduce memory load on the system
#   Increase physical memory or swap space
#   Check if swap backing store is full
#   Decrease Java heap size (-Xmx/-Xms)
#   Decrease number of Java threads
#   Decrease Java thread stack sizes (-Xss)
#   Set larger code cache with -XX:ReservedCodeCacheSize=
#   JVM is running with Unscaled Compressed Oops mode in which the Java heap is
#     placed in the first 4GB address space. The Java Heap base address is the
#     maximum limit for the native heap growth. Please use -XX:HeapBaseMinAddress
#     to set the Java Heap base and to place the Java Heap above 4GB virtual address.
# This output file may be truncated or incomplete.
#
#  Out of Memory Error (allocation.cpp:389), pid=11872, tid=0x0000000000001a64
#
# JRE version: OpenJDK Runtime Environment (8.0_202-b03) (build 1.8.0_202-release-1483-b03)
# Java VM: OpenJDK 64-Bit Server VM (25.202-b03 mixed mode windows-amd64 compressed oops)
# Failed to write core dump. Minidumps are not enabled by default on client versions of Windows
#

---------------  T H R E A D  ---------------

Current thread (0x0000000017505800):  JavaThread "C2 CompilerThread1" daemon [_thread_in_native, id=6756, stack(0x0000000017ed0000,0x0000000017fd0000)]

Stack: [0x0000000017ed0000,0x0000000017fd0000]
[error occurred during error reporting (printing stack bounds), id 0xc0000005]

Native frames: (J=compiled Java code, j=interpreted, Vv=VM code, C=native code)


Current CompileTask:
C2:   9355 4996       4       java.net.URLClassLoader$1::run (5 bytes)


---------------  P R O C E S S  ---------------

Java Threads: ( => current thread )
  0x000000001c2fd800 JavaThread "Memory manager" [_thread_blocked, id=18800, stack(0x0000000021bb0000,0x0000000021cb0000)]
  0x000000001ba37000 JavaThread "Build operations Thread 8" [_thread_blocked, id=13656, stack(0x00000000216b0000,0x00000000217b0000)]
  0x000000001ba36800 JavaThread "Build operations Thread 7" [_thread_blocked, id=4100, stack(0x00000000215b0000,0x00000000216b0000)]
  0x000000001ba35800 JavaThread "Build operations Thread 6" [_thread_blocked, id=3844, stack(0x00000000214b0000,0x00000000215b0000)]
  0x000000001ba35000 JavaThread "Build operations Thread 5" [_thread_blocked, id=7616, stack(0x00000000213b0000,0x00000000214b0000)]
  0x000000001ba32800 JavaThread "Build operations Thread 4" [_thread_blocked, id=7992, stack(0x00000000212b0000,0x00000000213b0000)]
  0x000000001ba34000 JavaThread "Build operations Thread 3" [_thread_blocked, id=11708, stack(0x000000001fdc0000,0x000000001fec0000)]
  0x000000001ba32000 JavaThread "Build operations Thread 2" [_thread_blocked, id=8012, stack(0x000000001fb40000,0x000000001fc40000)]
  0x000000001ba33800 JavaThread "Build operations" [_thread_blocked, id=8160, stack(0x000000001d1c0000,0x000000001d2c0000)]
  0x000000001ba38800 JavaThread "Cache worker for Artifact transforms cache (C:\Users\LENOVO\.gradle\caches\transforms-1)" [_thread_blocked, id=10620, stack(0x000000001fcc0000,0x000000001fdc0000)]
  0x0000000019808000 JavaThread "Cache worker for file hash cache (D:\Laptop\Maen Naamneh\GI Projects\CashVan_Git\.gradle\4.6\fileHashes)" [_thread_blocked, id=11156, stack(0x000000001c0f0000,0x000000001c1f0000)]
  0x0000000019b9e000 JavaThread "File lock request listener" [_thread_in_native, id=11716, stack(0x000000001bff0000,0x000000001c0f0000)]
  0x00000000197e5800 JavaThread "Cache worker for file hash cache (C:\Users\LENOVO\.gradle\caches\4.6\fileHashes)" [_thread_blocked, id=5752, stack(0x000000001bef0000,0x000000001bff0000)]
  0x0000000019758000 JavaThread "Stdin handler" [_thread_blocked, id=12940, stack(0x000000001ab20000,0x000000001ac20000)]
  0x0000000019757800 JavaThread "Asynchronous log dispatcher for DefaultDaemonConnection: socket connection from /127.0.0.1:15209 to /127.0.0.1:15210" [_thread_blocked, id=12664, stack(0x000000001aa20000,0x000000001ab20000)]
  0x0000000019742000 JavaThread "Daemon worker" [_thread_in_vm, id=17028, stack(0x000000001a920000,0x000000001aa20000)]
  0x000000001977b000 JavaThread "Cancel handler" [_thread_blocked, id=2960, stack(0x000000001a820000,0x000000001a920000)]
  0x0000000019731000 JavaThread "Handler for socket connection from /127.0.0.1:15209 to /127.0.0.1:15210" [_thread_in_native, id=11012, stack(0x000000001a520000,0x000000001a620000)]
  0x0000000019790800 JavaThread "Daemon" [_thread_blocked, id=20400, stack(0x000000001a420000,0x000000001a520000)]
  0x000000001977d000 JavaThread "Daemon periodic checks" [_thread_blocked, id=8560, stack(0x000000001a320000,0x000000001a420000)]
  0x00000000196de000 JavaThread "Incoming local TCP Connector on port 15209" [_thread_in_native, id=6316, stack(0x000000001a0e0000,0x000000001a1e0000)]
  0x00000000175dc000 JavaThread "Service Thread" daemon [_thread_blocked, id=21084, stack(0x00000000181d0000,0x00000000182d0000)]
  0x0000000017551000 JavaThread "C1 CompilerThread3" daemon [_thread_blocked, id=17172, stack(0x00000000180d0000,0x00000000181d0000)]
  0x0000000017506800 JavaThread "C2 CompilerThread2" daemon [_thread_in_native, id=8244, stack(0x0000000017fd0000,0x00000000180d0000)]
=>0x0000000017505800 JavaThread "C2 CompilerThread1" daemon [_thread_in_native, id=6756, stack(0x0000000017ed0000,0x0000000017fd0000)]
  0x0000000017502000 JavaThread "C2 CompilerThread0" daemon [_thread_in_native, id=15072, stack(0x0000000017dd0000,0x0000000017ed0000)]
  0x000000001754e000 JavaThread "Attach Listener" daemon [_thread_blocked, id=13004, stack(0x0000000017cd0000,0x0000000017dd0000)]
  0x000000001754d800 JavaThread "Signal Dispatcher" daemon [_thread_blocked, id=18752, stack(0x0000000017bd0000,0x0000000017cd0000)]
  0x00000000174f1800 JavaThread "Finalizer" daemon [_thread_blocked, id=18600, stack(0x00000000179d0000,0x0000000017ad0000)]
  0x00000000174f0800 JavaThread "Reference Handler" daemon [_thread_blocked, id=17424, stack(0x00000000178d0000,0x00000000179d0000)]
  0x0000000002ace800 JavaThread "main" [_thread_blocked, id=17924, stack(0x00000000028f0000,0x00000000029f0000)]

Other Threads:
  0x00000000156e7800 VMThread [stack: 0x00000000173d0000,0x00000000174d0000] [id=7136]
  0x00000000175e4800 WatcherThread [stack: 0x00000000182d0000,0x00000000183d0000] [id=17840]

VM state:not at safepoint (normal execution)

VM Mutex/Monitor currently owned by a thread:  ([mutex/lock_event])
[0x0000000002acd350] SystemDictionary_lock - owner thread: 0x0000000019742000

heap address: 0x00000000c0000000, size: 1024 MB, Compressed Oops mode: 32-bit
Narrow klass base: 0x0000000000000000, Narrow klass shift: 3
Compressed class space size: 1073741824 Address: 0x0000000100000000

Heap:
 PSYoungGen      total 163840K, used 122799K [0x00000000eab00000, 0x00000000f7e00000, 0x0000000100000000)
  eden space 150016K, 72% used [0x00000000eab00000,0x00000000f156d4f8,0x00000000f3d80000)
  from space 13824K, 99% used [0x00000000f4d00000,0x00000000f5a7e738,0x00000000f5a80000)
  to   space 15872K, 0% used [0x00000000f3d80000,0x00000000f3d80000,0x00000000f4d00000)
 ParOldGen       total 172032K, used 20209K [0x00000000c0000000, 0x00000000ca800000, 0x00000000eab00000)
  object space 172032K, 11% used [0x00000000c0000000,0x00000000c13bc728,0x00000000ca800000)
 Metaspace       used 51323K, capacity 52566K, committed 52824K, reserved 1095680K
  class space    used 6937K, capacity 7270K, committed 7296K, reserved 1048576K

Card table byte_map: [0x0000000011f90000,0x00000000121a0000] byte_map_base: 0x0000000011990000

Marking Bits: (ParMarkBitMap*) 0x0000000073af9f30
 Begin Bits: [0x0000000012b00000, 0x0000000013b00000)
 End Bits:   [0x0000000013b00000, 0x0000000014b00000)

Polling page: 0x0000000000bf0000

CodeCache: size=245760Kb used=16638Kb max_used=16638Kb free=229121Kb
 bounds [0x0000000002bd0000, 0x0000000003c20000, 0x0000000011bd0000]
 total_blobs=5616 nmethods=4852 adapters=677
 compilation: enabled

Compilation events (10 events):
Event: 9.289 Thread 0x0000000017551000 5233       3       java.lang.reflect.Constructor::hasGenericInformation (13 bytes)
Event: 9.289 Thread 0x0000000017551000 nmethod 5233 0x0000000003c1e210 code [0x0000000003c1e360, 0x0000000003c1e5b0]
Event: 9.317 Thread 0x0000000017551000 5234       3       org.gradle.api.internal.file.CompositeFileCollection::<init> (5 bytes)
Event: 9.317 Thread 0x0000000017551000 nmethod 5234 0x0000000003c1e610 code [0x0000000003c1e780, 0x0000000003c1e990]
Event: 9.328 Thread 0x0000000017551000 5235       3       com.google.common.collect.ImmutableMap::containsKey (14 bytes)
Event: 9.328 Thread 0x0000000017551000 nmethod 5235 0x0000000003c1ea90 code [0x0000000003c1ec00, 0x0000000003c1ee68]
Event: 9.337 Thread 0x0000000017551000 5236       3       java.util.LinkedHashMap$LinkedEntrySet::size (8 bytes)
Event: 9.337 Thread 0x0000000017551000 nmethod 5236 0x0000000003c1ef10 code [0x0000000003c1f060, 0x0000000003c1f1b0]
Event: 9.337 Thread 0x0000000017551000 5237       3       org.gradle.api.specs.Specs::satisfyAll (10 bytes)
Event: 9.337 Thread 0x0000000017551000 nmethod 5237 0x0000000003c1f250 code [0x0000000003c1f3a0, 0x0000000003c1f530]

GC Heap History (10 events):
Event: 2.779 GC heap before
{Heap before GC invocations=4 (full 1):
 PSYoungGen      total 75776K, used 9189K [0x00000000eab00000, 0x00000000f3f00000, 0x0000000100000000)
  eden space 65024K, 0% used [0x00000000eab00000,0x00000000eab00000,0x00000000eea80000)
  from space 10752K, 85% used [0x00000000eea80000,0x00000000ef379558,0x00000000ef500000)
  to   space 10752K, 0% used [0x00000000f3480000,0x00000000f3480000,0x00000000f3f00000)
 ParOldGen       total 173568K, used 32K [0x00000000c0000000, 0x00000000ca980000, 0x00000000eab00000)
  object space 173568K, 0% used [0x00000000c0000000,0x00000000c0008000,0x00000000ca980000)
 Metaspace       used 20825K, capacity 21104K, committed 21248K, reserved 1067008K
  class space    used 2909K, capacity 3018K, committed 3072K, reserved 1048576K
Event: 2.816 GC heap after
Heap after GC invocations=4 (full 1):
 PSYoungGen      total 75776K, used 0K [0x00000000eab00000, 0x00000000f3f00000, 0x0000000100000000)
  eden space 65024K, 0% used [0x00000000eab00000,0x00000000eab00000,0x00000000eea80000)
  from space 10752K, 0% used [0x00000000eea80000,0x00000000eea80000,0x00000000ef500000)
  to   space 10752K, 0% used [0x00000000f3480000,0x00000000f3480000,0x00000000f3f00000)
 ParOldGen       total 103424K, used 8931K [0x00000000c0000000, 0x00000000c6500000, 0x00000000eab00000)
  object space 103424K, 8% used [0x00000000c0000000,0x00000000c08b8c18,0x00000000c6500000)
 Metaspace       used 20825K, capacity 21104K, committed 21248K, reserved 1067008K
  class space    used 2909K, capacity 3018K, committed 3072K, reserved 1048576K
}
Event: 3.584 GC heap before
{Heap before GC invocations=5 (full 1):
 PSYoungGen      total 75776K, used 65024K [0x00000000eab00000, 0x00000000f3f00000, 0x0000000100000000)
  eden space 65024K, 100% used [0x00000000eab00000,0x00000000eea80000,0x00000000eea80000)
  from space 10752K, 0% used [0x00000000eea80000,0x00000000eea80000,0x00000000ef500000)
  to   space 10752K, 0% used [0x00000000f3480000,0x00000000f3480000,0x00000000f3f00000)
 ParOldGen       total 103424K, used 8931K [0x00000000c0000000, 0x00000000c6500000, 0x00000000eab00000)
  object space 103424K, 8% used [0x00000000c0000000,0x00000000c08b8c18,0x00000000c6500000)
 Metaspace       used 26275K, capacity 26602K, committed 26752K, reserved 1073152K
  class space    used 3588K, capacity 3711K, committed 3712K, reserved 1048576K
Event: 3.594 GC heap after
Heap after GC invocations=5 (full 1):
 PSYoungGen      total 107008K, used 6635K [0x00000000eab00000, 0x00000000f3b00000, 0x0000000100000000)
  eden space 100352K, 0% used [0x00000000eab00000,0x00000000eab00000,0x00000000f0d00000)
  from space 6656K, 99% used [0x00000000f3480000,0x00000000f3afafb0,0x00000000f3b00000)
  to   space 10752K, 0% used [0x00000000f2600000,0x00000000f2600000,0x00000000f3080000)
 ParOldGen       total 103424K, used 8939K [0x00000000c0000000, 0x00000000c6500000, 0x00000000eab00000)
  object space 103424K, 8% used [0x00000000c0000000,0x00000000c08bac18,0x00000000c6500000)
 Metaspace       used 26275K, capacity 26602K, committed 26752K, reserved 1073152K
  class space    used 3588K, capacity 3711K, committed 3712K, reserved 1048576K
}
Event: 5.240 GC heap before
{Heap before GC invocations=6 (full 1):
 PSYoungGen      total 107008K, used 103603K [0x00000000eab00000, 0x00000000f3b00000, 0x0000000100000000)
  eden space 100352K, 96% used [0x00000000eab00000,0x00000000f09b1df8,0x00000000f0d00000)
  from space 6656K, 99% used [0x00000000f3480000,0x00000000f3afafb0,0x00000000f3b00000)
  to   space 10752K, 0% used [0x00000000f2600000,0x00000000f2600000,0x00000000f3080000)
 ParOldGen       total 103424K, used 8939K [0x00000000c0000000, 0x00000000c6500000, 0x00000000eab00000)
  object space 103424K, 8% used [0x00000000c0000000,0x00000000c08bac18,0x00000000c6500000)
 Metaspace       used 34769K, capacity 35296K, committed 35416K, reserved 1079296K
  class space    used 4790K, capacity 4972K, committed 4992K, reserved 1048576K
Event: 5.254 GC heap after
Heap after GC invocations=6 (full 1):
 PSYoungGen      total 136704K, used 10726K [0x00000000eab00000, 0x00000000f5a80000, 0x0000000100000000)
  eden space 125952K, 0% used [0x00000000eab00000,0x00000000eab00000,0x00000000f2600000)
  from space 10752K, 99% used [0x00000000f2600000,0x00000000f3079a30,0x00000000f3080000)
  to   space 13824K, 0% used [0x00000000f4d00000,0x00000000f4d00000,0x00000000f5a80000)
 ParOldGen       total 103424K, used 11028K [0x00000000c0000000, 0x00000000c6500000, 0x00000000eab00000)
  object space 103424K, 10% used [0x00000000c0000000,0x00000000c0ac5300,0x00000000c6500000)
 Metaspace       used 34769K, capacity 35296K, committed 35416K, reserved 1079296K
  class space    used 4790K, capacity 4972K, committed 4992K, reserved 1048576K
}
Event: 5.254 GC heap before
{Heap before GC invocations=7 (full 2):
 PSYoungGen      total 136704K, used 10726K [0x00000000eab00000, 0x00000000f5a80000, 0x0000000100000000)
  eden space 125952K, 0% used [0x00000000eab00000,0x00000000eab00000,0x00000000f2600000)
  from space 10752K, 99% used [0x00000000f2600000,0x00000000f3079a30,0x00000000f3080000)
  to   space 13824K, 0% used [0x00000000f4d00000,0x00000000f4d00000,0x00000000f5a80000)
 ParOldGen       total 103424K, used 11028K [0x00000000c0000000, 0x00000000c6500000, 0x00000000eab00000)
  object space 103424K, 10% used [0x00000000c0000000,0x00000000c0ac5300,0x00000000c6500000)
 Metaspace       used 34769K, capacity 35296K, committed 35416K, reserved 1079296K
  class space    used 4790K, capacity 4972K, committed 4992K, reserved 1048576K
Event: 5.325 GC heap after
Heap after GC invocations=7 (full 2):
 PSYoungGen      total 136704K, used 0K [0x00000000eab00000, 0x00000000f5a80000, 0x0000000100000000)
  eden space 125952K, 0% used [0x00000000eab00000,0x00000000eab00000,0x00000000f2600000)
  from space 10752K, 0% used [0x00000000f2600000,0x00000000f2600000,0x00000000f3080000)
  to   space 13824K, 0% used [0x00000000f4d00000,0x00000000f4d00000,0x00000000f5a80000)
 ParOldGen       total 172032K, used 19532K [0x00000000c0000000, 0x00000000ca800000, 0x00000000eab00000)
  object space 172032K, 11% used [0x00000000c0000000,0x00000000c13130e0,0x00000000ca800000)
 Metaspace       used 34769K, capacity 35296K, committed 35416K, reserved 1079296K
  class space    used 4790K, capacity 4972K, committed 4992K, reserved 1048576K
}
Event: 7.134 GC heap before
{Heap before GC invocations=8 (full 2):
 PSYoungGen      total 136704K, used 125952K [0x00000000eab00000, 0x00000000f5a80000, 0x0000000100000000)
  eden space 125952K, 100% used [0x00000000eab00000,0x00000000f2600000,0x00000000f2600000)
  from space 10752K, 0% used [0x00000000f2600000,0x00000000f2600000,0x00000000f3080000)
  to   space 13824K, 0% used [0x00000000f4d00000,0x00000000f4d00000,0x00000000f5a80000)
 ParOldGen       total 172032K, used 19532K [0x00000000c0000000, 0x00000000ca800000, 0x00000000eab00000)
  object space 172032K, 11% used [0x00000000c0000000,0x00000000c13130e0,0x00000000ca800000)
 Metaspace       used 41806K, capacity 42432K, committed 42584K, reserved 1085440K
  class space    used 5652K, capacity 5907K, committed 6016K, reserved 1048576K
Event: 7.190 GC heap after
Heap after GC invocations=8 (full 2):
 PSYoungGen      total 163840K, used 13817K [0x00000000eab00000, 0x00000000f7e00000, 0x0000000100000000)
  eden space 150016K, 0% used [0x00000000eab00000,0x00000000eab00000,0x00000000f3d80000)
  from space 13824K, 99% used [0x00000000f4d00000,0x00000000f5a7e738,0x00000000f5a80000)
  to   space 15872K, 0% used [0x00000000f3d80000,0x00000000f3d80000,0x00000000f4d00000)
 ParOldGen       total 172032K, used 20209K [0x00000000c0000000, 0x00000000ca800000, 0x00000000eab00000)
  object space 172032K, 11% used [0x00000000c0000000,0x00000000c13bc728,0x00000000ca800000)
 Metaspace       used 41806K, capacity 42432K, committed 42584K, reserved 1085440K
  class space    used 5652K, capacity 5907K, committed 6016K, reserved 1048576K
}

Deoptimization events (10 events):
Event: 8.047 Thread 0x0000000019742000 Uncommon trap: reason=unstable_if action=reinterpret pc=0x0000000003728e3c method=java.util.regex.Pattern$BmpCharProperty.match(Ljava/util/regex/Matcher;ILjava/lang/CharSequence;)Z @ 34
Event: 8.047 Thread 0x0000000019742000 Uncommon trap: reason=unstable_if action=reinterpret pc=0x00000000033c84a8 method=java.util.regex.Pattern$BmpCharProperty.match(Ljava/util/regex/Matcher;ILjava/lang/CharSequence;)Z @ 34
Event: 8.422 Thread 0x0000000019742000 Uncommon trap: reason=unstable_if action=reinterpret pc=0x00000000039b46c8 method=com.sun.org.apache.xerces.internal.impl.io.UTF8Reader.read([CII)I @ 131
Event: 8.423 Thread 0x0000000019742000 Uncommon trap: reason=unstable_if action=reinterpret pc=0x000000000398548c method=java.util.regex.Pattern$Ctype.isSatisfiedBy(I)Z @ 4
Event: 8.566 Thread 0x0000000019742000 Uncommon trap: reason=unstable_if action=reinterpret pc=0x00000000039a9228 method=com.sun.org.apache.xerces.internal.impl.XMLEntityScanner.scanContent(Lcom/sun/org/apache/xerces/internal/xni/XMLString;)I @ 44
Event: 8.568 Thread 0x0000000019742000 Uncommon trap: reason=unstable_if action=reinterpret pc=0x000000000392a5f4 method=com.sun.org.apache.xerces.internal.impl.XMLEntityScanner.checkBeforeLoad(Lcom/sun/xml/internal/stream/Entity$ScannedEntity;II)I @ 18
Event: 8.640 Thread 0x0000000019742000 Uncommon trap: reason=unstable_if action=reinterpret pc=0x00000000037d26e0 method=com.google.gson.stream.JsonReader.doPeek()I @ 315
Event: 9.100 Thread 0x0000000019742000 Uncommon trap: reason=unstable_if action=reinterpret pc=0x00000000030a11fc method=java.io.WinNTFileSystem.isLetter(C)Z @ 3
Event: 9.137 Thread 0x0000000019742000 Uncommon trap: reason=class_check action=maybe_recompile pc=0x000000000349349c method=java.io.BufferedInputStream.read1([BII)I @ 39
Event: 9.137 Thread 0x0000000019742000 Uncommon trap: reason=class_check action=maybe_recompile pc=0x0000000003372cd8 method=java.io.BufferedInputStream.read1([BII)I @ 39

Classes redefined (0 events):
No events

Internal exceptions (10 events):
Event: 8.512 Thread 0x0000000019742000 Exception <a 'sun/nio/fs/WindowsException'> (0x00000000ef41f678) thrown at [D:\src\AOSP-openjdk-cygwin\jdk8u\hotspot\src\share\vm\prims\jni.cpp, line 710]
Event: 8.512 Thread 0x0000000019742000 Exception <a 'sun/nio/fs/WindowsException'> (0x00000000ef420198) thrown at [D:\src\AOSP-openjdk-cygwin\jdk8u\hotspot\src\share\vm\prims\jni.cpp, line 710]
Event: 8.512 Thread 0x0000000019742000 Exception <a 'sun/nio/fs/WindowsException'> (0x00000000ef421ce8) thrown at [D:\src\AOSP-openjdk-cygwin\jdk8u\hotspot\src\share\vm\prims\jni.cpp, line 710]
Event: 8.512 Thread 0x0000000019742000 Exception <a 'sun/nio/fs/WindowsException'> (0x00000000ef422848) thrown at [D:\src\AOSP-openjdk-cygwin\jdk8u\hotspot\src\share\vm\prims\jni.cpp, line 710]
Event: 8.614 Thread 0x0000000019742000 Exception <a 'java/lang/NoSuchMethodError': java.lang.Object.lambda$comparing$77a9974f$1(Ljava/util/function/Function;Ljava/lang/Object;Ljava/lang/Object;)I> (0x00000000ef5e6a18) thrown at [D:\src\AOSP-openjdk-cygwin\jdk8u\hotspot\src\share\vm\interpreter
Event: 8.616 Thread 0x0000000019742000 Exception <a 'java/lang/NoSuchMethodError': java.lang.Object.lambda$thenComparing$36697e65$1(Ljava/util/Comparator;Ljava/lang/Object;Ljava/lang/Object;)I> (0x00000000ef5f20a0) thrown at [D:\src\AOSP-openjdk-cygwin\jdk8u\hotspot\src\share\vm\interpreter\li
Event: 8.664 Thread 0x0000000019742000 Exception <a 'java/lang/NoSuchMethodError': java.lang.Object.lambda$maxBy$1(Ljava/util/Comparator;Ljava/lang/Object;Ljava/lang/Object;)Ljava/lang/Object;> (0x00000000ef749660) thrown at [D:\src\AOSP-openjdk-cygwin\jdk8u\hotspot\src\share\vm\interpreter\li
Event: 8.701 Thread 0x0000000019742000 Exception <a 'sun/nio/fs/WindowsException'> (0x00000000ef8af4e0) thrown at [D:\src\AOSP-openjdk-cygwin\jdk8u\hotspot\src\share\vm\prims\jni.cpp, line 710]
Event: 8.893 Thread 0x0000000019742000 Exception <a 'java/lang/ClassNotFoundException': org/gradle/api/plugins/BasePluginConventionBeanInfo> (0x00000000efec7248) thrown at [D:\src\AOSP-openjdk-cygwin\jdk8u\hotspot\src\share\vm\classfile\systemDictionary.cpp, line 210]
Event: 8.893 Thread 0x0000000019742000 Exception <a 'java/lang/ClassNotFoundException': org/gradle/api/plugins/BasePluginConventionCustomizer> (0x00000000efeebb98) thrown at [D:\src\AOSP-openjdk-cygwin\jdk8u\hotspot\src\share\vm\classfile\systemDictionary.cpp, line 210]

Events (10 events):
Event: 9.345 loading class org/gradle/api/internal/tasks/compile/DefaultJvmLanguageCompileSpec
Event: 9.345 loading class org/gradle/api/internal/tasks/compile/DefaultJvmLanguageCompileSpec done
Event: 9.346 loading class org/gradle/api/internal/tasks/compile/CleaningJavaCompiler
Event: 9.346 loading class org/gradle/api/internal/tasks/compile/CleaningJavaCompiler done
Event: 9.347 loading class org/gradle/api/internal/tasks/compile/CleaningJavaCompilerSupport
Event: 9.348 loading class org/gradle/api/internal/tasks/compile/CleaningJavaCompilerSupport done
Event: 9.348 loading class org/gradle/api/tasks/compile/CompileOptions
Event: 9.348 loading class org/gradle/api/tasks/compile/CompileOptions done
Event: 9.350 loading class org/gradle/api/tasks/compile/AbstractOptions
Event: 9.350 loading class org/gradle/api/tasks/compile/AbstractOptions done


Dynamic libraries:
0x00007ff6505d0000 - 0x00007ff650601000 	C:\Program Files\Android\Android Studio\jre\bin\java.exe
0x00007ffe0f020000 - 0x00007ffe0f210000 	C:\Windows\SYSTEM32\ntdll.dll
0x00007ffe0dbd0000 - 0x00007ffe0dc82000 	C:\Windows\System32\KERNEL32.DLL
0x00007ffe0c110000 - 0x00007ffe0c3b4000 	C:\Windows\System32\KERNELBASE.dll
0x00007ffe0da60000 - 0x00007ffe0db03000 	C:\Windows\System32\ADVAPI32.dll
0x00007ffe0ef10000 - 0x00007ffe0efae000 	C:\Windows\System32\msvcrt.dll
0x00007ffe0d850000 - 0x00007ffe0d8e7000 	C:\Windows\System32\sechost.dll
0x00007ffe0d0a0000 - 0x00007ffe0d1c0000 	C:\Windows\System32\RPCRT4.dll
0x00007ffe0e9f0000 - 0x00007ffe0eb84000 	C:\Windows\System32\USER32.dll
0x00007ffe0cfc0000 - 0x00007ffe0cfe1000 	C:\Windows\System32\win32u.dll
0x00007ffe0da30000 - 0x00007ffe0da56000 	C:\Windows\System32\GDI32.dll
0x00007ffe0c3c0000 - 0x00007ffe0c556000 	C:\Windows\System32\gdi32full.dll
0x00007ffe0bf70000 - 0x00007ffe0c00e000 	C:\Windows\System32\msvcp_win.dll
0x00007ffe0c010000 - 0x00007ffe0c10a000 	C:\Windows\System32\ucrtbase.dll
0x00007ffde1180000 - 0x00007ffde1404000 	C:\Windows\WinSxS\amd64_microsoft.windows.common-controls_6595b64144ccf1df_6.0.18362.959_none_e6c7bbbf130c62bb\COMCTL32.dll
0x00007ffe0dca0000 - 0x00007ffe0dfd5000 	C:\Windows\System32\combase.dll
0x00007ffe0cff0000 - 0x00007ffe0d070000 	C:\Windows\System32\bcryptPrimitives.dll
0x00007ffe0eee0000 - 0x00007ffe0ef0e000 	C:\Windows\System32\IMM32.DLL
0x00000000743a0000 - 0x0000000074472000 	C:\Program Files\Android\Android Studio\jre\jre\bin\msvcr100.dll
0x0000000073330000 - 0x0000000073b76000 	C:\Program Files\Android\Android Studio\jre\jre\bin\server\jvm.dll
0x00007ffe0d840000 - 0x00007ffe0d848000 	C:\Windows\System32\PSAPI.DLL
0x00007ffe08840000 - 0x00007ffe08864000 	C:\Windows\SYSTEM32\WINMM.dll
0x00007ffdf7e10000 - 0x00007ffdf7e19000 	C:\Windows\SYSTEM32\WSOCK32.dll
0x00007ffe020f0000 - 0x00007ffe020fa000 	C:\Windows\SYSTEM32\VERSION.dll
0x00007ffe0e060000 - 0x00007ffe0e0cf000 	C:\Windows\System32\WS2_32.dll
0x00007ffe087d0000 - 0x00007ffe087fd000 	C:\Windows\SYSTEM32\WINMMBASE.dll
0x00007ffe0ccf0000 - 0x00007ffe0cd3a000 	C:\Windows\System32\cfgmgr32.dll
0x00007ffe02fb0000 - 0x00007ffe02fbf000 	C:\Program Files\Android\Android Studio\jre\jre\bin\verify.dll
0x00007ffe02f80000 - 0x00007ffe02fa9000 	C:\Program Files\Android\Android Studio\jre\jre\bin\java.dll
0x00007ffddb1a0000 - 0x00007ffddb1b6000 	C:\Program Files\Android\Android Studio\jre\jre\bin\zip.dll
0x00007ffe0e150000 - 0x00007ffe0e836000 	C:\Windows\System32\SHELL32.dll
0x00007ffe0ecf0000 - 0x00007ffe0ed99000 	C:\Windows\System32\shcore.dll
0x00007ffe0c560000 - 0x00007ffe0cce2000 	C:\Windows\System32\windows.storage.dll
0x00007ffe0bed0000 - 0x00007ffe0bef3000 	C:\Windows\System32\profapi.dll
0x00007ffe0bf20000 - 0x00007ffe0bf6a000 	C:\Windows\System32\powrprof.dll
0x00007ffe0bea0000 - 0x00007ffe0beb0000 	C:\Windows\System32\UMPDC.dll
0x00007ffe0d7e0000 - 0x00007ffe0d832000 	C:\Windows\System32\shlwapi.dll
0x00007ffe0beb0000 - 0x00007ffe0bec1000 	C:\Windows\System32\kernel.appcore.dll
0x00007ffe0ce90000 - 0x00007ffe0cea7000 	C:\Windows\System32\cryptsp.dll
0x00007ffddb180000 - 0x00007ffddb19a000 	C:\Program Files\Android\Android Studio\jre\jre\bin\net.dll
0x00007ffe0b710000 - 0x00007ffe0b777000 	C:\Windows\system32\mswsock.dll
0x00007ffdd6fc0000 - 0x00007ffdd6fd1000 	C:\Program Files\Android\Android Studio\jre\jre\bin\nio.dll
0x00007ffe085e0000 - 0x00007ffe085fe000 	C:\Users\LENOVO\.gradle\native\25\windows-amd64\native-platform.dll
0x00007ffe00d60000 - 0x00007ffe00d6d000 	C:\Program Files\Android\Android Studio\jre\jre\bin\management.dll
0x00007ffe0b280000 - 0x00007ffe0b2b3000 	C:\Windows\system32\rsaenh.dll
0x00007ffe0d070000 - 0x00007ffe0d096000 	C:\Windows\System32\bcrypt.dll
0x00007ffe0bdc0000 - 0x00007ffe0bde5000 	C:\Windows\SYSTEM32\USERENV.dll
0x00007ffe0b8e0000 - 0x00007ffe0b8ec000 	C:\Windows\SYSTEM32\CRYPTBASE.dll
0x00007ffe0b420000 - 0x00007ffe0b45a000 	C:\Windows\SYSTEM32\IPHLPAPI.DLL
0x00007ffe0dbc0000 - 0x00007ffe0dbc8000 	C:\Windows\System32\NSI.dll
0x00007ffdfefa0000 - 0x00007ffdfefb6000 	C:\Windows\SYSTEM32\dhcpcsvc6.DLL
0x00007ffdff9c0000 - 0x00007ffdff9dc000 	C:\Windows\SYSTEM32\dhcpcsvc.DLL
0x00007ffe0b460000 - 0x00007ffe0b52b000 	C:\Windows\SYSTEM32\DNSAPI.dll

VM Arguments:
jvm_args: -XX:+HeapDumpOnOutOfMemoryError -Xmx1024m -Dfile.encoding=windows-1256 -Duser.country=US -Duser.language=en -Duser.variant 
java_command: org.gradle.launcher.daemon.bootstrap.GradleDaemon 4.6
java_class_path (initial): C:\Users\LENOVO\.gradle\wrapper\dists\gradle-4.6-all\bcst21l2brirad8k2ben1letg\gradle-4.6\lib\gradle-launcher-4.6.jar
Launcher Type: SUN_STANDARD

Environment Variables:
PATH=C:\Windows\system32;C:\Windows;C:\Windows\System32\Wbem;C:\Windows\System32\WindowsPowerShell\v1.0\;C:\Windows\System32\OpenSSH\;C:\Program Files (x86)\Microsoft SQL Server\140\Tools\Binn\;C:\Program Files\Microsoft SQL Server\140\Tools\Binn\;C:\Program Files (x86)\Microsoft SQL Server\140\DTS\Binn\;C:\Program Files\Microsoft SQL Server\140\DTS\Binn\;C:\Program Files\Microsoft SQL Server\Client SDK\ODBC\130\Tools\Binn\;C:\Program Files (x86)\Microsoft SQL Server\Client SDK\ODBC\130\Tools\Binn\;C:\Program Files (x86)\Microsoft SQL Server\140\Tools\Binn\ManagementStudio\;C:\Program Files\dotnet\;C:\Program Files\Microsoft SQL Server\130\Tools\Binn\;C:\Program Files\Microsoft SQL Server\Client SDK\ODBC\170\Tools\Binn\;C:\Program Files (x86)\Microsoft SQL Server\100\Tools\Binn\;C:\Program Files\Microsoft SQL Server\100\Tools\Binn\;C:\Program Files\Microsoft SQL Server\100\DTS\Binn\;C:\Program Files (x86)\Microsoft SQL Server\100\Tools\Binn\VSShell\Common7\IDE\;C:\Program Files (x86)\Microsoft Visual Studio 9.0\Common7\IDE\PrivateAssemblies\;C:\Program Files (x86)\Microsoft SQL Server\100\DTS\Binn\;C:\Program Files (x86)\Microsoft SQL Server\90\Tools\binn\;C:\Windows\system32\config\systemprofile\.dnx\bin;C:\Program Files\Microsoft DNX\Dnvm\;C:\Program Files\Git\cmd;C:\Program Files\Microsoft\Web Platform Installer\;C:\Program Files\Microsoft SQL Server\110\DTS\Binn\;C:\Program Files (x86)\Microsoft SQL Server\110\Tools\Binn\;C:\Program Files\Microsoft SQL Server\110\Tools\Binn\;C:\Program Files (x86)\Microsoft SQL Server\110\Tools\Binn\ManagementStudio\;C:\Program Files (x86)\Microsoft Visual Studio 10.0\Common7\IDE\PrivateAssemblies\;C:\Program Files (x86)\Microsoft SQL Server\110\DTS\Binn\;C:\Program Files (x86)\CrSSL\bin;C:\Program Files (x86)\CrSSL\bin;C:\Program Files (x86)\CrSSL\bin;C:\Users\LENOVO\AppData\Local\Microsoft\WindowsApps;C:\Users\LENOVO\.dotnet\tools
USERNAME=LENOVO
OS=Windows_NT
PROCESSOR_IDENTIFIER=Intel64 Family 6 Model 142 Stepping 11, GenuineIntel



---------------  S Y S T E M  ---------------

OS: Windows 10.0 , 64 bit Build 18362 (10.0.18362.959)

CPU:total 8 (initial active 8) (4 cores per cpu, 2 threads per core) family 6 model 142 stepping 11, cmov, cx8, fxsr, mmx, sse, sse2, sse3, ssse3, sse4.1, sse4.2, popcnt, avx, avx2, clmul, erms, 3dnowpref, lzcnt, ht, tsc, tscinvbit, bmi1, bmi2, adx

Memory: 4k page, physical 16615512k(3065328k free), swap 16615512k(6344k free)

vm_info: OpenJDK 64-Bit Server VM (25.202-b03) for windows-amd64 JRE (1.8.0_202-release-1483-b03), built by "builder" with MS VC++ 10.0 (VS2010)

time: Tue Jul 28 11:31:33 2020
timezone: Jordan Daylight Time
elapsed time: 9 seconds (0d 0h 0m 9s)

