#
# There is insufficient memory for the Java Runtime Environment to continue.
# Native memory allocation (malloc) failed to allocate 1288336 bytes for Chunk::new
# Possible reasons:
#   The system is out of physical RAM or swap space
#   The process is running with CompressedOops enabled, and the Java Heap may be blocking the growth of the native heap
# Possible solutions:
#   Reduce memory load on the system
#   Increase physical memory or swap space
#   Check if swap backing store is full
#   Decrease Java heap size (-Xmx/-Xms)
#   Decrease number of Java threads
#   Decrease Java thread stack sizes (-Xss)
#   Set larger code cache with -XX:ReservedCodeCacheSize=
#   JVM is running with Unscaled Compressed Oops mode in which the Java heap is
#     placed in the first 4GB address space. The Java Heap base address is the
#     maximum limit for the native heap growth. Please use -XX:HeapBaseMinAddress
#     to set the Java Heap base and to place the Java Heap above 4GB virtual address.
# This output file may be truncated or incomplete.
#
#  Out of Memory Error (./src/hotspot/share/memory/arena.cpp:197), pid=5868, tid=6400
#
# JRE version: OpenJDK Runtime Environment (11.0.8+10) (build 11.0.8+10-b944.6842174)
# Java VM: OpenJDK 64-Bit Server VM (11.0.8+10-b944.6842174, mixed mode, tiered, compressed oops, g1 gc, windows-amd64)
# No core dump will be written. Minidumps are not enabled by default on client versions of Windows
#

---------------  S U M M A R Y ------------

Command Line: -XX:+HeapDumpOnOutOfMemoryError -Xmx1024m -Dfile.encoding=windows-1256 -Duser.country=US -Duser.language=en -Duser.variant org.gradle.launcher.daemon.bootstrap.GradleDaemon 4.8.1

Host: Intel(R) Core(TM) i7-8565U CPU @ 1.80GHz, 8 cores, 15G,  Windows 10 , 64 bit Build 19041 (10.0.19041.1023)
Time: Wed Jul  7 13:21:59 2021 Jordan Daylight Time elapsed time: 2816 seconds (0d 0h 46m 56s)

---------------  T H R E A D  ---------------

Current thread (0x00000247c0e04800):  JavaThread "C2 CompilerThread0" daemon [_thread_in_native, id=6400, stack(0x000000f34b100000,0x000000f34b200000)]


Current CompileTask:
C2:2816320 21659       4       com.android.tools.r8.ir.code.IRCode::computeLiveAtEntrySets (617 bytes)

Stack: [0x000000f34b100000,0x000000f34b200000]
Native frames: (J=compiled Java code, j=interpreted, Vv=VM code, C=native code)
V  [jvm.dll+0x5de50a]
V  [jvm.dll+0x7122f5]
V  [jvm.dll+0x71384d]
V  [jvm.dll+0x713f03]
V  [jvm.dll+0x23e728]
V  [jvm.dll+0xb899c]
V  [jvm.dll+0xb8e9c]
V  [jvm.dll+0x35020b]
V  [jvm.dll+0x193cbc]
V  [jvm.dll+0x1f780e]
V  [jvm.dll+0x1f68d4]
V  [jvm.dll+0x17f32c]
V  [jvm.dll+0x205047]
V  [jvm.dll+0x203891]
V  [jvm.dll+0x6dad3f]
V  [jvm.dll+0x6d3895]
V  [jvm.dll+0x5dd4a6]
C  [ucrtbase.dll+0x21bb2]
C  [KERNEL32.DLL+0x17034]
C  [ntdll.dll+0x52651]


---------------  P R O C E S S  ---------------

Threads class SMR info:
_java_thread_list=0x00000247c28f0910, length=53, elements={
0x00000247a884e800, 0x00000247c0568000, 0x00000247c056b800, 0x00000247c0e01000,
0x00000247c0e03000, 0x00000247c0e04800, 0x00000247c0e0b800, 0x00000247c0e16800,
0x00000247c0f75800, 0x00000247c0f78800, 0x00000247c2e1f800, 0x00000247c2408800,
0x00000247c2cc7000, 0x00000247c2e05000, 0x00000247c2081800, 0x00000247c2084000,
0x00000247c2082000, 0x00000247c207c800, 0x00000247c2083000, 0x00000247c207e000,
0x00000247c2080800, 0x00000247c2084800, 0x00000247c207f000, 0x00000247c2085800,
0x00000247c207f800, 0x00000247c2088800, 0x00000247c2089800, 0x00000247c2086800,
0x00000247c2087000, 0x00000247c2088000, 0x00000247c208a800, 0x00000247c2687800,
0x00000247c2686000, 0x00000247c2686800, 0x00000247c2682000, 0x00000247c2688800,
0x00000247c2682800, 0x00000247c80b7000, 0x00000247c80b8000, 0x00000247c80ba800,
0x00000247c80b5800, 0x00000247c80bb000, 0x00000247c80b8800, 0x00000247c80bc000,
0x00000247c80b9800, 0x00000247c80b6800, 0x00000247c80c4000, 0x00000247c80be800,
0x00000247c80bf800, 0x00000247c207d800, 0x00000247ced71800, 0x00000247ced73000,
0x00000247ced74000
}

Java Threads: ( => current thread )
  0x00000247a884e800 JavaThread "main" [_thread_blocked, id=2176, stack(0x000000f34a600000,0x000000f34a700000)]
  0x00000247c0568000 JavaThread "Reference Handler" daemon [_thread_blocked, id=10700, stack(0x000000f34ad00000,0x000000f34ae00000)]
  0x00000247c056b800 JavaThread "Finalizer" daemon [_thread_blocked, id=6992, stack(0x000000f34ae00000,0x000000f34af00000)]
  0x00000247c0e01000 JavaThread "Signal Dispatcher" daemon [_thread_blocked, id=12156, stack(0x000000f34af00000,0x000000f34b000000)]
  0x00000247c0e03000 JavaThread "Attach Listener" daemon [_thread_blocked, id=5648, stack(0x000000f34b000000,0x000000f34b100000)]
=>0x00000247c0e04800 JavaThread "C2 CompilerThread0" daemon [_thread_in_native, id=6400, stack(0x000000f34b100000,0x000000f34b200000)]
  0x00000247c0e0b800 JavaThread "C1 CompilerThread0" daemon [_thread_blocked, id=18316, stack(0x000000f34b200000,0x000000f34b300000)]
  0x00000247c0e16800 JavaThread "Sweeper thread" daemon [_thread_blocked, id=1216, stack(0x000000f34b300000,0x000000f34b400000)]
  0x00000247c0f75800 JavaThread "Service Thread" daemon [_thread_blocked, id=18144, stack(0x000000f34b400000,0x000000f34b500000)]
  0x00000247c0f78800 JavaThread "Common-Cleaner" daemon [_thread_blocked, id=9776, stack(0x000000f34b600000,0x000000f34b700000)]
  0x00000247c2e1f800 JavaThread "Incoming local TCP Connector on port 5145" [_thread_in_native, id=12892, stack(0x000000f34b700000,0x000000f34b800000)]
  0x00000247c2408800 JavaThread "Daemon periodic checks" [_thread_blocked, id=17264, stack(0x000000f34bd00000,0x000000f34be00000)]
  0x00000247c2cc7000 JavaThread "Cache worker for file hash cache (C:\Users\LENOVO\.gradle\caches\4.8.1\fileHashes)" [_thread_blocked, id=18180, stack(0x000000f34c400000,0x000000f34c500000)]
  0x00000247c2e05000 JavaThread "File lock request listener" [_thread_in_native, id=17420, stack(0x000000f34c500000,0x000000f34c600000)]
  0x00000247c2081800 JavaThread "Memory manager" [_thread_blocked, id=2100, stack(0x000000f34cb00000,0x000000f34cc00000)]
  0x00000247c2084000 JavaThread "pool-1-thread-1" [_thread_blocked, id=4200, stack(0x000000f34d600000,0x000000f34d700000)]
  0x00000247c2082000 JavaThread "Daemon Thread 2" [_thread_blocked, id=3272, stack(0x000000f34a400000,0x000000f34a500000)]
  0x00000247c207c800 JavaThread "Handler for socket connection from /127.0.0.1:5145 to /127.0.0.1:2548" [_thread_in_native, id=15916, stack(0x000000f34a500000,0x000000f34a600000)]
  0x00000247c2083000 JavaThread "Cancel handler" [_thread_blocked, id=9892, stack(0x000000f34be00000,0x000000f34bf00000)]
  0x00000247c207e000 JavaThread "Daemon worker Thread 2" [_thread_blocked, id=2996, stack(0x000000f34bf00000,0x000000f34c000000)]
  0x00000247c2080800 JavaThread "Asynchronous log dispatcher for DefaultDaemonConnection: socket connection from /127.0.0.1:5145 to /127.0.0.1:2548" [_thread_blocked, id=17020, stack(0x000000f34c000000,0x000000f34c100000)]
  0x00000247c2084800 JavaThread "Cache worker for file hash cache (C:\Users\LENOVO\StudioProjects\CashVanP_Git\.gradle\4.8.1\fileHashes)" [_thread_blocked, id=16724, stack(0x000000f34c200000,0x000000f34c300000)]
  0x00000247c207f000 JavaThread "Cache worker for Artifact transforms cache (C:\Users\LENOVO\.gradle\caches\transforms-1)" [_thread_blocked, id=11204, stack(0x000000f34c300000,0x000000f34c400000)]
  0x00000247c2085800 JavaThread "Build operations" [_thread_blocked, id=15372, stack(0x000000f34cc00000,0x000000f34cd00000)]
  0x00000247c207f800 JavaThread "Build operations Thread 2" [_thread_blocked, id=5712, stack(0x000000f34cd00000,0x000000f34ce00000)]
  0x00000247c2088800 JavaThread "Build operations Thread 3" [_thread_blocked, id=15000, stack(0x000000f34ce00000,0x000000f34cf00000)]
  0x00000247c2089800 JavaThread "Build operations Thread 4" [_thread_blocked, id=10880, stack(0x000000f34cf00000,0x000000f34d000000)]
  0x00000247c2086800 JavaThread "Build operations Thread 5" [_thread_blocked, id=3252, stack(0x000000f34d000000,0x000000f34d100000)]
  0x00000247c2087000 JavaThread "Build operations Thread 6" [_thread_blocked, id=5700, stack(0x000000f34d100000,0x000000f34d200000)]
  0x00000247c2088000 JavaThread "Build operations Thread 7" [_thread_blocked, id=10052, stack(0x000000f34d200000,0x000000f34d300000)]
  0x00000247c208a800 JavaThread "Build operations Thread 8" [_thread_blocked, id=2824, stack(0x000000f34d300000,0x000000f34d400000)]
  0x00000247c2687800 JavaThread "Cache worker for file content cache (C:\Users\LENOVO\StudioProjects\CashVanP_Git\.gradle\4.8.1\fileContent)" [_thread_blocked, id=792, stack(0x000000f34d400000,0x000000f34d500000)]
  0x00000247c2686000 JavaThread "Cache worker for task history cache (C:\Users\LENOVO\StudioProjects\CashVanP_Git\.gradle\4.8.1\taskHistory)" [_thread_blocked, id=10980, stack(0x000000f34d700000,0x000000f34d800000)]
  0x00000247c2686800 JavaThread "Cache worker for Build Output Cleanup Cache (C:\Users\LENOVO\StudioProjects\CashVanP_Git\.gradle\buildOutputCleanup)" [_thread_blocked, id=11748, stack(0x000000f34d800000,0x000000f34d900000)]
  0x00000247c2682000 JavaThread "Task worker for ':'" [_thread_blocked, id=16308, stack(0x000000f34d900000,0x000000f34da00000)]
  0x00000247c2688800 JavaThread "Task worker for ':' Thread 2" [_thread_blocked, id=10072, stack(0x000000f34da00000,0x000000f34db00000)]
  0x00000247c2682800 JavaThread "Task worker for ':' Thread 3" [_thread_blocked, id=9092, stack(0x000000f34db00000,0x000000f34dc00000)]
  0x00000247c80b7000 JavaThread "Task worker for ':' Thread 4" [_thread_blocked, id=14004, stack(0x000000f34dc00000,0x000000f34dd00000)]
  0x00000247c80b8000 JavaThread "Task worker for ':' Thread 5" [_thread_blocked, id=8656, stack(0x000000f34dd00000,0x000000f34de00000)]
  0x00000247c80ba800 JavaThread "Task worker for ':' Thread 6" [_thread_blocked, id=332, stack(0x000000f34de00000,0x000000f34df00000)]
  0x00000247c80b5800 JavaThread "Task worker for ':' Thread 7" [_thread_blocked, id=11704, stack(0x000000f34df00000,0x000000f34e000000)]
  0x00000247c80bb000 JavaThread "pool-4-thread-1" [_thread_blocked, id=4464, stack(0x000000f34e000000,0x000000f34e100000)]
  0x00000247c80b8800 JavaThread "stderr" [_thread_in_native, id=2676, stack(0x000000f34e100000,0x000000f34e200000)]
  0x00000247c80bc000 JavaThread "stdout" [_thread_in_native, id=2684, stack(0x000000f34e200000,0x000000f34e300000)]
  0x00000247c80b9800 JavaThread "Cache worker for Java compile cache (C:\Users\LENOVO\StudioProjects\CashVanP_Git\.gradle\4.8.1\javaCompile)" [_thread_blocked, id=12744, stack(0x000000f34e300000,0x000000f34e400000)]
  0x00000247c80b6800 JavaThread "C2 CompilerThread1" daemon [_thread_in_native, id=960, stack(0x000000f34a300000,0x000000f34a400000)]
  0x00000247c80c4000 JavaThread "File lock release action executor" [_thread_blocked, id=5388, stack(0x000000f34e700000,0x000000f34e800000)]
  0x00000247c80be800 JavaThread "ForkJoinPool.commonPool-worker-3" daemon [_thread_in_Java, id=10404, stack(0x000000f34c100000,0x000000f34c200000)]
  0x00000247c80bf800 JavaThread "ForkJoinPool.commonPool-worker-5" daemon [_thread_in_Java, id=4528, stack(0x000000f34e800000,0x000000f34e900000)]
  0x00000247c207d800 JavaThread "ForkJoinPool.commonPool-worker-7" daemon [_thread_blocked, id=2236, stack(0x000000f34e900000,0x000000f34ea00000)]
  0x00000247ced71800 JavaThread "ForkJoinPool.commonPool-worker-9" daemon [_thread_blocked, id=4520, stack(0x000000f34ea00000,0x000000f34eb00000)]
  0x00000247ced73000 JavaThread "ForkJoinPool.commonPool-worker-11" daemon [_thread_blocked, id=10832, stack(0x000000f34eb00000,0x000000f34ec00000)]
  0x00000247ced74000 JavaThread "C2 CompilerThread2" daemon [_thread_in_vm, id=12248, stack(0x000000f34c600000,0x000000f34c700000)]

Other Threads:
  0x00000247c0562000 VMThread "VM Thread" [stack: 0x000000f34ac00000,0x000000f34ad00000] [id=14464]
  0x00000247c0f77000 WatcherThread [stack: 0x000000f34b500000,0x000000f34b600000] [id=8820]
  0x00000247a8867000 GCTaskThread "GC Thread#0" [stack: 0x000000f34a700000,0x000000f34a800000] [id=4164]
  0x00000247c2033000 GCTaskThread "GC Thread#1" [stack: 0x000000f34b800000,0x000000f34b900000] [id=10912]
  0x00000247c1b24800 GCTaskThread "GC Thread#2" [stack: 0x000000f34b900000,0x000000f34ba00000] [id=9952]
  0x00000247c1f8c000 GCTaskThread "GC Thread#3" [stack: 0x000000f34ba00000,0x000000f34bb00000] [id=8108]
  0x00000247c1b51800 GCTaskThread "GC Thread#4" [stack: 0x000000f34bb00000,0x000000f34bc00000] [id=1732]
  0x00000247c17fc000 GCTaskThread "GC Thread#5" [stack: 0x000000f34bc00000,0x000000f34bd00000] [id=9308]
  0x00000247c2df5800 GCTaskThread "GC Thread#6" [stack: 0x000000f34c800000,0x000000f34c900000] [id=10744]
  0x00000247c2e37000 GCTaskThread "GC Thread#7" [stack: 0x000000f34c900000,0x000000f34ca00000] [id=1200]
  0x00000247a8881000 ConcurrentGCThread "G1 Main Marker" [stack: 0x000000f34a800000,0x000000f34a900000] [id=15772]
  0x00000247a8883800 ConcurrentGCThread "G1 Conc#0" [stack: 0x000000f34a900000,0x000000f34aa00000] [id=14800]
  0x00000247c17ca800 ConcurrentGCThread "G1 Conc#1" [stack: 0x000000f34ca00000,0x000000f34cb00000] [id=1120]
  0x00000247a892e000 ConcurrentGCThread "G1 Refine#0" [stack: 0x000000f34aa00000,0x000000f34ab00000] [id=4624]
  0x00000247c8829800 ConcurrentGCThread "G1 Refine#1" [stack: 0x000000f34d500000,0x000000f34d600000] [id=5520]
  0x00000247c8477800 ConcurrentGCThread "G1 Refine#2" [stack: 0x000000f34c700000,0x000000f34c800000] [id=11400]
  0x00000247cade8800 ConcurrentGCThread "G1 Refine#3" [stack: 0x000000f34e400000,0x000000f34e500000] [id=18060]
  0x00000247cb6ec800 ConcurrentGCThread "G1 Refine#4" [stack: 0x000000f34e500000,0x000000f34e600000] [id=8528]
  0x00000247c6ff3800 ConcurrentGCThread "G1 Refine#5" [stack: 0x000000f34e600000,0x000000f34e700000] [id=18248]
  0x00000247c03da800 ConcurrentGCThread "G1 Young RemSet Sampling" [stack: 0x000000f34ab00000,0x000000f34ac00000] [id=3356]

Threads with active compile tasks:
C2 CompilerThread02816378 21659       4       com.android.tools.r8.ir.code.IRCode::computeLiveAtEntrySets (617 bytes)
C2 CompilerThread12816378 21685 %     4       com.android.tools.r8.ir.conversion.DexBuilder::build @ 221 (646 bytes)
C2 CompilerThread22816378 21664 %     4       com.android.tools.r8.ir.conversion.DexBuilder::removeRedundantDebugPositions @ 176 (643 bytes)

VM state:not at safepoint (normal execution)

VM Mutex/Monitor currently owned by a thread: None

Heap address: 0x00000000c0000000, size: 1024 MB, Compressed Oops mode: 32-bit
Narrow klass base: 0x0000000000000000, Narrow klass shift: 3
Compressed class space size: 1073741824 Address: 0x0000000100000000

Heap:
 garbage-first heap   total 260096K, used 176433K [0x00000000c0000000, 0x0000000100000000)
  region size 1024K, 64 young (65536K), 9 survivors (9216K)
 Metaspace       used 106305K, capacity 108235K, committed 108800K, reserved 1144832K
  class space    used 12513K, capacity 13155K, committed 13312K, reserved 1048576K
Heap Regions: E=young(eden), S=young(survivor), O=old, HS=humongous(starts), HC=humongous(continues), CS=collection set, F=free, A=archive, TAMS=top-at-mark-start (previous, next)
|   0|0x00000000c0000000, 0x00000000c0100000, 0x00000000c0100000|100%|HS|  |TAMS 0x00000000c0100000, 0x00000000c0000000| Complete 
|   1|0x00000000c0100000, 0x00000000c0200000, 0x00000000c0200000|100%|HC|  |TAMS 0x00000000c0200000, 0x00000000c0100000| Complete 
|   2|0x00000000c0200000, 0x00000000c0300000, 0x00000000c0300000|100%| O|  |TAMS 0x00000000c0300000, 0x00000000c0200000| Untracked 
|   3|0x00000000c0300000, 0x00000000c0400000, 0x00000000c0400000|100%| O|  |TAMS 0x00000000c0400000, 0x00000000c0300000| Untracked 
|   4|0x00000000c0400000, 0x00000000c0500000, 0x00000000c0500000|100%|HS|  |TAMS 0x00000000c0500000, 0x00000000c0400000| Complete 
|   5|0x00000000c0500000, 0x00000000c0600000, 0x00000000c0600000|100%|HC|  |TAMS 0x00000000c0600000, 0x00000000c0500000| Complete 
|   6|0x00000000c0600000, 0x00000000c0700000, 0x00000000c0700000|100%|HS|  |TAMS 0x00000000c0700000, 0x00000000c0600000| Complete 
|   7|0x00000000c0700000, 0x00000000c0800000, 0x00000000c0800000|100%|HC|  |TAMS 0x00000000c0800000, 0x00000000c0700000| Complete 
|   8|0x00000000c0800000, 0x00000000c0900000, 0x00000000c0900000|100%|HC|  |TAMS 0x00000000c0900000, 0x00000000c0800000| Complete 
|   9|0x00000000c0900000, 0x00000000c0a00000, 0x00000000c0a00000|100%|HS|  |TAMS 0x00000000c0a00000, 0x00000000c0900000| Complete 
|  10|0x00000000c0a00000, 0x00000000c0b00000, 0x00000000c0b00000|100%|HC|  |TAMS 0x00000000c0b00000, 0x00000000c0a00000| Complete 
|  11|0x00000000c0b00000, 0x00000000c0c00000, 0x00000000c0c00000|100%|HC|  |TAMS 0x00000000c0c00000, 0x00000000c0b00000| Complete 
|  12|0x00000000c0c00000, 0x00000000c0d00000, 0x00000000c0d00000|100%|HC|  |TAMS 0x00000000c0d00000, 0x00000000c0c00000| Complete 
|  13|0x00000000c0d00000, 0x00000000c0e00000, 0x00000000c0e00000|100%|HS|  |TAMS 0x00000000c0e00000, 0x00000000c0d00000| Complete 
|  14|0x00000000c0e00000, 0x00000000c0f00000, 0x00000000c0f00000|100%|HC|  |TAMS 0x00000000c0f00000, 0x00000000c0e00000| Complete 
|  15|0x00000000c0f00000, 0x00000000c1000000, 0x00000000c1000000|100%| O|  |TAMS 0x00000000c1000000, 0x00000000c0f00000| Untracked 
|  16|0x00000000c1000000, 0x00000000c1100000, 0x00000000c1100000|100%| O|  |TAMS 0x00000000c1100000, 0x00000000c1000000| Untracked 
|  17|0x00000000c1100000, 0x00000000c1200000, 0x00000000c1200000|100%| O|  |TAMS 0x00000000c1200000, 0x00000000c1100000| Untracked 
|  18|0x00000000c1200000, 0x00000000c1300000, 0x00000000c1300000|100%| O|  |TAMS 0x00000000c1300000, 0x00000000c1200000| Untracked 
|  19|0x00000000c1300000, 0x00000000c1400000, 0x00000000c1400000|100%| O|  |TAMS 0x00000000c1400000, 0x00000000c1300000| Untracked 
|  20|0x00000000c1400000, 0x00000000c1500000, 0x00000000c1500000|100%| O|  |TAMS 0x00000000c1500000, 0x00000000c1400000| Untracked 
|  21|0x00000000c1500000, 0x00000000c1600000, 0x00000000c1600000|100%| O|  |TAMS 0x00000000c1600000, 0x00000000c1500000| Untracked 
|  22|0x00000000c1600000, 0x00000000c1700000, 0x00000000c1700000|100%| O|  |TAMS 0x00000000c1700000, 0x00000000c1600000| Untracked 
|  23|0x00000000c1700000, 0x00000000c1800000, 0x00000000c1800000|100%| O|  |TAMS 0x00000000c1800000, 0x00000000c1700000| Untracked 
|  24|0x00000000c1800000, 0x00000000c1900000, 0x00000000c1900000|100%| O|  |TAMS 0x00000000c1900000, 0x00000000c1800000| Untracked 
|  25|0x00000000c1900000, 0x00000000c1a00000, 0x00000000c1a00000|100%|HS|  |TAMS 0x00000000c1a00000, 0x00000000c1900000| Complete 
|  26|0x00000000c1a00000, 0x00000000c1b00000, 0x00000000c1b00000|100%|HC|  |TAMS 0x00000000c1b00000, 0x00000000c1a00000| Complete 
|  27|0x00000000c1b00000, 0x00000000c1c00000, 0x00000000c1c00000|100%| O|  |TAMS 0x00000000c1c00000, 0x00000000c1b00000| Untracked 
|  28|0x00000000c1c00000, 0x00000000c1d00000, 0x00000000c1d00000|100%| O|  |TAMS 0x00000000c1d00000, 0x00000000c1c00000| Untracked 
|  29|0x00000000c1d00000, 0x00000000c1d21200, 0x00000000c1e00000| 12%| O|  |TAMS 0x00000000c1d00000, 0x00000000c1d00000| Untracked 
|  30|0x00000000c1e00000, 0x00000000c1f00000, 0x00000000c1f00000|100%| O|  |TAMS 0x00000000c1f00000, 0x00000000c1e00000| Untracked 
|  31|0x00000000c1f00000, 0x00000000c2000000, 0x00000000c2000000|100%| O|  |TAMS 0x00000000c2000000, 0x00000000c1f00000| Untracked 
|  32|0x00000000c2000000, 0x00000000c2100000, 0x00000000c2100000|100%| O|  |TAMS 0x00000000c2100000, 0x00000000c2000000| Untracked 
|  33|0x00000000c2100000, 0x00000000c2200000, 0x00000000c2200000|100%| O|  |TAMS 0x00000000c2200000, 0x00000000c2100000| Untracked 
|  34|0x00000000c2200000, 0x00000000c2300000, 0x00000000c2300000|100%| O|  |TAMS 0x00000000c2300000, 0x00000000c2200000| Untracked 
|  35|0x00000000c2300000, 0x00000000c2400000, 0x00000000c2400000|100%| O|  |TAMS 0x00000000c2400000, 0x00000000c2300000| Untracked 
|  36|0x00000000c2400000, 0x00000000c2500000, 0x00000000c2500000|100%| O|  |TAMS 0x00000000c2500000, 0x00000000c2400000| Untracked 
|  37|0x00000000c2500000, 0x00000000c2600000, 0x00000000c2600000|100%| O|  |TAMS 0x00000000c2600000, 0x00000000c2500000| Untracked 
|  38|0x00000000c2600000, 0x00000000c2700000, 0x00000000c2700000|100%| O|  |TAMS 0x00000000c2700000, 0x00000000c2600000| Untracked 
|  39|0x00000000c2700000, 0x00000000c2800000, 0x00000000c2800000|100%| O|  |TAMS 0x00000000c2800000, 0x00000000c2700000| Untracked 
|  40|0x00000000c2800000, 0x00000000c2900000, 0x00000000c2900000|100%| O|  |TAMS 0x00000000c2800000, 0x00000000c2800000| Untracked 
|  41|0x00000000c2900000, 0x00000000c2a00000, 0x00000000c2a00000|100%| O|  |TAMS 0x00000000c2a00000, 0x00000000c2900000| Untracked 
|  42|0x00000000c2a00000, 0x00000000c2b00000, 0x00000000c2b00000|100%| O|  |TAMS 0x00000000c2b00000, 0x00000000c2a00000| Untracked 
|  43|0x00000000c2b00000, 0x00000000c2c00000, 0x00000000c2c00000|100%| O|  |TAMS 0x00000000c2c00000, 0x00000000c2b00000| Untracked 
|  44|0x00000000c2c00000, 0x00000000c2d00000, 0x00000000c2d00000|100%| O|  |TAMS 0x00000000c2d00000, 0x00000000c2c00000| Untracked 
|  45|0x00000000c2d00000, 0x00000000c2d00000, 0x00000000c2e00000|  0%| F|  |TAMS 0x00000000c2d00000, 0x00000000c2d00000| Untracked 
|  46|0x00000000c2e00000, 0x00000000c2f00000, 0x00000000c2f00000|100%| O|  |TAMS 0x00000000c2e00000, 0x00000000c2e00000| Untracked 
|  47|0x00000000c2f00000, 0x00000000c3000000, 0x00000000c3000000|100%| O|  |TAMS 0x00000000c3000000, 0x00000000c2f00000| Untracked 
|  48|0x00000000c3000000, 0x00000000c3100000, 0x00000000c3100000|100%| O|  |TAMS 0x00000000c3100000, 0x00000000c3000000| Untracked 
|  49|0x00000000c3100000, 0x00000000c3200000, 0x00000000c3200000|100%| O|  |TAMS 0x00000000c3200000, 0x00000000c3100000| Untracked 
|  50|0x00000000c3200000, 0x00000000c3300000, 0x00000000c3300000|100%| O|  |TAMS 0x00000000c3300000, 0x00000000c3200000| Untracked 
|  51|0x00000000c3300000, 0x00000000c3400000, 0x00000000c3400000|100%| O|  |TAMS 0x00000000c3400000, 0x00000000c3300000| Untracked 
|  52|0x00000000c3400000, 0x00000000c3500000, 0x00000000c3500000|100%| O|  |TAMS 0x00000000c3500000, 0x00000000c3400000| Untracked 
|  53|0x00000000c3500000, 0x00000000c3600000, 0x00000000c3600000|100%| O|  |TAMS 0x00000000c3600000, 0x00000000c3500000| Untracked 
|  54|0x00000000c3600000, 0x00000000c3700000, 0x00000000c3700000|100%| O|  |TAMS 0x00000000c3700000, 0x00000000c3600000| Untracked 
|  55|0x00000000c3700000, 0x00000000c3800000, 0x00000000c3800000|100%| O|  |TAMS 0x00000000c3700000, 0x00000000c3700000| Untracked 
|  56|0x00000000c3800000, 0x00000000c3900000, 0x00000000c3900000|100%| O|  |TAMS 0x00000000c3800000, 0x00000000c3800000| Untracked 
|  57|0x00000000c3900000, 0x00000000c3a00000, 0x00000000c3a00000|100%| O|  |TAMS 0x00000000c3900000, 0x00000000c3900000| Untracked 
|  58|0x00000000c3a00000, 0x00000000c3b00000, 0x00000000c3b00000|100%| O|  |TAMS 0x00000000c3a00000, 0x00000000c3a00000| Untracked 
|  59|0x00000000c3b00000, 0x00000000c3c00000, 0x00000000c3c00000|100%| O|  |TAMS 0x00000000c3c00000, 0x00000000c3b00000| Untracked 
|  60|0x00000000c3c00000, 0x00000000c3d00000, 0x00000000c3d00000|100%| O|  |TAMS 0x00000000c3d00000, 0x00000000c3c00000| Untracked 
|  61|0x00000000c3d00000, 0x00000000c3e00000, 0x00000000c3e00000|100%| O|  |TAMS 0x00000000c3e00000, 0x00000000c3d00000| Untracked 
|  62|0x00000000c3e00000, 0x00000000c3f00000, 0x00000000c3f00000|100%| O|  |TAMS 0x00000000c3f00000, 0x00000000c3e00000| Untracked 
|  63|0x00000000c3f00000, 0x00000000c4000000, 0x00000000c4000000|100%| O|  |TAMS 0x00000000c3f00000, 0x00000000c3f00000| Untracked 
|  64|0x00000000c4000000, 0x00000000c4100000, 0x00000000c4100000|100%| O|  |TAMS 0x00000000c4000000, 0x00000000c4000000| Untracked 
|  65|0x00000000c4100000, 0x00000000c4200000, 0x00000000c4200000|100%| O|  |TAMS 0x00000000c4100000, 0x00000000c4100000| Untracked 
|  66|0x00000000c4200000, 0x00000000c4300000, 0x00000000c4300000|100%| O|  |TAMS 0x00000000c4300000, 0x00000000c4200000| Untracked 
|  67|0x00000000c4300000, 0x00000000c4400000, 0x00000000c4400000|100%| O|  |TAMS 0x00000000c4300000, 0x00000000c4300000| Untracked 
|  68|0x00000000c4400000, 0x00000000c4400000, 0x00000000c4500000|  0%| F|  |TAMS 0x00000000c4400000, 0x00000000c4400000| Untracked 
|  69|0x00000000c4500000, 0x00000000c4600000, 0x00000000c4600000|100%| O|  |TAMS 0x00000000c4600000, 0x00000000c4500000| Untracked 
|  70|0x00000000c4600000, 0x00000000c4700000, 0x00000000c4700000|100%| O|  |TAMS 0x00000000c4700000, 0x00000000c4600000| Untracked 
|  71|0x00000000c4700000, 0x00000000c4800000, 0x00000000c4800000|100%| O|  |TAMS 0x00000000c4800000, 0x00000000c4700000| Untracked 
|  72|0x00000000c4800000, 0x00000000c4900000, 0x00000000c4900000|100%| O|  |TAMS 0x00000000c4900000, 0x00000000c4800000| Untracked 
|  73|0x00000000c4900000, 0x00000000c4a00000, 0x00000000c4a00000|100%| O|  |TAMS 0x00000000c4a00000, 0x00000000c4900000| Untracked 
|  74|0x00000000c4a00000, 0x00000000c4b00000, 0x00000000c4b00000|100%| O|  |TAMS 0x00000000c4b00000, 0x00000000c4a00000| Untracked 
|  75|0x00000000c4b00000, 0x00000000c4c00000, 0x00000000c4c00000|100%| O|  |TAMS 0x00000000c4c00000, 0x00000000c4b00000| Untracked 
|  76|0x00000000c4c00000, 0x00000000c4d00000, 0x00000000c4d00000|100%| O|  |TAMS 0x00000000c4d00000, 0x00000000c4c00000| Untracked 
|  77|0x00000000c4d00000, 0x00000000c4e00000, 0x00000000c4e00000|100%| O|  |TAMS 0x00000000c4e00000, 0x00000000c4d00000| Untracked 
|  78|0x00000000c4e00000, 0x00000000c4f00000, 0x00000000c4f00000|100%| O|  |TAMS 0x00000000c4f00000, 0x00000000c4e00000| Untracked 
|  79|0x00000000c4f00000, 0x00000000c5000000, 0x00000000c5000000|100%| O|  |TAMS 0x00000000c5000000, 0x00000000c4f00000| Untracked 
|  80|0x00000000c5000000, 0x00000000c5100000, 0x00000000c5100000|100%| O|  |TAMS 0x00000000c5100000, 0x00000000c5000000| Untracked 
|  81|0x00000000c5100000, 0x00000000c5100000, 0x00000000c5200000|  0%| F|  |TAMS 0x00000000c5100000, 0x00000000c5100000| Untracked 
|  82|0x00000000c5200000, 0x00000000c5300000, 0x00000000c5300000|100%| O|  |TAMS 0x00000000c5300000, 0x00000000c5200000| Untracked 
|  83|0x00000000c5300000, 0x00000000c5300000, 0x00000000c5400000|  0%| F|  |TAMS 0x00000000c5300000, 0x00000000c5300000| Untracked 
|  84|0x00000000c5400000, 0x00000000c5400000, 0x00000000c5500000|  0%| F|  |TAMS 0x00000000c5400000, 0x00000000c5400000| Untracked 
|  85|0x00000000c5500000, 0x00000000c5500000, 0x00000000c5600000|  0%| F|  |TAMS 0x00000000c5500000, 0x00000000c5500000| Untracked 
|  86|0x00000000c5600000, 0x00000000c5700000, 0x00000000c5700000|100%| O|  |TAMS 0x00000000c5700000, 0x00000000c5600000| Untracked 
|  87|0x00000000c5700000, 0x00000000c5800000, 0x00000000c5800000|100%| O|  |TAMS 0x00000000c5800000, 0x00000000c5700000| Untracked 
|  88|0x00000000c5800000, 0x00000000c5800000, 0x00000000c5900000|  0%| F|  |TAMS 0x00000000c5800000, 0x00000000c5800000| Untracked 
|  89|0x00000000c5900000, 0x00000000c5a00000, 0x00000000c5a00000|100%| O|  |TAMS 0x00000000c5a00000, 0x00000000c5900000| Untracked 
|  90|0x00000000c5a00000, 0x00000000c5b00000, 0x00000000c5b00000|100%| O|  |TAMS 0x00000000c5b00000, 0x00000000c5a00000| Untracked 
|  91|0x00000000c5b00000, 0x00000000c5c00000, 0x00000000c5c00000|100%| O|  |TAMS 0x00000000c5c00000, 0x00000000c5b00000| Untracked 
|  92|0x00000000c5c00000, 0x00000000c5c00000, 0x00000000c5d00000|  0%| F|  |TAMS 0x00000000c5c00000, 0x00000000c5c00000| Untracked 
|  93|0x00000000c5d00000, 0x00000000c5e00000, 0x00000000c5e00000|100%| O|  |TAMS 0x00000000c5d00000, 0x00000000c5d00000| Untracked 
|  94|0x00000000c5e00000, 0x00000000c5f00000, 0x00000000c5f00000|100%| O|  |TAMS 0x00000000c5e00000, 0x00000000c5e00000| Untracked 
|  95|0x00000000c5f00000, 0x00000000c6000000, 0x00000000c6000000|100%| O|  |TAMS 0x00000000c5f00000, 0x00000000c5f00000| Untracked 
|  96|0x00000000c6000000, 0x00000000c6100000, 0x00000000c6100000|100%| O|  |TAMS 0x00000000c6000000, 0x00000000c6000000| Untracked 
|  97|0x00000000c6100000, 0x00000000c6100000, 0x00000000c6200000|  0%| F|  |TAMS 0x00000000c6100000, 0x00000000c6100000| Untracked 
|  98|0x00000000c6200000, 0x00000000c6200000, 0x00000000c6300000|  0%| F|  |TAMS 0x00000000c6200000, 0x00000000c6200000| Untracked 
|  99|0x00000000c6300000, 0x00000000c6300000, 0x00000000c6400000|  0%| F|  |TAMS 0x00000000c6300000, 0x00000000c6300000| Untracked 
| 100|0x00000000c6400000, 0x00000000c6400000, 0x00000000c6500000|  0%| F|  |TAMS 0x00000000c6400000, 0x00000000c6400000| Untracked 
| 101|0x00000000c6500000, 0x00000000c6500000, 0x00000000c6600000|  0%| F|  |TAMS 0x00000000c6500000, 0x00000000c6500000| Untracked 
| 102|0x00000000c6600000, 0x00000000c6600000, 0x00000000c6700000|  0%| F|  |TAMS 0x00000000c6600000, 0x00000000c6600000| Untracked 
| 103|0x00000000c6700000, 0x00000000c6700000, 0x00000000c6800000|  0%| F|  |TAMS 0x00000000c6700000, 0x00000000c6700000| Untracked 
| 104|0x00000000c6800000, 0x00000000c6800000, 0x00000000c6900000|  0%| F|  |TAMS 0x00000000c6800000, 0x00000000c6800000| Untracked 
| 105|0x00000000c6900000, 0x00000000c6900000, 0x00000000c6a00000|  0%| F|  |TAMS 0x00000000c6900000, 0x00000000c6900000| Untracked 
| 106|0x00000000c6a00000, 0x00000000c6a00000, 0x00000000c6b00000|  0%| F|  |TAMS 0x00000000c6a00000, 0x00000000c6a00000| Untracked 
| 107|0x00000000c6b00000, 0x00000000c6b00000, 0x00000000c6c00000|  0%| F|  |TAMS 0x00000000c6b00000, 0x00000000c6b00000| Untracked 
| 108|0x00000000c6c00000, 0x00000000c6c00000, 0x00000000c6d00000|  0%| F|  |TAMS 0x00000000c6c00000, 0x00000000c6c00000| Untracked 
| 109|0x00000000c6d00000, 0x00000000c6d00000, 0x00000000c6e00000|  0%| F|  |TAMS 0x00000000c6d00000, 0x00000000c6d00000| Untracked 
| 110|0x00000000c6e00000, 0x00000000c6e00000, 0x00000000c6f00000|  0%| F|  |TAMS 0x00000000c6e00000, 0x00000000c6e00000| Untracked 
| 111|0x00000000c6f00000, 0x00000000c6f00000, 0x00000000c7000000|  0%| F|  |TAMS 0x00000000c6f00000, 0x00000000c6f00000| Untracked 
| 112|0x00000000c7000000, 0x00000000c7000000, 0x00000000c7100000|  0%| F|  |TAMS 0x00000000c7000000, 0x00000000c7000000| Untracked 
| 113|0x00000000c7100000, 0x00000000c7100000, 0x00000000c7200000|  0%| F|  |TAMS 0x00000000c7100000, 0x00000000c7100000| Untracked 
| 114|0x00000000c7200000, 0x00000000c7200000, 0x00000000c7300000|  0%| F|  |TAMS 0x00000000c7200000, 0x00000000c7200000| Untracked 
| 115|0x00000000c7300000, 0x00000000c7300000, 0x00000000c7400000|  0%| F|  |TAMS 0x00000000c7300000, 0x00000000c7300000| Untracked 
| 116|0x00000000c7400000, 0x00000000c7400000, 0x00000000c7500000|  0%| F|  |TAMS 0x00000000c7400000, 0x00000000c7400000| Untracked 
| 117|0x00000000c7500000, 0x00000000c752b5e0, 0x00000000c7600000| 16%| S|CS|TAMS 0x00000000c7500000, 0x00000000c7500000| Complete 
| 118|0x00000000c7600000, 0x00000000c7700000, 0x00000000c7700000|100%| S|CS|TAMS 0x00000000c7600000, 0x00000000c7600000| Complete 
| 119|0x00000000c7700000, 0x00000000c7700000, 0x00000000c7800000|  0%| F|  |TAMS 0x00000000c7700000, 0x00000000c7700000| Untracked 
| 120|0x00000000c7800000, 0x00000000c7800000, 0x00000000c7900000|  0%| F|  |TAMS 0x00000000c7800000, 0x00000000c7800000| Untracked 
| 121|0x00000000c7900000, 0x00000000c7a00000, 0x00000000c7a00000|100%| O|  |TAMS 0x00000000c7900000, 0x00000000c7900000| Untracked 
| 122|0x00000000c7a00000, 0x00000000c7b00000, 0x00000000c7b00000|100%| O|  |TAMS 0x00000000c7a00000, 0x00000000c7a00000| Untracked 
| 123|0x00000000c7b00000, 0x00000000c7b00000, 0x00000000c7c00000|  0%| F|  |TAMS 0x00000000c7b00000, 0x00000000c7b00000| Untracked 
| 124|0x00000000c7c00000, 0x00000000c7c00000, 0x00000000c7d00000|  0%| F|  |TAMS 0x00000000c7c00000, 0x00000000c7c00000| Untracked 
| 125|0x00000000c7d00000, 0x00000000c7e00000, 0x00000000c7e00000|100%| S|CS|TAMS 0x00000000c7d00000, 0x00000000c7d00000| Complete 
| 126|0x00000000c7e00000, 0x00000000c7f00000, 0x00000000c7f00000|100%| S|CS|TAMS 0x00000000c7e00000, 0x00000000c7e00000| Complete 
| 127|0x00000000c7f00000, 0x00000000c8000000, 0x00000000c8000000|100%| O|  |TAMS 0x00000000c7f00000, 0x00000000c7f00000| Untracked 
| 128|0x00000000c8000000, 0x00000000c8100000, 0x00000000c8100000|100%| S|CS|TAMS 0x00000000c8000000, 0x00000000c8000000| Complete 
| 129|0x00000000c8100000, 0x00000000c8200000, 0x00000000c8200000|100%| S|CS|TAMS 0x00000000c8100000, 0x00000000c8100000| Complete 
| 130|0x00000000c8200000, 0x00000000c8300000, 0x00000000c8300000|100%| S|CS|TAMS 0x00000000c8200000, 0x00000000c8200000| Complete 
| 131|0x00000000c8300000, 0x00000000c8300000, 0x00000000c8400000|  0%| F|  |TAMS 0x00000000c8300000, 0x00000000c8300000| Untracked 
| 132|0x00000000c8400000, 0x00000000c8400000, 0x00000000c8500000|  0%| F|  |TAMS 0x00000000c8400000, 0x00000000c8400000| Untracked 
| 133|0x00000000c8500000, 0x00000000c8500000, 0x00000000c8600000|  0%| F|  |TAMS 0x00000000c8500000, 0x00000000c8500000| Untracked 
| 134|0x00000000c8600000, 0x00000000c8700000, 0x00000000c8700000|100%| S|CS|TAMS 0x00000000c8600000, 0x00000000c8600000| Complete 
| 135|0x00000000c8700000, 0x00000000c8700000, 0x00000000c8800000|  0%| F|  |TAMS 0x00000000c8700000, 0x00000000c8700000| Untracked 
| 136|0x00000000c8800000, 0x00000000c8900000, 0x00000000c8900000|100%| S|CS|TAMS 0x00000000c8800000, 0x00000000c8800000| Complete 
| 137|0x00000000c8900000, 0x00000000c8900000, 0x00000000c8a00000|  0%| F|  |TAMS 0x00000000c8900000, 0x00000000c8900000| Untracked 
| 138|0x00000000c8a00000, 0x00000000c8b00000, 0x00000000c8b00000|100%| O|  |TAMS 0x00000000c8a4f800, 0x00000000c8a00000| Untracked 
| 139|0x00000000c8b00000, 0x00000000c8b00000, 0x00000000c8c00000|  0%| F|  |TAMS 0x00000000c8b00000, 0x00000000c8b00000| Untracked 
| 140|0x00000000c8c00000, 0x00000000c8c00000, 0x00000000c8d00000|  0%| F|  |TAMS 0x00000000c8c00000, 0x00000000c8c00000| Untracked 
| 141|0x00000000c8d00000, 0x00000000c8d00000, 0x00000000c8e00000|  0%| F|  |TAMS 0x00000000c8d00000, 0x00000000c8d00000| Untracked 
| 142|0x00000000c8e00000, 0x00000000c8e00000, 0x00000000c8f00000|  0%| F|  |TAMS 0x00000000c8e00000, 0x00000000c8e00000| Untracked 
| 143|0x00000000c8f00000, 0x00000000c8f00000, 0x00000000c9000000|  0%| F|  |TAMS 0x00000000c8f00000, 0x00000000c8f00000| Untracked 
| 144|0x00000000c9000000, 0x00000000c9000000, 0x00000000c9100000|  0%| F|  |TAMS 0x00000000c9000000, 0x00000000c9000000| Untracked 
| 145|0x00000000c9100000, 0x00000000c9100000, 0x00000000c9200000|  0%| F|  |TAMS 0x00000000c9100000, 0x00000000c9100000| Untracked 
| 146|0x00000000c9200000, 0x00000000c9200000, 0x00000000c9300000|  0%| F|  |TAMS 0x00000000c9200000, 0x00000000c9200000| Untracked 
| 147|0x00000000c9300000, 0x00000000c9300000, 0x00000000c9400000|  0%| F|  |TAMS 0x00000000c9300000, 0x00000000c9300000| Untracked 
| 148|0x00000000c9400000, 0x00000000c9400000, 0x00000000c9500000|  0%| F|  |TAMS 0x00000000c9400000, 0x00000000c9400000| Untracked 
| 149|0x00000000c9500000, 0x00000000c9500000, 0x00000000c9600000|  0%| F|  |TAMS 0x00000000c9500000, 0x00000000c9500000| Untracked 
| 150|0x00000000c9600000, 0x00000000c9600000, 0x00000000c9700000|  0%| F|  |TAMS 0x00000000c9600000, 0x00000000c9600000| Untracked 
| 151|0x00000000c9700000, 0x00000000c9700000, 0x00000000c9800000|  0%| F|  |TAMS 0x00000000c9700000, 0x00000000c9700000| Untracked 
| 152|0x00000000c9800000, 0x00000000c9800000, 0x00000000c9900000|  0%| F|  |TAMS 0x00000000c9800000, 0x00000000c9800000| Untracked 
| 153|0x00000000c9900000, 0x00000000c9900000, 0x00000000c9a00000|  0%| F|  |TAMS 0x00000000c9900000, 0x00000000c9900000| Untracked 
| 154|0x00000000c9a00000, 0x00000000c9a00000, 0x00000000c9b00000|  0%| F|  |TAMS 0x00000000c9a00000, 0x00000000c9a00000| Untracked 
| 155|0x00000000c9b00000, 0x00000000c9b00000, 0x00000000c9c00000|  0%| F|  |TAMS 0x00000000c9b00000, 0x00000000c9b00000| Untracked 
| 156|0x00000000c9c00000, 0x00000000c9c00000, 0x00000000c9d00000|  0%| F|  |TAMS 0x00000000c9c00000, 0x00000000c9c00000| Untracked 
| 157|0x00000000c9d00000, 0x00000000c9e00000, 0x00000000c9e00000|100%| O|  |TAMS 0x00000000c9e00000, 0x00000000c9d00000| Untracked 
| 158|0x00000000c9e00000, 0x00000000c9e00000, 0x00000000c9f00000|  0%| F|  |TAMS 0x00000000c9e00000, 0x00000000c9e00000| Untracked 
| 159|0x00000000c9f00000, 0x00000000c9f00000, 0x00000000ca000000|  0%| F|  |TAMS 0x00000000c9f00000, 0x00000000c9f00000| Untracked 
| 160|0x00000000ca000000, 0x00000000ca000000, 0x00000000ca100000|  0%| F|  |TAMS 0x00000000ca000000, 0x00000000ca000000| Untracked 
| 161|0x00000000ca100000, 0x00000000ca100000, 0x00000000ca200000|  0%| F|  |TAMS 0x00000000ca100000, 0x00000000ca100000| Untracked 
| 162|0x00000000ca200000, 0x00000000ca200000, 0x00000000ca300000|  0%| F|  |TAMS 0x00000000ca200000, 0x00000000ca200000| Untracked 
| 163|0x00000000ca300000, 0x00000000ca300000, 0x00000000ca400000|  0%| F|  |TAMS 0x00000000ca300000, 0x00000000ca300000| Untracked 
| 164|0x00000000ca400000, 0x00000000ca400000, 0x00000000ca500000|  0%| F|  |TAMS 0x00000000ca400000, 0x00000000ca400000| Untracked 
| 165|0x00000000ca500000, 0x00000000ca500000, 0x00000000ca600000|  0%| F|  |TAMS 0x00000000ca500000, 0x00000000ca500000| Untracked 
| 166|0x00000000ca600000, 0x00000000ca600000, 0x00000000ca700000|  0%| F|  |TAMS 0x00000000ca600000, 0x00000000ca600000| Untracked 
| 167|0x00000000ca700000, 0x00000000ca700000, 0x00000000ca800000|  0%| F|  |TAMS 0x00000000ca700000, 0x00000000ca700000| Untracked 
| 168|0x00000000ca800000, 0x00000000ca800000, 0x00000000ca900000|  0%| F|  |TAMS 0x00000000ca800000, 0x00000000ca800000| Untracked 
| 169|0x00000000ca900000, 0x00000000ca900000, 0x00000000caa00000|  0%| F|  |TAMS 0x00000000ca900000, 0x00000000ca900000| Untracked 
| 170|0x00000000caa00000, 0x00000000caa00000, 0x00000000cab00000|  0%| F|  |TAMS 0x00000000caa00000, 0x00000000caa00000| Untracked 
| 171|0x00000000cab00000, 0x00000000cab00000, 0x00000000cac00000|  0%| F|  |TAMS 0x00000000cab00000, 0x00000000cab00000| Untracked 
| 172|0x00000000cac00000, 0x00000000cac00000, 0x00000000cad00000|  0%| F|  |TAMS 0x00000000cac00000, 0x00000000cac00000| Untracked 
| 173|0x00000000cad00000, 0x00000000cad00000, 0x00000000cae00000|  0%| F|  |TAMS 0x00000000cad00000, 0x00000000cad00000| Untracked 
| 174|0x00000000cae00000, 0x00000000cae00000, 0x00000000caf00000|  0%| F|  |TAMS 0x00000000cae00000, 0x00000000cae00000| Untracked 
| 175|0x00000000caf00000, 0x00000000caf00000, 0x00000000cb000000|  0%| F|  |TAMS 0x00000000caf00000, 0x00000000caf00000| Untracked 
| 176|0x00000000cb000000, 0x00000000cb100000, 0x00000000cb100000|100%| O|  |TAMS 0x00000000cb100000, 0x00000000cb000000| Untracked 
| 177|0x00000000cb100000, 0x00000000cb100000, 0x00000000cb200000|  0%| F|  |TAMS 0x00000000cb100000, 0x00000000cb100000| Untracked 
| 178|0x00000000cb200000, 0x00000000cb280800, 0x00000000cb300000| 50%| E|  |TAMS 0x00000000cb200000, 0x00000000cb200000| Complete 
| 179|0x00000000cb300000, 0x00000000cb400000, 0x00000000cb400000|100%| E|CS|TAMS 0x00000000cb300000, 0x00000000cb300000| Complete 
| 180|0x00000000cb400000, 0x00000000cb500000, 0x00000000cb500000|100%| E|CS|TAMS 0x00000000cb400000, 0x00000000cb400000| Complete 
| 181|0x00000000cb500000, 0x00000000cb600000, 0x00000000cb600000|100%| E|CS|TAMS 0x00000000cb500000, 0x00000000cb500000| Complete 
| 182|0x00000000cb600000, 0x00000000cb700000, 0x00000000cb700000|100%| E|CS|TAMS 0x00000000cb600000, 0x00000000cb600000| Complete 
| 183|0x00000000cb700000, 0x00000000cb800000, 0x00000000cb800000|100%| E|CS|TAMS 0x00000000cb700000, 0x00000000cb700000| Complete 
| 184|0x00000000cb800000, 0x00000000cb900000, 0x00000000cb900000|100%| E|CS|TAMS 0x00000000cb800000, 0x00000000cb800000| Complete 
| 185|0x00000000cb900000, 0x00000000cba00000, 0x00000000cba00000|100%| E|CS|TAMS 0x00000000cb900000, 0x00000000cb900000| Complete 
| 186|0x00000000cba00000, 0x00000000cbb00000, 0x00000000cbb00000|100%| O|  |TAMS 0x00000000cbb00000, 0x00000000cba00000| Untracked 
| 187|0x00000000cbb00000, 0x00000000cbc00000, 0x00000000cbc00000|100%| O|  |TAMS 0x00000000cbc00000, 0x00000000cbb00000| Untracked 
| 188|0x00000000cbc00000, 0x00000000cbd00000, 0x00000000cbd00000|100%| E|CS|TAMS 0x00000000cbc00000, 0x00000000cbc00000| Complete 
| 189|0x00000000cbd00000, 0x00000000cbe00000, 0x00000000cbe00000|100%| E|CS|TAMS 0x00000000cbd00000, 0x00000000cbd00000| Complete 
| 190|0x00000000cbe00000, 0x00000000cbf00000, 0x00000000cbf00000|100%| E|CS|TAMS 0x00000000cbe00000, 0x00000000cbe00000| Complete 
| 191|0x00000000cbf00000, 0x00000000cc000000, 0x00000000cc000000|100%| E|CS|TAMS 0x00000000cbf00000, 0x00000000cbf00000| Complete 
| 192|0x00000000cc000000, 0x00000000cc100000, 0x00000000cc100000|100%| E|CS|TAMS 0x00000000cc000000, 0x00000000cc000000| Complete 
| 193|0x00000000cc100000, 0x00000000cc200000, 0x00000000cc200000|100%| E|CS|TAMS 0x00000000cc100000, 0x00000000cc100000| Complete 
| 194|0x00000000cc200000, 0x00000000cc300000, 0x00000000cc300000|100%| E|CS|TAMS 0x00000000cc200000, 0x00000000cc200000| Complete 
| 195|0x00000000cc300000, 0x00000000cc400000, 0x00000000cc400000|100%| E|CS|TAMS 0x00000000cc300000, 0x00000000cc300000| Complete 
| 196|0x00000000cc400000, 0x00000000cc500000, 0x00000000cc500000|100%| E|CS|TAMS 0x00000000cc400000, 0x00000000cc400000| Complete 
| 197|0x00000000cc500000, 0x00000000cc600000, 0x00000000cc600000|100%| E|CS|TAMS 0x00000000cc500000, 0x00000000cc500000| Complete 
| 198|0x00000000cc600000, 0x00000000cc700000, 0x00000000cc700000|100%| E|CS|TAMS 0x00000000cc600000, 0x00000000cc600000| Complete 
| 199|0x00000000cc700000, 0x00000000cc800000, 0x00000000cc800000|100%| E|CS|TAMS 0x00000000cc700000, 0x00000000cc700000| Complete 
| 200|0x00000000cc800000, 0x00000000cc900000, 0x00000000cc900000|100%| E|CS|TAMS 0x00000000cc800000, 0x00000000cc800000| Complete 
| 201|0x00000000cc900000, 0x00000000cca00000, 0x00000000cca00000|100%| E|CS|TAMS 0x00000000cc900000, 0x00000000cc900000| Complete 
| 202|0x00000000cca00000, 0x00000000ccb00000, 0x00000000ccb00000|100%| O|  |TAMS 0x00000000ccb00000, 0x00000000cca00000| Untracked 
| 203|0x00000000ccb00000, 0x00000000ccc00000, 0x00000000ccc00000|100%| O|  |TAMS 0x00000000ccc00000, 0x00000000ccb00000| Untracked 
| 204|0x00000000ccc00000, 0x00000000ccd00000, 0x00000000ccd00000|100%| O|  |TAMS 0x00000000ccd00000, 0x00000000ccc00000| Untracked 
| 205|0x00000000ccd00000, 0x00000000cce00000, 0x00000000cce00000|100%| E|CS|TAMS 0x00000000ccd00000, 0x00000000ccd00000| Complete 
| 206|0x00000000cce00000, 0x00000000ccf00000, 0x00000000ccf00000|100%| O|  |TAMS 0x00000000ccf00000, 0x00000000cce00000| Untracked 
| 207|0x00000000ccf00000, 0x00000000cd000000, 0x00000000cd000000|100%| O|  |TAMS 0x00000000cd000000, 0x00000000ccf00000| Untracked 
| 208|0x00000000cd000000, 0x00000000cd100000, 0x00000000cd100000|100%| O|  |TAMS 0x00000000cd100000, 0x00000000cd000000| Untracked 
| 209|0x00000000cd100000, 0x00000000cd200000, 0x00000000cd200000|100%| O|  |TAMS 0x00000000cd200000, 0x00000000cd100000| Untracked 
| 210|0x00000000cd200000, 0x00000000cd300000, 0x00000000cd300000|100%| O|  |TAMS 0x00000000cd300000, 0x00000000cd200000| Untracked 
| 211|0x00000000cd300000, 0x00000000cd400000, 0x00000000cd400000|100%| O|  |TAMS 0x00000000cd400000, 0x00000000cd300000| Untracked 
| 212|0x00000000cd400000, 0x00000000cd500000, 0x00000000cd500000|100%| O|  |TAMS 0x00000000cd500000, 0x00000000cd400000| Untracked 
| 213|0x00000000cd500000, 0x00000000cd600000, 0x00000000cd600000|100%| O|  |TAMS 0x00000000cd600000, 0x00000000cd500000| Untracked 
| 214|0x00000000cd600000, 0x00000000cd700000, 0x00000000cd700000|100%| O|  |TAMS 0x00000000cd700000, 0x00000000cd600000| Untracked 
| 215|0x00000000cd700000, 0x00000000cd800000, 0x00000000cd800000|100%| O|  |TAMS 0x00000000cd800000, 0x00000000cd700000| Untracked 
| 216|0x00000000cd800000, 0x00000000cd900000, 0x00000000cd900000|100%| E|CS|TAMS 0x00000000cd800000, 0x00000000cd800000| Complete 
| 217|0x00000000cd900000, 0x00000000cda00000, 0x00000000cda00000|100%| O|  |TAMS 0x00000000cda00000, 0x00000000cd900000| Untracked 
| 218|0x00000000cda00000, 0x00000000cdb00000, 0x00000000cdb00000|100%| E|CS|TAMS 0x00000000cda00000, 0x00000000cda00000| Complete 
| 219|0x00000000cdb00000, 0x00000000cdc00000, 0x00000000cdc00000|100%| E|CS|TAMS 0x00000000cdb00000, 0x00000000cdb00000| Complete 
| 220|0x00000000cdc00000, 0x00000000cdd00000, 0x00000000cdd00000|100%| E|CS|TAMS 0x00000000cdc00000, 0x00000000cdc00000| Complete 
| 221|0x00000000cdd00000, 0x00000000cde00000, 0x00000000cde00000|100%| E|CS|TAMS 0x00000000cdd00000, 0x00000000cdd00000| Complete 
| 222|0x00000000cde00000, 0x00000000cdf00000, 0x00000000cdf00000|100%| E|CS|TAMS 0x00000000cde00000, 0x00000000cde00000| Complete 
| 223|0x00000000cdf00000, 0x00000000ce000000, 0x00000000ce000000|100%| E|CS|TAMS 0x00000000cdf00000, 0x00000000cdf00000| Complete 
| 224|0x00000000ce000000, 0x00000000ce100000, 0x00000000ce100000|100%| E|CS|TAMS 0x00000000ce000000, 0x00000000ce000000| Complete 
| 225|0x00000000ce100000, 0x00000000ce200000, 0x00000000ce200000|100%| E|CS|TAMS 0x00000000ce100000, 0x00000000ce100000| Complete 
| 226|0x00000000ce200000, 0x00000000ce300000, 0x00000000ce300000|100%| E|CS|TAMS 0x00000000ce200000, 0x00000000ce200000| Complete 
| 227|0x00000000ce300000, 0x00000000ce400000, 0x00000000ce400000|100%| E|CS|TAMS 0x00000000ce300000, 0x00000000ce300000| Complete 
| 228|0x00000000ce400000, 0x00000000ce500000, 0x00000000ce500000|100%| E|CS|TAMS 0x00000000ce400000, 0x00000000ce400000| Complete 
| 229|0x00000000ce500000, 0x00000000ce600000, 0x00000000ce600000|100%| E|CS|TAMS 0x00000000ce500000, 0x00000000ce500000| Complete 
| 230|0x00000000ce600000, 0x00000000ce700000, 0x00000000ce700000|100%| E|CS|TAMS 0x00000000ce600000, 0x00000000ce600000| Complete 
| 231|0x00000000ce700000, 0x00000000ce800000, 0x00000000ce800000|100%| E|CS|TAMS 0x00000000ce700000, 0x00000000ce700000| Complete 
| 232|0x00000000ce800000, 0x00000000ce900000, 0x00000000ce900000|100%| E|CS|TAMS 0x00000000ce800000, 0x00000000ce800000| Complete 
| 233|0x00000000ce900000, 0x00000000cea00000, 0x00000000cea00000|100%| E|CS|TAMS 0x00000000ce900000, 0x00000000ce900000| Complete 
| 234|0x00000000cea00000, 0x00000000ceb00000, 0x00000000ceb00000|100%| E|CS|TAMS 0x00000000cea00000, 0x00000000cea00000| Complete 
| 235|0x00000000ceb00000, 0x00000000cec00000, 0x00000000cec00000|100%| E|CS|TAMS 0x00000000ceb00000, 0x00000000ceb00000| Complete 
| 236|0x00000000cec00000, 0x00000000ced00000, 0x00000000ced00000|100%| E|CS|TAMS 0x00000000cec00000, 0x00000000cec00000| Complete 
| 237|0x00000000ced00000, 0x00000000cee00000, 0x00000000cee00000|100%| E|CS|TAMS 0x00000000ced00000, 0x00000000ced00000| Complete 
| 238|0x00000000cee00000, 0x00000000cef00000, 0x00000000cef00000|100%| E|CS|TAMS 0x00000000cee00000, 0x00000000cee00000| Complete 
| 239|0x00000000cef00000, 0x00000000cf000000, 0x00000000cf000000|100%| E|CS|TAMS 0x00000000cef00000, 0x00000000cef00000| Complete 
| 240|0x00000000cf000000, 0x00000000cf100000, 0x00000000cf100000|100%| E|CS|TAMS 0x00000000cf000000, 0x00000000cf000000| Complete 
| 241|0x00000000cf100000, 0x00000000cf200000, 0x00000000cf200000|100%| E|CS|TAMS 0x00000000cf100000, 0x00000000cf100000| Complete 
| 242|0x00000000cf200000, 0x00000000cf300000, 0x00000000cf300000|100%| E|CS|TAMS 0x00000000cf200000, 0x00000000cf200000| Complete 
| 243|0x00000000cf300000, 0x00000000cf400000, 0x00000000cf400000|100%| E|CS|TAMS 0x00000000cf300000, 0x00000000cf300000| Complete 
| 244|0x00000000cf400000, 0x00000000cf500000, 0x00000000cf500000|100%| E|CS|TAMS 0x00000000cf400000, 0x00000000cf400000| Complete 
| 245|0x00000000cf500000, 0x00000000cf600000, 0x00000000cf600000|100%| E|CS|TAMS 0x00000000cf500000, 0x00000000cf500000| Complete 
| 246|0x00000000cf600000, 0x00000000cf700000, 0x00000000cf700000|100%| E|CS|TAMS 0x00000000cf600000, 0x00000000cf600000| Complete 
| 247|0x00000000cf700000, 0x00000000cf800000, 0x00000000cf800000|100%| E|CS|TAMS 0x00000000cf700000, 0x00000000cf700000| Complete 
| 248|0x00000000cf800000, 0x00000000cf900000, 0x00000000cf900000|100%| E|CS|TAMS 0x00000000cf800000, 0x00000000cf800000| Complete 
| 249|0x00000000cf900000, 0x00000000cfa00000, 0x00000000cfa00000|100%| E|CS|TAMS 0x00000000cf900000, 0x00000000cf900000| Complete 
| 250|0x00000000cfa00000, 0x00000000cfb00000, 0x00000000cfb00000|100%| E|CS|TAMS 0x00000000cfa00000, 0x00000000cfa00000| Complete 
| 251|0x00000000cfb00000, 0x00000000cfc00000, 0x00000000cfc00000|100%| E|CS|TAMS 0x00000000cfb00000, 0x00000000cfb00000| Complete 
| 252|0x00000000cfc00000, 0x00000000cfd00000, 0x00000000cfd00000|100%| E|CS|TAMS 0x00000000cfc00000, 0x00000000cfc00000| Complete 
| 253|0x00000000cfd00000, 0x00000000cfe00000, 0x00000000cfe00000|100%| E|CS|TAMS 0x00000000cfd00000, 0x00000000cfd00000| Complete 

Card table byte_map: [0x00000247bb700000,0x00000247bb900000] _byte_map_base: 0x00000247bb100000

Marking Bits (Prev, Next): (CMBitMap*) 0x00000247a887bfe8, (CMBitMap*) 0x00000247a887c020
 Prev Bits: [0x00000247bbb00000, 0x00000247bcb00000)
 Next Bits: [0x00000247bcb00000, 0x00000247bdb00000)

Polling page: 0x00000247a6870000

Metaspace:

Usage:
  Non-class:     92.85 MB capacity,    91.59 MB ( 99%) used,     1.05 MB (  1%) free+waste,   218.31 KB ( <1%) overhead. 
      Class:     12.85 MB capacity,    12.22 MB ( 95%) used,   552.26 KB (  4%) free+waste,    88.75 KB ( <1%) overhead. 
       Both:    105.70 MB capacity,   103.81 MB ( 98%) used,     1.58 MB (  1%) free+waste,   307.06 KB ( <1%) overhead. 

Virtual space:
  Non-class space:       94.00 MB reserved,      93.25 MB (>99%) committed 
      Class space:        1.00 GB reserved,      13.00 MB (  1%) committed 
             Both:        1.09 GB reserved,     106.25 MB ( 10%) committed 

Chunk freelists:
   Non-Class:  280.00 KB
       Class:  125.00 KB
        Both:  405.00 KB

MaxMetaspaceSize: 17179869184.00 GB
CompressedClassSpaceSize: 1.00 GB

CodeHeap 'non-profiled nmethods': size=120000Kb used=17022Kb max_used=17022Kb free=102977Kb
 bounds [0x00000247b3ca0000, 0x00000247b4d50000, 0x00000247bb1d0000]
CodeHeap 'profiled nmethods': size=120000Kb used=41987Kb max_used=42381Kb free=78013Kb
 bounds [0x00000247ac770000, 0x00000247af100000, 0x00000247b3ca0000]
CodeHeap 'non-nmethods': size=5760Kb used=2308Kb max_used=2400Kb free=3451Kb
 bounds [0x00000247ac1d0000, 0x00000247ac440000, 0x00000247ac770000]
 total_blobs=18584 nmethods=17667 adapters=826
 compilation: enabled
              stopped_count=0, restarted_count=0
 full_count=0

Compilation events (20 events):
Event: 2815.658 Thread 0x00000247c0e04800 21676       4       com.android.tools.r8.ir.code.Instruction::<init> (86 bytes)
Event: 2815.659 Thread 0x00000247c0e0b800 nmethod 21684% 0x00000247ae787110 code [0x00000247ae787560, 0x00000247ae789118]
Event: 2815.680 Thread 0x00000247c0e04800 nmethod 21676 0x00000247b4d25690 code [0x00000247b4d25860, 0x00000247b4d25f88]
Event: 2815.680 Thread 0x00000247c0e04800 21679       4       java.util.IdentityHashMap$IdentityHashMapIterator::hasNext (50 bytes)
Event: 2815.685 Thread 0x00000247c0e04800 nmethod 21679 0x00000247b4d26210 code [0x00000247b4d263a0, 0x00000247b4d26538]
Event: 2815.686 Thread 0x00000247c0e04800 21667       4       com.android.tools.r8.ir.code.BasicBlock::getNormalSuccessors (81 bytes)
Event: 2815.716 Thread 0x00000247c0e0b800 21690       2       com.android.tools.r8.ir.optimize.PeepholeOptimizer::sharedSuffixSize (127 bytes)
Event: 2815.718 Thread 0x00000247c0e0b800 nmethod 21690 0x00000247ae782c10 code [0x00000247ae782ea0, 0x00000247ae783828]
Event: 2815.719 Thread 0x00000247c0e0b800 21691       3       com.android.tools.r8.ir.conversion.JarSourceCode::buildInstruction (402 bytes)
Event: 2815.722 Thread 0x00000247c0e0b800 nmethod 21691 0x00000247ae7d2390 code [0x00000247ae7d27c0, 0x00000247ae7d42b8]
Event: 2815.757 Thread 0x00000247c0e04800 nmethod 21667 0x00000247b4d26610 code [0x00000247b4d26860, 0x00000247b4d27988]
Event: 2815.758 Thread 0x00000247c0e04800 21686       4       com.android.tools.r8.ir.code.BasicBlock::buildDex (36 bytes)
Event: 2815.775 Thread 0x00000247c0e04800 nmethod 21686 0x00000247b4d28690 code [0x00000247b4d28840, 0x00000247b4d28ad8]
Event: 2815.775 Thread 0x00000247c0e04800 21659       4       com.android.tools.r8.ir.code.IRCode::computeLiveAtEntrySets (617 bytes)
Event: 2815.898 Thread 0x00000247c0e0b800 21698       3       com.android.tools.r8.ir.optimize.ConstantCanonicalizer::constantUsedByInvokeRange (57 bytes)
Event: 2815.899 Thread 0x00000247c0e0b800 nmethod 21698 0x00000247ae786290 code [0x00000247ae7864e0, 0x00000247ae786ea8]
Event: 2816.213 Thread 0x00000247c80b6800 nmethod 21631 0x00000247b4d28e90 code [0x00000247b4d29680, 0x00000247b4d30320]
Event: 2816.213 Thread 0x00000247c80b6800 21685 %     4       com.android.tools.r8.ir.conversion.DexBuilder::build @ 221 (646 bytes)
Event: 2816.234 Thread 0x00000247c0e0b800 21701 %     3       com.android.tools.r8.ir.regalloc.LinearScanRegisterAllocator::resolveControlFlow @ 94 (441 bytes)
Event: 2816.244 Thread 0x00000247c0e0b800 nmethod 21701% 0x00000247ae7cc310 code [0x00000247ae7cc9c0, 0x00000247ae7d0ba8]

GC Heap History (20 events):
Event: 2812.351 GC heap before
{Heap before GC invocations=112 (full 0):
 garbage-first heap   total 260096K, used 225735K [0x00000000c0000000, 0x0000000100000000)
  region size 1024K, 62 young (63488K), 7 survivors (7168K)
 Metaspace       used 106500K, capacity 108569K, committed 108800K, reserved 1144832K
  class space    used 12582K, capacity 13276K, committed 13312K, reserved 1048576K
}
Event: 2812.367 GC heap after
{Heap after GC invocations=113 (full 0):
 garbage-first heap   total 260096K, used 171664K [0x00000000c0000000, 0x0000000100000000)
  region size 1024K, 5 young (5120K), 5 survivors (5120K)
 Metaspace       used 106500K, capacity 108569K, committed 108800K, reserved 1144832K
  class space    used 12582K, capacity 13276K, committed 13312K, reserved 1048576K
}
Event: 2812.651 GC heap before
{Heap before GC invocations=113 (full 0):
 garbage-first heap   total 260096K, used 223888K [0x00000000c0000000, 0x0000000100000000)
  region size 1024K, 56 young (57344K), 5 survivors (5120K)
 Metaspace       used 106501K, capacity 108569K, committed 108800K, reserved 1144832K
  class space    used 12582K, capacity 13276K, committed 13312K, reserved 1048576K
}
Event: 2812.655 GC heap after
{Heap after GC invocations=114 (full 0):
 garbage-first heap   total 260096K, used 168641K [0x00000000c0000000, 0x0000000100000000)
  region size 1024K, 2 young (2048K), 2 survivors (2048K)
 Metaspace       used 106501K, capacity 108569K, committed 108800K, reserved 1144832K
  class space    used 12582K, capacity 13276K, committed 13312K, reserved 1048576K
}
Event: 2813.065 GC heap before
{Heap before GC invocations=115 (full 0):
 garbage-first heap   total 260096K, used 218817K [0x00000000c0000000, 0x0000000100000000)
  region size 1024K, 56 young (57344K), 2 survivors (2048K)
 Metaspace       used 106300K, capacity 108235K, committed 108800K, reserved 1144832K
  class space    used 12512K, capacity 13155K, committed 13312K, reserved 1048576K
}
Event: 2813.071 GC heap after
{Heap after GC invocations=116 (full 0):
 garbage-first heap   total 260096K, used 163798K [0x00000000c0000000, 0x0000000100000000)
  region size 1024K, 2 young (2048K), 2 survivors (2048K)
 Metaspace       used 106300K, capacity 108235K, committed 108800K, reserved 1144832K
  class space    used 12512K, capacity 13155K, committed 13312K, reserved 1048576K
}
Event: 2813.118 GC heap before
{Heap before GC invocations=116 (full 0):
 garbage-first heap   total 260096K, used 174038K [0x00000000c0000000, 0x0000000100000000)
  region size 1024K, 12 young (12288K), 2 survivors (2048K)
 Metaspace       used 106301K, capacity 108235K, committed 108800K, reserved 1144832K
  class space    used 12513K, capacity 13155K, committed 13312K, reserved 1048576K
}
Event: 2813.128 GC heap after
{Heap after GC invocations=117 (full 0):
 garbage-first heap   total 260096K, used 139137K [0x00000000c0000000, 0x0000000100000000)
  region size 1024K, 1 young (1024K), 1 survivors (1024K)
 Metaspace       used 106301K, capacity 108235K, committed 108800K, reserved 1144832K
  class space    used 12513K, capacity 13155K, committed 13312K, reserved 1048576K
}
Event: 2813.190 GC heap before
{Heap before GC invocations=117 (full 0):
 garbage-first heap   total 260096K, used 150401K [0x00000000c0000000, 0x0000000100000000)
  region size 1024K, 12 young (12288K), 1 survivors (1024K)
 Metaspace       used 106301K, capacity 108235K, committed 108800K, reserved 1144832K
  class space    used 12513K, capacity 13155K, committed 13312K, reserved 1048576K
}
Event: 2813.214 GC heap after
{Heap after GC invocations=118 (full 0):
 garbage-first heap   total 260096K, used 119142K [0x00000000c0000000, 0x0000000100000000)
  region size 1024K, 1 young (1024K), 1 survivors (1024K)
 Metaspace       used 106301K, capacity 108235K, committed 108800K, reserved 1144832K
  class space    used 12513K, capacity 13155K, committed 13312K, reserved 1048576K
}
Event: 2813.433 GC heap before
{Heap before GC invocations=118 (full 0):
 garbage-first heap   total 260096K, used 130406K [0x00000000c0000000, 0x0000000100000000)
  region size 1024K, 12 young (12288K), 1 survivors (1024K)
 Metaspace       used 106301K, capacity 108235K, committed 108800K, reserved 1144832K
  class space    used 12513K, capacity 13155K, committed 13312K, reserved 1048576K
}
Event: 2813.459 GC heap after
{Heap after GC invocations=119 (full 0):
 garbage-first heap   total 260096K, used 113054K [0x00000000c0000000, 0x0000000100000000)
  region size 1024K, 1 young (1024K), 1 survivors (1024K)
 Metaspace       used 106301K, capacity 108235K, committed 108800K, reserved 1144832K
  class space    used 12513K, capacity 13155K, committed 13312K, reserved 1048576K
}
Event: 2814.061 GC heap before
{Heap before GC invocations=119 (full 0):
 garbage-first heap   total 260096K, used 215454K [0x00000000c0000000, 0x0000000100000000)
  region size 1024K, 101 young (103424K), 1 survivors (1024K)
 Metaspace       used 106305K, capacity 108235K, committed 108800K, reserved 1144832K
  class space    used 12513K, capacity 13155K, committed 13312K, reserved 1048576K
}
Event: 2814.073 GC heap after
{Heap after GC invocations=120 (full 0):
 garbage-first heap   total 260096K, used 115136K [0x00000000c0000000, 0x0000000100000000)
  region size 1024K, 3 young (3072K), 3 survivors (3072K)
 Metaspace       used 106305K, capacity 108235K, committed 108800K, reserved 1144832K
  class space    used 12513K, capacity 13155K, committed 13312K, reserved 1048576K
}
Event: 2814.723 GC heap before
{Heap before GC invocations=120 (full 0):
 garbage-first heap   total 260096K, used 217536K [0x00000000c0000000, 0x0000000100000000)
  region size 1024K, 103 young (105472K), 3 survivors (3072K)
 Metaspace       used 106305K, capacity 108235K, committed 108800K, reserved 1144832K
  class space    used 12513K, capacity 13155K, committed 13312K, reserved 1048576K
}
Event: 2814.731 GC heap after
{Heap after GC invocations=121 (full 0):
 garbage-first heap   total 260096K, used 118208K [0x00000000c0000000, 0x0000000100000000)
  region size 1024K, 6 young (6144K), 6 survivors (6144K)
 Metaspace       used 106305K, capacity 108235K, committed 108800K, reserved 1144832K
  class space    used 12513K, capacity 13155K, committed 13312K, reserved 1048576K
}
Event: 2815.311 GC heap before
{Heap before GC invocations=121 (full 0):
 garbage-first heap   total 260096K, used 219584K [0x00000000c0000000, 0x0000000100000000)
  region size 1024K, 105 young (107520K), 6 survivors (6144K)
 Metaspace       used 106305K, capacity 108235K, committed 108800K, reserved 1144832K
  class space    used 12513K, capacity 13155K, committed 13312K, reserved 1048576K
}
Event: 2815.324 GC heap after
{Heap after GC invocations=122 (full 0):
 garbage-first heap   total 260096K, used 120394K [0x00000000c0000000, 0x0000000100000000)
  region size 1024K, 8 young (8192K), 8 survivors (8192K)
 Metaspace       used 106305K, capacity 108235K, committed 108800K, reserved 1144832K
  class space    used 12513K, capacity 13155K, committed 13312K, reserved 1048576K
}
Event: 2816.111 GC heap before
{Heap before GC invocations=122 (full 0):
 garbage-first heap   total 260096K, used 220746K [0x00000000c0000000, 0x0000000100000000)
  region size 1024K, 106 young (108544K), 8 survivors (8192K)
 Metaspace       used 106305K, capacity 108235K, committed 108800K, reserved 1144832K
  class space    used 12513K, capacity 13155K, committed 13312K, reserved 1048576K
}
Event: 2816.136 GC heap after
{Heap after GC invocations=123 (full 0):
 garbage-first heap   total 260096K, used 121137K [0x00000000c0000000, 0x0000000100000000)
  region size 1024K, 9 young (9216K), 9 survivors (9216K)
 Metaspace       used 106305K, capacity 108235K, committed 108800K, reserved 1144832K
  class space    used 12513K, capacity 13155K, committed 13312K, reserved 1048576K
}

Deoptimization events (20 events):
Event: 2815.223 Thread 0x00000247c80be800 Uncommon trap: trap_request=0xffffff4d fr.pc=0x00000247b4ceb9c4 relative=0x00000000000002c4
Event: 2815.223 Thread 0x00000247c80be800 Uncommon trap: reason=unstable_if action=reinterpret pc=0x00000247b4ceb9c4 method=com.android.tools.r8.ir.optimize.PeepholeOptimizer.removeWideConstantCovering(Ljava/util/Map;I)V @ 27 c2
Event: 2815.223 Thread 0x00000247c80be800 DEOPT PACKING pc=0x00000247b4ceb9c4 sp=0x000000f34c1fd6d0
Event: 2815.223 Thread 0x00000247c80be800 DEOPT UNPACKING pc=0x00000247ac1f74af sp=0x000000f34c1fd678 mode 2
Event: 2815.274 Thread 0x00000247c80bf800 DEOPT PACKING pc=0x00000247aeebf657 sp=0x000000f34e8fe0e0
Event: 2815.274 Thread 0x00000247c80bf800 DEOPT UNPACKING pc=0x00000247ac1f72ce sp=0x000000f34e8fd648 mode 0
Event: 2815.361 Thread 0x00000247c80be800 DEOPT PACKING pc=0x00000247aeee3ba3 sp=0x000000f34c1fd610
Event: 2815.361 Thread 0x00000247c80be800 DEOPT UNPACKING pc=0x00000247ac1f72ce sp=0x000000f34c1fcac8 mode 0
Event: 2815.498 Thread 0x00000247c80be800 DEOPT PACKING pc=0x00000247aeebf6bf sp=0x000000f34c1fd680
Event: 2815.498 Thread 0x00000247c80be800 DEOPT UNPACKING pc=0x00000247ac1f72ce sp=0x000000f34c1fcbe8 mode 0
Event: 2815.649 Thread 0x00000247c80be800 DEOPT PACKING pc=0x00000247aeebf6bf sp=0x000000f34c1fd680
Event: 2815.649 Thread 0x00000247c80be800 DEOPT UNPACKING pc=0x00000247ac1f72ce sp=0x000000f34c1fcbe8 mode 0
Event: 2815.739 Thread 0x00000247c80be800 DEOPT PACKING pc=0x00000247aeebf6bf sp=0x000000f34c1fd680
Event: 2815.739 Thread 0x00000247c80be800 DEOPT UNPACKING pc=0x00000247ac1f72ce sp=0x000000f34c1fcbe8 mode 0
Event: 2815.880 Thread 0x00000247c80be800 DEOPT PACKING pc=0x00000247aeebf6bf sp=0x000000f34c1fd680
Event: 2815.880 Thread 0x00000247c80be800 DEOPT UNPACKING pc=0x00000247ac1f72ce sp=0x000000f34c1fcbe8 mode 0
Event: 2815.981 Thread 0x00000247c80be800 DEOPT PACKING pc=0x00000247aeebf6bf sp=0x000000f34c1fd680
Event: 2815.981 Thread 0x00000247c80be800 DEOPT UNPACKING pc=0x00000247ac1f72ce sp=0x000000f34c1fcbe8 mode 0
Event: 2816.188 Thread 0x00000247c80bf800 DEOPT PACKING pc=0x00000247aeebf6bf sp=0x000000f34e8fe0e0
Event: 2816.188 Thread 0x00000247c80bf800 DEOPT UNPACKING pc=0x00000247ac1f72ce sp=0x000000f34e8fd648 mode 0

Classes redefined (0 events):
No events

Internal exceptions (20 events):
Event: 2810.505 Thread 0x00000247ced71800 Exception <a 'sun/nio/fs/WindowsException'{0x00000000ce835c58}> (0x00000000ce835c58) thrown at [./src/hotspot/share/prims/jni.cpp, line 615]
Event: 2810.508 Thread 0x00000247ced71800 Exception <a 'sun/nio/fs/WindowsException'{0x00000000ce83d108}> (0x00000000ce83d108) thrown at [./src/hotspot/share/prims/jni.cpp, line 615]
Event: 2810.510 Thread 0x00000247ced71800 Exception <a 'sun/nio/fs/WindowsException'{0x00000000ce846b50}> (0x00000000ce846b50) thrown at [./src/hotspot/share/prims/jni.cpp, line 615]
Event: 2810.513 Thread 0x00000247ced71800 Exception <a 'sun/nio/fs/WindowsException'{0x00000000ce5f5518}> (0x00000000ce5f5518) thrown at [./src/hotspot/share/prims/jni.cpp, line 615]
Event: 2810.515 Thread 0x00000247ced71800 Exception <a 'sun/nio/fs/WindowsException'{0x00000000ce4b24e8}> (0x00000000ce4b24e8) thrown at [./src/hotspot/share/prims/jni.cpp, line 615]
Event: 2810.519 Thread 0x00000247ced71800 Exception <a 'sun/nio/fs/WindowsException'{0x00000000ce4f9130}> (0x00000000ce4f9130) thrown at [./src/hotspot/share/prims/jni.cpp, line 615]
Event: 2810.524 Thread 0x00000247ced71800 Exception <a 'sun/nio/fs/WindowsException'{0x00000000ce24fb88}> (0x00000000ce24fb88) thrown at [./src/hotspot/share/prims/jni.cpp, line 615]
Event: 2810.527 Thread 0x00000247ced71800 Exception <a 'sun/nio/fs/WindowsException'{0x00000000ce25a8e0}> (0x00000000ce25a8e0) thrown at [./src/hotspot/share/prims/jni.cpp, line 615]
Event: 2810.530 Thread 0x00000247ced71800 Exception <a 'sun/nio/fs/WindowsException'{0x00000000ce270c10}> (0x00000000ce270c10) thrown at [./src/hotspot/share/prims/jni.cpp, line 615]
Event: 2810.532 Thread 0x00000247ced71800 Exception <a 'sun/nio/fs/WindowsException'{0x00000000ce276e80}> (0x00000000ce276e80) thrown at [./src/hotspot/share/prims/jni.cpp, line 615]
Event: 2810.534 Thread 0x00000247ced71800 Exception <a 'sun/nio/fs/WindowsException'{0x00000000ce27ebb0}> (0x00000000ce27ebb0) thrown at [./src/hotspot/share/prims/jni.cpp, line 615]
Event: 2810.538 Thread 0x00000247ced71800 Exception <a 'sun/nio/fs/WindowsException'{0x00000000cdff5200}> (0x00000000cdff5200) thrown at [./src/hotspot/share/prims/jni.cpp, line 615]
Event: 2810.541 Thread 0x00000247ced71800 Exception <a 'sun/nio/fs/WindowsException'{0x00000000cdef2460}> (0x00000000cdef2460) thrown at [./src/hotspot/share/prims/jni.cpp, line 615]
Event: 2810.544 Thread 0x00000247ced71800 Exception <a 'sun/nio/fs/WindowsException'{0x00000000cdefe2e8}> (0x00000000cdefe2e8) thrown at [./src/hotspot/share/prims/jni.cpp, line 615]
Event: 2810.550 Thread 0x00000247ced71800 Exception <a 'sun/nio/fs/WindowsException'{0x00000000cdcbbb38}> (0x00000000cdcbbb38) thrown at [./src/hotspot/share/prims/jni.cpp, line 615]
Event: 2810.594 Thread 0x00000247ced71800 Exception <a 'sun/nio/fs/WindowsException'{0x00000000cdcc3c88}> (0x00000000cdcc3c88) thrown at [./src/hotspot/share/prims/jni.cpp, line 615]
Event: 2810.623 Thread 0x00000247ced71800 Exception <a 'sun/nio/fs/WindowsException'{0x00000000cdcc9ff0}> (0x00000000cdcc9ff0) thrown at [./src/hotspot/share/prims/jni.cpp, line 615]
Event: 2810.628 Thread 0x00000247ced71800 Exception <a 'sun/nio/fs/WindowsException'{0x00000000cdcdcd50}> (0x00000000cdcdcd50) thrown at [./src/hotspot/share/prims/jni.cpp, line 615]
Event: 2810.646 Thread 0x00000247ced71800 Exception <a 'sun/nio/fs/WindowsException'{0x00000000cdce5988}> (0x00000000cdce5988) thrown at [./src/hotspot/share/prims/jni.cpp, line 615]
Event: 2810.649 Thread 0x00000247ced71800 Exception <a 'sun/nio/fs/WindowsException'{0x00000000cc1b3a18}> (0x00000000cc1b3a18) thrown at [./src/hotspot/share/prims/jni.cpp, line 615]

Events (20 events):
Event: 2813.062 Executing VM operation: G1CollectForAllocation
Event: 2813.071 Executing VM operation: G1CollectForAllocation done
Event: 2813.105 loading class com/android/tools/r8/cf/code/CfInstanceOf
Event: 2813.105 loading class com/android/tools/r8/cf/code/CfInstanceOf done
Event: 2813.106 loading class com/android/tools/r8/code/InstanceOf
Event: 2813.106 loading class com/android/tools/r8/code/InstanceOf done
Event: 2813.117 Executing VM operation: G1CollectForAllocation
Event: 2813.128 Executing VM operation: G1CollectForAllocation done
Event: 2813.190 Executing VM operation: G1CollectForAllocation
Event: 2813.214 Executing VM operation: G1CollectForAllocation done
Event: 2813.433 Executing VM operation: G1CollectForAllocation
Event: 2813.459 Executing VM operation: G1CollectForAllocation done
Event: 2814.061 Executing VM operation: G1CollectForAllocation
Event: 2814.073 Executing VM operation: G1CollectForAllocation done
Event: 2814.721 Executing VM operation: G1CollectForAllocation
Event: 2814.731 Executing VM operation: G1CollectForAllocation done
Event: 2815.298 Executing VM operation: G1CollectForAllocation
Event: 2815.324 Executing VM operation: G1CollectForAllocation done
Event: 2816.080 Executing VM operation: G1CollectForAllocation
Event: 2816.136 Executing VM operation: G1CollectForAllocation done


Dynamic libraries:
0x00007ff7a9130000 - 0x00007ff7a913a000 	C:\Program Files\Android\Android Studio\jre\bin\java.exe
0x00007ffb2b050000 - 0x00007ffb2b245000 	C:\WINDOWS\SYSTEM32\ntdll.dll
0x00007ffb2ae60000 - 0x00007ffb2af1d000 	C:\WINDOWS\System32\KERNEL32.DLL
0x00007ffb28aa0000 - 0x00007ffb28d68000 	C:\WINDOWS\System32\KERNELBASE.dll
0x00007ffb28e80000 - 0x00007ffb28f80000 	C:\WINDOWS\System32\ucrtbase.dll
0x00007ffb127c0000 - 0x00007ffb127d7000 	C:\Program Files\Android\Android Studio\jre\bin\VCRUNTIME140.dll
0x00007ffb12310000 - 0x00007ffb12329000 	C:\Program Files\Android\Android Studio\jre\bin\jli.dll
0x00007ffb2a3d0000 - 0x00007ffb2a570000 	C:\WINDOWS\System32\USER32.dll
0x00007ffb28a40000 - 0x00007ffb28a62000 	C:\WINDOWS\System32\win32u.dll
0x00007ffb15400000 - 0x00007ffb1569a000 	C:\WINDOWS\WinSxS\amd64_microsoft.windows.common-controls_6595b64144ccf1df_6.0.19041.1052_none_60b8f8fd71f5e8cb\COMCTL32.dll
0x00007ffb291b0000 - 0x00007ffb291da000 	C:\WINDOWS\System32\GDI32.dll
0x00007ffb297e0000 - 0x00007ffb2987e000 	C:\WINDOWS\System32\msvcrt.dll
0x00007ffb28f80000 - 0x00007ffb2908b000 	C:\WINDOWS\System32\gdi32full.dll
0x00007ffb287f0000 - 0x00007ffb2888d000 	C:\WINDOWS\System32\msvcp_win.dll
0x00007ffb2ac30000 - 0x00007ffb2ac60000 	C:\WINDOWS\System32\IMM32.DLL
0x00007ffaddb50000 - 0x00007ffaddbed000 	C:\Program Files\Android\Android Studio\jre\bin\msvcp140.dll
0x00007ffa9ae00000 - 0x00007ffa9b8bc000 	C:\Program Files\Android\Android Studio\jre\bin\server\jvm.dll
0x00007ffb2a6a0000 - 0x00007ffb2a74c000 	C:\WINDOWS\System32\ADVAPI32.dll
0x00007ffb2ac60000 - 0x00007ffb2acfb000 	C:\WINDOWS\System32\sechost.dll
0x00007ffb2ad30000 - 0x00007ffb2ae5b000 	C:\WINDOWS\System32\RPCRT4.dll
0x00007ffb2ad20000 - 0x00007ffb2ad28000 	C:\WINDOWS\System32\PSAPI.DLL
0x00007ffb1c550000 - 0x00007ffb1c559000 	C:\WINDOWS\SYSTEM32\WSOCK32.dll
0x00007ffb0a190000 - 0x00007ffb0a1b7000 	C:\WINDOWS\SYSTEM32\WINMM.dll
0x00007ffb20b30000 - 0x00007ffb20b3a000 	C:\WINDOWS\SYSTEM32\VERSION.dll
0x00007ffb2a750000 - 0x00007ffb2a7bb000 	C:\WINDOWS\System32\WS2_32.dll
0x00007ffb27030000 - 0x00007ffb27042000 	C:\WINDOWS\SYSTEM32\kernel.appcore.dll
0x00007ffb23c80000 - 0x00007ffb23c91000 	C:\Program Files\Android\Android Studio\jre\bin\verify.dll
0x00007ffb26e30000 - 0x00007ffb27014000 	C:\WINDOWS\SYSTEM32\DBGHELP.DLL
0x00007ffb14530000 - 0x00007ffb1455c000 	C:\WINDOWS\SYSTEM32\dbgcore.DLL
0x00007ffb28760000 - 0x00007ffb287e3000 	C:\WINDOWS\System32\bcryptPrimitives.dll
0x00007ffb1fcd0000 - 0x00007ffb1fcf9000 	C:\Program Files\Android\Android Studio\jre\bin\java.dll
0x00007ffb25a30000 - 0x00007ffb25a3b000 	C:\Program Files\Android\Android Studio\jre\bin\jimage.dll
0x00007ffb20e30000 - 0x00007ffb20e48000 	C:\Program Files\Android\Android Studio\jre\bin\zip.dll
0x00007ffb29880000 - 0x00007ffb29fbf000 	C:\WINDOWS\System32\SHELL32.dll
0x00007ffb265d0000 - 0x00007ffb26d60000 	C:\WINDOWS\SYSTEM32\windows.storage.dll
0x00007ffb29480000 - 0x00007ffb297d5000 	C:\WINDOWS\System32\combase.dll
0x00007ffb281d0000 - 0x00007ffb281fc000 	C:\WINDOWS\SYSTEM32\Wldp.dll
0x00007ffb293d0000 - 0x00007ffb2947e000 	C:\WINDOWS\System32\SHCORE.dll
0x00007ffb2a120000 - 0x00007ffb2a175000 	C:\WINDOWS\System32\shlwapi.dll
0x00007ffb286a0000 - 0x00007ffb286bf000 	C:\WINDOWS\SYSTEM32\profapi.dll
0x00007ffb20da0000 - 0x00007ffb20dba000 	C:\Program Files\Android\Android Studio\jre\bin\net.dll
0x00007ffb18d10000 - 0x00007ffb18e1b000 	C:\WINDOWS\SYSTEM32\WINHTTP.dll
0x00007ffb27ed0000 - 0x00007ffb27f3a000 	C:\WINDOWS\system32\mswsock.dll
0x00007ffb208d0000 - 0x00007ffb208e4000 	C:\Program Files\Android\Android Studio\jre\bin\nio.dll
0x00007ffb1fd20000 - 0x00007ffb1fd3e000 	C:\Users\LENOVO\.gradle\native\25\windows-amd64\native-platform.dll
0x00007ffb259d0000 - 0x00007ffb259da000 	C:\Program Files\Android\Android Studio\jre\bin\management.dll
0x00007ffb21a30000 - 0x00007ffb21a3c000 	C:\Program Files\Android\Android Studio\jre\bin\management_ext.dll
0x00007ffb280a0000 - 0x00007ffb280b8000 	C:\WINDOWS\SYSTEM32\CRYPTSP.dll
0x00007ffb27810000 - 0x00007ffb27844000 	C:\WINDOWS\system32\rsaenh.dll
0x00007ffb28a70000 - 0x00007ffb28a97000 	C:\WINDOWS\System32\bcrypt.dll
0x00007ffb28620000 - 0x00007ffb2864e000 	C:\WINDOWS\SYSTEM32\USERENV.dll
0x00007ffb280c0000 - 0x00007ffb280cc000 	C:\WINDOWS\SYSTEM32\CRYPTBASE.dll
0x00007ffb27bc0000 - 0x00007ffb27bfb000 	C:\WINDOWS\SYSTEM32\IPHLPAPI.DLL
0x00007ffb2a190000 - 0x00007ffb2a198000 	C:\WINDOWS\System32\NSI.dll
0x00007ffb1ee30000 - 0x00007ffb1ee47000 	C:\WINDOWS\SYSTEM32\dhcpcsvc6.DLL
0x00007ffb1ed00000 - 0x00007ffb1ed1d000 	C:\WINDOWS\SYSTEM32\dhcpcsvc.DLL
0x00007ffb27c00000 - 0x00007ffb27ccc000 	C:\WINDOWS\SYSTEM32\DNSAPI.dll

dbghelp: loaded successfully - version: 4.0.5 - missing functions: none
symbol engine: initialized successfully - sym options: 0x614 - pdb path: .;C:\Program Files\Android\Android Studio\jre\bin;C:\WINDOWS\SYSTEM32;C:\WINDOWS\WinSxS\amd64_microsoft.windows.common-controls_6595b64144ccf1df_6.0.19041.1052_none_60b8f8fd71f5e8cb;C:\Program Files\Android\Android Studio\jre\bin\server;C:\Users\LENOVO\.gradle\native\25\windows-amd64

VM Arguments:
jvm_args: -XX:+HeapDumpOnOutOfMemoryError -Xmx1024m -Dfile.encoding=windows-1256 -Duser.country=US -Duser.language=en -Duser.variant 
java_command: org.gradle.launcher.daemon.bootstrap.GradleDaemon 4.8.1
java_class_path (initial): C:\Users\LENOVO\.gradle\wrapper\dists\gradle-4.8.1-bin\e8p42vx1m7a3mz9ydmjagn6wn\gradle-4.8.1\lib\gradle-launcher-4.8.1.jar
Launcher Type: SUN_STANDARD

[Global flags]
     intx CICompilerCount                          = 4                                         {product} {ergonomic}
     uint ConcGCThreads                            = 2                                         {product} {ergonomic}
     uint G1ConcRefinementThreads                  = 8                                         {product} {ergonomic}
   size_t G1HeapRegionSize                         = 1048576                                   {product} {ergonomic}
    uintx GCDrainStackTargetSize                   = 64                                        {product} {ergonomic}
     bool HeapDumpOnOutOfMemoryError               = true                                   {manageable} {command line}
   size_t InitialHeapSize                          = 266338304                                 {product} {ergonomic}
   size_t MarkStackSize                            = 4194304                                   {product} {ergonomic}
   size_t MaxHeapSize                              = 1073741824                                {product} {command line}
   size_t MaxNewSize                               = 643825664                                 {product} {ergonomic}
   size_t MinHeapDeltaBytes                        = 1048576                                   {product} {ergonomic}
    uintx NonNMethodCodeHeapSize                   = 5836300                                {pd product} {ergonomic}
    uintx NonProfiledCodeHeapSize                  = 122910970                              {pd product} {ergonomic}
    uintx ProfiledCodeHeapSize                     = 122910970                              {pd product} {ergonomic}
    uintx ReservedCodeCacheSize                    = 251658240                              {pd product} {ergonomic}
     bool SegmentedCodeCache                       = true                                      {product} {ergonomic}
     bool UseCompressedClassPointers               = true                                 {lp64_product} {ergonomic}
     bool UseCompressedOops                        = true                                 {lp64_product} {ergonomic}
     bool UseG1GC                                  = true                                      {product} {ergonomic}
     bool UseLargePagesIndividualAllocation        = false                                  {pd product} {ergonomic}

Logging:
Log output configuration:
 #0: stdout all=warning uptime,level,tags
 #1: stderr all=off uptime,level,tags

Environment Variables:
JAVA_HOME=C:\Program Files\Java\jdk1.8.0_291
PATH=C:\Program Files\Common Files\Oracle\Java\javapath;C:\WINDOWS\system32;C:\WINDOWS;C:\WINDOWS\System32\Wbem;C:\WINDOWS\System32\WindowsPowerShell\v1.0\;C:\WINDOWS\System32\OpenSSH\;C:\Program Files (x86)\Microsoft SQL Server\140\Tools\Binn\;C:\Program Files\Microsoft SQL Server\140\Tools\Binn\;C:\Program Files (x86)\Microsoft SQL Server\140\DTS\Binn\;C:\Program Files\Microsoft SQL Server\140\DTS\Binn\;C:\Program Files\Microsoft SQL Server\Client SDK\ODBC\130\Tools\Binn\;C:\Program Files (x86)\Microsoft SQL Server\Client SDK\ODBC\130\Tools\Binn\;C:\Program Files (x86)\Microsoft SQL Server\140\Tools\Binn\ManagementStudio\;C:\Program Files\dotnet\;C:\Program Files\Microsoft SQL Server\130\Tools\Binn\;C:\Program Files\Microsoft SQL Server\Client SDK\ODBC\170\Tools\Binn\;C:\Program Files (x86)\Microsoft SQL Server\100\Tools\Binn\;C:\Program Files\Microsoft SQL Server\100\Tools\Binn\;C:\Program Files\Microsoft SQL Server\100\DTS\Binn\;C:\Program Files (x86)\Microsoft SQL Server\100\Tools\Binn\VSShell\Common7\IDE\;C:\Program Files (x86)\Microsoft Visual Studio 9.0\Common7\IDE\PrivateAssemblies\;C:\Program Files (x86)\Microsoft SQL Server\100\DTS\Binn\;C:\Program Files (x86)\Microsoft SQL Server\90\Tools\binn\;C:\WINDOWS\system32\config\systemprofile\.dnx\bin;C:\Program Files\Microsoft DNX\Dnvm\;C:\Program Files\Microsoft\Web Platform Installer\;C:\Program Files\Microsoft SQL Server\110\DTS\Binn\;C:\Program Files\Microsoft SQL Server\110\Tools\Binn\;C:\Program Files (x86)\Microsoft SQL Server\110\Tools\Binn\ManagementStudio\;C:\Program Files (x86)\Microsoft Visual Studio 10.0\Common7\IDE\PrivateAssemblies\;C:\Program Files (x86)\Microsoft SQL Server\110\DTS\Binn\;C:\Program Files (x86)\CrSSL\bin;C:\src\flutter\bin;C:\Program Files (x86)\Microsoft SQL Server\120\DTS\Binn\;C:\Program Files (x86)\Microsoft SQL Server\150\DTS\Binn\;C:\Program Files\Dart\dart-sdk\bin;C:\Windows\System32;C:\Program Files\Git\cmd;C:\Program Files\Git\bin\git.exe;C:\Program Files\Java\jdk1.8.0_291
USERNAME=LENOVO
OS=Windows_NT
PROCESSOR_IDENTIFIER=Intel64 Family 6 Model 142 Stepping 11, GenuineIntel



---------------  S Y S T E M  ---------------

OS: Windows 10 , 64 bit Build 19041 (10.0.19041.1023)
OS uptime: 0 days 5:28 hours

CPU:total 8 (initial active 8) (4 cores per cpu, 2 threads per core) family 6 model 142 stepping 11, cmov, cx8, fxsr, mmx, sse, sse2, sse3, ssse3, sse4.1, sse4.2, popcnt, avx, avx2, clmul, erms, 3dnowpref, lzcnt, ht, tsc, tscinvbit, bmi1, bmi2, adx, fma

Memory: 4k page, system-wide physical 16226M (2958M free)
TotalPageFile size 16226M (AvailPageFile size 26M)
current process WorkingSet (physical memory assigned to process): 599M, peak: 609M
current process commit charge ("private bytes"): 634M, peak: 643M

vm_info: OpenJDK 64-Bit Server VM (11.0.8+10-b944.6842174) for windows-amd64 JRE (11.0.8+10-b944.6842174), built on Sep 19 2020 01:11:42 by "builder" with MS VC++ 14.0 (VS2015)

END.
