#
# There is insufficient memory for the Java Runtime Environment to continue.
# Native memory allocation (malloc) failed to allocate 1048576 bytes for AllocateHeap
# Possible reasons:
#   The system is out of physical RAM or swap space
#   The process is running with CompressedOops enabled, and the Java Heap may be blocking the growth of the native heap
# Possible solutions:
#   Reduce memory load on the system
#   Increase physical memory or swap space
#   Check if swap backing store is full
#   Decrease Java heap size (-Xmx/-Xms)
#   Decrease number of Java threads
#   Decrease Java thread stack sizes (-Xss)
#   Set larger code cache with -XX:ReservedCodeCacheSize=
#   JVM is running with Zero Based Compressed Oops mode in which the Java heap is
#     placed in the first 32GB address space. The Java Heap base address is the
#     maximum limit for the native heap growth. Please use -XX:HeapBaseMinAddress
#     to set the Java Heap base and to place the Java Heap above 32GB virtual address.
# This output file may be truncated or incomplete.
#
#  Out of Memory Error (memory/allocation.inline.hpp:61), pid=11724, tid=0x0000000000002ffc
#
# JRE version:  (8.0_202-b03) (build )
# Java VM: OpenJDK 64-Bit Server VM (25.202-b03 mixed mode windows-amd64 compressed oops)
# Failed to write core dump. Minidumps are not enabled by default on client versions of Windows
#

---------------  T H R E A D  ---------------

Current thread (0x00000000028c2800):  JavaThread "Unknown thread" [_thread_in_vm, id=12284, stack(0x00000000027c0000,0x00000000028c0000)]

Stack: [0x00000000027c0000,0x00000000028c0000]
[error occurred during error reporting (printing stack bounds), id 0xc0000005]

Native frames: (J=compiled Java code, j=interpreted, Vv=VM code, C=native code)


---------------  P R O C E S S  ---------------

Java Threads: ( => current thread )

Other Threads:

=>0x00000000028c2800 (exited) JavaThread "Unknown thread" [_thread_in_vm, id=12284, stack(0x00000000027c0000,0x00000000028c0000)]

VM state:not at safepoint (normal execution)

VM Mutex/Monitor currently owned by a thread: None

heap address: 0x00000006c2600000, size: 4058 MB, Compressed Oops mode: Zero based, Oop shift amount: 3
Narrow klass base: 0x0000000000000000, Narrow klass shift: 3
Compressed class space size: 1073741824 Address: 0x00000007c0000000

Heap:
 PSYoungGen      total 75776K, used 1300K [0x000000076b780000, 0x0000000770c00000, 0x00000007c0000000)
  eden space 65024K, 2% used [0x000000076b780000,0x000000076b8c51f8,0x000000076f700000)
  from space 10752K, 0% used [0x0000000770180000,0x0000000770180000,0x0000000770c00000)
  to   space 10752K, 0% used [0x000000076f700000,0x000000076f700000,0x0000000770180000)
 ParOldGen       total 173568K, used 0K [0x00000006c2600000, 0x00000006ccf80000, 0x000000076b780000)
  object space 173568K, 0% used [0x00000006c2600000,0x00000006c2600000,0x00000006ccf80000)
 Metaspace       used 778K, capacity 4480K, committed 4480K, reserved 1056768K
  class space    used 74K, capacity 384K, committed 384K, reserved 1048576K

Card table byte_map: [0x0000000011d80000,0x0000000012570000] byte_map_base: 0x000000000e76d000

Marking Bits: (ParMarkBitMap*) 0x0000000071f59f30
 Begin Bits: [0x00000000132c0000, 0x0000000017228000)
 End Bits:   [0x0000000017228000, 0x000000001b190000)

Polling page: 0x0000000000950000

CodeCache: size=245760Kb used=328Kb max_used=328Kb free=245431Kb
 bounds [0x00000000029c0000, 0x0000000002c30000, 0x00000000119c0000]
 total_blobs=57 nmethods=0 adapters=38
 compilation: enabled

Compilation events (0 events):
No events

GC Heap History (0 events):
No events

Deoptimization events (0 events):
No events

Classes redefined (0 events):
No events

Internal exceptions (0 events):
No events

Events (10 events):
Event: 0.057 loading class java/lang/Short
Event: 0.057 loading class java/lang/Short done
Event: 0.057 loading class java/lang/Integer
Event: 0.057 loading class java/lang/Integer done
Event: 0.057 loading class java/lang/Long
Event: 0.057 loading class java/lang/Long done
Event: 0.058 loading class java/lang/NullPointerException
Event: 0.058 loading class java/lang/NullPointerException done
Event: 0.058 loading class java/lang/ArithmeticException
Event: 0.058 loading class java/lang/ArithmeticException done


Dynamic libraries:
0x00007ff75c010000 - 0x00007ff75c041000 	C:\Program Files\Android\Android Studio\jre\jre\bin\java.exe
0x00007ffcfb1d0000 - 0x00007ffcfb3c5000 	C:\WINDOWS\SYSTEM32\ntdll.dll
0x00007ffcfad50000 - 0x00007ffcfae0d000 	C:\WINDOWS\System32\KERNEL32.DLL
0x00007ffcf8f30000 - 0x00007ffcf91f8000 	C:\WINDOWS\System32\KERNELBASE.dll
0x00007ffcf9330000 - 0x00007ffcf93dc000 	C:\WINDOWS\System32\ADVAPI32.dll
0x00007ffcfa820000 - 0x00007ffcfa8be000 	C:\WINDOWS\System32\msvcrt.dll
0x00007ffcf9620000 - 0x00007ffcf96bb000 	C:\WINDOWS\System32\sechost.dll
0x00007ffcfa060000 - 0x00007ffcfa18b000 	C:\WINDOWS\System32\RPCRT4.dll
0x00007ffcf9770000 - 0x00007ffcf9910000 	C:\WINDOWS\System32\USER32.dll
0x00007ffcf8c20000 - 0x00007ffcf8c42000 	C:\WINDOWS\System32\win32u.dll
0x00007ffcfa2d0000 - 0x00007ffcfa2fa000 	C:\WINDOWS\System32\GDI32.dll
0x00007ffcf88e0000 - 0x00007ffcf89eb000 	C:\WINDOWS\System32\gdi32full.dll
0x00007ffcf8b80000 - 0x00007ffcf8c1d000 	C:\WINDOWS\System32\msvcp_win.dll
0x00007ffcf8ca0000 - 0x00007ffcf8da0000 	C:\WINDOWS\System32\ucrtbase.dll
0x00007ffce1dc0000 - 0x00007ffce205a000 	C:\WINDOWS\WinSxS\amd64_microsoft.windows.common-controls_6595b64144ccf1df_6.0.19041.844_none_ca00b6081b84eb1d\COMCTL32.dll
0x00007ffcfae90000 - 0x00007ffcfaec0000 	C:\WINDOWS\System32\IMM32.DLL
0x00000000725a0000 - 0x0000000072672000 	C:\Program Files\Android\Android Studio\jre\jre\bin\msvcr100.dll
0x0000000071790000 - 0x0000000071fd6000 	C:\Program Files\Android\Android Studio\jre\jre\bin\server\jvm.dll
0x00007ffcf9200000 - 0x00007ffcf9208000 	C:\WINDOWS\System32\PSAPI.DLL
0x00007ffcf0340000 - 0x00007ffcf0349000 	C:\WINDOWS\SYSTEM32\WSOCK32.dll
0x00007ffcdb130000 - 0x00007ffcdb157000 	C:\WINDOWS\SYSTEM32\WINMM.dll
0x00007ffcf0fe0000 - 0x00007ffcf0fea000 	C:\WINDOWS\SYSTEM32\VERSION.dll
0x00007ffcfa300000 - 0x00007ffcfa36b000 	C:\WINDOWS\System32\WS2_32.dll
0x00007ffcdec10000 - 0x00007ffcdec1f000 	C:\Program Files\Android\Android Studio\jre\jre\bin\verify.dll
0x00007ffcdb250000 - 0x00007ffcdb279000 	C:\Program Files\Android\Android Studio\jre\jre\bin\java.dll
0x00007ffcce910000 - 0x00007ffcce926000 	C:\Program Files\Android\Android Studio\jre\jre\bin\zip.dll

VM Arguments:
java_command: org.jetbrains.git4idea.http.GitAskPassApp Username for 'https://github.com': 
java_class_path (initial): C:/Program Files/Android/Android Studio/plugins/git4idea/lib/git4idea-rt.jar;C:/Program Files/Android/Android Studio/lib/xmlrpc-2.0.1.jar;C:/Program Files/Android/Android Studio/lib/commons-codec-1.10.jar;C:/Program Files/Android/Android Studio/lib/util.jar
Launcher Type: SUN_STANDARD

Environment Variables:
USERNAME=LENOVO
DISPLAY=:0.0
OS=Windows_NT
PROCESSOR_IDENTIFIER=Intel64 Family 6 Model 142 Stepping 11, GenuineIntel



---------------  S Y S T E M  ---------------

OS: Windows 10.0 , 64 bit Build 19041 (10.0.19041.928)

CPU:total 8 (initial active 8) (4 cores per cpu, 2 threads per core) family 6 model 142 stepping 11, cmov, cx8, fxsr, mmx, sse, sse2, sse3, ssse3, sse4.1, sse4.2, popcnt, avx, avx2, clmul, erms, 3dnowpref, lzcnt, ht, tsc, tscinvbit, bmi1, bmi2, adx

Memory: 4k page, physical 16615512k(3861836k free), swap 16615512k(5160k free)

vm_info: OpenJDK 64-Bit Server VM (25.202-b03) for windows-amd64 JRE (1.8.0_202-release-1483-b03), built by "builder" with MS VC++ 10.0 (VS2010)

time: Wed May 26 11:06:28 2021
timezone: Jordan Daylight Time
elapsed time: 0 seconds (0d 0h 0m 0s)

