#
# There is insufficient memory for the Java Runtime Environment to continue.
# Native memory allocation (malloc) failed to allocate 1971552 bytes for Chunk::new
# Possible reasons:
#   The system is out of physical RAM or swap space
#   The process is running with CompressedOops enabled, and the Java Heap may be blocking the growth of the native heap
# Possible solutions:
#   Reduce memory load on the system
#   Increase physical memory or swap space
#   Check if swap backing store is full
#   Decrease Java heap size (-Xmx/-Xms)
#   Decrease number of Java threads
#   Decrease Java thread stack sizes (-Xss)
#   Set larger code cache with -XX:ReservedCodeCacheSize=
#   JVM is running with Unscaled Compressed Oops mode in which the Java heap is
#     placed in the first 4GB address space. The Java Heap base address is the
#     maximum limit for the native heap growth. Please use -XX:HeapBaseMinAddress
#     to set the Java Heap base and to place the Java Heap above 4GB virtual address.
# This output file may be truncated or incomplete.
#
#  Out of Memory Error (allocation.cpp:389), pid=22448, tid=0x00000000000062f8
#
# JRE version: OpenJDK Runtime Environment (8.0_202-b03) (build 1.8.0_202-release-1483-b03)
# Java VM: OpenJDK 64-Bit Server VM (25.202-b03 mixed mode windows-amd64 compressed oops)
# Failed to write core dump. Minidumps are not enabled by default on client versions of Windows
#

---------------  T H R E A D  ---------------

Current thread (0x0000000017bc5800):  JavaThread "C2 CompilerThread2" daemon [_thread_in_native, id=25336, stack(0x0000000018690000,0x0000000018790000)]

Stack: [0x0000000018690000,0x0000000018790000]
[error occurred during error reporting (printing stack bounds), id 0xc0000005]

Native frames: (J=compiled Java code, j=interpreted, Vv=VM code, C=native code)


Current CompileTask:
C2:   3005 1355       4       java.net.URLClassLoader$1::run (5 bytes)


---------------  P R O C E S S  ---------------

Java Threads: ( => current thread )
  0x000000001a25e800 JavaThread "Cache worker for file hash cache (D:\Laptop\Maen Naamneh\GI Projects\CashVan_Git\.gradle\4.6\fileHashes)" [_thread_blocked, id=26304, stack(0x000000001c7b0000,0x000000001c8b0000)]
  0x000000001a0a1000 JavaThread "File lock request listener" [_thread_in_native, id=25740, stack(0x000000001c6b0000,0x000000001c7b0000)]
  0x0000000019ea5800 JavaThread "Cache worker for file hash cache (C:\Users\LENOVO\.gradle\caches\4.6\fileHashes)" [_thread_blocked, id=17448, stack(0x000000001b5e0000,0x000000001b6e0000)]
  0x0000000019e18800 JavaThread "Stdin handler" [_thread_blocked, id=2152, stack(0x000000001b1e0000,0x000000001b2e0000)]
  0x0000000019e15800 JavaThread "Asynchronous log dispatcher for DefaultDaemonConnection: socket connection from /127.0.0.1:2273 to /127.0.0.1:2274" [_thread_blocked, id=468, stack(0x000000001b0e0000,0x000000001b1e0000)]
  0x0000000019dee000 JavaThread "Daemon worker" [_thread_in_Java, id=25796, stack(0x000000001afe0000,0x000000001b0e0000)]
  0x0000000019dec000 JavaThread "Cancel handler" [_thread_blocked, id=25816, stack(0x000000001aee0000,0x000000001afe0000)]
  0x0000000019ddc800 JavaThread "Handler for socket connection from /127.0.0.1:2273 to /127.0.0.1:2274" [_thread_in_native, id=25812, stack(0x000000001abe0000,0x000000001ace0000)]
  0x0000000019ddb800 JavaThread "Daemon" [_thread_blocked, id=19016, stack(0x000000001aae0000,0x000000001abe0000)]
  0x0000000019c80000 JavaThread "Daemon periodic checks" [_thread_blocked, id=13200, stack(0x000000001a9e0000,0x000000001aae0000)]
  0x0000000019d7a000 JavaThread "Incoming local TCP Connector on port 2273" [_thread_in_native, id=23616, stack(0x000000001a7a0000,0x000000001a8a0000)]
  0x0000000017c99000 JavaThread "Service Thread" daemon [_thread_blocked, id=26084, stack(0x0000000018890000,0x0000000018990000)]
  0x0000000017c16000 JavaThread "C1 CompilerThread3" daemon [_thread_in_native, id=25936, stack(0x0000000018790000,0x0000000018890000)]
=>0x0000000017bc5800 JavaThread "C2 CompilerThread2" daemon [_thread_in_native, id=25336, stack(0x0000000018690000,0x0000000018790000)]
  0x0000000017bc2800 JavaThread "C2 CompilerThread1" daemon [_thread_in_native, id=22316, stack(0x0000000018590000,0x0000000018690000)]
  0x0000000017bbf000 JavaThread "C2 CompilerThread0" daemon [_thread_in_native, id=25912, stack(0x0000000018490000,0x0000000018590000)]
  0x0000000017bbe000 JavaThread "Attach Listener" daemon [_thread_blocked, id=12008, stack(0x0000000018390000,0x0000000018490000)]
  0x0000000017c0d800 JavaThread "Signal Dispatcher" daemon [_thread_blocked, id=26604, stack(0x0000000018290000,0x0000000018390000)]
  0x000000000329e800 JavaThread "Finalizer" daemon [_thread_blocked, id=26260, stack(0x0000000018090000,0x0000000018190000)]
  0x0000000017bb0800 JavaThread "Reference Handler" daemon [_thread_blocked, id=13556, stack(0x0000000017f90000,0x0000000018090000)]
  0x00000000031a2800 JavaThread "main" [_thread_blocked, id=19720, stack(0x00000000030a0000,0x00000000031a0000)]

Other Threads:
  0x0000000015db8000 VMThread [stack: 0x0000000017a90000,0x0000000017b90000] [id=26268]
  0x0000000017c9a000 WatcherThread [stack: 0x0000000018990000,0x0000000018a90000] [id=11936]

VM state:not at safepoint (normal execution)

VM Mutex/Monitor currently owned by a thread: None

OutOfMemory and StackOverflow Exception counts:
OutOfMemoryError java_heap_errors=5

heap address: 0x00000000c0000000, size: 1024 MB, Compressed Oops mode: 32-bit
Narrow klass base: 0x0000000000000000, Narrow klass shift: 3
Compressed class space size: 1073741824 Address: 0x0000000100000000

Heap:
 PSYoungGen      total 75776K, used 21869K [0x00000000eab00000, 0x00000000eff80000, 0x0000000100000000)
  eden space 65024K, 17% used [0x00000000eab00000,0x00000000eb60a298,0x00000000eea80000)
  from space 10752K, 98% used [0x00000000ef500000,0x00000000eff51188,0x00000000eff80000)
  to   space 10752K, 0% used [0x00000000eea80000,0x00000000eea80000,0x00000000ef500000)
 ParOldGen       total 173568K, used 24K [0x00000000c0000000, 0x00000000ca980000, 0x00000000eab00000)
  object space 173568K, 0% used [0x00000000c0000000,0x00000000c0006000,0x00000000ca980000)
 Metaspace       used 17399K, capacity 17820K, committed 18048K, reserved 1064960K
  class space    used 2519K, capacity 2656K, committed 2688K, reserved 1048576K

Card table byte_map: [0x0000000012660000,0x0000000012870000] byte_map_base: 0x0000000012060000

Marking Bits: (ParMarkBitMap*) 0x0000000052069f30
 Begin Bits: [0x00000000131d0000, 0x00000000141d0000)
 End Bits:   [0x00000000141d0000, 0x00000000151d0000)

Polling page: 0x0000000001780000

CodeCache: size=245760Kb used=5382Kb max_used=5382Kb free=240377Kb
 bounds [0x00000000032a0000, 0x00000000037f0000, 0x00000000122a0000]
 total_blobs=1964 nmethods=1583 adapters=294
 compilation: enabled

Compilation events (10 events):
Event: 2.996 Thread 0x0000000017c16000 1583       3       com.google.common.collect.RegularImmutableSet::contains (48 bytes)
Event: 2.997 Thread 0x0000000017c16000 nmethod 1583 0x00000000037ddf90 code [0x00000000037de140, 0x00000000037de698]
Event: 2.997 Thread 0x0000000017c16000 1584       3       java.util.HashMap$KeyIterator::next (8 bytes)
Event: 2.997 Thread 0x0000000017c16000 nmethod 1584 0x00000000037ddb50 code [0x00000000037ddcc0, 0x00000000037ddec8]
Event: 3.002 Thread 0x0000000017c16000 1586       3       java.io.PrintWriter::ensureOpen (18 bytes)
Event: 3.002 Thread 0x0000000017c16000 nmethod 1586 0x00000000037e3050 code [0x00000000037e31c0, 0x00000000037e3408]
Event: 3.002 Thread 0x0000000017c16000 1587       1       java.lang.StackTraceElement::getClassName (5 bytes)
Event: 3.002 Thread 0x0000000017c16000 nmethod 1587 0x00000000037dd890 code [0x00000000037dd9e0, 0x00000000037ddaf0]
Event: 3.003 Thread 0x0000000017c16000 1588       3       java.io.FilterOutputStream::<init> (10 bytes)
Event: 3.003 Thread 0x0000000017c16000 nmethod 1588 0x00000000037e34d0 code [0x00000000037e3640, 0x00000000037e3870]

GC Heap History (4 events):
Event: 1.968 GC heap before
{Heap before GC invocations=1 (full 0):
 PSYoungGen      total 75776K, used 65024K [0x00000000eab00000, 0x00000000eff80000, 0x0000000100000000)
  eden space 65024K, 100% used [0x00000000eab00000,0x00000000eea80000,0x00000000eea80000)
  from space 10752K, 0% used [0x00000000ef500000,0x00000000ef500000,0x00000000eff80000)
  to   space 10752K, 0% used [0x00000000eea80000,0x00000000eea80000,0x00000000ef500000)
 ParOldGen       total 173568K, used 0K [0x00000000c0000000, 0x00000000ca980000, 0x00000000eab00000)
  object space 173568K, 0% used [0x00000000c0000000,0x00000000c0000000,0x00000000ca980000)
 Metaspace       used 10390K, capacity 10602K, committed 10752K, reserved 1058816K
  class space    used 1362K, capacity 1487K, committed 1536K, reserved 1048576K
Event: 1.977 GC heap after
Heap after GC invocations=1 (full 0):
 PSYoungGen      total 75776K, used 7630K [0x00000000eab00000, 0x00000000eff80000, 0x0000000100000000)
  eden space 65024K, 0% used [0x00000000eab00000,0x00000000eab00000,0x00000000eea80000)
  from space 10752K, 70% used [0x00000000eea80000,0x00000000ef1f3948,0x00000000ef500000)
  to   space 10752K, 0% used [0x00000000ef500000,0x00000000ef500000,0x00000000eff80000)
 ParOldGen       total 173568K, used 16K [0x00000000c0000000, 0x00000000ca980000, 0x00000000eab00000)
  object space 173568K, 0% used [0x00000000c0000000,0x00000000c0004000,0x00000000ca980000)
 Metaspace       used 10390K, capacity 10602K, committed 10752K, reserved 1058816K
  class space    used 1362K, capacity 1487K, committed 1536K, reserved 1048576K
}
Event: 2.791 GC heap before
{Heap before GC invocations=2 (full 0):
 PSYoungGen      total 75776K, used 72654K [0x00000000eab00000, 0x00000000eff80000, 0x0000000100000000)
  eden space 65024K, 100% used [0x00000000eab00000,0x00000000eea80000,0x00000000eea80000)
  from space 10752K, 70% used [0x00000000eea80000,0x00000000ef1f3948,0x00000000ef500000)
  to   space 10752K, 0% used [0x00000000ef500000,0x00000000ef500000,0x00000000eff80000)
 ParOldGen       total 173568K, used 16K [0x00000000c0000000, 0x00000000ca980000, 0x00000000eab00000)
  object space 173568K, 0% used [0x00000000c0000000,0x00000000c0004000,0x00000000ca980000)
 Metaspace       used 16561K, capacity 16956K, committed 17152K, reserved 1064960K
  class space    used 2371K, capacity 2508K, committed 2560K, reserved 1048576K
Event: 2.806 GC heap after
Heap after GC invocations=2 (full 0):
 PSYoungGen      total 75776K, used 10564K [0x00000000eab00000, 0x00000000eff80000, 0x0000000100000000)
  eden space 65024K, 0% used [0x00000000eab00000,0x00000000eab00000,0x00000000eea80000)
  from space 10752K, 98% used [0x00000000ef500000,0x00000000eff51188,0x00000000eff80000)
  to   space 10752K, 0% used [0x00000000eea80000,0x00000000eea80000,0x00000000ef500000)
 ParOldGen       total 173568K, used 24K [0x00000000c0000000, 0x00000000ca980000, 0x00000000eab00000)
  object space 173568K, 0% used [0x00000000c0000000,0x00000000c0006000,0x00000000ca980000)
 Metaspace       used 16561K, capacity 16956K, committed 17152K, reserved 1064960K
  class space    used 2371K, capacity 2508K, committed 2560K, reserved 1048576K
}

Deoptimization events (10 events):
Event: 2.414 Thread 0x0000000019dee000 Uncommon trap: reason=class_check action=maybe_recompile pc=0x000000000350d65c method=java.util.regex.Matcher.match(II)Z @ 86
Event: 2.459 Thread 0x0000000019dee000 Uncommon trap: reason=unstable_if action=reinterpret pc=0x00000000037204b4 method=java.lang.String.lastIndexOf([CII[CIII)I @ 66
Event: 2.504 Thread 0x0000000019dee000 Uncommon trap: reason=unstable_if action=reinterpret pc=0x00000000033fa848 method=java.net.URI.match(CJJ)Z @ 19
Event: 2.504 Thread 0x0000000019dee000 Uncommon trap: reason=unstable_if action=reinterpret pc=0x00000000034cab40 method=java.net.URI.match(CJJ)Z @ 19
Event: 2.584 Thread 0x0000000019dee000 Uncommon trap: reason=unstable_if action=reinterpret pc=0x000000000373245c method=java.util.jar.JarFile.maybeInstantiateVerifier()V @ 21
Event: 2.830 Thread 0x0000000019dee000 Uncommon trap: reason=unstable_if action=reinterpret pc=0x0000000003538880 method=java.io.File.getName()Ljava/lang/String; @ 16
Event: 2.950 Thread 0x0000000019dee000 Uncommon trap: reason=bimorphic action=maybe_recompile pc=0x000000000373865c method=java.lang.ClassLoader.loadClass(Ljava/lang/String;Z)Ljava/lang/Class; @ 38
Event: 2.955 Thread 0x0000000019dee000 Uncommon trap: reason=bimorphic action=maybe_recompile pc=0x000000000373865c method=java.lang.ClassLoader.loadClass(Ljava/lang/String;Z)Ljava/lang/Class; @ 38
Event: 2.956 Thread 0x0000000019dee000 Uncommon trap: reason=bimorphic action=maybe_recompile pc=0x000000000373865c method=java.lang.ClassLoader.loadClass(Ljava/lang/String;Z)Ljava/lang/Class; @ 38
Event: 2.956 Thread 0x0000000019dee000 Uncommon trap: reason=bimorphic action=maybe_recompile pc=0x000000000373865c method=java.lang.ClassLoader.loadClass(Ljava/lang/String;Z)Ljava/lang/Class; @ 38

Classes redefined (0 events):
No events

Internal exceptions (10 events):
Event: 2.986 Thread 0x0000000019dee000 Exception <a 'java/lang/NoSuchMethodError': <clinit>> (0x00000000eb496138) thrown at [D:\src\AOSP-openjdk-cygwin\jdk8u\hotspot\src\share\vm\prims\jni.cpp, line 1614]
Event: 2.988 Thread 0x0000000019dee000 Exception <a 'java/lang/NoSuchMethodError': <clinit>> (0x00000000eb4a6620) thrown at [D:\src\AOSP-openjdk-cygwin\jdk8u\hotspot\src\share\vm\prims\jni.cpp, line 1614]
Event: 2.996 Thread 0x0000000019dee000 Exception <a 'java/lang/NoSuchMethodError': <clinit>> (0x00000000eb4d6c88) thrown at [D:\src\AOSP-openjdk-cygwin\jdk8u\hotspot\src\share\vm\prims\jni.cpp, line 1614]
Event: 2.998 Thread 0x0000000019dee000 Exception <a 'java/lang/OutOfMemoryError'> (0x00000000eb4e6d98) thrown at [D:\src\AOSP-openjdk-cygwin\jdk8u\hotspot\src\share\vm\prims\jni.cpp, line 736]
Event: 2.998 Thread 0x0000000019dee000 Exception <a 'java/lang/OutOfMemoryError'> (0x00000000eb4e6d98) thrown at [D:\src\AOSP-openjdk-cygwin\jdk8u\hotspot\src\share\vm\prims\jvm.cpp, line 1512]
Event: 2.998 Thread 0x0000000019dee000 Exception <a 'java/lang/OutOfMemoryError'> (0x00000000eb4e6d98) thrown at [D:\src\AOSP-openjdk-cygwin\jdk8u\hotspot\src\share\vm\prims\jvm.cpp, line 1512]
Event: 2.998 Thread 0x0000000019dee000 Exception <a 'java/lang/OutOfMemoryError'> (0x00000000eb4e6d98) thrown at [D:\src\AOSP-openjdk-cygwin\jdk8u\hotspot\src\share\vm\prims\jvm.cpp, line 1512]
Event: 2.998 Thread 0x0000000019dee000 Exception <a 'java/lang/OutOfMemoryError'> (0x00000000eb4e6d98) thrown at [D:\src\AOSP-openjdk-cygwin\jdk8u\hotspot\src\share\vm\prims\jvm.cpp, line 1512]
Event: 2.998 Thread 0x0000000019dee000 Exception <a 'java/lang/reflect/InvocationTargetException'> (0x00000000eb4e7740) thrown at [D:\src\AOSP-openjdk-cygwin\jdk8u\hotspot\src\share\vm\runtime\reflection.cpp, line 1092]
Event: 2.998 Thread 0x0000000019dee000 Exception <a 'java/lang/reflect/InvocationTargetException'> (0x00000000eb4e7d20) thrown at [D:\src\AOSP-openjdk-cygwin\jdk8u\hotspot\src\share\vm\runtime\reflection.cpp, line 1092]

Events (10 events):
Event: 3.000 loading class org/gradle/tooling/internal/protocol/InternalFailure
Event: 3.000 loading class org/gradle/tooling/internal/protocol/InternalFailure done
Event: 3.000 loading class java/lang/Throwable$WrappedPrintWriter
Event: 3.000 loading class java/lang/Throwable$PrintStreamOrWriter
Event: 3.000 loading class java/lang/Throwable$PrintStreamOrWriter done
Event: 3.000 loading class java/lang/Throwable$WrappedPrintWriter done
Event: 3.001 loading class java/util/IdentityHashMap$KeySet
Event: 3.001 loading class java/util/IdentityHashMap$KeySet done
Event: 3.002 loading class java/util/Collections$SingletonList
Event: 3.002 loading class java/util/Collections$SingletonList done


Dynamic libraries:
0x00007ff7ce650000 - 0x00007ff7ce681000 	C:\Program Files\Android\Android Studio\jre\bin\java.exe
0x00007ffd24e00000 - 0x00007ffd24ff0000 	C:\Windows\SYSTEM32\ntdll.dll
0x00007ffd23ff0000 - 0x00007ffd240a2000 	C:\Windows\System32\KERNEL32.DLL
0x00007ffd21d50000 - 0x00007ffd21ff5000 	C:\Windows\System32\KERNELBASE.dll
0x00007ffd23790000 - 0x00007ffd23833000 	C:\Windows\System32\ADVAPI32.dll
0x00007ffd24c50000 - 0x00007ffd24cee000 	C:\Windows\System32\msvcrt.dll
0x00007ffd240b0000 - 0x00007ffd24147000 	C:\Windows\System32\sechost.dll
0x00007ffd24150000 - 0x00007ffd24270000 	C:\Windows\System32\RPCRT4.dll
0x00007ffd24ab0000 - 0x00007ffd24c44000 	C:\Windows\System32\USER32.dll
0x00007ffd22550000 - 0x00007ffd22571000 	C:\Windows\System32\win32u.dll
0x00007ffd23550000 - 0x00007ffd23576000 	C:\Windows\System32\GDI32.dll
0x00007ffd22290000 - 0x00007ffd22426000 	C:\Windows\System32\gdi32full.dll
0x00007ffd22480000 - 0x00007ffd2251e000 	C:\Windows\System32\msvcp_win.dll
0x00007ffd22190000 - 0x00007ffd2228a000 	C:\Windows\System32\ucrtbase.dll
0x00007ffcf97b0000 - 0x00007ffcf9a34000 	C:\Windows\WinSxS\amd64_microsoft.windows.common-controls_6595b64144ccf1df_6.0.18362.1198_none_9e820b57e45ad92f\COMCTL32.dll
0x00007ffd23ac0000 - 0x00007ffd23df5000 	C:\Windows\System32\combase.dll
0x00007ffd22110000 - 0x00007ffd22190000 	C:\Windows\System32\bcryptPrimitives.dll
0x00007ffd23470000 - 0x00007ffd2349e000 	C:\Windows\System32\IMM32.DLL
0x0000000053410000 - 0x00000000534e2000 	C:\Program Files\Android\Android Studio\jre\jre\bin\msvcr100.dll
0x00000000518a0000 - 0x00000000520e6000 	C:\Program Files\Android\Android Studio\jre\jre\bin\server\jvm.dll
0x00007ffd24960000 - 0x00007ffd24968000 	C:\Windows\System32\PSAPI.DLL
0x00007ffd1e6b0000 - 0x00007ffd1e6d4000 	C:\Windows\SYSTEM32\WINMM.dll
0x00007ffd19740000 - 0x00007ffd19749000 	C:\Windows\SYSTEM32\WSOCK32.dll
0x00007ffd1c6e0000 - 0x00007ffd1c6ea000 	C:\Windows\SYSTEM32\VERSION.dll
0x00007ffd235e0000 - 0x00007ffd2364f000 	C:\Windows\System32\WS2_32.dll
0x00007ffd1e550000 - 0x00007ffd1e57d000 	C:\Windows\SYSTEM32\WINMMBASE.dll
0x00007ffd22430000 - 0x00007ffd2247a000 	C:\Windows\System32\cfgmgr32.dll
0x00007ffd1e7e0000 - 0x00007ffd1e7ef000 	C:\Program Files\Android\Android Studio\jre\jre\bin\verify.dll
0x00007ffcd8090000 - 0x00007ffcd80b9000 	C:\Program Files\Android\Android Studio\jre\jre\bin\java.dll
0x00007ffd19990000 - 0x00007ffd199a6000 	C:\Program Files\Android\Android Studio\jre\jre\bin\zip.dll
0x00007ffd24270000 - 0x00007ffd24957000 	C:\Windows\System32\SHELL32.dll
0x00007ffd232f0000 - 0x00007ffd23399000 	C:\Windows\System32\shcore.dll
0x00007ffd22580000 - 0x00007ffd22d01000 	C:\Windows\System32\windows.storage.dll
0x00007ffd21d20000 - 0x00007ffd21d43000 	C:\Windows\System32\profapi.dll
0x00007ffd21cb0000 - 0x00007ffd21cfa000 	C:\Windows\System32\powrprof.dll
0x00007ffd21c80000 - 0x00007ffd21c90000 	C:\Windows\System32\UMPDC.dll
0x00007ffd23580000 - 0x00007ffd235d2000 	C:\Windows\System32\shlwapi.dll
0x00007ffd21c90000 - 0x00007ffd21ca1000 	C:\Windows\System32\kernel.appcore.dll
0x00007ffd22d10000 - 0x00007ffd22d27000 	C:\Windows\System32\cryptsp.dll
0x00007ffcd8070000 - 0x00007ffcd808a000 	C:\Program Files\Android\Android Studio\jre\jre\bin\net.dll
0x00007ffd214d0000 - 0x00007ffd21537000 	C:\Windows\system32\mswsock.dll
0x00007ffd09250000 - 0x00007ffd09261000 	C:\Program Files\Android\Android Studio\jre\jre\bin\nio.dll
0x00007ffcd8230000 - 0x00007ffcd824e000 	C:\Users\LENOVO\.gradle\native\25\windows-amd64\native-platform.dll
0x00007ffd1e7f0000 - 0x00007ffd1e7fd000 	C:\Program Files\Android\Android Studio\jre\jre\bin\management.dll
0x00007ffd21040000 - 0x00007ffd21073000 	C:\Windows\system32\rsaenh.dll
0x00007ffd22520000 - 0x00007ffd22546000 	C:\Windows\System32\bcrypt.dll
0x00007ffd21b60000 - 0x00007ffd21b85000 	C:\Windows\SYSTEM32\USERENV.dll
0x00007ffd216a0000 - 0x00007ffd216ac000 	C:\Windows\SYSTEM32\CRYPTBASE.dll
0x00007ffd211e0000 - 0x00007ffd2121a000 	C:\Windows\SYSTEM32\IPHLPAPI.DLL
0x00007ffd23780000 - 0x00007ffd23788000 	C:\Windows\System32\NSI.dll
0x00007ffd19f10000 - 0x00007ffd19f26000 	C:\Windows\SYSTEM32\dhcpcsvc6.DLL
0x00007ffd19fe0000 - 0x00007ffd19ffc000 	C:\Windows\SYSTEM32\dhcpcsvc.DLL
0x00007ffd21230000 - 0x00007ffd212fb000 	C:\Windows\SYSTEM32\DNSAPI.dll

VM Arguments:
jvm_args: -XX:+HeapDumpOnOutOfMemoryError -Xmx1024m -Dfile.encoding=windows-1256 -Duser.country=US -Duser.language=en -Duser.variant 
java_command: org.gradle.launcher.daemon.bootstrap.GradleDaemon 4.6
java_class_path (initial): C:\Users\LENOVO\.gradle\wrapper\dists\gradle-4.6-all\bcst21l2brirad8k2ben1letg\gradle-4.6\lib\gradle-launcher-4.6.jar
Launcher Type: SUN_STANDARD

Environment Variables:
USERNAME=LENOVO
OS=Windows_NT
PROCESSOR_IDENTIFIER=Intel64 Family 6 Model 142 Stepping 11, GenuineIntel



---------------  S Y S T E M  ---------------

OS: Windows 10.0 , 64 bit Build 18362 (10.0.18362.1110)

CPU:total 8 (initial active 8) (4 cores per cpu, 2 threads per core) family 6 model 142 stepping 11, cmov, cx8, fxsr, mmx, sse, sse2, sse3, ssse3, sse4.1, sse4.2, popcnt, avx, avx2, clmul, erms, 3dnowpref, lzcnt, ht, tsc, tscinvbit, bmi1, bmi2, adx

Memory: 4k page, physical 16615512k(4147464k free), swap 16615512k(6800k free)

vm_info: OpenJDK 64-Bit Server VM (25.202-b03) for windows-amd64 JRE (1.8.0_202-release-1483-b03), built by "builder" with MS VC++ 10.0 (VS2010)

time: Mon Nov 23 09:11:47 2020
timezone: Jordan Standard Time
elapsed time: 3 seconds (0d 0h 0m 3s)

