#
# There is insufficient memory for the Java Runtime Environment to continue.
# Native memory allocation (malloc) failed to allocate 976576 bytes for Chunk::new
# Possible reasons:
#   The system is out of physical RAM or swap space
#   The process is running with CompressedOops enabled, and the Java Heap may be blocking the growth of the native heap
# Possible solutions:
#   Reduce memory load on the system
#   Increase physical memory or swap space
#   Check if swap backing store is full
#   Decrease Java heap size (-Xmx/-Xms)
#   Decrease number of Java threads
#   Decrease Java thread stack sizes (-Xss)
#   Set larger code cache with -XX:ReservedCodeCacheSize=
#   JVM is running with Unscaled Compressed Oops mode in which the Java heap is
#     placed in the first 4GB address space. The Java Heap base address is the
#     maximum limit for the native heap growth. Please use -XX:HeapBaseMinAddress
#     to set the Java Heap base and to place the Java Heap above 4GB virtual address.
# This output file may be truncated or incomplete.
#
#  Out of Memory Error (allocation.cpp:389), pid=1780, tid=0x0000000000002bf4
#
# JRE version: OpenJDK Runtime Environment (8.0_202-b03) (build 1.8.0_202-release-1483-b03)
# Java VM: OpenJDK 64-Bit Server VM (25.202-b03 mixed mode windows-amd64 compressed oops)
# Failed to write core dump. Minidumps are not enabled by default on client versions of Windows
#

---------------  T H R E A D  ---------------

Current thread (0x0000000017ab5000):  JavaThread "C2 CompilerThread0" daemon [_thread_in_native, id=11252, stack(0x0000000018380000,0x0000000018480000)]

Stack: [0x0000000018380000,0x0000000018480000]
[error occurred during error reporting (printing stack bounds), id 0xc0000005]

Native frames: (J=compiled Java code, j=interpreted, Vv=VM code, C=native code)


Current CompileTask:
C2:  12396 7662 %     4       org.gradle.api.specs.OrSpec::isSatisfiedBy @ 21 (55 bytes)


---------------  P R O C E S S  ---------------

Java Threads: ( => current thread )
  0x0000000020276800 JavaThread "Cache worker for Java compile cache (D:\Laptop\Maen Naamneh\GI Projects\CashVan_Git\.gradle\4.6\javaCompile)" [_thread_blocked, id=13580, stack(0x00000000262d0000,0x00000000263d0000)]
  0x0000000020274000 JavaThread "Task worker for ':' Thread 7" [_thread_in_native, id=1796, stack(0x0000000025d40000,0x0000000025e40000)]
  0x000000002026c800 JavaThread "Task worker for ':' Thread 6" [_thread_blocked, id=12080, stack(0x00000000249b0000,0x0000000024ab0000)]
  0x0000000020273800 JavaThread "Task worker for ':' Thread 5" [_thread_blocked, id=14736, stack(0x00000000248b0000,0x00000000249b0000)]
  0x000000002026c000 JavaThread "Task worker for ':' Thread 4" [_thread_blocked, id=19416, stack(0x00000000247b0000,0x00000000248b0000)]
  0x0000000020272800 JavaThread "Task worker for ':' Thread 3" [_thread_blocked, id=20240, stack(0x00000000246b0000,0x00000000247b0000)]
  0x0000000020272000 JavaThread "Task worker for ':' Thread 2" [_thread_blocked, id=14644, stack(0x00000000245b0000,0x00000000246b0000)]
  0x000000002026a800 JavaThread "Task worker for ':'" [_thread_blocked, id=18564, stack(0x00000000244b0000,0x00000000245b0000)]
  0x000000002026d800 JavaThread "Cache worker for Build Output Cleanup Cache (D:\Laptop\Maen Naamneh\GI Projects\CashVan_Git\.gradle\buildOutputCleanup)" [_thread_blocked, id=17856, stack(0x00000000243b0000,0x00000000244b0000)]
  0x000000002026b000 JavaThread "Cache worker for task history cache (D:\Laptop\Maen Naamneh\GI Projects\CashVan_Git\.gradle\4.6\taskHistory)" [_thread_blocked, id=3392, stack(0x00000000240a0000,0x00000000241a0000)]
  0x000000002026e000 JavaThread "Cache worker for file content cache (D:\Laptop\Maen Naamneh\GI Projects\CashVan_Git\.gradle\4.6\fileContent)" [_thread_blocked, id=6284, stack(0x0000000022fb0000,0x00000000230b0000)]
  0x0000000020270800 JavaThread "Memory manager" [_thread_blocked, id=14464, stack(0x00000000224b0000,0x00000000225b0000)]
  0x000000002026f800 JavaThread "Build operations Thread 8" [_thread_blocked, id=1676, stack(0x0000000021db0000,0x0000000021eb0000)]
  0x000000002026f000 JavaThread "Build operations Thread 7" [_thread_blocked, id=1668, stack(0x0000000021cb0000,0x0000000021db0000)]
  0x0000000018a79000 JavaThread "Build operations Thread 6" [_thread_blocked, id=11116, stack(0x0000000021bb0000,0x0000000021cb0000)]
  0x0000000018a78000 JavaThread "Build operations Thread 5" [_thread_blocked, id=14036, stack(0x0000000021630000,0x0000000021730000)]
  0x0000000018a7e000 JavaThread "Build operations Thread 4" [_thread_blocked, id=18752, stack(0x0000000020490000,0x0000000020590000)]
  0x0000000018a7d800 JavaThread "Build operations Thread 3" [_thread_blocked, id=19976, stack(0x0000000020390000,0x0000000020490000)]
  0x0000000018a7c800 JavaThread "Build operations Thread 2" [_thread_blocked, id=14536, stack(0x000000001f1e0000,0x000000001f2e0000)]
  0x0000000018a79800 JavaThread "Build operations" [_thread_blocked, id=1584, stack(0x000000001f0e0000,0x000000001f1e0000)]
  0x0000000018a77800 JavaThread "Cache worker for Artifact transforms cache (C:\Users\LENOVO\.gradle\caches\transforms-1)" [_thread_blocked, id=13008, stack(0x000000001efe0000,0x000000001f0e0000)]
  0x0000000019e66800 JavaThread "Cache worker for file hash cache (D:\Laptop\Maen Naamneh\GI Projects\CashVan_Git\.gradle\4.6\fileHashes)" [_thread_blocked, id=15068, stack(0x000000001c6a0000,0x000000001c7a0000)]
  0x0000000019ed7000 JavaThread "File lock request listener" [_thread_in_native, id=18620, stack(0x000000001c5a0000,0x000000001c6a0000)]
  0x0000000019e48000 JavaThread "Cache worker for file hash cache (C:\Users\LENOVO\.gradle\caches\4.6\fileHashes)" [_thread_blocked, id=5968, stack(0x000000001c4a0000,0x000000001c5a0000)]
  0x0000000019e3a000 JavaThread "Stdin handler" [_thread_blocked, id=14512, stack(0x000000001b0d0000,0x000000001b1d0000)]
  0x0000000019e49000 JavaThread "Asynchronous log dispatcher for DefaultDaemonConnection: socket connection from /127.0.0.1:1939 to /127.0.0.1:1940" [_thread_blocked, id=10608, stack(0x000000001afd0000,0x000000001b0d0000)]
  0x0000000019e8f000 JavaThread "Daemon worker" [_thread_blocked, id=5408, stack(0x000000001aed0000,0x000000001afd0000)]
  0x0000000019a03800 JavaThread "Cancel handler" [_thread_blocked, id=7128, stack(0x000000001add0000,0x000000001aed0000)]
  0x0000000019a19800 JavaThread "Handler for socket connection from /127.0.0.1:1939 to /127.0.0.1:1940" [_thread_in_native, id=16164, stack(0x000000001aad0000,0x000000001abd0000)]
  0x0000000019a19000 JavaThread "Daemon" [_thread_blocked, id=19000, stack(0x000000001a9d0000,0x000000001aad0000)]
  0x0000000019e07800 JavaThread "Daemon periodic checks" [_thread_blocked, id=10840, stack(0x000000001a8d0000,0x000000001a9d0000)]
  0x0000000019a9d800 JavaThread "Incoming local TCP Connector on port 1939" [_thread_in_native, id=15676, stack(0x000000001a690000,0x000000001a790000)]
  0x0000000017b83000 JavaThread "Service Thread" daemon [_thread_blocked, id=19364, stack(0x0000000018780000,0x0000000018880000)]
  0x0000000017b08000 JavaThread "C1 CompilerThread3" daemon [_thread_blocked, id=14020, stack(0x0000000018680000,0x0000000018780000)]
  0x0000000017b00000 JavaThread "C2 CompilerThread2" daemon [_thread_in_native, id=19564, stack(0x0000000018580000,0x0000000018680000)]
  0x0000000017ab7000 JavaThread "C2 CompilerThread1" daemon [_thread_in_native, id=12676, stack(0x0000000018480000,0x0000000018580000)]
=>0x0000000017ab5000 JavaThread "C2 CompilerThread0" daemon [_thread_in_native, id=11252, stack(0x0000000018380000,0x0000000018480000)]
  0x0000000017aff800 JavaThread "Attach Listener" daemon [_thread_blocked, id=19100, stack(0x0000000018280000,0x0000000018380000)]
  0x0000000017afe800 JavaThread "Signal Dispatcher" daemon [_thread_blocked, id=11104, stack(0x0000000018180000,0x0000000018280000)]
  0x0000000017aa0800 JavaThread "Finalizer" daemon [_thread_blocked, id=16336, stack(0x0000000017f80000,0x0000000018080000)]
  0x0000000015cac000 JavaThread "Reference Handler" daemon [_thread_blocked, id=11748, stack(0x0000000017e80000,0x0000000017f80000)]
  0x0000000003092800 JavaThread "main" [_thread_blocked, id=14164, stack(0x0000000002f90000,0x0000000003090000)]

Other Threads:
  0x0000000015ca7000 VMThread [stack: 0x0000000017980000,0x0000000017a80000] [id=12092]
  0x0000000017b84000 WatcherThread [stack: 0x0000000018880000,0x0000000018980000] [id=1204]

VM state:not at safepoint (normal execution)

VM Mutex/Monitor currently owned by a thread: None

heap address: 0x00000000c0000000, size: 1024 MB, Compressed Oops mode: 32-bit
Narrow klass base: 0x0000000000000000, Narrow klass shift: 3
Compressed class space size: 1073741824 Address: 0x0000000100000000

Heap:
 PSYoungGen      total 274944K, used 46704K [0x00000000eab00000, 0x0000000100000000, 0x0000000100000000)
  eden space 253440K, 9% used [0x00000000eab00000,0x00000000ec3a2180,0x00000000fa280000)
  from space 21504K, 99% used [0x00000000fa280000,0x00000000fb779f58,0x00000000fb780000)
  to   space 30720K, 0% used [0x00000000fe200000,0x00000000fe200000,0x0000000100000000)
 ParOldGen       total 136192K, used 40483K [0x00000000c0000000, 0x00000000c8500000, 0x00000000eab00000)
  object space 136192K, 29% used [0x00000000c0000000,0x00000000c2788ed0,0x00000000c8500000)
 Metaspace       used 56871K, capacity 58574K, committed 58624K, reserved 1099776K
  class space    used 7705K, capacity 8168K, committed 8192K, reserved 1048576K

Card table byte_map: [0x0000000012550000,0x0000000012760000] byte_map_base: 0x0000000011f50000

Marking Bits: (ParMarkBitMap*) 0x000000006c799f30
 Begin Bits: [0x00000000130c0000, 0x00000000140c0000)
 End Bits:   [0x00000000140c0000, 0x00000000150c0000)

Polling page: 0x0000000001290000

CodeCache: size=245760Kb used=22603Kb max_used=22615Kb free=223157Kb
 bounds [0x0000000003190000, 0x00000000047c0000, 0x0000000012190000]
 total_blobs=7528 nmethods=6745 adapters=696
 compilation: enabled

Compilation events (10 events):
Event: 12.284 Thread 0x0000000017ab5000 nmethod 7647 0x00000000047b5450 code [0x00000000047b5620, 0x00000000047b66d8]
Event: 12.284 Thread 0x0000000017ab5000 7662 %     4       org.gradle.api.specs.OrSpec::isSatisfiedBy @ 21 (55 bytes)
Event: 12.290 Thread 0x0000000017b00000 nmethod 7652 0x00000000047b7450 code [0x00000000047b7640, 0x00000000047b8cc8]
Event: 12.290 Thread 0x0000000017b00000 7663       4       org.gradle.api.internal.file.pattern.HasPrefixAndSuffixPatternStep::matches (28 bytes)
Event: 12.314 Thread 0x0000000017b00000 nmethod 7663 0x00000000047ba6d0 code [0x00000000047ba880, 0x00000000047bb958]
Event: 12.314 Thread 0x0000000017b00000 7658       4       org.gradle.api.internal.file.pattern.PatternMatcherFactory$PathMatcherBackedSpec::isSatisfiedBy (9 bytes)
Event: 12.352 Thread 0x0000000017b08000 7668       3       java.util.LinkedHashMap::clear (15 bytes)
Event: 12.353 Thread 0x0000000017b08000 nmethod 7668 0x00000000047b5090 code [0x00000000047b5200, 0x00000000047b53c8]
Event: 12.369 Thread 0x0000000017b08000 7669  s    3       java.io.ExpiringCache::clear (10 bytes)
Event: 12.369 Thread 0x0000000017b08000 nmethod 7669 0x00000000047b4a90 code [0x00000000047b4c00, 0x00000000047b4f88]

GC Heap History (10 events):
Event: 5.486 GC heap before
{Heap before GC invocations=7 (full 1):
 PSYoungGen      total 137216K, used 14890K [0x00000000eab00000, 0x00000000f5c00000, 0x0000000100000000)
  eden space 126464K, 3% used [0x00000000eab00000,0x00000000eaf0e338,0x00000000f2680000)
  from space 10752K, 99% used [0x00000000f2680000,0x00000000f30fc550,0x00000000f3100000)
  to   space 13824K, 0% used [0x00000000f4e80000,0x00000000f4e80000,0x00000000f5c00000)
 ParOldGen       total 102400K, used 10963K [0x00000000c0000000, 0x00000000c6400000, 0x00000000eab00000)
  object space 102400K, 10% used [0x00000000c0000000,0x00000000c0ab4e00,0x00000000c6400000)
 Metaspace       used 34644K, capacity 35284K, committed 35416K, reserved 1079296K
  class space    used 4787K, capacity 5016K, committed 5120K, reserved 1048576K
Event: 5.492 GC heap after
Heap after GC invocations=7 (full 1):
 PSYoungGen      total 167936K, used 8084K [0x00000000eab00000, 0x00000000fa200000, 0x0000000100000000)
  eden space 154112K, 0% used [0x00000000eab00000,0x00000000eab00000,0x00000000f4180000)
  from space 13824K, 58% used [0x00000000f4e80000,0x00000000f56652a8,0x00000000f5c00000)
  to   space 13312K, 0% used [0x00000000f4180000,0x00000000f4180000,0x00000000f4e80000)
 ParOldGen       total 102400K, used 10963K [0x00000000c0000000, 0x00000000c6400000, 0x00000000eab00000)
  object space 102400K, 10% used [0x00000000c0000000,0x00000000c0ab4e00,0x00000000c6400000)
 Metaspace       used 34644K, capacity 35284K, committed 35416K, reserved 1079296K
  class space    used 4787K, capacity 5016K, committed 5120K, reserved 1048576K
}
Event: 5.492 GC heap before
{Heap before GC invocations=8 (full 2):
 PSYoungGen      total 167936K, used 8084K [0x00000000eab00000, 0x00000000fa200000, 0x0000000100000000)
  eden space 154112K, 0% used [0x00000000eab00000,0x00000000eab00000,0x00000000f4180000)
  from space 13824K, 58% used [0x00000000f4e80000,0x00000000f56652a8,0x00000000f5c00000)
  to   space 13312K, 0% used [0x00000000f4180000,0x00000000f4180000,0x00000000f4e80000)
 ParOldGen       total 102400K, used 10963K [0x00000000c0000000, 0x00000000c6400000, 0x00000000eab00000)
  object space 102400K, 10% used [0x00000000c0000000,0x00000000c0ab4e00,0x00000000c6400000)
 Metaspace       used 34644K, capacity 35284K, committed 35416K, reserved 1079296K
  class space    used 4787K, capacity 5016K, committed 5120K, reserved 1048576K
Event: 5.538 GC heap after
Heap after GC invocations=8 (full 2):
 PSYoungGen      total 167936K, used 0K [0x00000000eab00000, 0x00000000fa200000, 0x0000000100000000)
  eden space 154112K, 0% used [0x00000000eab00000,0x00000000eab00000,0x00000000f4180000)
  from space 13824K, 0% used [0x00000000f4e80000,0x00000000f4e80000,0x00000000f5c00000)
  to   space 13312K, 0% used [0x00000000f4180000,0x00000000f4180000,0x00000000f4e80000)
 ParOldGen       total 136192K, used 14702K [0x00000000c0000000, 0x00000000c8500000, 0x00000000eab00000)
  object space 136192K, 10% used [0x00000000c0000000,0x00000000c0e5ba10,0x00000000c8500000)
 Metaspace       used 34644K, capacity 35284K, committed 35416K, reserved 1079296K
  class space    used 4787K, capacity 5016K, committed 5120K, reserved 1048576K
}
Event: 7.595 GC heap before
{Heap before GC invocations=9 (full 2):
 PSYoungGen      total 167936K, used 154112K [0x00000000eab00000, 0x00000000fa200000, 0x0000000100000000)
  eden space 154112K, 100% used [0x00000000eab00000,0x00000000f4180000,0x00000000f4180000)
  from space 13824K, 0% used [0x00000000f4e80000,0x00000000f4e80000,0x00000000f5c00000)
  to   space 13312K, 0% used [0x00000000f4180000,0x00000000f4180000,0x00000000f4e80000)
 ParOldGen       total 136192K, used 14702K [0x00000000c0000000, 0x00000000c8500000, 0x00000000eab00000)
  object space 136192K, 10% used [0x00000000c0000000,0x00000000c0e5ba10,0x00000000c8500000)
 Metaspace       used 44434K, capacity 45440K, committed 45568K, reserved 1089536K
  class space    used 6057K, capacity 6345K, committed 6400K, reserved 1048576K
Event: 7.618 GC heap after
Heap after GC invocations=9 (full 2):
 PSYoungGen      total 167424K, used 13300K [0x00000000eab00000, 0x00000000fc900000, 0x0000000100000000)
  eden space 154112K, 0% used [0x00000000eab00000,0x00000000eab00000,0x00000000f4180000)
  from space 13312K, 99% used [0x00000000f4180000,0x00000000f4e7d120,0x00000000f4e80000)
  to   space 16896K, 0% used [0x00000000fb880000,0x00000000fb880000,0x00000000fc900000)
 ParOldGen       total 136192K, used 18390K [0x00000000c0000000, 0x00000000c8500000, 0x00000000eab00000)
  object space 136192K, 13% used [0x00000000c0000000,0x00000000c11f59a0,0x00000000c8500000)
 Metaspace       used 44434K, capacity 45440K, committed 45568K, reserved 1089536K
  class space    used 6057K, capacity 6345K, committed 6400K, reserved 1048576K
}
Event: 9.629 GC heap before
{Heap before GC invocations=10 (full 2):
 PSYoungGen      total 167424K, used 167412K [0x00000000eab00000, 0x00000000fc900000, 0x0000000100000000)
  eden space 154112K, 100% used [0x00000000eab00000,0x00000000f4180000,0x00000000f4180000)
  from space 13312K, 99% used [0x00000000f4180000,0x00000000f4e7d120,0x00000000f4e80000)
  to   space 16896K, 0% used [0x00000000fb880000,0x00000000fb880000,0x00000000fc900000)
 ParOldGen       total 136192K, used 18390K [0x00000000c0000000, 0x00000000c8500000, 0x00000000eab00000)
  object space 136192K, 13% used [0x00000000c0000000,0x00000000c11f59a0,0x00000000c8500000)
 Metaspace       used 55057K, capacity 56702K, committed 56832K, reserved 1097728K
  class space    used 7501K, capacity 7896K, committed 7936K, reserved 1048576K
Event: 9.655 GC heap after
Heap after GC invocations=10 (full 2):
 PSYoungGen      total 270336K, used 16879K [0x00000000eab00000, 0x00000000fcc80000, 0x0000000100000000)
  eden space 253440K, 0% used [0x00000000eab00000,0x00000000eab00000,0x00000000fa280000)
  from space 16896K, 99% used [0x00000000fb880000,0x00000000fc8fbf58,0x00000000fc900000)
  to   space 21504K, 0% used [0x00000000fa280000,0x00000000fa280000,0x00000000fb780000)
 ParOldGen       total 136192K, used 25055K [0x00000000c0000000, 0x00000000c8500000, 0x00000000eab00000)
  object space 136192K, 18% used [0x00000000c0000000,0x00000000c1877fc8,0x00000000c8500000)
 Metaspace       used 55057K, capacity 56702K, committed 56832K, reserved 1097728K
  class space    used 7501K, capacity 7896K, committed 7936K, reserved 1048576K
}
Event: 12.137 GC heap before
{Heap before GC invocations=11 (full 2):
 PSYoungGen      total 270336K, used 270319K [0x00000000eab00000, 0x00000000fcc80000, 0x0000000100000000)
  eden space 253440K, 100% used [0x00000000eab00000,0x00000000fa280000,0x00000000fa280000)
  from space 16896K, 99% used [0x00000000fb880000,0x00000000fc8fbf58,0x00000000fc900000)
  to   space 21504K, 0% used [0x00000000fa280000,0x00000000fa280000,0x00000000fb780000)
 ParOldGen       total 136192K, used 25055K [0x00000000c0000000, 0x00000000c8500000, 0x00000000eab00000)
  object space 136192K, 18% used [0x00000000c0000000,0x00000000c1877fc8,0x00000000c8500000)
 Metaspace       used 56742K, capacity 58478K, committed 58624K, reserved 1099776K
  class space    used 7685K, capacity 8136K, committed 8192K, reserved 1048576K
Event: 12.163 GC heap after
Heap after GC invocations=11 (full 2):
 PSYoungGen      total 274944K, used 21479K [0x00000000eab00000, 0x0000000100000000, 0x0000000100000000)
  eden space 253440K, 0% used [0x00000000eab00000,0x00000000eab00000,0x00000000fa280000)
  from space 21504K, 99% used [0x00000000fa280000,0x00000000fb779f58,0x00000000fb780000)
  to   space 30720K, 0% used [0x00000000fe200000,0x00000000fe200000,0x0000000100000000)
 ParOldGen       total 136192K, used 40483K [0x00000000c0000000, 0x00000000c8500000, 0x00000000eab00000)
  object space 136192K, 29% used [0x00000000c0000000,0x00000000c2788ed0,0x00000000c8500000)
 Metaspace       used 56742K, capacity 58478K, committed 58624K, reserved 1099776K
  class space    used 7685K, capacity 8136K, committed 8192K, reserved 1048576K
}

Deoptimization events (10 events):
Event: 12.239 Thread 0x0000000020274000 Uncommon trap: reason=unstable_if action=reinterpret pc=0x0000000003e03848 method=java.util.HashMap$HashIterator.<init>(Ljava/util/HashMap;)V @ 45
Event: 12.250 Thread 0x0000000020274000 Uncommon trap: reason=class_check action=maybe_recompile pc=0x000000000474dc40 method=org.gradle.api.internal.file.pattern.PatternMatcherFactory$PathMatcherBackedSpec.isSatisfiedBy(Lorg/gradle/api/file/RelativePath;)Z @ 38
Event: 12.250 Thread 0x0000000020274000 Uncommon trap: reason=unstable_if action=reinterpret pc=0x0000000004708908 method=org.gradle.api.internal.file.pattern.FixedPatternStep.matches(Ljava/lang/String;)Z @ 4
Event: 12.250 Thread 0x0000000020274000 Uncommon trap: reason=class_check action=maybe_recompile pc=0x000000000474dc40 method=org.gradle.api.internal.file.pattern.PatternMatcherFactory$PathMatcherBackedSpec.isSatisfiedBy(Lorg/gradle/api/file/RelativePath;)Z @ 38
Event: 12.251 Thread 0x0000000020274000 Uncommon trap: reason=class_check action=maybe_recompile pc=0x000000000474dc40 method=org.gradle.api.internal.file.pattern.PatternMatcherFactory$PathMatcherBackedSpec.isSatisfiedBy(Lorg/gradle/api/file/RelativePath;)Z @ 38
Event: 12.251 Thread 0x0000000020274000 Uncommon trap: reason=class_check action=maybe_recompile pc=0x000000000474dc40 method=org.gradle.api.internal.file.pattern.PatternMatcherFactory$PathMatcherBackedSpec.isSatisfiedBy(Lorg/gradle/api/file/RelativePath;)Z @ 38
Event: 12.252 Thread 0x0000000020274000 Uncommon trap: reason=unstable_if action=reinterpret pc=0x00000000036fc554 method=org.gradle.api.internal.file.pattern.PatternMatcherFactory$PathMatcherBackedSpec.isSatisfiedBy(Lorg/gradle/api/file/RelativePath;)Z @ 11
Event: 12.253 Thread 0x0000000020274000 Uncommon trap: reason=unstable_if action=reinterpret pc=0x000000000338165c method=org.gradle.api.internal.file.pattern.HasPrefixPatternStep.matches(Ljava/lang/String;)Z @ 5
Event: 12.253 Thread 0x0000000020274000 Uncommon trap: reason=unstable_if action=reinterpret pc=0x000000000471b85c method=org.gradle.api.internal.file.pattern.HasPrefixPatternStep.matches(Ljava/lang/String;)Z @ 5
Event: 12.315 Thread 0x0000000020274000 Uncommon trap: reason=predicate action=maybe_recompile pc=0x00000000047bb570 method=java.lang.String.regionMatches(ZILjava/lang/String;II)Z @ 63

Classes redefined (0 events):
No events

Internal exceptions (10 events):
Event: 10.415 Thread 0x0000000020274000 Exception <a 'java/lang/NoSuchMethodError': <clinit>> (0x00000000ef3e6140) thrown at [D:\src\AOSP-openjdk-cygwin\jdk8u\hotspot\src\share\vm\prims\jni.cpp, line 1614]
Event: 10.417 Thread 0x0000000020274000 Exception <a 'java/lang/NoSuchMethodError': <clinit>> (0x00000000ef3f9508) thrown at [D:\src\AOSP-openjdk-cygwin\jdk8u\hotspot\src\share\vm\prims\jni.cpp, line 1614]
Event: 10.417 Thread 0x0000000020274000 Exception <a 'java/lang/NoSuchMethodError': <clinit>> (0x00000000ef3fadb8) thrown at [D:\src\AOSP-openjdk-cygwin\jdk8u\hotspot\src\share\vm\prims\jni.cpp, line 1614]
Event: 10.529 Thread 0x0000000020274000 Exception <a 'java/lang/NoSuchMethodError': <clinit>> (0x00000000efb5eb28) thrown at [D:\src\AOSP-openjdk-cygwin\jdk8u\hotspot\src\share\vm\prims\jni.cpp, line 1614]
Event: 10.629 Thread 0x0000000020274000 Exception <a 'java/lang/NoSuchMethodError': <clinit>> (0x00000000efd7e4a0) thrown at [D:\src\AOSP-openjdk-cygwin\jdk8u\hotspot\src\share\vm\prims\jni.cpp, line 1614]
Event: 10.630 Thread 0x0000000020274000 Exception <a 'java/lang/NoSuchMethodError': <clinit>> (0x00000000efd88198) thrown at [D:\src\AOSP-openjdk-cygwin\jdk8u\hotspot\src\share\vm\prims\jni.cpp, line 1614]
Event: 10.631 Thread 0x0000000020274000 Exception <a 'java/lang/NoSuchMethodError': <clinit>> (0x00000000efd9e570) thrown at [D:\src\AOSP-openjdk-cygwin\jdk8u\hotspot\src\share\vm\prims\jni.cpp, line 1614]
Event: 10.632 Thread 0x0000000020274000 Exception <a 'java/lang/NoSuchMethodError': <clinit>> (0x00000000efda9a70) thrown at [D:\src\AOSP-openjdk-cygwin\jdk8u\hotspot\src\share\vm\prims\jni.cpp, line 1614]
Event: 11.552 Thread 0x0000000020274000 Implicit null exception at 0x00000000032e6aa8 to 0x00000000032e6c75
Event: 11.969 Thread 0x0000000020274000 Implicit null exception at 0x00000000046d5bd0 to 0x00000000046d5d0d

Events (10 events):
Event: 12.252 Thread 0x0000000020274000 DEOPT UNPACKING pc=0x00000000031d557b sp=0x0000000025e3be30 mode 2
Event: 12.253 Thread 0x0000000020274000 Uncommon trap: trap_request=0xffffff65 fr.pc=0x000000000338165c
Event: 12.253 Thread 0x0000000020274000 DEOPT PACKING pc=0x000000000338165c sp=0x0000000025e3bc90
Event: 12.253 Thread 0x0000000020274000 DEOPT UNPACKING pc=0x00000000031d557b sp=0x0000000025e3bbf0 mode 2
Event: 12.253 Thread 0x0000000020274000 Uncommon trap: trap_request=0xffffff65 fr.pc=0x000000000471b85c
Event: 12.253 Thread 0x0000000020274000 DEOPT PACKING pc=0x000000000471b85c sp=0x0000000025e3bc20
Event: 12.253 Thread 0x0000000020274000 DEOPT UNPACKING pc=0x00000000031d557b sp=0x0000000025e3bbe0 mode 2
Event: 12.315 Thread 0x0000000020274000 Uncommon trap: trap_request=0xffffff86 fr.pc=0x00000000047bb570
Event: 12.315 Thread 0x0000000020274000 DEOPT PACKING pc=0x00000000047bb570 sp=0x0000000025e3bdc0
Event: 12.315 Thread 0x0000000020274000 DEOPT UNPACKING pc=0x00000000031d557b sp=0x0000000025e3bc70 mode 2


Dynamic libraries:
0x00007ff789810000 - 0x00007ff789841000 	C:\Program Files\Android\Android Studio\jre\bin\java.exe
0x00007ffd52b30000 - 0x00007ffd52d25000 	C:\WINDOWS\SYSTEM32\ntdll.dll
0x00007ffd51760000 - 0x00007ffd5181d000 	C:\WINDOWS\System32\KERNEL32.DLL
0x00007ffd50430000 - 0x00007ffd506f9000 	C:\WINDOWS\System32\KERNELBASE.dll
0x00007ffd50c30000 - 0x00007ffd50cdc000 	C:\WINDOWS\System32\ADVAPI32.dll
0x00007ffd50b60000 - 0x00007ffd50bfe000 	C:\WINDOWS\System32\msvcrt.dll
0x00007ffd52270000 - 0x00007ffd5230c000 	C:\WINDOWS\System32\sechost.dll
0x00007ffd51d20000 - 0x00007ffd51e4b000 	C:\WINDOWS\System32\RPCRT4.dll
0x00007ffd51b80000 - 0x00007ffd51d20000 	C:\WINDOWS\System32\USER32.dll
0x00007ffd50780000 - 0x00007ffd507a2000 	C:\WINDOWS\System32\win32u.dll
0x00007ffd51e50000 - 0x00007ffd51e7a000 	C:\WINDOWS\System32\GDI32.dll
0x00007ffd50a20000 - 0x00007ffd50b2b000 	C:\WINDOWS\System32\gdi32full.dll
0x00007ffd50290000 - 0x00007ffd5032d000 	C:\WINDOWS\System32\msvcp_win.dll
0x00007ffd50330000 - 0x00007ffd50430000 	C:\WINDOWS\System32\ucrtbase.dll
0x00007ffd25e80000 - 0x00007ffd2611a000 	C:\WINDOWS\WinSxS\amd64_microsoft.windows.common-controls_6595b64144ccf1df_6.0.19041.844_none_ca00b6081b84eb1d\COMCTL32.dll
0x00007ffd50c00000 - 0x00007ffd50c30000 	C:\WINDOWS\System32\IMM32.DLL
0x000000006dca0000 - 0x000000006dd72000 	C:\Program Files\Android\Android Studio\jre\jre\bin\msvcr100.dll
0x000000006bfd0000 - 0x000000006c816000 	C:\Program Files\Android\Android Studio\jre\jre\bin\server\jvm.dll
0x00007ffd52090000 - 0x00007ffd52098000 	C:\WINDOWS\System32\PSAPI.DLL
0x00007ffd48be0000 - 0x00007ffd48be9000 	C:\WINDOWS\SYSTEM32\WSOCK32.dll
0x00007ffd52020000 - 0x00007ffd5208b000 	C:\WINDOWS\System32\WS2_32.dll
0x00007ffd49720000 - 0x00007ffd4972a000 	C:\WINDOWS\SYSTEM32\VERSION.dll
0x00007ffd32a30000 - 0x00007ffd32a57000 	C:\WINDOWS\SYSTEM32\WINMM.dll
0x00007ffd47e50000 - 0x00007ffd47e5f000 	C:\Program Files\Android\Android Studio\jre\jre\bin\verify.dll
0x00007ffd1fc40000 - 0x00007ffd1fc69000 	C:\Program Files\Android\Android Studio\jre\jre\bin\java.dll
0x00007ffd3e460000 - 0x00007ffd3e476000 	C:\Program Files\Android\Android Studio\jre\jre\bin\zip.dll
0x00007ffd50dc0000 - 0x00007ffd51502000 	C:\WINDOWS\System32\SHELL32.dll
0x00007ffd4e0c0000 - 0x00007ffd4e850000 	C:\WINDOWS\SYSTEM32\windows.storage.dll
0x00007ffd51820000 - 0x00007ffd51b75000 	C:\WINDOWS\System32\combase.dll
0x00007ffd4fcb0000 - 0x00007ffd4fcdc000 	C:\WINDOWS\SYSTEM32\Wldp.dll
0x00007ffd51f50000 - 0x00007ffd51ffe000 	C:\WINDOWS\System32\SHCORE.dll
0x00007ffd50d60000 - 0x00007ffd50db5000 	C:\WINDOWS\System32\shlwapi.dll
0x00007ffd50180000 - 0x00007ffd5019f000 	C:\WINDOWS\SYSTEM32\profapi.dll
0x00007ffd3b3e0000 - 0x00007ffd3b3fa000 	C:\Program Files\Android\Android Studio\jre\jre\bin\net.dll
0x00007ffd4fa30000 - 0x00007ffd4fa9a000 	C:\WINDOWS\system32\mswsock.dll
0x00007ffd30130000 - 0x00007ffd30141000 	C:\Program Files\Android\Android Studio\jre\jre\bin\nio.dll
0x00007ffd3ffd0000 - 0x00007ffd3ffee000 	C:\Users\LENOVO\.gradle\native\25\windows-amd64\native-platform.dll
0x00007ffd3b3c0000 - 0x00007ffd3b3cd000 	C:\Program Files\Android\Android Studio\jre\jre\bin\management.dll
0x00007ffd4fc00000 - 0x00007ffd4fc18000 	C:\WINDOWS\SYSTEM32\CRYPTSP.dll
0x00007ffd4f360000 - 0x00007ffd4f394000 	C:\WINDOWS\system32\rsaenh.dll
0x00007ffd50b30000 - 0x00007ffd50b57000 	C:\WINDOWS\System32\bcrypt.dll
0x00007ffd50140000 - 0x00007ffd5016e000 	C:\WINDOWS\SYSTEM32\USERENV.dll
0x00007ffd50700000 - 0x00007ffd50780000 	C:\WINDOWS\System32\bcryptprimitives.dll
0x00007ffd4fc20000 - 0x00007ffd4fc2c000 	C:\WINDOWS\SYSTEM32\CRYPTBASE.dll
0x00007ffd4f6b0000 - 0x00007ffd4f6eb000 	C:\WINDOWS\SYSTEM32\IPHLPAPI.DLL
0x00007ffd52000000 - 0x00007ffd52008000 	C:\WINDOWS\System32\NSI.dll
0x00007ffd47e10000 - 0x00007ffd47e27000 	C:\WINDOWS\SYSTEM32\dhcpcsvc6.DLL
0x00007ffd482c0000 - 0x00007ffd482dd000 	C:\WINDOWS\SYSTEM32\dhcpcsvc.DLL
0x00007ffd4f6f0000 - 0x00007ffd4f7bb000 	C:\WINDOWS\SYSTEM32\DNSAPI.dll

VM Arguments:
jvm_args: -XX:+HeapDumpOnOutOfMemoryError -Xmx1024m -Dfile.encoding=windows-1256 -Duser.country=US -Duser.language=en -Duser.variant 
java_command: org.gradle.launcher.daemon.bootstrap.GradleDaemon 4.6
java_class_path (initial): C:\Users\LENOVO\.gradle\wrapper\dists\gradle-4.6-all\bcst21l2brirad8k2ben1letg\gradle-4.6\lib\gradle-launcher-4.6.jar
Launcher Type: SUN_STANDARD

Environment Variables:
USERNAME=LENOVO
OS=Windows_NT
PROCESSOR_IDENTIFIER=Intel64 Family 6 Model 142 Stepping 11, GenuineIntel



---------------  S Y S T E M  ---------------

OS: Windows 10.0 , 64 bit Build 19041 (10.0.19041.804)

CPU:total 8 (initial active 8) (4 cores per cpu, 2 threads per core) family 6 model 142 stepping 11, cmov, cx8, fxsr, mmx, sse, sse2, sse3, ssse3, sse4.1, sse4.2, popcnt, avx, avx2, clmul, erms, 3dnowpref, lzcnt, ht, tsc, tscinvbit, bmi1, bmi2, adx

Memory: 4k page, physical 16615512k(3207176k free), swap 16615512k(5956k free)

vm_info: OpenJDK 64-Bit Server VM (25.202-b03) for windows-amd64 JRE (1.8.0_202-release-1483-b03), built by "builder" with MS VC++ 10.0 (VS2010)

time: Sun Mar 14 20:40:57 2021
timezone: Jordan Standard Time
elapsed time: 12 seconds (0d 0h 0m 12s)

