#
# There is insufficient memory for the Java Runtime Environment to continue.
# Native memory allocation (malloc) failed to allocate 671056 bytes for Chunk::new
# Possible reasons:
#   The system is out of physical RAM or swap space
#   The process is running with CompressedOops enabled, and the Java Heap may be blocking the growth of the native heap
# Possible solutions:
#   Reduce memory load on the system
#   Increase physical memory or swap space
#   Check if swap backing store is full
#   Decrease Java heap size (-Xmx/-Xms)
#   Decrease number of Java threads
#   Decrease Java thread stack sizes (-Xss)
#   Set larger code cache with -XX:ReservedCodeCacheSize=
#   JVM is running with Unscaled Compressed Oops mode in which the Java heap is
#     placed in the first 4GB address space. The Java Heap base address is the
#     maximum limit for the native heap growth. Please use -XX:HeapBaseMinAddress
#     to set the Java Heap base and to place the Java Heap above 4GB virtual address.
# This output file may be truncated or incomplete.
#
#  Out of Memory Error (allocation.cpp:389), pid=5320, tid=0x000000000000102c
#
# JRE version: OpenJDK Runtime Environment (8.0_202-b03) (build 1.8.0_202-release-1483-b03)
# Java VM: OpenJDK 64-Bit Server VM (25.202-b03 mixed mode windows-amd64 compressed oops)
# Failed to write core dump. Minidumps are not enabled by default on client versions of Windows
#

---------------  T H R E A D  ---------------

Current thread (0x00000000179b0000):  JavaThread "C2 CompilerThread2" daemon [_thread_in_native, id=4140, stack(0x0000000018430000,0x0000000018530000)]

Stack: [0x0000000018430000,0x0000000018530000]
[error occurred during error reporting (printing stack bounds), id 0xc0000005]

Native frames: (J=compiled Java code, j=interpreted, Vv=VM code, C=native code)


Current CompileTask:
C2: 266767 14001       4       com.android.tools.build.apkzlib.zip.FileUseMap::add (131 bytes)


---------------  P R O C E S S  ---------------

Java Threads: ( => current thread )
  0x000000001fee9800 JavaThread "pool-6-thread-1" [_thread_in_native, id=5252, stack(0x0000000025c60000,0x0000000025d60000)]
  0x000000001fef3000 JavaThread "ForkJoinPool.commonPool-worker-1" daemon [_thread_blocked, id=14924, stack(0x000000001ac80000,0x000000001ad80000)]
  0x000000001fef1000 JavaThread "ForkJoinPool-8-worker-0" daemon [_thread_blocked, id=17900, stack(0x0000000027d70000,0x0000000027e70000)]
  0x000000001fef4000 JavaThread "ForkJoinPool-8-worker-7" daemon [_thread_blocked, id=9316, stack(0x0000000027c70000,0x0000000027d70000)]
  0x000000001fee8000 JavaThread "ForkJoinPool-8-worker-6" daemon [_thread_blocked, id=10876, stack(0x0000000026b30000,0x0000000026c30000)]
  0x000000001feeb800 JavaThread "ForkJoinPool-8-worker-5" daemon [_thread_blocked, id=21084, stack(0x0000000026830000,0x0000000026930000)]
  0x000000001feeb000 JavaThread "ForkJoinPool-8-worker-4" daemon [_thread_blocked, id=16752, stack(0x0000000026730000,0x0000000026830000)]
  0x000000001feea000 JavaThread "ForkJoinPool-8-worker-3" daemon [_thread_blocked, id=11652, stack(0x0000000026630000,0x0000000026730000)]
  0x000000001feee800 JavaThread "ForkJoinPool-8-worker-2" daemon [_thread_blocked, id=14716, stack(0x0000000025d60000,0x0000000025e60000)]
  0x000000001fee8800 JavaThread "stdout" [_thread_in_native, id=11212, stack(0x0000000025960000,0x0000000025a60000)]
  0x000000001ddb0800 JavaThread "stderr" [_thread_in_native, id=13672, stack(0x0000000025860000,0x0000000025960000)]
  0x000000001ddaf800 JavaThread "pool-5-thread-1" [_thread_blocked, id=5292, stack(0x0000000025760000,0x0000000025860000)]
  0x000000001b950800 JavaThread "Task worker for ':' Thread 7" [_thread_blocked, id=12684, stack(0x0000000025660000,0x0000000025760000)]
  0x000000001b94e800 JavaThread "Task worker for ':' Thread 6" [_thread_blocked, id=14820, stack(0x0000000025560000,0x0000000025660000)]
  0x000000001b951800 JavaThread "Task worker for ':' Thread 5" [_thread_blocked, id=2596, stack(0x0000000025460000,0x0000000025560000)]
  0x000000001b94d800 JavaThread "Task worker for ':' Thread 4" [_thread_blocked, id=2212, stack(0x0000000025360000,0x0000000025460000)]
  0x000000001b950000 JavaThread "Task worker for ':' Thread 3" [_thread_blocked, id=8560, stack(0x0000000025260000,0x0000000025360000)]
  0x000000001b94d000 JavaThread "Task worker for ':' Thread 2" [_thread_blocked, id=14184, stack(0x0000000025160000,0x0000000025260000)]
  0x000000001b94c000 JavaThread "Task worker for ':'" [_thread_blocked, id=9004, stack(0x0000000025060000,0x0000000025160000)]
  0x0000000017b60800 JavaThread "Cache worker for Build Output Cleanup Cache (D:\Laptop\Maen Naamneh\GI Projects\CashVan_Git\.gradle\buildOutputCleanup)" [_thread_blocked, id=3932, stack(0x0000000024f60000,0x0000000025060000)]
  0x0000000017b55800 JavaThread "Cache worker for task history cache (D:\Laptop\Maen Naamneh\GI Projects\CashVan_Git\.gradle\4.6\taskHistory)" [_thread_blocked, id=19712, stack(0x0000000024e60000,0x0000000024f60000)]
  0x0000000017b5c800 JavaThread "Cache worker for file content cache (D:\Laptop\Maen Naamneh\GI Projects\CashVan_Git\.gradle\4.6\fileContent)" [_thread_blocked, id=7144, stack(0x0000000024d60000,0x0000000024e60000)]
  0x0000000017b5f000 JavaThread "Build operations Thread 8" [_thread_blocked, id=10316, stack(0x00000000245c0000,0x00000000246c0000)]
  0x0000000017b5d800 JavaThread "Build operations Thread 7" [_thread_blocked, id=15136, stack(0x0000000020cc0000,0x0000000020dc0000)]
  0x0000000017b5f800 JavaThread "Build operations Thread 6" [_thread_blocked, id=7656, stack(0x0000000020bc0000,0x0000000020cc0000)]
  0x0000000017b5b800 JavaThread "Build operations Thread 5" [_thread_blocked, id=7652, stack(0x0000000020ac0000,0x0000000020bc0000)]
  0x0000000017b61000 JavaThread "Build operations Thread 4" [_thread_blocked, id=5560, stack(0x00000000209c0000,0x0000000020ac0000)]
  0x0000000017b5b000 JavaThread "Build operations Thread 3" [_thread_blocked, id=16204, stack(0x000000001f2b0000,0x000000001f3b0000)]
  0x0000000017b53800 JavaThread "Build operations Thread 2" [_thread_blocked, id=17056, stack(0x000000001e910000,0x000000001ea10000)]
  0x0000000017b5a000 JavaThread "Build operations" [_thread_blocked, id=8172, stack(0x000000001d620000,0x000000001d720000)]
  0x0000000017b52800 JavaThread "Cache worker for Artifact transforms cache (C:\Users\LENOVO\.gradle\caches\transforms-1)" [_thread_blocked, id=20132, stack(0x000000001d520000,0x000000001d620000)]
  0x0000000017b59800 JavaThread "Cache worker for file hash cache (D:\Laptop\Maen Naamneh\GI Projects\CashVan_Git\.gradle\4.6\fileHashes)" [_thread_blocked, id=18996, stack(0x000000001ad80000,0x000000001ae80000)]
  0x0000000017b57000 JavaThread "Asynchronous log dispatcher for DefaultDaemonConnection: socket connection from /127.0.0.1:50569 to /127.0.0.1:50615" [_thread_blocked, id=10424, stack(0x000000001a980000,0x000000001aa80000)]
  0x0000000017b52000 JavaThread "Daemon worker Thread 2" [_thread_blocked, id=1116, stack(0x000000001a880000,0x000000001a980000)]
  0x0000000017b56800 JavaThread "Cancel handler" [_thread_blocked, id=18356, stack(0x0000000001380000,0x0000000001480000)]
  0x0000000017b58000 JavaThread "Handler for socket connection from /127.0.0.1:50569 to /127.0.0.1:50615" [_thread_in_native, id=20552, stack(0x0000000001280000,0x0000000001380000)]
  0x0000000017b58800 JavaThread "Daemon Thread 2" [_thread_blocked, id=5716, stack(0x0000000001180000,0x0000000001280000)]
  0x000000001ddac800 JavaThread "pool-1-thread-1" [_thread_blocked, id=19536, stack(0x0000000023ca0000,0x0000000023da0000)]
  0x000000001ddaf000 JavaThread "Memory manager" [_thread_blocked, id=21356, stack(0x0000000021fc0000,0x00000000220c0000)]
  0x0000000019f00800 JavaThread "File lock request listener" [_thread_in_native, id=18024, stack(0x000000001c450000,0x000000001c550000)]
  0x0000000019eff800 JavaThread "Cache worker for file hash cache (C:\Users\LENOVO\.gradle\caches\4.6\fileHashes)" [_thread_blocked, id=19328, stack(0x000000001c350000,0x000000001c450000)]
  0x0000000019baa800 JavaThread "Daemon periodic checks" [_thread_blocked, id=20276, stack(0x000000001a780000,0x000000001a880000)]
  0x0000000019a9d800 JavaThread "Incoming local TCP Connector on port 50569" [_thread_in_native, id=19928, stack(0x000000001a540000,0x000000001a640000)]
  0x0000000017a01800 JavaThread "Service Thread" daemon [_thread_blocked, id=20596, stack(0x0000000018630000,0x0000000018730000)]
  0x00000000179b5000 JavaThread "C1 CompilerThread3" daemon [_thread_blocked, id=20616, stack(0x0000000018530000,0x0000000018630000)]
=>0x00000000179b0000 JavaThread "C2 CompilerThread2" daemon [_thread_in_native, id=4140, stack(0x0000000018430000,0x0000000018530000)]
  0x0000000017964000 JavaThread "C2 CompilerThread1" daemon [_thread_in_native, id=15560, stack(0x0000000018330000,0x0000000018430000)]
  0x0000000017960800 JavaThread "C2 CompilerThread0" daemon [_thread_in_native, id=7892, stack(0x0000000018230000,0x0000000018330000)]
  0x0000000017960000 JavaThread "Attach Listener" daemon [_thread_blocked, id=3464, stack(0x0000000018130000,0x0000000018230000)]
  0x00000000179af800 JavaThread "Signal Dispatcher" daemon [_thread_blocked, id=9648, stack(0x0000000018030000,0x0000000018130000)]
  0x000000000303e000 JavaThread "Finalizer" daemon [_thread_blocked, id=3924, stack(0x0000000017e30000,0x0000000017f30000)]
  0x0000000017950800 JavaThread "Reference Handler" daemon [_thread_blocked, id=20820, stack(0x0000000017d30000,0x0000000017e30000)]
  0x000000000155e800 JavaThread "main" [_thread_blocked, id=12976, stack(0x0000000002d40000,0x0000000002e40000)]

Other Threads:
  0x0000000015b58000 VMThread [stack: 0x0000000017830000,0x0000000017930000] [id=14160]
  0x0000000017a02000 WatcherThread [stack: 0x0000000018730000,0x0000000018830000] [id=19912]

VM state:not at safepoint (normal execution)

VM Mutex/Monitor currently owned by a thread: None

heap address: 0x00000000c0000000, size: 1024 MB, Compressed Oops mode: 32-bit
Narrow klass base: 0x0000000000000000, Narrow klass shift: 3
Compressed class space size: 1073741824 Address: 0x0000000100000000

Heap:
 PSYoungGen      total 208384K, used 136565K [0x00000000eab00000, 0x0000000100000000, 0x0000000100000000)
  eden space 183808K, 74% used [0x00000000eab00000,0x00000000f305d5f0,0x00000000f5e80000)
  from space 24576K, 0% used [0x00000000f5e80000,0x00000000f5e80000,0x00000000f7680000)
  to   space 81920K, 0% used [0x00000000fb000000,0x00000000fb000000,0x0000000100000000)
 ParOldGen       total 269824K, used 75007K [0x00000000c0000000, 0x00000000d0780000, 0x00000000eab00000)
  object space 269824K, 27% used [0x00000000c0000000,0x00000000c493fd98,0x00000000d0780000)
 Metaspace       used 73925K, capacity 76838K, committed 76928K, reserved 1116160K
  class space    used 9709K, capacity 10359K, committed 10368K, reserved 1048576K

Card table byte_map: [0x0000000012400000,0x0000000012610000] byte_map_base: 0x0000000011e00000

Marking Bits: (ParMarkBitMap*) 0x0000000057339f30
 Begin Bits: [0x0000000012f70000, 0x0000000013f70000)
 End Bits:   [0x0000000013f70000, 0x0000000014f70000)

Polling page: 0x0000000001480000

CodeCache: size=245760Kb used=37231Kb max_used=37244Kb free=208528Kb
 bounds [0x0000000003040000, 0x00000000054e0000, 0x0000000012040000]
 total_blobs=12206 nmethods=11374 adapters=745
 compilation: enabled

Compilation events (10 events):
Event: 266.680 Thread 0x0000000017964000 14009       4       com.google.common.primitives.Ints::checkedCast (23 bytes)
Event: 266.680 Thread 0x0000000017964000 nmethod 14009 0x000000000532af50 code [0x000000000532b080, 0x000000000532b0f8]
Event: 266.682 Thread 0x0000000017964000 14010       4       java.lang.String::toLowerCase (8 bytes)
Event: 266.682 Thread 0x0000000017964000 nmethod 14010 0x000000000533ba50 code [0x000000000533bba0, 0x000000000533bc48]
Event: 266.682 Thread 0x00000000179b5000 14011       3       com.android.builder.packaging.PackagingUtils::lambda$getNoCompressPredicateForExtensions$1 (44 bytes)
Event: 266.683 Thread 0x00000000179b5000 nmethod 14011 0x00000000054cc490 code [0x00000000054cc680, 0x00000000054ccfa8]
Event: 266.683 Thread 0x00000000179b5000 14012       3       com.android.builder.packaging.PackagingUtils$$Lambda$467/1531022583::test (12 bytes)
Event: 266.683 Thread 0x00000000179b5000 nmethod 14012 0x00000000054c4290 code [0x00000000054c4400, 0x00000000054c4668]
Event: 266.686 Thread 0x0000000017964000 14013       4       com.android.builder.packaging.PackagingUtils::lambda$getNoCompressPredicateForExtensions$1 (44 bytes)
Event: 266.694 Thread 0x0000000017964000 nmethod 14013 0x00000000054c8a10 code [0x00000000054c8b80, 0x00000000054c8f68]

GC Heap History (10 events):
Event: 235.917 GC heap before
{Heap before GC invocations=17 (full 3):
 PSYoungGen      total 208384K, used 208365K [0x00000000eab00000, 0x00000000faa00000, 0x0000000100000000)
  eden space 183808K, 100% used [0x00000000eab00000,0x00000000f5e80000,0x00000000f5e80000)
  from space 24576K, 99% used [0x00000000f5e80000,0x00000000f767b408,0x00000000f7680000)
  to   space 28672K, 0% used [0x00000000f8e00000,0x00000000f8e00000,0x00000000faa00000)
 ParOldGen       total 269824K, used 47459K [0x00000000c0000000, 0x00000000d0780000, 0x00000000eab00000)
  object space 269824K, 17% used [0x00000000c0000000,0x00000000c2e58d88,0x00000000d0780000)
 Metaspace       used 70888K, capacity 73466K, committed 73728K, reserved 1114112K
  class space    used 9358K, capacity 9947K, committed 9984K, reserved 1048576K
Event: 236.031 GC heap after
Heap after GC invocations=17 (full 3):
 PSYoungGen      total 212480K, used 28648K [0x00000000eab00000, 0x00000000faa00000, 0x0000000100000000)
  eden space 183808K, 0% used [0x00000000eab00000,0x00000000eab00000,0x00000000f5e80000)
  from space 28672K, 99% used [0x00000000f8e00000,0x00000000fa9fa250,0x00000000faa00000)
  to   space 24576K, 0% used [0x00000000f5e80000,0x00000000f5e80000,0x00000000f7680000)
 ParOldGen       total 269824K, used 128278K [0x00000000c0000000, 0x00000000d0780000, 0x00000000eab00000)
  object space 269824K, 47% used [0x00000000c0000000,0x00000000c7d459d8,0x00000000d0780000)
 Metaspace       used 70888K, capacity 73466K, committed 73728K, reserved 1114112K
  class space    used 9358K, capacity 9947K, committed 9984K, reserved 1048576K
}
Event: 238.118 GC heap before
{Heap before GC invocations=18 (full 3):
 PSYoungGen      total 212480K, used 212456K [0x00000000eab00000, 0x00000000faa00000, 0x0000000100000000)
  eden space 183808K, 100% used [0x00000000eab00000,0x00000000f5e80000,0x00000000f5e80000)
  from space 28672K, 99% used [0x00000000f8e00000,0x00000000fa9fa250,0x00000000faa00000)
  to   space 24576K, 0% used [0x00000000f5e80000,0x00000000f5e80000,0x00000000f7680000)
 ParOldGen       total 269824K, used 128278K [0x00000000c0000000, 0x00000000d0780000, 0x00000000eab00000)
  object space 269824K, 47% used [0x00000000c0000000,0x00000000c7d459d8,0x00000000d0780000)
 Metaspace       used 71922K, capacity 74616K, committed 74880K, reserved 1114112K
  class space    used 9451K, capacity 10054K, committed 10112K, reserved 1048576K
Event: 238.184 GC heap after
Heap after GC invocations=18 (full 3):
 PSYoungGen      total 208384K, used 24564K [0x00000000eab00000, 0x00000000faa00000, 0x0000000100000000)
  eden space 183808K, 0% used [0x00000000eab00000,0x00000000eab00000,0x00000000f5e80000)
  from space 24576K, 99% used [0x00000000f5e80000,0x00000000f767d000,0x00000000f7680000)
  to   space 28672K, 0% used [0x00000000f8e00000,0x00000000f8e00000,0x00000000faa00000)
 ParOldGen       total 269824K, used 165690K [0x00000000c0000000, 0x00000000d0780000, 0x00000000eab00000)
  object space 269824K, 61% used [0x00000000c0000000,0x00000000ca1cea00,0x00000000d0780000)
 Metaspace       used 71922K, capacity 74616K, committed 74880K, reserved 1114112K
  class space    used 9451K, capacity 10054K, committed 10112K, reserved 1048576K
}
Event: 262.407 GC heap before
{Heap before GC invocations=19 (full 3):
 PSYoungGen      total 208384K, used 208372K [0x00000000eab00000, 0x00000000faa00000, 0x0000000100000000)
  eden space 183808K, 100% used [0x00000000eab00000,0x00000000f5e80000,0x00000000f5e80000)
  from space 24576K, 99% used [0x00000000f5e80000,0x00000000f767d000,0x00000000f7680000)
  to   space 28672K, 0% used [0x00000000f8e00000,0x00000000f8e00000,0x00000000faa00000)
 ParOldGen       total 269824K, used 165690K [0x00000000c0000000, 0x00000000d0780000, 0x00000000eab00000)
  object space 269824K, 61% used [0x00000000c0000000,0x00000000ca1cea00,0x00000000d0780000)
 Metaspace       used 72108K, capacity 74922K, committed 75136K, reserved 1114112K
  class space    used 9469K, capacity 10081K, committed 10112K, reserved 1048576K
Event: 262.439 GC heap after
Heap after GC invocations=19 (full 3):
 PSYoungGen      total 212480K, used 28642K [0x00000000eab00000, 0x00000000faa00000, 0x0000000100000000)
  eden space 183808K, 0% used [0x00000000eab00000,0x00000000eab00000,0x00000000f5e80000)
  from space 28672K, 99% used [0x00000000f8e00000,0x00000000fa9f89e8,0x00000000faa00000)
  to   space 24576K, 0% used [0x00000000f5e80000,0x00000000f5e80000,0x00000000f7680000)
 ParOldGen       total 269824K, used 204545K [0x00000000c0000000, 0x00000000d0780000, 0x00000000eab00000)
  object space 269824K, 75% used [0x00000000c0000000,0x00000000cc7c0518,0x00000000d0780000)
 Metaspace       used 72108K, capacity 74922K, committed 75136K, reserved 1114112K
  class space    used 9469K, capacity 10081K, committed 10112K, reserved 1048576K
}
Event: 266.194 GC heap before
{Heap before GC invocations=20 (full 3):
 PSYoungGen      total 212480K, used 212419K [0x00000000eab00000, 0x00000000faa00000, 0x0000000100000000)
  eden space 183808K, 99% used [0x00000000eab00000,0x00000000f5e78390,0x00000000f5e80000)
  from space 28672K, 99% used [0x00000000f8e00000,0x00000000fa9f89e8,0x00000000faa00000)
  to   space 24576K, 0% used [0x00000000f5e80000,0x00000000f5e80000,0x00000000f7680000)
 ParOldGen       total 269824K, used 204545K [0x00000000c0000000, 0x00000000d0780000, 0x00000000eab00000)
  object space 269824K, 75% used [0x00000000c0000000,0x00000000cc7c0518,0x00000000d0780000)
 Metaspace       used 73741K, capacity 76660K, committed 76928K, reserved 1116160K
  class space    used 9670K, capacity 10304K, committed 10368K, reserved 1048576K
Event: 266.219 GC heap after
Heap after GC invocations=20 (full 3):
 PSYoungGen      total 208384K, used 24569K [0x00000000eab00000, 0x0000000100000000, 0x0000000100000000)
  eden space 183808K, 0% used [0x00000000eab00000,0x00000000eab00000,0x00000000f5e80000)
  from space 24576K, 99% used [0x00000000f5e80000,0x00000000f767e6e8,0x00000000f7680000)
  to   space 81920K, 0% used [0x00000000fb000000,0x00000000fb000000,0x0000000100000000)
 ParOldGen       total 269824K, used 223492K [0x00000000c0000000, 0x00000000d0780000, 0x00000000eab00000)
  object space 269824K, 82% used [0x00000000c0000000,0x00000000cda413f0,0x00000000d0780000)
 Metaspace       used 73741K, capacity 76660K, committed 76928K, reserved 1116160K
  class space    used 9670K, capacity 10304K, committed 10368K, reserved 1048576K
}
Event: 266.219 GC heap before
{Heap before GC invocations=21 (full 4):
 PSYoungGen      total 208384K, used 24569K [0x00000000eab00000, 0x0000000100000000, 0x0000000100000000)
  eden space 183808K, 0% used [0x00000000eab00000,0x00000000eab00000,0x00000000f5e80000)
  from space 24576K, 99% used [0x00000000f5e80000,0x00000000f767e6e8,0x00000000f7680000)
  to   space 81920K, 0% used [0x00000000fb000000,0x00000000fb000000,0x0000000100000000)
 ParOldGen       total 269824K, used 223492K [0x00000000c0000000, 0x00000000d0780000, 0x00000000eab00000)
  object space 269824K, 82% used [0x00000000c0000000,0x00000000cda413f0,0x00000000d0780000)
 Metaspace       used 73741K, capacity 76660K, committed 76928K, reserved 1116160K
  class space    used 9670K, capacity 10304K, committed 10368K, reserved 1048576K
Event: 266.331 GC heap after
Heap after GC invocations=21 (full 4):
 PSYoungGen      total 208384K, used 0K [0x00000000eab00000, 0x0000000100000000, 0x0000000100000000)
  eden space 183808K, 0% used [0x00000000eab00000,0x00000000eab00000,0x00000000f5e80000)
  from space 24576K, 0% used [0x00000000f5e80000,0x00000000f5e80000,0x00000000f7680000)
  to   space 81920K, 0% used [0x00000000fb000000,0x00000000fb000000,0x0000000100000000)
 ParOldGen       total 269824K, used 75007K [0x00000000c0000000, 0x00000000d0780000, 0x00000000eab00000)
  object space 269824K, 27% used [0x00000000c0000000,0x00000000c493fd98,0x00000000d0780000)
 Metaspace       used 73724K, capacity 76614K, committed 76928K, reserved 1116160K
  class space    used 9665K, capacity 10295K, committed 10368K, reserved 1048576K
}

Deoptimization events (10 events):
Event: 266.146 Thread 0x000000001b951800 Uncommon trap: reason=unstable_if action=reinterpret pc=0x000000000544d918 method=com.android.apksig.internal.jar.ManifestParser.readLine()[B @ 8
Event: 266.147 Thread 0x000000001b951800 Uncommon trap: reason=class_check action=maybe_recompile pc=0x0000000004924cc4 method=java.lang.StringCoding.encode(Ljava/nio/charset/Charset;[CII)[B @ 1
Event: 266.148 Thread 0x000000001b951800 Uncommon trap: reason=class_check action=maybe_recompile pc=0x0000000004924cc4 method=java.lang.StringCoding.encode(Ljava/nio/charset/Charset;[CII)[B @ 1
Event: 266.148 Thread 0x000000001b951800 Uncommon trap: reason=class_check action=maybe_recompile pc=0x0000000004924cc4 method=java.lang.StringCoding.encode(Ljava/nio/charset/Charset;[CII)[B @ 1
Event: 266.622 Thread 0x000000001b951800 Uncommon trap: reason=class_check action=maybe_recompile pc=0x00000000051a1780 method=com.android.tools.build.apkzlib.zip.ZipField.checkVerifiesInvariants(J)V @ 25
Event: 266.656 Thread 0x000000001b951800 Uncommon trap: reason=class_check action=maybe_recompile pc=0x00000000051a7310 method=com.android.tools.build.apkzlib.zip.CentralDirectoryHeader.getCompressionInfoWithWait()Lcom/android/tools/build/apkzlib/zip/CentralDirectoryHeaderCompressInfo; @ 4
Event: 266.656 Thread 0x000000001b951800 Uncommon trap: reason=unstable_if action=reinterpret pc=0x0000000005000c14 method=com.android.tools.build.apkzlib.zip.ExtraField.size()I @ 4
Event: 266.656 Thread 0x000000001b951800 Uncommon trap: reason=class_check action=maybe_recompile pc=0x00000000051a7310 method=com.android.tools.build.apkzlib.zip.CentralDirectoryHeader.getCompressionInfoWithWait()Lcom/android/tools/build/apkzlib/zip/CentralDirectoryHeaderCompressInfo; @ 4
Event: 266.657 Thread 0x000000001b951800 Uncommon trap: reason=class_check action=maybe_recompile pc=0x00000000051a7310 method=com.android.tools.build.apkzlib.zip.CentralDirectoryHeader.getCompressionInfoWithWait()Lcom/android/tools/build/apkzlib/zip/CentralDirectoryHeaderCompressInfo; @ 4
Event: 266.695 Thread 0x000000001b951800 Uncommon trap: reason=class_check action=maybe_recompile pc=0x00000000051a7310 method=com.android.tools.build.apkzlib.zip.CentralDirectoryHeader.getCompressionInfoWithWait()Lcom/android/tools/build/apkzlib/zip/CentralDirectoryHeaderCompressInfo; @ 4

Classes redefined (0 events):
No events

Internal exceptions (10 events):
Event: 238.867 Thread 0x000000001feeb800 Exception <a 'sun/nio/fs/WindowsException'> (0x00000000f0d1e2b0) thrown at [D:\src\AOSP-openjdk-cygwin\jdk8u\hotspot\src\share\vm\prims\jni.cpp, line 710]
Event: 262.340 Thread 0x000000001fee9800 Exception <a 'sun/nio/fs/WindowsException'> (0x00000000f232b7f0) thrown at [D:\src\AOSP-openjdk-cygwin\jdk8u\hotspot\src\share\vm\prims\jni.cpp, line 710]
Event: 262.521 Thread 0x000000001fee9800 Implicit null exception at 0x00000000050b6288 to 0x00000000050b6c61
Event: 262.523 Thread 0x000000001fef4000 Implicit null exception at 0x00000000050efa5e to 0x00000000050f0015
Event: 262.811 Thread 0x000000001feea000 Exception <a 'sun/nio/fs/WindowsException'> (0x00000000efe65138) thrown at [D:\src\AOSP-openjdk-cygwin\jdk8u\hotspot\src\share\vm\prims\jni.cpp, line 710]
Event: 263.342 Thread 0x000000001b951800 Exception <a 'java/lang/NoSuchMethodError': java.lang.Object.newSystemTemporaryDirectory()Lcom/android/tools/build/apkzlib/bytestorage/TemporaryDirectory;> (0x00000000f12eaad0) thrown at [D:\src\AOSP-openjdk-cygwin\jdk8u\hotspot\src\share\vm\interpreter\l
Event: 264.578 Thread 0x000000001b951800 Exception <a 'java/lang/NoSuchMethodError': java.lang.Object.lambda$asRunnable$0(Lcom/android/tools/build/apkzlib/utils/IOExceptionRunnable;)V> (0x00000000f2553128) thrown at [D:\src\AOSP-openjdk-cygwin\jdk8u\hotspot\src\share\vm\interpreter\linkResolver.
Event: 266.583 Thread 0x000000001b951800 Exception <a 'java/lang/NoSuchMethodError': java.lang.Object.lambda$comparing$ea9a8b3a$1(Ljava/util/Comparator;Ljava/util/function/Function;Ljava/lang/Object;Ljava/lang/Object;)I> (0x00000000ec78fb00) thrown at [D:\src\AOSP-openjdk-cygwin\jdk8u\hotspot\sr
Event: 266.654 Thread 0x000000001b951800 Exception <a 'java/lang/NoSuchMethodError': java.lang.Object.lambda$or$2(Ljava/util/function/Predicate;Ljava/lang/Object;)Z> (0x00000000f02c65e0) thrown at [D:\src\AOSP-openjdk-cygwin\jdk8u\hotspot\src\share\vm\interpreter\linkResolver.cpp, line 620]
Event: 266.656 Thread 0x000000001b951800 Implicit null exception at 0x0000000005000bf0 to 0x0000000005000c00

Events (10 events):
Event: 266.658 loading class com/android/tools/build/apkzlib/sign/SigningExtension$1 done
Event: 266.658 loading class com/android/apksig/DefaultApkSignerEngine$GetJarEntryDataDigestRequest
Event: 266.658 loading class com/android/apksig/DefaultApkSignerEngine$GetJarEntryDataDigestRequest done
Event: 266.695 loading class com/android/builder/files/RelativeFile
Event: 266.695 loading class com/android/builder/files/RelativeFile done
Event: 266.695 loading class com/android/builder/internal/packaging/IncrementalPackager
Event: 266.695 loading class com/android/builder/internal/packaging/IncrementalPackager done
Event: 266.695 Thread 0x000000001b951800 Uncommon trap: trap_request=0xffffffde fr.pc=0x00000000051a7310
Event: 266.695 Thread 0x000000001b951800 DEOPT PACKING pc=0x00000000051a7310 sp=0x000000002555c910
Event: 266.695 Thread 0x000000001b951800 DEOPT UNPACKING pc=0x000000000308557b sp=0x000000002555c8a0 mode 2


Dynamic libraries:
0x00007ff73f660000 - 0x00007ff73f691000 	C:\Program Files\Android\Android Studio\jre\bin\java.exe
0x00007fff449e0000 - 0x00007fff44bd0000 	C:\Windows\SYSTEM32\ntdll.dll
0x00007fff434a0000 - 0x00007fff43552000 	C:\Windows\System32\KERNEL32.DLL
0x00007fff41ec0000 - 0x00007fff42164000 	C:\Windows\System32\KERNELBASE.dll
0x00007fff43560000 - 0x00007fff43603000 	C:\Windows\System32\ADVAPI32.dll
0x00007fff432c0000 - 0x00007fff4335e000 	C:\Windows\System32\msvcrt.dll
0x00007fff42db0000 - 0x00007fff42e47000 	C:\Windows\System32\sechost.dll
0x00007fff44340000 - 0x00007fff44460000 	C:\Windows\System32\RPCRT4.dll
0x00007fff42a60000 - 0x00007fff42bf4000 	C:\Windows\System32\USER32.dll
0x00007fff41ce0000 - 0x00007fff41d01000 	C:\Windows\System32\win32u.dll
0x00007fff44310000 - 0x00007fff44336000 	C:\Windows\System32\GDI32.dll
0x00007fff41950000 - 0x00007fff41ae6000 	C:\Windows\System32\gdi32full.dll
0x00007fff41c40000 - 0x00007fff41cde000 	C:\Windows\System32\msvcp_win.dll
0x00007fff41b40000 - 0x00007fff41c3a000 	C:\Windows\System32\ucrtbase.dll
0x00007fff17ca0000 - 0x00007fff17f24000 	C:\Windows\WinSxS\amd64_microsoft.windows.common-controls_6595b64144ccf1df_6.0.18362.959_none_e6c7bbbf130c62bb\COMCTL32.dll
0x00007fff444e0000 - 0x00007fff44815000 	C:\Windows\System32\combase.dll
0x00007fff421a0000 - 0x00007fff42220000 	C:\Windows\System32\bcryptPrimitives.dll
0x00007fff44280000 - 0x00007fff442ae000 	C:\Windows\System32\IMM32.DLL
0x0000000056a90000 - 0x0000000056b62000 	C:\Program Files\Android\Android Studio\jre\jre\bin\msvcr100.dll
0x0000000056b70000 - 0x00000000573b6000 	C:\Program Files\Android\Android Studio\jre\jre\bin\server\jvm.dll
0x00007fff42cc0000 - 0x00007fff42cc8000 	C:\Windows\System32\PSAPI.DLL
0x00007fff3be70000 - 0x00007fff3be94000 	C:\Windows\SYSTEM32\WINMM.dll
0x00007fff38330000 - 0x00007fff3833a000 	C:\Windows\SYSTEM32\VERSION.dll
0x00007fff2df50000 - 0x00007fff2df59000 	C:\Windows\SYSTEM32\WSOCK32.dll
0x00007fff43d80000 - 0x00007fff43def000 	C:\Windows\System32\WS2_32.dll
0x00007fff3bd30000 - 0x00007fff3bd5d000 	C:\Windows\SYSTEM32\winmmbase.dll
0x00007fff41af0000 - 0x00007fff41b3a000 	C:\Windows\System32\cfgmgr32.dll
0x00007fff3bff0000 - 0x00007fff3bfff000 	C:\Program Files\Android\Android Studio\jre\jre\bin\verify.dll
0x00007fff3bed0000 - 0x00007fff3bef9000 	C:\Program Files\Android\Android Studio\jre\jre\bin\java.dll
0x00007fff3a5b0000 - 0x00007fff3a5c6000 	C:\Program Files\Android\Android Studio\jre\jre\bin\zip.dll
0x00007fff43690000 - 0x00007fff43d76000 	C:\Windows\System32\SHELL32.dll
0x00007fff441b0000 - 0x00007fff44259000 	C:\Windows\System32\shcore.dll
0x00007fff422d0000 - 0x00007fff42a52000 	C:\Windows\System32\windows.storage.dll
0x00007fff41900000 - 0x00007fff41923000 	C:\Windows\System32\profapi.dll
0x00007fff41890000 - 0x00007fff418da000 	C:\Windows\System32\powrprof.dll
0x00007fff41860000 - 0x00007fff41870000 	C:\Windows\System32\UMPDC.dll
0x00007fff42c60000 - 0x00007fff42cb2000 	C:\Windows\System32\shlwapi.dll
0x00007fff41870000 - 0x00007fff41881000 	C:\Windows\System32\kernel.appcore.dll
0x00007fff41930000 - 0x00007fff41947000 	C:\Windows\System32\cryptsp.dll
0x00007fff37350000 - 0x00007fff3736a000 	C:\Program Files\Android\Android Studio\jre\jre\bin\net.dll
0x00007fff410d0000 - 0x00007fff41137000 	C:\Windows\system32\mswsock.dll
0x00007fff313d0000 - 0x00007fff313e1000 	C:\Program Files\Android\Android Studio\jre\jre\bin\nio.dll
0x00007ffef0d20000 - 0x00007ffef0d3e000 	C:\Users\LENOVO\.gradle\native\25\windows-amd64\native-platform.dll
0x00007fff3bfe0000 - 0x00007fff3bfed000 	C:\Program Files\Android\Android Studio\jre\jre\bin\management.dll
0x00007fff40c40000 - 0x00007fff40c73000 	C:\Windows\system32\rsaenh.dll
0x00007fff42170000 - 0x00007fff42196000 	C:\Windows\System32\bcrypt.dll
0x00007fff41750000 - 0x00007fff41775000 	C:\Windows\SYSTEM32\USERENV.dll
0x00007fff412a0000 - 0x00007fff412ac000 	C:\Windows\SYSTEM32\CRYPTBASE.dll
0x00007fff40de0000 - 0x00007fff40e1a000 	C:\Windows\SYSTEM32\IPHLPAPI.DLL
0x00007fff44960000 - 0x00007fff44968000 	C:\Windows\System32\NSI.dll
0x00007fff35bc0000 - 0x00007fff35bd6000 	C:\Windows\SYSTEM32\dhcpcsvc6.DLL
0x00007fff36b40000 - 0x00007fff36b5c000 	C:\Windows\SYSTEM32\dhcpcsvc.DLL
0x00007fff40e20000 - 0x00007fff40eeb000 	C:\Windows\SYSTEM32\DNSAPI.dll

VM Arguments:
jvm_args: -XX:+HeapDumpOnOutOfMemoryError -Xmx1024m -Dfile.encoding=windows-1256 -Duser.country=US -Duser.language=en -Duser.variant 
java_command: org.gradle.launcher.daemon.bootstrap.GradleDaemon 4.6
java_class_path (initial): C:\Users\LENOVO\.gradle\wrapper\dists\gradle-4.6-all\bcst21l2brirad8k2ben1letg\gradle-4.6\lib\gradle-launcher-4.6.jar
Launcher Type: SUN_STANDARD

Environment Variables:
PATH=C:\Windows\system32;C:\Windows;C:\Windows\System32\Wbem;C:\Windows\System32\WindowsPowerShell\v1.0\;C:\Windows\System32\OpenSSH\;C:\Program Files (x86)\Microsoft SQL Server\140\Tools\Binn\;C:\Program Files\Microsoft SQL Server\140\Tools\Binn\;C:\Program Files (x86)\Microsoft SQL Server\140\DTS\Binn\;C:\Program Files\Microsoft SQL Server\140\DTS\Binn\;C:\Program Files\Microsoft SQL Server\Client SDK\ODBC\130\Tools\Binn\;C:\Program Files (x86)\Microsoft SQL Server\Client SDK\ODBC\130\Tools\Binn\;C:\Program Files (x86)\Microsoft SQL Server\140\Tools\Binn\ManagementStudio\;C:\Program Files\dotnet\;C:\Program Files\Microsoft SQL Server\130\Tools\Binn\;C:\Program Files\Microsoft SQL Server\Client SDK\ODBC\170\Tools\Binn\;C:\Program Files (x86)\Microsoft SQL Server\100\Tools\Binn\;C:\Program Files\Microsoft SQL Server\100\Tools\Binn\;C:\Program Files\Microsoft SQL Server\100\DTS\Binn\;C:\Program Files (x86)\Microsoft SQL Server\100\Tools\Binn\VSShell\Common7\IDE\;C:\Program Files (x86)\Microsoft Visual Studio 9.0\Common7\IDE\PrivateAssemblies\;C:\Program Files (x86)\Microsoft SQL Server\100\DTS\Binn\;C:\Program Files (x86)\Microsoft SQL Server\90\Tools\binn\;C:\Windows\system32\config\systemprofile\.dnx\bin;C:\Program Files\Microsoft DNX\Dnvm\;C:\Program Files\Git\cmd;C:\Program Files\Microsoft\Web Platform Installer\;C:\Program Files\Microsoft SQL Server\110\DTS\Binn\;C:\Program Files (x86)\Microsoft SQL Server\110\Tools\Binn\;C:\Program Files\Microsoft SQL Server\110\Tools\Binn\;C:\Program Files (x86)\Microsoft SQL Server\110\Tools\Binn\ManagementStudio\;C:\Program Files (x86)\Microsoft Visual Studio 10.0\Common7\IDE\PrivateAssemblies\;C:\Program Files (x86)\Microsoft SQL Server\110\DTS\Binn\;C:\Program Files (x86)\CrSSL\bin;C:\Program Files (x86)\CrSSL\bin;C:\Program Files (x86)\CrSSL\bin;C:\Users\LENOVO\AppData\Local\Microsoft\WindowsApps;C:\Users\LENOVO\.dotnet\tools
USERNAME=LENOVO
OS=Windows_NT
PROCESSOR_IDENTIFIER=Intel64 Family 6 Model 142 Stepping 11, GenuineIntel



---------------  S Y S T E M  ---------------

OS: Windows 10.0 , 64 bit Build 18362 (10.0.18362.959)

CPU:total 8 (initial active 8) (4 cores per cpu, 2 threads per core) family 6 model 142 stepping 11, cmov, cx8, fxsr, mmx, sse, sse2, sse3, ssse3, sse4.1, sse4.2, popcnt, avx, avx2, clmul, erms, 3dnowpref, lzcnt, ht, tsc, tscinvbit, bmi1, bmi2, adx

Memory: 4k page, physical 16615512k(3293476k free), swap 16615512k(5120k free)

vm_info: OpenJDK 64-Bit Server VM (25.202-b03) for windows-amd64 JRE (1.8.0_202-release-1483-b03), built by "builder" with MS VC++ 10.0 (VS2010)

time: Wed Jul 22 08:35:35 2020
timezone: Jordan Daylight Time
elapsed time: 266 seconds (0d 0h 4m 26s)

