#
# There is insufficient memory for the Java Runtime Environment to continue.
# Native memory allocation (malloc) failed to allocate 616016 bytes for Chunk::new
# Possible reasons:
#   The system is out of physical RAM or swap space
#   The process is running with CompressedOops enabled, and the Java Heap may be blocking the growth of the native heap
# Possible solutions:
#   Reduce memory load on the system
#   Increase physical memory or swap space
#   Check if swap backing store is full
#   Decrease Java heap size (-Xmx/-Xms)
#   Decrease number of Java threads
#   Decrease Java thread stack sizes (-Xss)
#   Set larger code cache with -XX:ReservedCodeCacheSize=
#   JVM is running with Unscaled Compressed Oops mode in which the Java heap is
#     placed in the first 4GB address space. The Java Heap base address is the
#     maximum limit for the native heap growth. Please use -XX:HeapBaseMinAddress
#     to set the Java Heap base and to place the Java Heap above 4GB virtual address.
# This output file may be truncated or incomplete.
#
#  Out of Memory Error (allocation.cpp:389), pid=760, tid=0x00000000000025a8
#
# JRE version: OpenJDK Runtime Environment (8.0_202-b03) (build 1.8.0_202-release-1483-b03)
# Java VM: OpenJDK 64-Bit Server VM (25.202-b03 mixed mode windows-amd64 compressed oops)
# Failed to write core dump. Minidumps are not enabled by default on client versions of Windows
#

---------------  T H R E A D  ---------------

Current thread (0x0000000017607000):  JavaThread "C2 CompilerThread0" daemon [_thread_in_native, id=9640, stack(0x0000000017ed0000,0x0000000017fd0000)]

Stack: [0x0000000017ed0000,0x0000000017fd0000]
[error occurred during error reporting (printing stack bounds), id 0xc0000005]

Native frames: (J=compiled Java code, j=interpreted, Vv=VM code, C=native code)


Current CompileTask:
C2:  22279 4181       4       java.lang.reflect.Executable::printModifiersIfNonzero (101 bytes)


---------------  P R O C E S S  ---------------

Java Threads: ( => current thread )
  0x000000001ce77000 JavaThread "Memory manager" [_thread_blocked, id=14756, stack(0x0000000021e00000,0x0000000021f00000)]
  0x000000001ce76800 JavaThread "Build operations Thread 8" [_thread_blocked, id=14320, stack(0x0000000021700000,0x0000000021800000)]
  0x000000001ce78000 JavaThread "Build operations Thread 7" [_thread_blocked, id=19280, stack(0x0000000021600000,0x0000000021700000)]
  0x000000001ce75800 JavaThread "Build operations Thread 6" [_thread_blocked, id=5772, stack(0x0000000021500000,0x0000000021600000)]
  0x000000001bd07000 JavaThread "Build operations Thread 5" [_thread_blocked, id=12308, stack(0x0000000021400000,0x0000000021500000)]
  0x000000001bd06800 JavaThread "Build operations Thread 4" [_thread_blocked, id=7428, stack(0x0000000021300000,0x0000000021400000)]
  0x000000001bd03800 JavaThread "Build operations Thread 3" [_thread_blocked, id=15268, stack(0x0000000021200000,0x0000000021300000)]
  0x000000001bd02000 JavaThread "Build operations Thread 2" [_thread_blocked, id=17556, stack(0x0000000020e70000,0x0000000020f70000)]
  0x000000001bd05800 JavaThread "Build operations" [_thread_blocked, id=8320, stack(0x000000001ebb0000,0x000000001ecb0000)]
  0x000000001bd04000 JavaThread "Cache worker for Artifact transforms cache (C:\Users\LENOVO\.gradle\caches\transforms-1)" [_thread_blocked, id=11848, stack(0x000000001c1f0000,0x000000001c2f0000)]
  0x000000001b723800 JavaThread "Cache worker for file hash cache (D:\Laptop\Maen Naamneh\GI Projects\CashVan_Git\.gradle\4.6\fileHashes)" [_thread_blocked, id=1764, stack(0x000000001c310000,0x000000001c410000)]
  0x000000001962d000 JavaThread "File lock request listener" [_thread_in_native, id=5568, stack(0x000000001c0f0000,0x000000001c1f0000)]
  0x000000001962c800 JavaThread "Cache worker for file hash cache (C:\Users\LENOVO\.gradle\caches\4.6\fileHashes)" [_thread_blocked, id=18388, stack(0x000000001b020000,0x000000001b120000)]
  0x0000000018941800 JavaThread "Stdin handler" [_thread_blocked, id=16016, stack(0x000000001ac20000,0x000000001ad20000)]
  0x0000000018998000 JavaThread "Asynchronous log dispatcher for DefaultDaemonConnection: socket connection from /127.0.0.1:5139 to /127.0.0.1:5140" [_thread_blocked, id=18204, stack(0x000000001ab20000,0x000000001ac20000)]
  0x0000000018900000 JavaThread "Daemon worker" [_thread_in_vm, id=3396, stack(0x000000001aa20000,0x000000001ab20000)]
  0x0000000018d11800 JavaThread "Cancel handler" [_thread_blocked, id=14516, stack(0x000000001a920000,0x000000001aa20000)]
  0x000000001789c000 JavaThread "Handler for socket connection from /127.0.0.1:5139 to /127.0.0.1:5140" [_thread_in_native, id=2944, stack(0x000000001a620000,0x000000001a720000)]
  0x000000001789b000 JavaThread "Daemon" [_thread_blocked, id=10580, stack(0x000000001a520000,0x000000001a620000)]
  0x0000000018de6800 JavaThread "Daemon periodic checks" [_thread_blocked, id=19424, stack(0x000000001a420000,0x000000001a520000)]
  0x0000000018de9000 JavaThread "Incoming local TCP Connector on port 5139" [_thread_in_native, id=2484, stack(0x000000001a1e0000,0x000000001a2e0000)]
  0x00000000176e1800 JavaThread "Service Thread" daemon [_thread_blocked, id=15688, stack(0x00000000182d0000,0x00000000183d0000)]
  0x0000000017659000 JavaThread "C1 CompilerThread3" daemon [_thread_blocked, id=832, stack(0x00000000181d0000,0x00000000182d0000)]
  0x0000000017609800 JavaThread "C2 CompilerThread2" daemon [_thread_blocked, id=18872, stack(0x00000000180d0000,0x00000000181d0000)]
  0x0000000017609000 JavaThread "C2 CompilerThread1" daemon [_thread_blocked, id=19076, stack(0x0000000017fd0000,0x00000000180d0000)]
=>0x0000000017607000 JavaThread "C2 CompilerThread0" daemon [_thread_in_native, id=9640, stack(0x0000000017ed0000,0x0000000017fd0000)]
  0x000000001764f800 JavaThread "Attach Listener" daemon [_thread_blocked, id=8392, stack(0x0000000017dd0000,0x0000000017ed0000)]
  0x000000001764e800 JavaThread "Signal Dispatcher" daemon [_thread_blocked, id=12028, stack(0x0000000017cd0000,0x0000000017dd0000)]
  0x00000000175f0800 JavaThread "Finalizer" daemon [_thread_blocked, id=18052, stack(0x0000000017ad0000,0x0000000017bd0000)]
  0x000000001580c000 JavaThread "Reference Handler" daemon [_thread_blocked, id=11236, stack(0x00000000179d0000,0x0000000017ad0000)]
  0x0000000002bf2800 JavaThread "main" [_thread_blocked, id=18264, stack(0x0000000002ac0000,0x0000000002bc0000)]

Other Threads:
  0x0000000015807000 VMThread [stack: 0x00000000174d0000,0x00000000175d0000] [id=18820]
  0x00000000176e2000 WatcherThread [stack: 0x00000000183d0000,0x00000000184d0000] [id=772]

VM state:not at safepoint (normal execution)

VM Mutex/Monitor currently owned by a thread: None

heap address: 0x00000000c0000000, size: 1024 MB, Compressed Oops mode: 32-bit
Narrow klass base: 0x0000000000000000, Narrow klass shift: 3
Compressed class space size: 1073741824 Address: 0x0000000100000000

Heap:
 PSYoungGen      total 104960K, used 28024K [0x00000000eab00000, 0x00000000f4480000, 0x0000000100000000)
  eden space 93184K, 18% used [0x00000000eab00000,0x00000000ebbc8698,0x00000000f0600000)
  from space 11776K, 92% used [0x00000000f0600000,0x00000000f1095980,0x00000000f1180000)
  to   space 12288K, 0% used [0x00000000f3880000,0x00000000f3880000,0x00000000f4480000)
 ParOldGen       total 107008K, used 16976K [0x00000000c0000000, 0x00000000c6880000, 0x00000000eab00000)
  object space 107008K, 15% used [0x00000000c0000000,0x00000000c10942b8,0x00000000c6880000)
 Metaspace       used 41745K, capacity 42610K, committed 42880K, reserved 1085440K
  class space    used 5621K, capacity 5890K, committed 6016K, reserved 1048576K

Card table byte_map: [0x00000000120b0000,0x00000000122c0000] byte_map_base: 0x0000000011ab0000

Marking Bits: (ParMarkBitMap*) 0x0000000057339f30
 Begin Bits: [0x0000000012c20000, 0x0000000013c20000)
 End Bits:   [0x0000000013c20000, 0x0000000014c20000)

Polling page: 0x0000000001260000

CodeCache: size=245760Kb used=13192Kb max_used=13205Kb free=232567Kb
 bounds [0x0000000002cf0000, 0x00000000039f0000, 0x0000000011cf0000]
 total_blobs=4626 nmethods=3893 adapters=646
 compilation: enabled

Compilation events (10 events):
Event: 22.232 Thread 0x0000000017659000 nmethod 4246 0x000000000301c6d0 code [0x000000000301c840, 0x000000000301cb10]
Event: 22.233 Thread 0x0000000017659000 4247       3       com.google.common.collect.LinkedHashMultimap$ValueSet$1::<init> (32 bytes)
Event: 22.233 Thread 0x0000000017609800 nmethod 4236 0x0000000002e972d0 code [0x0000000002e97460, 0x0000000002e97848]
Event: 22.234 Thread 0x0000000017659000 nmethod 4247 0x00000000031a2d10 code [0x00000000031a2e80, 0x00000000031a3090]
Event: 22.239 Thread 0x0000000017659000 4248       3       java.lang.invoke.MemberName::isCallerSensitive (7 bytes)
Event: 22.239 Thread 0x0000000017659000 nmethod 4248 0x0000000002e8c850 code [0x0000000002e8c9c0, 0x0000000002e8cc30]
Event: 22.248 Thread 0x0000000017609000 4249       4       java.util.LinkedList::linkLast (59 bytes)
Event: 22.250 Thread 0x0000000017659000 4250       3       org.gradle.internal.remote.internal.inet.SocketConnection$SocketOutputStream::writeWithNonBlockingRetry (52 bytes)
Event: 22.251 Thread 0x0000000017659000 nmethod 4250 0x0000000003221d50 code [0x0000000003221f00, 0x00000000032223e8]
Event: 22.252 Thread 0x0000000017609000 nmethod 4249 0x0000000003240cd0 code [0x0000000003240e20, 0x0000000003240f58]

GC Heap History (10 events):
Event: 15.407 GC heap before
{Heap before GC invocations=5 (full 1):
 PSYoungGen      total 75776K, used 65024K [0x00000000eab00000, 0x00000000eff80000, 0x0000000100000000)
  eden space 65024K, 100% used [0x00000000eab00000,0x00000000eea80000,0x00000000eea80000)
  from space 10752K, 0% used [0x00000000eea80000,0x00000000eea80000,0x00000000ef500000)
  to   space 10752K, 0% used [0x00000000ef500000,0x00000000ef500000,0x00000000eff80000)
 ParOldGen       total 107008K, used 8855K [0x00000000c0000000, 0x00000000c6880000, 0x00000000eab00000)
  object space 107008K, 8% used [0x00000000c0000000,0x00000000c08a5f60,0x00000000c6880000)
 Metaspace       used 26604K, capacity 27030K, committed 27136K, reserved 1073152K
  class space    used 3635K, capacity 3797K, committed 3840K, reserved 1048576K
Event: 15.419 GC heap after
Heap after GC invocations=5 (full 1):
 PSYoungGen      total 75776K, used 6985K [0x00000000eab00000, 0x00000000f1d80000, 0x0000000100000000)
  eden space 65024K, 0% used [0x00000000eab00000,0x00000000eab00000,0x00000000eea80000)
  from space 10752K, 64% used [0x00000000ef500000,0x00000000efbd27f0,0x00000000eff80000)
  to   space 10752K, 0% used [0x00000000eea80000,0x00000000eea80000,0x00000000ef500000)
 ParOldGen       total 107008K, used 8863K [0x00000000c0000000, 0x00000000c6880000, 0x00000000eab00000)
  object space 107008K, 8% used [0x00000000c0000000,0x00000000c08a7f60,0x00000000c6880000)
 Metaspace       used 26604K, capacity 27030K, committed 27136K, reserved 1073152K
  class space    used 3635K, capacity 3797K, committed 3840K, reserved 1048576K
}
Event: 17.514 GC heap before
{Heap before GC invocations=6 (full 1):
 PSYoungGen      total 75776K, used 72009K [0x00000000eab00000, 0x00000000f1d80000, 0x0000000100000000)
  eden space 65024K, 100% used [0x00000000eab00000,0x00000000eea80000,0x00000000eea80000)
  from space 10752K, 64% used [0x00000000ef500000,0x00000000efbd27f0,0x00000000eff80000)
  to   space 10752K, 0% used [0x00000000eea80000,0x00000000eea80000,0x00000000ef500000)
 ParOldGen       total 107008K, used 8863K [0x00000000c0000000, 0x00000000c6880000, 0x00000000eab00000)
  object space 107008K, 8% used [0x00000000c0000000,0x00000000c08a7f60,0x00000000c6880000)
 Metaspace       used 29832K, capacity 30332K, committed 30464K, reserved 1075200K
  class space    used 4156K, capacity 4343K, committed 4352K, reserved 1048576K
Event: 17.525 GC heap after
Heap after GC invocations=6 (full 1):
 PSYoungGen      total 75776K, used 8095K [0x00000000eab00000, 0x00000000f1c00000, 0x0000000100000000)
  eden space 65024K, 0% used [0x00000000eab00000,0x00000000eab00000,0x00000000eea80000)
  from space 10752K, 75% used [0x00000000eea80000,0x00000000ef267d10,0x00000000ef500000)
  to   space 10752K, 0% used [0x00000000f1180000,0x00000000f1180000,0x00000000f1c00000)
 ParOldGen       total 107008K, used 8871K [0x00000000c0000000, 0x00000000c6880000, 0x00000000eab00000)
  object space 107008K, 8% used [0x00000000c0000000,0x00000000c08a9f60,0x00000000c6880000)
 Metaspace       used 29832K, capacity 30332K, committed 30464K, reserved 1075200K
  class space    used 4156K, capacity 4343K, committed 4352K, reserved 1048576K
}
Event: 19.316 GC heap before
{Heap before GC invocations=7 (full 1):
 PSYoungGen      total 75776K, used 46847K [0x00000000eab00000, 0x00000000f1c00000, 0x0000000100000000)
  eden space 65024K, 59% used [0x00000000eab00000,0x00000000ed0d81e0,0x00000000eea80000)
  from space 10752K, 75% used [0x00000000eea80000,0x00000000ef267d10,0x00000000ef500000)
  to   space 10752K, 0% used [0x00000000f1180000,0x00000000f1180000,0x00000000f1c00000)
 ParOldGen       total 107008K, used 8871K [0x00000000c0000000, 0x00000000c6880000, 0x00000000eab00000)
  object space 107008K, 8% used [0x00000000c0000000,0x00000000c08a9f60,0x00000000c6880000)
 Metaspace       used 34721K, capacity 35316K, committed 35416K, reserved 1079296K
  class space    used 4799K, capacity 5048K, committed 5120K, reserved 1048576K
Event: 19.335 GC heap after
Heap after GC invocations=7 (full 1):
 PSYoungGen      total 103936K, used 10354K [0x00000000eab00000, 0x00000000f2000000, 0x0000000100000000)
  eden space 93184K, 0% used [0x00000000eab00000,0x00000000eab00000,0x00000000f0600000)
  from space 10752K, 96% used [0x00000000f1180000,0x00000000f1b9c910,0x00000000f1c00000)
  to   space 11776K, 0% used [0x00000000f0600000,0x00000000f0600000,0x00000000f1180000)
 ParOldGen       total 107008K, used 8879K [0x00000000c0000000, 0x00000000c6880000, 0x00000000eab00000)
  object space 107008K, 8% used [0x00000000c0000000,0x00000000c08abf60,0x00000000c6880000)
 Metaspace       used 34721K, capacity 35316K, committed 35416K, reserved 1079296K
  class space    used 4799K, capacity 5048K, committed 5120K, reserved 1048576K
}
Event: 19.335 GC heap before
{Heap before GC invocations=8 (full 2):
 PSYoungGen      total 103936K, used 10354K [0x00000000eab00000, 0x00000000f2000000, 0x0000000100000000)
  eden space 93184K, 0% used [0x00000000eab00000,0x00000000eab00000,0x00000000f0600000)
  from space 10752K, 96% used [0x00000000f1180000,0x00000000f1b9c910,0x00000000f1c00000)
  to   space 11776K, 0% used [0x00000000f0600000,0x00000000f0600000,0x00000000f1180000)
 ParOldGen       total 107008K, used 8879K [0x00000000c0000000, 0x00000000c6880000, 0x00000000eab00000)
  object space 107008K, 8% used [0x00000000c0000000,0x00000000c08abf60,0x00000000c6880000)
 Metaspace       used 34721K, capacity 35316K, committed 35416K, reserved 1079296K
  class space    used 4799K, capacity 5048K, committed 5120K, reserved 1048576K
Event: 19.434 GC heap after
Heap after GC invocations=8 (full 2):
 PSYoungGen      total 103936K, used 0K [0x00000000eab00000, 0x00000000f2000000, 0x0000000100000000)
  eden space 93184K, 0% used [0x00000000eab00000,0x00000000eab00000,0x00000000f0600000)
  from space 10752K, 0% used [0x00000000f1180000,0x00000000f1180000,0x00000000f1c00000)
  to   space 11776K, 0% used [0x00000000f0600000,0x00000000f0600000,0x00000000f1180000)
 ParOldGen       total 107008K, used 16968K [0x00000000c0000000, 0x00000000c6880000, 0x00000000eab00000)
  object space 107008K, 15% used [0x00000000c0000000,0x00000000c10922b8,0x00000000c6880000)
 Metaspace       used 34721K, capacity 35316K, committed 35416K, reserved 1079296K
  class space    used 4799K, capacity 5048K, committed 5120K, reserved 1048576K
}
Event: 21.721 GC heap before
{Heap before GC invocations=9 (full 2):
 PSYoungGen      total 103936K, used 93184K [0x00000000eab00000, 0x00000000f2000000, 0x0000000100000000)
  eden space 93184K, 100% used [0x00000000eab00000,0x00000000f0600000,0x00000000f0600000)
  from space 10752K, 0% used [0x00000000f1180000,0x00000000f1180000,0x00000000f1c00000)
  to   space 11776K, 0% used [0x00000000f0600000,0x00000000f0600000,0x00000000f1180000)
 ParOldGen       total 107008K, used 16968K [0x00000000c0000000, 0x00000000c6880000, 0x00000000eab00000)
  object space 107008K, 15% used [0x00000000c0000000,0x00000000c10922b8,0x00000000c6880000)
 Metaspace       used 40566K, capacity 41274K, committed 41600K, reserved 1085440K
  class space    used 5476K, capacity 5723K, committed 5760K, reserved 1048576K
Event: 21.748 GC heap after
Heap after GC invocations=9 (full 2):
 PSYoungGen      total 104960K, used 10838K [0x00000000eab00000, 0x00000000f4480000, 0x0000000100000000)
  eden space 93184K, 0% used [0x00000000eab00000,0x00000000eab00000,0x00000000f0600000)
  from space 11776K, 92% used [0x00000000f0600000,0x00000000f1095980,0x00000000f1180000)
  to   space 12288K, 0% used [0x00000000f3880000,0x00000000f3880000,0x00000000f4480000)
 ParOldGen       total 107008K, used 16976K [0x00000000c0000000, 0x00000000c6880000, 0x00000000eab00000)
  object space 107008K, 15% used [0x00000000c0000000,0x00000000c10942b8,0x00000000c6880000)
 Metaspace       used 40566K, capacity 41274K, committed 41600K, reserved 1085440K
  class space    used 5476K, capacity 5723K, committed 5760K, reserved 1048576K
}

Deoptimization events (10 events):
Event: 20.470 Thread 0x0000000018900000 Uncommon trap: reason=unstable_if action=reinterpret pc=0x00000000031f2c80 method=java.util.jar.Attributes$Name.isDigit(C)Z @ 3
Event: 20.492 Thread 0x0000000018900000 Uncommon trap: reason=unstable_if action=reinterpret pc=0x000000000364dde0 method=java.lang.ThreadLocal.get()Ljava/lang/Object; @ 11
Event: 20.605 Thread 0x0000000018900000 Uncommon trap: reason=unstable_if action=reinterpret pc=0x0000000002e162bc method=java.lang.CharacterDataLatin1.isWhitespace(I)Z @ 14
Event: 20.722 Thread 0x0000000018900000 Uncommon trap: reason=unstable_if action=reinterpret pc=0x00000000031eadc0 method=java.util.jar.JarFile.maybeInstantiateVerifier()V @ 4
Event: 20.726 Thread 0x0000000018900000 Uncommon trap: reason=unstable_if action=reinterpret pc=0x0000000002e556dc method=java.util.jar.JarFile.maybeInstantiateVerifier()V @ 4
Event: 20.731 Thread 0x0000000018900000 Uncommon trap: reason=unstable_if action=reinterpret pc=0x000000000324172c method=java.security.CodeSource.getCertificates()[Ljava/security/cert/Certificate; @ 22
Event: 20.732 Thread 0x0000000018900000 Uncommon trap: reason=unstable_if action=reinterpret pc=0x0000000002e06d98 method=java.util.jar.JarFile.maybeInstantiateVerifier()V @ 4
Event: 20.732 Thread 0x0000000018900000 Uncommon trap: reason=unstable_if action=reinterpret pc=0x0000000002e31abc method=java.security.CodeSource.matchCerts(Ljava/security/CodeSource;Z)Z @ 11
Event: 20.803 Thread 0x0000000018900000 Uncommon trap: reason=unstable_if action=reinterpret pc=0x00000000036425fc method=java.util.LinkedHashMap.get(Ljava/lang/Object;)Ljava/lang/Object; @ 20
Event: 20.999 Thread 0x0000000018900000 Uncommon trap: reason=unstable_if action=reinterpret pc=0x00000000035262cc method=org.objectweb.asm.ByteVector.putUTF8(Ljava/lang/String;)Lorg/objectweb/asm/ByteVector; @ 91

Classes redefined (0 events):
No events

Internal exceptions (10 events):
Event: 21.302 Thread 0x0000000018900000 Exception <a 'java/lang/ClassNotFoundException': com/android/build/gradle/internal/api/DefaultAndroidSourceSetCustomizer> (0x00000000efb0e3c8) thrown at [D:\src\AOSP-openjdk-cygwin\jdk8u\hotspot\src\share\vm\classfile\systemDictionary.cpp, line 210]
Event: 21.309 Thread 0x0000000018900000 Exception <a 'java/lang/ClassNotFoundException': com/android/build/gradle/internal/api/DefaultAndroidSourceSet_DecoratedCustomizer> (0x00000000efb8bb18) thrown at [D:\src\AOSP-openjdk-cygwin\jdk8u\hotspot\src\share\vm\classfile\systemDictionary.cpp, line 
Event: 22.055 Thread 0x0000000018900000 Exception <a 'java/lang/ClassNotFoundException': com/android/build/gradle/internal/dsl/BuildType_DecoratedBeanInfo> (0x00000000eb3563c0) thrown at [D:\src\AOSP-openjdk-cygwin\jdk8u\hotspot\src\share\vm\classfile\systemDictionary.cpp, line 210]
Event: 22.056 Thread 0x0000000018900000 Exception <a 'java/lang/ClassNotFoundException': com/android/build/gradle/internal/dsl/BuildTypeBeanInfo> (0x00000000eb373e30) thrown at [D:\src\AOSP-openjdk-cygwin\jdk8u\hotspot\src\share\vm\classfile\systemDictionary.cpp, line 210]
Event: 22.057 Thread 0x0000000018900000 Exception <a 'java/lang/ClassNotFoundException': com/android/builder/core/DefaultBuildTypeBeanInfo> (0x00000000eb38f568) thrown at [D:\src\AOSP-openjdk-cygwin\jdk8u\hotspot\src\share\vm\classfile\systemDictionary.cpp, line 210]
Event: 22.057 Thread 0x0000000018900000 Exception <a 'java/lang/ClassNotFoundException': com/android/builder/internal/BaseConfigImplBeanInfo> (0x00000000eb3ac450) thrown at [D:\src\AOSP-openjdk-cygwin\jdk8u\hotspot\src\share\vm\classfile\systemDictionary.cpp, line 210]
Event: 22.058 Thread 0x0000000018900000 Exception <a 'java/lang/ClassNotFoundException': com/android/builder/internal/BaseConfigImplCustomizer> (0x00000000eb3c9a88) thrown at [D:\src\AOSP-openjdk-cygwin\jdk8u\hotspot\src\share\vm\classfile\systemDictionary.cpp, line 210]
Event: 22.062 Thread 0x0000000018900000 Exception <a 'java/lang/ClassNotFoundException': com/android/builder/core/DefaultBuildTypeCustomizer> (0x00000000eb40c248) thrown at [D:\src\AOSP-openjdk-cygwin\jdk8u\hotspot\src\share\vm\classfile\systemDictionary.cpp, line 210]
Event: 22.064 Thread 0x0000000018900000 Exception <a 'java/lang/ClassNotFoundException': com/android/build/gradle/internal/dsl/BuildTypeCustomizer> (0x00000000eb444fe8) thrown at [D:\src\AOSP-openjdk-cygwin\jdk8u\hotspot\src\share\vm\classfile\systemDictionary.cpp, line 210]
Event: 22.069 Thread 0x0000000018900000 Exception <a 'java/lang/ClassNotFoundException': com/android/build/gradle/internal/dsl/BuildType_DecoratedCustomizer> (0x00000000eb4a32e0) thrown at [D:\src\AOSP-openjdk-cygwin\jdk8u\hotspot\src\share\vm\classfile\systemDictionary.cpp, line 210]

Events (10 events):
Event: 22.266 loading class org/gradle/api/artifacts/ArtifactCollection
Event: 22.266 loading class org/gradle/api/artifacts/ArtifactCollection done
Event: 22.266 loading class com/android/build/gradle/api/SourceKind
Event: 22.266 loading class com/android/build/gradle/api/SourceKind done
Event: 22.267 loading class org/gradle/api/tasks/compile/JavaCompile
Event: 22.267 loading class org/gradle/api/tasks/compile/JavaCompile done
Event: 22.267 loading class com/android/build/gradle/tasks/MergeSourceSetFolders
Event: 22.267 loading class com/android/build/gradle/tasks/MergeSourceSetFolders done
Event: 22.270 loading class com/android/build/gradle/tasks/AidlCompile
Event: 22.270 loading class com/android/build/gradle/tasks/AidlCompile done


Dynamic libraries:
0x00007ff7b2c60000 - 0x00007ff7b2c91000 	C:\Program Files\Android\Android Studio\jre\bin\java.exe
0x00007ff9da480000 - 0x00007ff9da670000 	C:\Windows\SYSTEM32\ntdll.dll
0x00007ff9d8bd0000 - 0x00007ff9d8c82000 	C:\Windows\System32\KERNEL32.DLL
0x00007ff9d8050000 - 0x00007ff9d82f5000 	C:\Windows\System32\KERNELBASE.dll
0x00007ff9d8b20000 - 0x00007ff9d8bc3000 	C:\Windows\System32\ADVAPI32.dll
0x00007ff9d9c60000 - 0x00007ff9d9cfe000 	C:\Windows\System32\msvcrt.dll
0x00007ff9d8d60000 - 0x00007ff9d8df7000 	C:\Windows\System32\sechost.dll
0x00007ff9d9e50000 - 0x00007ff9d9f6f000 	C:\Windows\System32\RPCRT4.dll
0x00007ff9da040000 - 0x00007ff9da1d4000 	C:\Windows\System32\USER32.dll
0x00007ff9d84d0000 - 0x00007ff9d84f1000 	C:\Windows\System32\win32u.dll
0x00007ff9d9c00000 - 0x00007ff9d9c26000 	C:\Windows\System32\GDI32.dll
0x00007ff9d8330000 - 0x00007ff9d84c8000 	C:\Windows\System32\gdi32full.dll
0x00007ff9d7cb0000 - 0x00007ff9d7d4e000 	C:\Windows\System32\msvcp_win.dll
0x00007ff9d7d50000 - 0x00007ff9d7e4a000 	C:\Windows\System32\ucrtbase.dll
0x00007ff9acf20000 - 0x00007ff9ad1a4000 	C:\Windows\WinSxS\amd64_microsoft.windows.common-controls_6595b64144ccf1df_6.0.18362.1316_none_9e7a364fe461dbd7\COMCTL32.dll
0x00007ff9d8ff0000 - 0x00007ff9d9327000 	C:\Windows\System32\combase.dll
0x00007ff9d7e50000 - 0x00007ff9d7ed1000 	C:\Windows\System32\bcryptPrimitives.dll
0x00007ff9d9c30000 - 0x00007ff9d9c5e000 	C:\Windows\System32\IMM32.DLL
0x0000000059760000 - 0x0000000059832000 	C:\Program Files\Android\Android Studio\jre\jre\bin\msvcr100.dll
0x0000000056b70000 - 0x00000000573b6000 	C:\Program Files\Android\Android Studio\jre\jre\bin\server\jvm.dll
0x00007ff9d9e40000 - 0x00007ff9d9e48000 	C:\Windows\System32\PSAPI.DLL
0x00007ff9a35d0000 - 0x00007ff9a35d9000 	C:\Windows\SYSTEM32\WSOCK32.dll
0x00007ff9cab40000 - 0x00007ff9cab4a000 	C:\Windows\SYSTEM32\VERSION.dll
0x00007ff9d39f0000 - 0x00007ff9d3a14000 	C:\Windows\SYSTEM32\WINMM.dll
0x00007ff9d9dd0000 - 0x00007ff9d9e3f000 	C:\Windows\System32\WS2_32.dll
0x00007ff9d39c0000 - 0x00007ff9d39ed000 	C:\Windows\SYSTEM32\winmmbase.dll
0x00007ff9d74e0000 - 0x00007ff9d752a000 	C:\Windows\System32\cfgmgr32.dll
0x00007ff997400000 - 0x00007ff99740f000 	C:\Program Files\Android\Android Studio\jre\jre\bin\verify.dll
0x00007ff9842c0000 - 0x00007ff9842e9000 	C:\Program Files\Android\Android Studio\jre\jre\bin\java.dll
0x00007ff995d10000 - 0x00007ff995d26000 	C:\Program Files\Android\Android Studio\jre\jre\bin\zip.dll
0x00007ff9d93b0000 - 0x00007ff9d9a98000 	C:\Windows\System32\SHELL32.dll
0x00007ff9d9f90000 - 0x00007ff9da037000 	C:\Windows\System32\shcore.dll
0x00007ff9d7530000 - 0x00007ff9d7cab000 	C:\Windows\System32\windows.storage.dll
0x00007ff9d7380000 - 0x00007ff9d73a3000 	C:\Windows\System32\profapi.dll
0x00007ff9d7310000 - 0x00007ff9d735a000 	C:\Windows\System32\powrprof.dll
0x00007ff9d7300000 - 0x00007ff9d7310000 	C:\Windows\System32\UMPDC.dll
0x00007ff9d8a60000 - 0x00007ff9d8ab2000 	C:\Windows\System32\shlwapi.dll
0x00007ff9d73b0000 - 0x00007ff9d73c1000 	C:\Windows\System32\kernel.appcore.dll
0x00007ff9d7ee0000 - 0x00007ff9d7ef7000 	C:\Windows\System32\cryptsp.dll
0x00007ff9921c0000 - 0x00007ff9921da000 	C:\Program Files\Android\Android Studio\jre\jre\bin\net.dll
0x00007ff9d6b40000 - 0x00007ff9d6ba7000 	C:\Windows\system32\mswsock.dll
0x00007ff98d1f0000 - 0x00007ff98d201000 	C:\Program Files\Android\Android Studio\jre\jre\bin\nio.dll
0x00007ff9d3860000 - 0x00007ff9d387e000 	C:\Users\LENOVO\.gradle\native\25\windows-amd64\native-platform.dll
0x00007ff9973f0000 - 0x00007ff9973fd000 	C:\Program Files\Android\Android Studio\jre\jre\bin\management.dll
0x00007ff9d66c0000 - 0x00007ff9d66f3000 	C:\Windows\system32\rsaenh.dll
0x00007ff9d8300000 - 0x00007ff9d8326000 	C:\Windows\System32\bcrypt.dll
0x00007ff9d7220000 - 0x00007ff9d7245000 	C:\Windows\SYSTEM32\USERENV.dll
0x00007ff9d6d10000 - 0x00007ff9d6d1c000 	C:\Windows\SYSTEM32\CRYPTBASE.dll
0x00007ff9d6850000 - 0x00007ff9d688a000 	C:\Windows\SYSTEM32\IPHLPAPI.DLL
0x00007ff9d9330000 - 0x00007ff9d9338000 	C:\Windows\System32\NSI.dll
0x00007ff9cb430000 - 0x00007ff9cb446000 	C:\Windows\SYSTEM32\dhcpcsvc6.DLL
0x00007ff9cb7f0000 - 0x00007ff9cb80c000 	C:\Windows\SYSTEM32\dhcpcsvc.DLL
0x00007ff9d6890000 - 0x00007ff9d695b000 	C:\Windows\SYSTEM32\DNSAPI.dll

VM Arguments:
jvm_args: -XX:+HeapDumpOnOutOfMemoryError -Xmx1024m -Dfile.encoding=windows-1256 -Duser.country=US -Duser.language=en -Duser.variant 
java_command: org.gradle.launcher.daemon.bootstrap.GradleDaemon 4.6
java_class_path (initial): C:\Users\LENOVO\.gradle\wrapper\dists\gradle-4.6-all\bcst21l2brirad8k2ben1letg\gradle-4.6\lib\gradle-launcher-4.6.jar
Launcher Type: SUN_STANDARD

Environment Variables:
USERNAME=LENOVO
OS=Windows_NT
PROCESSOR_IDENTIFIER=Intel64 Family 6 Model 142 Stepping 11, GenuineIntel



---------------  S Y S T E M  ---------------

OS: Windows 10.0 , 64 bit Build 18362 (10.0.18362.1316)

CPU:total 8 (initial active 8) (4 cores per cpu, 2 threads per core) family 6 model 142 stepping 11, cmov, cx8, fxsr, mmx, sse, sse2, sse3, ssse3, sse4.1, sse4.2, popcnt, avx, avx2, clmul, erms, 3dnowpref, lzcnt, ht, tsc, tscinvbit, bmi1, bmi2, adx

Memory: 4k page, physical 16615512k(2865292k free), swap 16615512k(5192k free)

vm_info: OpenJDK 64-Bit Server VM (25.202-b03) for windows-amd64 JRE (1.8.0_202-release-1483-b03), built by "builder" with MS VC++ 10.0 (VS2010)

time: Tue Feb 23 10:20:01 2021
timezone: Jordan Standard Time
elapsed time: 22 seconds (0d 0h 0m 22s)

